-- The C compiler identification is GNU 9.4.0
-- The CXX compiler identification is GNU 9.4.0
-- Check for working C compiler: /usr/bin/cc
-- Check for working C compiler: /usr/bin/cc -- works
-- Detecting C compiler ABI info
-- Detecting C compiler ABI info - done
-- Detecting C compile features
-- Detecting C compile features - done
-- Check for working CXX compiler: /usr/bin/c++
-- Check for working CXX compiler: /usr/bin/c++ -- works
-- Detecting CXX compiler ABI info
-- Detecting CXX compiler ABI info - done
-- Detecting CXX compile features
-- Detecting CXX compile features - done
-- Found ament_cmake_auto: 1.1.6 (/opt/ros/galactic/share/ament_cmake_auto/cmake)
-- Found PythonInterp: /usr/bin/python3 (found suitable version "3.8.10", minimum required is "3") 
-- Using PYTHON_EXECUTABLE: /usr/bin/python3
-- Using all available rosidl_typesupport_c: rosidl_typesupport_fastrtps_c;rosidl_typesupport_introspection_c
-- Found rosidl_adapter: 2.2.3 (/opt/ros/galactic/share/rosidl_adapter/cmake)
-- Found OpenSSL: /usr/lib/x86_64-linux-gnu/libcrypto.so (found version "1.1.1f")  
-- Found FastRTPS: /opt/ros/galactic/include  
-- Using all available rosidl_typesupport_cpp: rosidl_typesupport_fastrtps_cpp;rosidl_typesupport_introspection_cpp
-- Found rmw_implementation_cmake: 3.3.1 (/opt/ros/galactic/share/rmw_implementation_cmake/cmake)
-- Found rmw_cyclonedds_cpp: 0.22.6 (/opt/ros/galactic/share/rmw_cyclonedds_cpp/cmake)
-- Using RMW implementation 'rmw_cyclonedds_cpp' as default
-- Looking for pthread.h
-- Looking for pthread.h - found
-- Performing Test CMAKE_HAVE_LIBC_PTHREAD
-- Performing Test CMAKE_HAVE_LIBC_PTHREAD - Failed
-- Looking for pthread_create in pthreads
-- Looking for pthread_create in pthreads - not found
-- Looking for pthread_create in pthread
-- Looking for pthread_create in pthread - found
-- Found Threads: TRUE  
-- Found eigen3_cmake_module: 0.1.1 (/opt/ros/galactic/share/eigen3_cmake_module/cmake)
-- Found Eigen3: TRUE (found version "3.3.7") 
-- Found installed version of Eigen: /usr/lib/cmake/eigen3
-- Found required Ceres dependency: Eigen version 3.3.7 in /usr/include/eigen3
-- Found required Ceres dependency: glog
-- Found installed version of gflags: /usr/lib/x86_64-linux-gnu/cmake/gflags
-- Detected gflags version: 2.2.2
-- Found required Ceres dependency: gflags
-- Found Ceres version: 1.14.0 installed in: /usr/local with components: [EigenSparse, SparseLinearAlgebraLibrary, LAPACK, SuiteSparse, CXSparse, SchurSpecializations, OpenMP, Multithreading]
-- Found ament_lint_auto: 0.10.7 (/opt/ros/galactic/share/ament_lint_auto/cmake)
-- Found ament_cmake_gtest: 1.1.6 (/opt/ros/galactic/share/ament_cmake_gtest/cmake)
-- Added test 'cppcheck' to perform static code analysis on C / C++ code
-- Configured cppcheck include dirs: /home/robomaster/zxzzb/src/armor_solver/include
-- Configured cppcheck exclude dirs and/or files: 
-- Added test 'lint_cmake' to check CMake code style
-- Added test 'xmllint' to check XML markup files
-- Configuring done
-- Generating done
-- Build files have been written to: /home/robomaster/zxzzb/src/build/armor_solver
[35m[1mScanning dependencies of target armor_solver[0m
[35m[1mScanning dependencies of target armor_solver_node[0m
[ 16%] [32mBuilding CXX object CMakeFiles/armor_solver_node.dir/rclcpp_components/node_main_armor_solver_node.cpp.o[0m
[ 50%] [32mBuilding CXX object CMakeFiles/armor_solver.dir/src/armor_tracker.cpp.o[0m
[ 50%] [32mBuilding CXX object CMakeFiles/armor_solver.dir/src/armor_solver.cpp.o[0m
[ 66%] [32mBuilding CXX object CMakeFiles/armor_solver.dir/src/armor_solver_node.cpp.o[0m
[ 83%] [32m[1mLinking CXX executable armor_solver_node[0m
[ 83%] Built target armor_solver_node
[100%] [32m[1mLinking CXX shared library libarmor_solver.so[0m
[100%] Built target armor_solver
-- Install configuration: ""
-- Installing: /home/robomaster/zxzzb/src/install/armor_solver/lib/armor_solver/armor_solver_node
-- Set runtime path of "/home/robomaster/zxzzb/src/install/armor_solver/lib/armor_solver/armor_solver_node" to ""
-- Installing: /home/robomaster/zxzzb/src/install/armor_solver/include
-- Installing: /home/robomaster/zxzzb/src/install/armor_solver/include/armor_solver
-- Installing: /home/robomaster/zxzzb/src/install/armor_solver/include/armor_solver/armor_tracker.hpp
-- Installing: /home/robomaster/zxzzb/src/install/armor_solver/include/armor_solver/armor_solver.hpp
-- Installing: /home/robomaster/zxzzb/src/install/armor_solver/include/armor_solver/armor_solver_node.hpp
-- Installing: /home/robomaster/zxzzb/src/install/armor_solver/include/armor_solver/motion_model.hpp
-- Installing: /home/robomaster/zxzzb/src/install/armor_solver/share/armor_solver/environment/library_path.sh
-- Installing: /home/robomaster/zxzzb/src/install/armor_solver/share/armor_solver/environment/library_path.dsv
-- Installing: /home/robomaster/zxzzb/src/install/armor_solver/lib/libarmor_solver.so
-- Set runtime path of "/home/robomaster/zxzzb/src/install/armor_solver/lib/libarmor_solver.so" to ""
-- Installing: /home/robomaster/zxzzb/src/install/armor_solver/share/ament_index/resource_index/package_run_dependencies/armor_solver
-- Installing: /home/robomaster/zxzzb/src/install/armor_solver/share/ament_index/resource_index/parent_prefix_path/armor_solver
-- Installing: /home/robomaster/zxzzb/src/install/armor_solver/share/armor_solver/environment/ament_prefix_path.sh
-- Installing: /home/robomaster/zxzzb/src/install/armor_solver/share/armor_solver/environment/ament_prefix_path.dsv
-- Installing: /home/robomaster/zxzzb/src/install/armor_solver/share/armor_solver/environment/path.sh
-- Installing: /home/robomaster/zxzzb/src/install/armor_solver/share/armor_solver/environment/path.dsv
-- Installing: /home/robomaster/zxzzb/src/install/armor_solver/share/armor_solver/local_setup.bash
-- Installing: /home/robomaster/zxzzb/src/install/armor_solver/share/armor_solver/local_setup.sh
-- Installing: /home/robomaster/zxzzb/src/install/armor_solver/share/armor_solver/local_setup.zsh
-- Installing: /home/robomaster/zxzzb/src/install/armor_solver/share/armor_solver/local_setup.dsv
-- Installing: /home/robomaster/zxzzb/src/install/armor_solver/share/armor_solver/package.dsv
-- Installing: /home/robomaster/zxzzb/src/install/armor_solver/share/ament_index/resource_index/packages/armor_solver
-- Installing: /home/robomaster/zxzzb/src/install/armor_solver/share/ament_index/resource_index/rclcpp_components/armor_solver
-- Installing: /home/robomaster/zxzzb/src/install/armor_solver/share/armor_solver/cmake/ament_cmake_export_dependencies-extras.cmake
-- Installing: /home/robomaster/zxzzb/src/install/armor_solver/share/armor_solver/cmake/ament_cmake_export_include_directories-extras.cmake
-- Installing: /home/robomaster/zxzzb/src/install/armor_solver/share/armor_solver/cmake/ament_cmake_export_libraries-extras.cmake
-- Installing: /home/robomaster/zxzzb/src/install/armor_solver/share/armor_solver/cmake/armor_solverConfig.cmake
-- Installing: /home/robomaster/zxzzb/src/install/armor_solver/share/armor_solver/cmake/armor_solverConfig-version.cmake
-- Installing: /home/robomaster/zxzzb/src/install/armor_solver/share/armor_solver/package.xml
