-- The C compiler identification is GNU 9.4.0
-- The CXX compiler identification is GNU 9.4.0
-- Check for working C compiler: /usr/bin/cc
-- Check for working C compiler: /usr/bin/cc -- works
-- Detecting C compiler ABI info
-- Detecting C compiler ABI info - done
-- Detecting C compile features
-- Detecting C compile features - done
-- Check for working CXX compiler: /usr/bin/c++
-- Check for working CXX compiler: /usr/bin/c++ -- works
-- Detecting CXX compiler ABI info
-- Detecting CXX compiler ABI info - done
-- Detecting CXX compile features
-- Detecting CXX compile features - done
-- Found ament_cmake: 1.1.6 (/opt/ros/galactic/share/ament_cmake/cmake)
-- Found PythonInterp: /usr/bin/python3 (found suitable version "3.8.10", minimum required is "3") 
-- Using PYTHON_EXECUTABLE: /usr/bin/python3
-- Found builtin_interfaces: 1.0.3 (/opt/ros/galactic/share/builtin_interfaces/cmake)
-- Using all available rosidl_typesupport_c: rosidl_typesupport_fastrtps_c;rosidl_typesupport_introspection_c
-- Found rosidl_adapter: 2.2.3 (/opt/ros/galactic/share/rosidl_adapter/cmake)
-- Found OpenSSL: /usr/lib/x86_64-linux-gnu/libcrypto.so (found version "1.1.1f")  
-- Found FastRTPS: /opt/ros/galactic/include  
-- Using all available rosidl_typesupport_cpp: rosidl_typesupport_fastrtps_cpp;rosidl_typesupport_introspection_cpp
-- Found std_msgs: 2.2.4 (/opt/ros/galactic/share/std_msgs/cmake)
-- Found rosidl_default_generators: 1.1.1 (/opt/ros/galactic/share/rosidl_default_generators/cmake)
-- Found PythonInterp: /usr/bin/python3 (found version "3.8.10") 
-- Found ament_cmake_ros: 0.9.2 (/opt/ros/galactic/share/ament_cmake_ros/cmake)
-- Using all available rosidl_typesupport_c: rosidl_typesupport_fastrtps_c;rosidl_typesupport_introspection_c
-- Using all available rosidl_typesupport_cpp: rosidl_typesupport_fastrtps_cpp;rosidl_typesupport_introspection_cpp
-- Found PythonInterp: /usr/bin/python3 (found suitable version "3.8.10", minimum required is "3.5") 
-- Found python_cmake_module: 0.8.1 (/opt/ros/galactic/share/python_cmake_module/cmake)
-- Found PythonLibs: /usr/lib/x86_64-linux-gnu/libpython3.8.so (found suitable version "3.8.10", minimum required is "3.5") 
-- Using PYTHON_EXECUTABLE: /usr/bin/python3
-- Using PYTHON_INCLUDE_DIRS: /usr/include/python3.8
-- Using PYTHON_LIBRARIES: /usr/lib/x86_64-linux-gnu/libpython3.8.so
-- Found PythonExtra: .so  
-- Configuring done
-- Generating done
-- Build files have been written to: /home/robomaster/zxzzb/src/build/game_msgs
[35m[1mScanning dependencies of target game_msgs__cpp[0m
[  2%] [34m[1mGenerating C++ code for ROS interfaces[0m
[  4%] [34m[1mGenerating C code for ROS interfaces[0m
[  4%] Built target game_msgs__cpp
[  6%] [34m[1mGenerating C++ introspection for ROS interfaces[0m
[  8%] [34m[1mGenerating C++ type support dispatch for ROS interfaces[0m
[ 10%] [34m[1mGenerating C++ type support for eProsima Fast-RTPS[0m
[35m[1mScanning dependencies of target game_msgs__rosidl_typesupport_introspection_cpp[0m
[35m[1mScanning dependencies of target game_msgs__rosidl_generator_c[0m
[ 14%] [32mBuilding CXX object CMakeFiles/game_msgs__rosidl_typesupport_introspection_cpp.dir/rosidl_typesupport_introspection_cpp/game_msgs/msg/detail/game_status__type_support.cpp.o[0m
[ 14%] [32mBuilding C object CMakeFiles/game_msgs__rosidl_generator_c.dir/rosidl_generator_c/game_msgs/msg/detail/game_status__functions.c.o[0m
[35m[1mScanning dependencies of target game_msgs__rosidl_typesupport_cpp[0m
[35m[1mScanning dependencies of target game_msgs__rosidl_typesupport_fastrtps_cpp[0m
[ 17%] [32mBuilding CXX object CMakeFiles/game_msgs__rosidl_typesupport_introspection_cpp.dir/rosidl_typesupport_introspection_cpp/game_msgs/msg/detail/robot_hp__type_support.cpp.o[0m
[ 19%] [32mBuilding CXX object CMakeFiles/game_msgs__rosidl_typesupport_introspection_cpp.dir/rosidl_typesupport_introspection_cpp/game_msgs/msg/detail/zone__type_support.cpp.o[0m
[ 21%] [32mBuilding C object CMakeFiles/game_msgs__rosidl_generator_c.dir/rosidl_generator_c/game_msgs/msg/detail/robot_hp__functions.c.o[0m
[ 23%] [32mBuilding CXX object CMakeFiles/game_msgs__rosidl_typesupport_cpp.dir/rosidl_typesupport_cpp/game_msgs/msg/game_status__type_support.cpp.o[0m
[ 25%] [32mBuilding C object CMakeFiles/game_msgs__rosidl_generator_c.dir/rosidl_generator_c/game_msgs/msg/detail/zone__functions.c.o[0m
[ 27%] [32mBuilding CXX object CMakeFiles/game_msgs__rosidl_typesupport_cpp.dir/rosidl_typesupport_cpp/game_msgs/msg/robot_hp__type_support.cpp.o[0m
[ 29%] [32mBuilding CXX object CMakeFiles/game_msgs__rosidl_typesupport_cpp.dir/rosidl_typesupport_cpp/game_msgs/msg/zone__type_support.cpp.o[0m
[ 31%] [32mBuilding CXX object CMakeFiles/game_msgs__rosidl_typesupport_fastrtps_cpp.dir/rosidl_typesupport_fastrtps_cpp/game_msgs/msg/detail/dds_fastrtps/game_status__type_support.cpp.o[0m
[ 34%] [32mBuilding CXX object CMakeFiles/game_msgs__rosidl_typesupport_fastrtps_cpp.dir/rosidl_typesupport_fastrtps_cpp/game_msgs/msg/detail/dds_fastrtps/robot_hp__type_support.cpp.o[0m
[ 36%] [32mBuilding CXX object CMakeFiles/game_msgs__rosidl_typesupport_fastrtps_cpp.dir/rosidl_typesupport_fastrtps_cpp/game_msgs/msg/detail/dds_fastrtps/zone__type_support.cpp.o[0m
[ 38%] [32m[1mLinking C shared library libgame_msgs__rosidl_generator_c.so[0m
[ 38%] Built target game_msgs__rosidl_generator_c
[ 40%] [34m[1mGenerating C type support dispatch for ROS interfaces[0m
[ 42%] [34m[1mGenerating C introspection for ROS interfaces[0m
[ 44%] [32m[1mLinking CXX shared library libgame_msgs__rosidl_typesupport_cpp.so[0m
[35m[1mScanning dependencies of target game_msgs__rosidl_typesupport_c[0m
[ 46%] [32mBuilding CXX object CMakeFiles/game_msgs__rosidl_typesupport_c.dir/rosidl_typesupport_c/game_msgs/msg/game_status__type_support.cpp.o[0m
[ 48%] [32mBuilding CXX object CMakeFiles/game_msgs__rosidl_typesupport_c.dir/rosidl_typesupport_c/game_msgs/msg/robot_hp__type_support.cpp.o[0m
[ 51%] [32mBuilding CXX object CMakeFiles/game_msgs__rosidl_typesupport_c.dir/rosidl_typesupport_c/game_msgs/msg/zone__type_support.cpp.o[0m
[ 51%] Built target game_msgs__rosidl_typesupport_cpp
[35m[1mScanning dependencies of target game_msgs__rosidl_typesupport_introspection_c[0m
[ 53%] [32m[1mLinking CXX shared library libgame_msgs__rosidl_typesupport_introspection_cpp.so[0m
[ 55%] [32m[1mLinking CXX shared library libgame_msgs__rosidl_typesupport_c.so[0m
[ 57%] [32mBuilding C object CMakeFiles/game_msgs__rosidl_typesupport_introspection_c.dir/rosidl_typesupport_introspection_c/game_msgs/msg/detail/game_status__type_support.c.o[0m
[ 59%] [32mBuilding C object CMakeFiles/game_msgs__rosidl_typesupport_introspection_c.dir/rosidl_typesupport_introspection_c/game_msgs/msg/detail/robot_hp__type_support.c.o[0m
[ 61%] [32mBuilding C object CMakeFiles/game_msgs__rosidl_typesupport_introspection_c.dir/rosidl_typesupport_introspection_c/game_msgs/msg/detail/zone__type_support.c.o[0m
[ 61%] Built target game_msgs__rosidl_typesupport_introspection_cpp
[ 61%] Built target game_msgs__rosidl_typesupport_c
[ 63%] [32m[1mLinking C shared library libgame_msgs__rosidl_typesupport_introspection_c.so[0m
[ 63%] Built target game_msgs__rosidl_typesupport_introspection_c
[ 65%] [32m[1mLinking CXX shared library libgame_msgs__rosidl_typesupport_fastrtps_cpp.so[0m
[ 65%] Built target game_msgs__rosidl_typesupport_fastrtps_cpp
[ 68%] [34m[1mGenerating C type support for eProsima Fast-RTPS[0m
[35m[1mScanning dependencies of target game_msgs__rosidl_typesupport_fastrtps_c[0m
[ 70%] [32mBuilding CXX object CMakeFiles/game_msgs__rosidl_typesupport_fastrtps_c.dir/rosidl_typesupport_fastrtps_c/game_msgs/msg/detail/game_status__type_support_c.cpp.o[0m
[ 72%] [32mBuilding CXX object CMakeFiles/game_msgs__rosidl_typesupport_fastrtps_c.dir/rosidl_typesupport_fastrtps_c/game_msgs/msg/detail/robot_hp__type_support_c.cpp.o[0m
[ 74%] [32mBuilding CXX object CMakeFiles/game_msgs__rosidl_typesupport_fastrtps_c.dir/rosidl_typesupport_fastrtps_c/game_msgs/msg/detail/zone__type_support_c.cpp.o[0m
[ 76%] [32m[1mLinking CXX shared library libgame_msgs__rosidl_typesupport_fastrtps_c.so[0m
[ 76%] Built target game_msgs__rosidl_typesupport_fastrtps_c
[35m[1mScanning dependencies of target game_msgs[0m
[ 76%] Built target game_msgs
[35m[1mScanning dependencies of target game_msgs__py[0m
[ 78%] [34m[1mGenerating Python code for ROS interfaces[0m
[ 78%] Built target game_msgs__py
[35m[1mScanning dependencies of target game_msgs__python[0m
[ 80%] [32mBuilding C object CMakeFiles/game_msgs__python.dir/rosidl_generator_py/game_msgs/msg/_zone_s.c.o[0m
[ 85%] [32mBuilding C object CMakeFiles/game_msgs__python.dir/rosidl_generator_py/game_msgs/msg/_game_status_s.c.o[0m
[ 82%] [32mBuilding C object CMakeFiles/game_msgs__python.dir/rosidl_generator_py/game_msgs/msg/_robot_hp_s.c.o[0m
[ 87%] [32m[1mLinking C shared library rosidl_generator_py/game_msgs/libgame_msgs__python.so[0m
[ 87%] Built target game_msgs__python
[35m[1mScanning dependencies of target game_msgs__rosidl_typesupport_fastrtps_c__pyext[0m
[35m[1mScanning dependencies of target game_msgs__rosidl_typesupport_c__pyext[0m
[35m[1mScanning dependencies of target game_msgs__rosidl_typesupport_introspection_c__pyext[0m
[ 89%] [32mBuilding C object CMakeFiles/game_msgs__rosidl_typesupport_fastrtps_c__pyext.dir/rosidl_generator_py/game_msgs/_game_msgs_s.ep.rosidl_typesupport_fastrtps_c.c.o[0m
[ 91%] [32mBuilding C object CMakeFiles/game_msgs__rosidl_typesupport_c__pyext.dir/rosidl_generator_py/game_msgs/_game_msgs_s.ep.rosidl_typesupport_c.c.o[0m
[ 93%] [32mBuilding C object CMakeFiles/game_msgs__rosidl_typesupport_introspection_c__pyext.dir/rosidl_generator_py/game_msgs/_game_msgs_s.ep.rosidl_typesupport_introspection_c.c.o[0m
[ 95%] [32m[1mLinking CXX shared library rosidl_generator_py/game_msgs/game_msgs_s__rosidl_typesupport_fastrtps_c.cpython-38-x86_64-linux-gnu.so[0m
[ 97%] [32m[1mLinking C shared library rosidl_generator_py/game_msgs/game_msgs_s__rosidl_typesupport_introspection_c.cpython-38-x86_64-linux-gnu.so[0m
[100%] [32m[1mLinking C shared library rosidl_generator_py/game_msgs/game_msgs_s__rosidl_typesupport_c.cpython-38-x86_64-linux-gnu.so[0m
[100%] Built target game_msgs__rosidl_typesupport_introspection_c__pyext
[100%] Built target game_msgs__rosidl_typesupport_fastrtps_c__pyext
[100%] Built target game_msgs__rosidl_typesupport_c__pyext
-- Install configuration: ""
-- Installing: /home/robomaster/zxzzb/src/install/game_msgs/share/ament_index/resource_index/rosidl_interfaces/game_msgs
-- Installing: /home/robomaster/zxzzb/src/install/game_msgs/include/game_msgs
-- Installing: /home/robomaster/zxzzb/src/install/game_msgs/include/game_msgs/msg
-- Installing: /home/robomaster/zxzzb/src/install/game_msgs/include/game_msgs/msg/zone.h
-- Installing: /home/robomaster/zxzzb/src/install/game_msgs/include/game_msgs/msg/robot_hp.h
-- Installing: /home/robomaster/zxzzb/src/install/game_msgs/include/game_msgs/msg/detail
-- Installing: /home/robomaster/zxzzb/src/install/game_msgs/include/game_msgs/msg/detail/game_status__struct.h
-- Installing: /home/robomaster/zxzzb/src/install/game_msgs/include/game_msgs/msg/detail/zone__functions.c
-- Installing: /home/robomaster/zxzzb/src/install/game_msgs/include/game_msgs/msg/detail/game_status__type_support.h
-- Installing: /home/robomaster/zxzzb/src/install/game_msgs/include/game_msgs/msg/detail/zone__functions.h
-- Installing: /home/robomaster/zxzzb/src/install/game_msgs/include/game_msgs/msg/detail/zone__type_support.h
-- Installing: /home/robomaster/zxzzb/src/install/game_msgs/include/game_msgs/msg/detail/game_status__functions.h
-- Installing: /home/robomaster/zxzzb/src/install/game_msgs/include/game_msgs/msg/detail/robot_hp__functions.h
-- Installing: /home/robomaster/zxzzb/src/install/game_msgs/include/game_msgs/msg/detail/game_status__functions.c
-- Installing: /home/robomaster/zxzzb/src/install/game_msgs/include/game_msgs/msg/detail/robot_hp__struct.h
-- Installing: /home/robomaster/zxzzb/src/install/game_msgs/include/game_msgs/msg/detail/robot_hp__type_support.h
-- Installing: /home/robomaster/zxzzb/src/install/game_msgs/include/game_msgs/msg/detail/zone__struct.h
-- Installing: /home/robomaster/zxzzb/src/install/game_msgs/include/game_msgs/msg/detail/robot_hp__functions.c
-- Installing: /home/robomaster/zxzzb/src/install/game_msgs/include/game_msgs/msg/game_status.h
-- Installing: /home/robomaster/zxzzb/src/install/game_msgs/include/game_msgs/msg/rosidl_generator_c__visibility_control.h
-- Installing: /home/robomaster/zxzzb/src/install/game_msgs/share/game_msgs/environment/library_path.sh
-- Installing: /home/robomaster/zxzzb/src/install/game_msgs/share/game_msgs/environment/library_path.dsv
-- Installing: /home/robomaster/zxzzb/src/install/game_msgs/lib/libgame_msgs__rosidl_generator_c.so
-- Set runtime path of "/home/robomaster/zxzzb/src/install/game_msgs/lib/libgame_msgs__rosidl_generator_c.so" to ""
-- Up-to-date: /home/robomaster/zxzzb/src/install/game_msgs/include/game_msgs
-- Up-to-date: /home/robomaster/zxzzb/src/install/game_msgs/include/game_msgs/msg
-- Installing: /home/robomaster/zxzzb/src/install/game_msgs/include/game_msgs/msg/rosidl_typesupport_fastrtps_c__visibility_control.h
-- Up-to-date: /home/robomaster/zxzzb/src/install/game_msgs/include/game_msgs/msg/detail
-- Installing: /home/robomaster/zxzzb/src/install/game_msgs/include/game_msgs/msg/detail/game_status__rosidl_typesupport_fastrtps_c.h
-- Installing: /home/robomaster/zxzzb/src/install/game_msgs/include/game_msgs/msg/detail/zone__rosidl_typesupport_fastrtps_c.h
-- Installing: /home/robomaster/zxzzb/src/install/game_msgs/include/game_msgs/msg/detail/robot_hp__rosidl_typesupport_fastrtps_c.h
-- Installing: /home/robomaster/zxzzb/src/install/game_msgs/lib/libgame_msgs__rosidl_typesupport_fastrtps_c.so
-- Set runtime path of "/home/robomaster/zxzzb/src/install/game_msgs/lib/libgame_msgs__rosidl_typesupport_fastrtps_c.so" to ""
-- Up-to-date: /home/robomaster/zxzzb/src/install/game_msgs/include/game_msgs
-- Up-to-date: /home/robomaster/zxzzb/src/install/game_msgs/include/game_msgs/msg
-- Installing: /home/robomaster/zxzzb/src/install/game_msgs/include/game_msgs/msg/rosidl_typesupport_fastrtps_cpp__visibility_control.h
-- Up-to-date: /home/robomaster/zxzzb/src/install/game_msgs/include/game_msgs/msg/detail
-- Installing: /home/robomaster/zxzzb/src/install/game_msgs/include/game_msgs/msg/detail/zone__rosidl_typesupport_fastrtps_cpp.hpp
-- Installing: /home/robomaster/zxzzb/src/install/game_msgs/include/game_msgs/msg/detail/dds_fastrtps
-- Installing: /home/robomaster/zxzzb/src/install/game_msgs/include/game_msgs/msg/detail/robot_hp__rosidl_typesupport_fastrtps_cpp.hpp
-- Installing: /home/robomaster/zxzzb/src/install/game_msgs/include/game_msgs/msg/detail/game_status__rosidl_typesupport_fastrtps_cpp.hpp
-- Installing: /home/robomaster/zxzzb/src/install/game_msgs/lib/libgame_msgs__rosidl_typesupport_fastrtps_cpp.so
-- Set runtime path of "/home/robomaster/zxzzb/src/install/game_msgs/lib/libgame_msgs__rosidl_typesupport_fastrtps_cpp.so" to ""
-- Up-to-date: /home/robomaster/zxzzb/src/install/game_msgs/include/game_msgs
-- Up-to-date: /home/robomaster/zxzzb/src/install/game_msgs/include/game_msgs/msg
-- Up-to-date: /home/robomaster/zxzzb/src/install/game_msgs/include/game_msgs/msg/detail
-- Installing: /home/robomaster/zxzzb/src/install/game_msgs/include/game_msgs/msg/detail/robot_hp__type_support.c
-- Installing: /home/robomaster/zxzzb/src/install/game_msgs/include/game_msgs/msg/detail/zone__rosidl_typesupport_introspection_c.h
-- Installing: /home/robomaster/zxzzb/src/install/game_msgs/include/game_msgs/msg/detail/game_status__type_support.c
-- Installing: /home/robomaster/zxzzb/src/install/game_msgs/include/game_msgs/msg/detail/game_status__rosidl_typesupport_introspection_c.h
-- Installing: /home/robomaster/zxzzb/src/install/game_msgs/include/game_msgs/msg/detail/zone__type_support.c
-- Installing: /home/robomaster/zxzzb/src/install/game_msgs/include/game_msgs/msg/detail/robot_hp__rosidl_typesupport_introspection_c.h
-- Installing: /home/robomaster/zxzzb/src/install/game_msgs/include/game_msgs/msg/rosidl_typesupport_introspection_c__visibility_control.h
-- Installing: /home/robomaster/zxzzb/src/install/game_msgs/lib/libgame_msgs__rosidl_typesupport_introspection_c.so
-- Set runtime path of "/home/robomaster/zxzzb/src/install/game_msgs/lib/libgame_msgs__rosidl_typesupport_introspection_c.so" to ""
-- Installing: /home/robomaster/zxzzb/src/install/game_msgs/lib/libgame_msgs__rosidl_typesupport_c.so
-- Set runtime path of "/home/robomaster/zxzzb/src/install/game_msgs/lib/libgame_msgs__rosidl_typesupport_c.so" to ""
-- Up-to-date: /home/robomaster/zxzzb/src/install/game_msgs/include/game_msgs
-- Up-to-date: /home/robomaster/zxzzb/src/install/game_msgs/include/game_msgs/msg
-- Installing: /home/robomaster/zxzzb/src/install/game_msgs/include/game_msgs/msg/robot_hp.hpp
-- Installing: /home/robomaster/zxzzb/src/install/game_msgs/include/game_msgs/msg/game_status.hpp
-- Up-to-date: /home/robomaster/zxzzb/src/install/game_msgs/include/game_msgs/msg/detail
-- Installing: /home/robomaster/zxzzb/src/install/game_msgs/include/game_msgs/msg/detail/zone__traits.hpp
-- Installing: /home/robomaster/zxzzb/src/install/game_msgs/include/game_msgs/msg/detail/robot_hp__traits.hpp
-- Installing: /home/robomaster/zxzzb/src/install/game_msgs/include/game_msgs/msg/detail/game_status__traits.hpp
-- Installing: /home/robomaster/zxzzb/src/install/game_msgs/include/game_msgs/msg/detail/zone__struct.hpp
-- Installing: /home/robomaster/zxzzb/src/install/game_msgs/include/game_msgs/msg/detail/zone__builder.hpp
-- Installing: /home/robomaster/zxzzb/src/install/game_msgs/include/game_msgs/msg/detail/game_status__builder.hpp
-- Installing: /home/robomaster/zxzzb/src/install/game_msgs/include/game_msgs/msg/detail/robot_hp__struct.hpp
-- Installing: /home/robomaster/zxzzb/src/install/game_msgs/include/game_msgs/msg/detail/robot_hp__builder.hpp
-- Installing: /home/robomaster/zxzzb/src/install/game_msgs/include/game_msgs/msg/detail/game_status__struct.hpp
-- Installing: /home/robomaster/zxzzb/src/install/game_msgs/include/game_msgs/msg/zone.hpp
-- Up-to-date: /home/robomaster/zxzzb/src/install/game_msgs/include/game_msgs
-- Up-to-date: /home/robomaster/zxzzb/src/install/game_msgs/include/game_msgs/msg
-- Up-to-date: /home/robomaster/zxzzb/src/install/game_msgs/include/game_msgs/msg/detail
-- Installing: /home/robomaster/zxzzb/src/install/game_msgs/include/game_msgs/msg/detail/robot_hp__type_support.cpp
-- Installing: /home/robomaster/zxzzb/src/install/game_msgs/include/game_msgs/msg/detail/game_status__rosidl_typesupport_introspection_cpp.hpp
-- Installing: /home/robomaster/zxzzb/src/install/game_msgs/include/game_msgs/msg/detail/zone__type_support.cpp
-- Installing: /home/robomaster/zxzzb/src/install/game_msgs/include/game_msgs/msg/detail/game_status__type_support.cpp
-- Installing: /home/robomaster/zxzzb/src/install/game_msgs/include/game_msgs/msg/detail/robot_hp__rosidl_typesupport_introspection_cpp.hpp
-- Installing: /home/robomaster/zxzzb/src/install/game_msgs/include/game_msgs/msg/detail/zone__rosidl_typesupport_introspection_cpp.hpp
-- Installing: /home/robomaster/zxzzb/src/install/game_msgs/lib/libgame_msgs__rosidl_typesupport_introspection_cpp.so
-- Set runtime path of "/home/robomaster/zxzzb/src/install/game_msgs/lib/libgame_msgs__rosidl_typesupport_introspection_cpp.so" to ""
-- Installing: /home/robomaster/zxzzb/src/install/game_msgs/lib/libgame_msgs__rosidl_typesupport_cpp.so
-- Set runtime path of "/home/robomaster/zxzzb/src/install/game_msgs/lib/libgame_msgs__rosidl_typesupport_cpp.so" to ""
-- Installing: /home/robomaster/zxzzb/src/install/game_msgs/share/game_msgs/environment/pythonpath.sh
-- Installing: /home/robomaster/zxzzb/src/install/game_msgs/share/game_msgs/environment/pythonpath.dsv
-- Installing: /home/robomaster/zxzzb/src/install/game_msgs/lib/python3.8/site-packages/game_msgs/__init__.py
Compiling '/home/robomaster/zxzzb/src/install/game_msgs/lib/python3.8/site-packages/game_msgs/__init__.py'...
-- Installing: /home/robomaster/zxzzb/src/install/game_msgs/lib/python3.8/site-packages/game_msgs/msg
-- Installing: /home/robomaster/zxzzb/src/install/game_msgs/lib/python3.8/site-packages/game_msgs/msg/_game_status_s.c
-- Installing: /home/robomaster/zxzzb/src/install/game_msgs/lib/python3.8/site-packages/game_msgs/msg/_robot_hp_s.c
-- Installing: /home/robomaster/zxzzb/src/install/game_msgs/lib/python3.8/site-packages/game_msgs/msg/__init__.py
-- Installing: /home/robomaster/zxzzb/src/install/game_msgs/lib/python3.8/site-packages/game_msgs/msg/_zone_s.c
-- Installing: /home/robomaster/zxzzb/src/install/game_msgs/lib/python3.8/site-packages/game_msgs/msg/_robot_hp.py
-- Installing: /home/robomaster/zxzzb/src/install/game_msgs/lib/python3.8/site-packages/game_msgs/msg/_zone.py
-- Installing: /home/robomaster/zxzzb/src/install/game_msgs/lib/python3.8/site-packages/game_msgs/msg/_game_status.py
-- Installing: /home/robomaster/zxzzb/src/install/game_msgs/lib/python3.8/site-packages/game_msgs/game_msgs_s__rosidl_typesupport_fastrtps_c.cpython-38-x86_64-linux-gnu.so
-- Set runtime path of "/home/robomaster/zxzzb/src/install/game_msgs/lib/python3.8/site-packages/game_msgs/game_msgs_s__rosidl_typesupport_fastrtps_c.cpython-38-x86_64-linux-gnu.so" to ""
-- Installing: /home/robomaster/zxzzb/src/install/game_msgs/lib/python3.8/site-packages/game_msgs/game_msgs_s__rosidl_typesupport_introspection_c.cpython-38-x86_64-linux-gnu.so
-- Set runtime path of "/home/robomaster/zxzzb/src/install/game_msgs/lib/python3.8/site-packages/game_msgs/game_msgs_s__rosidl_typesupport_introspection_c.cpython-38-x86_64-linux-gnu.so" to ""
-- Installing: /home/robomaster/zxzzb/src/install/game_msgs/lib/python3.8/site-packages/game_msgs/game_msgs_s__rosidl_typesupport_c.cpython-38-x86_64-linux-gnu.so
-- Set runtime path of "/home/robomaster/zxzzb/src/install/game_msgs/lib/python3.8/site-packages/game_msgs/game_msgs_s__rosidl_typesupport_c.cpython-38-x86_64-linux-gnu.so" to ""
-- Installing: /home/robomaster/zxzzb/src/install/game_msgs/lib/libgame_msgs__python.so
-- Set runtime path of "/home/robomaster/zxzzb/src/install/game_msgs/lib/libgame_msgs__python.so" to ""
-- Installing: /home/robomaster/zxzzb/src/install/game_msgs/share/game_msgs/msg/GameStatus.idl
-- Installing: /home/robomaster/zxzzb/src/install/game_msgs/share/game_msgs/msg/RobotHP.idl
-- Installing: /home/robomaster/zxzzb/src/install/game_msgs/share/game_msgs/msg/Zone.idl
-- Installing: /home/robomaster/zxzzb/src/install/game_msgs/share/game_msgs/msg/GameStatus.msg
-- Installing: /home/robomaster/zxzzb/src/install/game_msgs/share/game_msgs/msg/RobotHP.msg
-- Installing: /home/robomaster/zxzzb/src/install/game_msgs/share/game_msgs/msg/Zone.msg
-- Installing: /home/robomaster/zxzzb/src/install/game_msgs/share/ament_index/resource_index/package_run_dependencies/game_msgs
-- Installing: /home/robomaster/zxzzb/src/install/game_msgs/share/ament_index/resource_index/parent_prefix_path/game_msgs
-- Installing: /home/robomaster/zxzzb/src/install/game_msgs/share/game_msgs/environment/ament_prefix_path.sh
-- Installing: /home/robomaster/zxzzb/src/install/game_msgs/share/game_msgs/environment/ament_prefix_path.dsv
-- Installing: /home/robomaster/zxzzb/src/install/game_msgs/share/game_msgs/environment/path.sh
-- Installing: /home/robomaster/zxzzb/src/install/game_msgs/share/game_msgs/environment/path.dsv
-- Installing: /home/robomaster/zxzzb/src/install/game_msgs/share/game_msgs/local_setup.bash
-- Installing: /home/robomaster/zxzzb/src/install/game_msgs/share/game_msgs/local_setup.sh
-- Installing: /home/robomaster/zxzzb/src/install/game_msgs/share/game_msgs/local_setup.zsh
-- Installing: /home/robomaster/zxzzb/src/install/game_msgs/share/game_msgs/local_setup.dsv
-- Installing: /home/robomaster/zxzzb/src/install/game_msgs/share/game_msgs/package.dsv
-- Installing: /home/robomaster/zxzzb/src/install/game_msgs/share/ament_index/resource_index/packages/game_msgs
-- Installing: /home/robomaster/zxzzb/src/install/game_msgs/share/game_msgs/cmake/game_msgs__rosidl_generator_cExport.cmake
-- Installing: /home/robomaster/zxzzb/src/install/game_msgs/share/game_msgs/cmake/game_msgs__rosidl_generator_cExport-noconfig.cmake
-- Installing: /home/robomaster/zxzzb/src/install/game_msgs/share/game_msgs/cmake/game_msgs__rosidl_typesupport_introspection_cExport.cmake
-- Installing: /home/robomaster/zxzzb/src/install/game_msgs/share/game_msgs/cmake/game_msgs__rosidl_typesupport_introspection_cExport-noconfig.cmake
-- Installing: /home/robomaster/zxzzb/src/install/game_msgs/share/game_msgs/cmake/game_msgs__rosidl_typesupport_cExport.cmake
-- Installing: /home/robomaster/zxzzb/src/install/game_msgs/share/game_msgs/cmake/game_msgs__rosidl_typesupport_cExport-noconfig.cmake
-- Installing: /home/robomaster/zxzzb/src/install/game_msgs/share/game_msgs/cmake/game_msgs__rosidl_generator_cppExport.cmake
-- Installing: /home/robomaster/zxzzb/src/install/game_msgs/share/game_msgs/cmake/game_msgs__rosidl_typesupport_introspection_cppExport.cmake
-- Installing: /home/robomaster/zxzzb/src/install/game_msgs/share/game_msgs/cmake/game_msgs__rosidl_typesupport_introspection_cppExport-noconfig.cmake
-- Installing: /home/robomaster/zxzzb/src/install/game_msgs/share/game_msgs/cmake/game_msgs__rosidl_typesupport_cppExport.cmake
-- Installing: /home/robomaster/zxzzb/src/install/game_msgs/share/game_msgs/cmake/game_msgs__rosidl_typesupport_cppExport-noconfig.cmake
-- Installing: /home/robomaster/zxzzb/src/install/game_msgs/share/game_msgs/cmake/rosidl_cmake-extras.cmake
-- Installing: /home/robomaster/zxzzb/src/install/game_msgs/share/game_msgs/cmake/ament_cmake_export_dependencies-extras.cmake
-- Installing: /home/robomaster/zxzzb/src/install/game_msgs/share/game_msgs/cmake/ament_cmake_export_libraries-extras.cmake
-- Installing: /home/robomaster/zxzzb/src/install/game_msgs/share/game_msgs/cmake/ament_cmake_export_targets-extras.cmake
-- Installing: /home/robomaster/zxzzb/src/install/game_msgs/share/game_msgs/cmake/ament_cmake_export_include_directories-extras.cmake
-- Installing: /home/robomaster/zxzzb/src/install/game_msgs/share/game_msgs/cmake/rosidl_cmake_export_typesupport_libraries-extras.cmake
-- Installing: /home/robomaster/zxzzb/src/install/game_msgs/share/game_msgs/cmake/rosidl_cmake_export_typesupport_targets-extras.cmake
-- Installing: /home/robomaster/zxzzb/src/install/game_msgs/share/game_msgs/cmake/game_msgsConfig.cmake
-- Installing: /home/robomaster/zxzzb/src/install/game_msgs/share/game_msgs/cmake/game_msgsConfig-version.cmake
-- Installing: /home/robomaster/zxzzb/src/install/game_msgs/share/game_msgs/package.xml
