[0.365s] Invoking command in '/home/robomaster/zxzzb/src/build/game_msgs': CMAKE_PREFIX_PATH=/opt/ros/galactic /usr/bin/cmake /home/robomaster/zxzzb/src/bubble_interface/game_msgs -DCMAKE_INSTALL_PREFIX=/home/robomaster/zxzzb/src/install/game_msgs
[0.434s] -- The C compiler identification is GNU 9.4.0
[0.493s] -- The CXX compiler identification is GNU 9.4.0
[0.497s] -- Check for working C compiler: /usr/bin/cc
[0.587s] -- Check for working C compiler: /usr/bin/cc -- works
[0.589s] -- Detecting C compiler ABI info
[0.674s] -- Detecting C compiler ABI info - done
[0.689s] -- Detecting C compile features
[0.689s] -- Detecting C compile features - done
[0.692s] -- Check for working CXX compiler: /usr/bin/c++
[0.786s] -- Check for working CXX compiler: /usr/bin/c++ -- works
[0.787s] -- Detecting CXX compiler ABI info
[0.897s] -- Detecting CXX compiler ABI info - done
[0.911s] -- Detecting CXX compile features
[0.912s] -- Detecting CXX compile features - done
[0.914s] -- Found ament_cmake: 1.1.6 (/opt/ros/galactic/share/ament_cmake/cmake)
[0.945s] -- Found PythonInterp: /usr/bin/python3 (found suitable version "3.8.10", minimum required is "3") 
[0.945s] -- Using PYTHON_EXECUTABLE: /usr/bin/python3
[1.027s] -- Found builtin_interfaces: 1.0.3 (/opt/ros/galactic/share/builtin_interfaces/cmake)
[1.050s] -- Using all available rosidl_typesupport_c: rosidl_typesupport_fastrtps_c;rosidl_typesupport_introspection_c
[1.056s] -- Found rosidl_adapter: 2.2.3 (/opt/ros/galactic/share/rosidl_adapter/cmake)
[1.163s] -- Found OpenSSL: /usr/lib/x86_64-linux-gnu/libcrypto.so (found version "1.1.1f")  
[1.198s] -- Found FastRTPS: /opt/ros/galactic/include  
[1.286s] -- Using all available rosidl_typesupport_cpp: rosidl_typesupport_fastrtps_cpp;rosidl_typesupport_introspection_cpp
[1.313s] -- Found std_msgs: 2.2.4 (/opt/ros/galactic/share/std_msgs/cmake)
[1.339s] -- Found rosidl_default_generators: 1.1.1 (/opt/ros/galactic/share/rosidl_default_generators/cmake)
[1.389s] -- Found PythonInterp: /usr/bin/python3 (found version "3.8.10") 
[1.571s] -- Found ament_cmake_ros: 0.9.2 (/opt/ros/galactic/share/ament_cmake_ros/cmake)
[1.774s] -- Using all available rosidl_typesupport_c: rosidl_typesupport_fastrtps_c;rosidl_typesupport_introspection_c
[1.857s] -- Using all available rosidl_typesupport_cpp: rosidl_typesupport_fastrtps_cpp;rosidl_typesupport_introspection_cpp
[1.892s] -- Found PythonInterp: /usr/bin/python3 (found suitable version "3.8.10", minimum required is "3.5") 
[1.893s] -- Found python_cmake_module: 0.8.1 (/opt/ros/galactic/share/python_cmake_module/cmake)
[1.931s] -- Found PythonLibs: /usr/lib/x86_64-linux-gnu/libpython3.8.so (found suitable version "3.8.10", minimum required is "3.5") 
[1.931s] -- Using PYTHON_EXECUTABLE: /usr/bin/python3
[1.932s] -- Using PYTHON_INCLUDE_DIRS: /usr/include/python3.8
[1.932s] -- Using PYTHON_LIBRARIES: /usr/lib/x86_64-linux-gnu/libpython3.8.so
[1.961s] -- Found PythonExtra: .so  
[2.082s] -- Configuring done
[2.149s] -- Generating done
[2.171s] -- Build files have been written to: /home/robomaster/zxzzb/src/build/game_msgs
[2.195s] Invoked command in '/home/robomaster/zxzzb/src/build/game_msgs' returned '0': CMAKE_PREFIX_PATH=/opt/ros/galactic /usr/bin/cmake /home/robomaster/zxzzb/src/bubble_interface/game_msgs -DCMAKE_INSTALL_PREFIX=/home/robomaster/zxzzb/src/install/game_msgs
[2.197s] Invoking command in '/home/robomaster/zxzzb/src/build/game_msgs': CMAKE_PREFIX_PATH=/opt/ros/galactic /usr/bin/cmake --build /home/robomaster/zxzzb/src/build/game_msgs -- -j16 -l16
[2.310s] [35m[1mScanning dependencies of target game_msgs__cpp[0m
[2.328s] [  2%] [34m[1mGenerating C++ code for ROS interfaces[0m
[2.381s] [  4%] [34m[1mGenerating C code for ROS interfaces[0m
[3.052s] [  4%] Built target game_msgs__cpp
[3.079s] [  6%] [34m[1mGenerating C++ introspection for ROS interfaces[0m
[3.100s] [  8%] [34m[1mGenerating C++ type support dispatch for ROS interfaces[0m
[3.127s] [ 10%] [34m[1mGenerating C++ type support for eProsima Fast-RTPS[0m
[3.628s] [35m[1mScanning dependencies of target game_msgs__rosidl_typesupport_introspection_cpp[0m
[3.640s] [35m[1mScanning dependencies of target game_msgs__rosidl_generator_c[0m
[3.714s] [ 14%] [32mBuilding CXX object CMakeFiles/game_msgs__rosidl_typesupport_introspection_cpp.dir/rosidl_typesupport_introspection_cpp/game_msgs/msg/detail/game_status__type_support.cpp.o[0m
[3.715s] [ 14%] [32mBuilding C object CMakeFiles/game_msgs__rosidl_generator_c.dir/rosidl_generator_c/game_msgs/msg/detail/game_status__functions.c.o[0m
[3.727s] [35m[1mScanning dependencies of target game_msgs__rosidl_typesupport_cpp[0m
[3.730s] [35m[1mScanning dependencies of target game_msgs__rosidl_typesupport_fastrtps_cpp[0m
[3.743s] [ 17%] [32mBuilding CXX object CMakeFiles/game_msgs__rosidl_typesupport_introspection_cpp.dir/rosidl_typesupport_introspection_cpp/game_msgs/msg/detail/robot_hp__type_support.cpp.o[0m
[3.760s] [ 19%] [32mBuilding CXX object CMakeFiles/game_msgs__rosidl_typesupport_introspection_cpp.dir/rosidl_typesupport_introspection_cpp/game_msgs/msg/detail/zone__type_support.cpp.o[0m
[3.771s] [ 21%] [32mBuilding C object CMakeFiles/game_msgs__rosidl_generator_c.dir/rosidl_generator_c/game_msgs/msg/detail/robot_hp__functions.c.o[0m
[3.797s] [ 23%] [32mBuilding CXX object CMakeFiles/game_msgs__rosidl_typesupport_cpp.dir/rosidl_typesupport_cpp/game_msgs/msg/game_status__type_support.cpp.o[0m
[3.799s] [ 25%] [32mBuilding C object CMakeFiles/game_msgs__rosidl_generator_c.dir/rosidl_generator_c/game_msgs/msg/detail/zone__functions.c.o[0m
[3.824s] [ 27%] [32mBuilding CXX object CMakeFiles/game_msgs__rosidl_typesupport_cpp.dir/rosidl_typesupport_cpp/game_msgs/msg/robot_hp__type_support.cpp.o[0m
[3.830s] [ 29%] [32mBuilding CXX object CMakeFiles/game_msgs__rosidl_typesupport_cpp.dir/rosidl_typesupport_cpp/game_msgs/msg/zone__type_support.cpp.o[0m
[3.866s] [ 31%] [32mBuilding CXX object CMakeFiles/game_msgs__rosidl_typesupport_fastrtps_cpp.dir/rosidl_typesupport_fastrtps_cpp/game_msgs/msg/detail/dds_fastrtps/game_status__type_support.cpp.o[0m
[3.882s] [ 34%] [32mBuilding CXX object CMakeFiles/game_msgs__rosidl_typesupport_fastrtps_cpp.dir/rosidl_typesupport_fastrtps_cpp/game_msgs/msg/detail/dds_fastrtps/robot_hp__type_support.cpp.o[0m
[3.921s] [ 36%] [32mBuilding CXX object CMakeFiles/game_msgs__rosidl_typesupport_fastrtps_cpp.dir/rosidl_typesupport_fastrtps_cpp/game_msgs/msg/detail/dds_fastrtps/zone__type_support.cpp.o[0m
[4.050s] [ 38%] [32m[1mLinking C shared library libgame_msgs__rosidl_generator_c.so[0m
[4.246s] [ 38%] Built target game_msgs__rosidl_generator_c
[4.309s] [ 40%] [34m[1mGenerating C type support dispatch for ROS interfaces[0m
[4.348s] [ 42%] [34m[1mGenerating C introspection for ROS interfaces[0m
[4.969s] [ 44%] [32m[1mLinking CXX shared library libgame_msgs__rosidl_typesupport_cpp.so[0m
[5.008s] [35m[1mScanning dependencies of target game_msgs__rosidl_typesupport_c[0m
[5.050s] [ 46%] [32mBuilding CXX object CMakeFiles/game_msgs__rosidl_typesupport_c.dir/rosidl_typesupport_c/game_msgs/msg/game_status__type_support.cpp.o[0m
[5.072s] [ 48%] [32mBuilding CXX object CMakeFiles/game_msgs__rosidl_typesupport_c.dir/rosidl_typesupport_c/game_msgs/msg/robot_hp__type_support.cpp.o[0m
[5.109s] [ 51%] [32mBuilding CXX object CMakeFiles/game_msgs__rosidl_typesupport_c.dir/rosidl_typesupport_c/game_msgs/msg/zone__type_support.cpp.o[0m
[5.185s] [ 51%] Built target game_msgs__rosidl_typesupport_cpp
[5.192s] [35m[1mScanning dependencies of target game_msgs__rosidl_typesupport_introspection_c[0m
[5.225s] [ 53%] [32m[1mLinking CXX shared library libgame_msgs__rosidl_typesupport_introspection_cpp.so[0m
[5.238s] [ 55%] [32m[1mLinking CXX shared library libgame_msgs__rosidl_typesupport_c.so[0m
[5.289s] [ 57%] [32mBuilding C object CMakeFiles/game_msgs__rosidl_typesupport_introspection_c.dir/rosidl_typesupport_introspection_c/game_msgs/msg/detail/game_status__type_support.c.o[0m
[5.309s] [ 59%] [32mBuilding C object CMakeFiles/game_msgs__rosidl_typesupport_introspection_c.dir/rosidl_typesupport_introspection_c/game_msgs/msg/detail/robot_hp__type_support.c.o[0m
[5.337s] [ 61%] [32mBuilding C object CMakeFiles/game_msgs__rosidl_typesupport_introspection_c.dir/rosidl_typesupport_introspection_c/game_msgs/msg/detail/zone__type_support.c.o[0m
[5.401s] [ 61%] Built target game_msgs__rosidl_typesupport_introspection_cpp
[5.481s] [ 61%] Built target game_msgs__rosidl_typesupport_c
[5.505s] [ 63%] [32m[1mLinking C shared library libgame_msgs__rosidl_typesupport_introspection_c.so[0m
[5.626s] [ 63%] Built target game_msgs__rosidl_typesupport_introspection_c
[5.656s] [ 65%] [32m[1mLinking CXX shared library libgame_msgs__rosidl_typesupport_fastrtps_cpp.so[0m
[5.947s] [ 65%] Built target game_msgs__rosidl_typesupport_fastrtps_cpp
[5.978s] [ 68%] [34m[1mGenerating C type support for eProsima Fast-RTPS[0m
[6.563s] [35m[1mScanning dependencies of target game_msgs__rosidl_typesupport_fastrtps_c[0m
[6.589s] [ 70%] [32mBuilding CXX object CMakeFiles/game_msgs__rosidl_typesupport_fastrtps_c.dir/rosidl_typesupport_fastrtps_c/game_msgs/msg/detail/game_status__type_support_c.cpp.o[0m
[6.594s] [ 72%] [32mBuilding CXX object CMakeFiles/game_msgs__rosidl_typesupport_fastrtps_c.dir/rosidl_typesupport_fastrtps_c/game_msgs/msg/detail/robot_hp__type_support_c.cpp.o[0m
[6.609s] [ 74%] [32mBuilding CXX object CMakeFiles/game_msgs__rosidl_typesupport_fastrtps_c.dir/rosidl_typesupport_fastrtps_c/game_msgs/msg/detail/zone__type_support_c.cpp.o[0m
[7.319s] [ 76%] [32m[1mLinking CXX shared library libgame_msgs__rosidl_typesupport_fastrtps_c.so[0m
[7.742s] [ 76%] Built target game_msgs__rosidl_typesupport_fastrtps_c
[7.818s] [35m[1mScanning dependencies of target game_msgs[0m
[7.866s] [ 76%] Built target game_msgs
[7.904s] [35m[1mScanning dependencies of target game_msgs__py[0m
[7.940s] [ 78%] [34m[1mGenerating Python code for ROS interfaces[0m
[9.315s] [ 78%] Built target game_msgs__py
[9.378s] [35m[1mScanning dependencies of target game_msgs__python[0m
[9.502s] [ 80%] [32mBuilding C object CMakeFiles/game_msgs__python.dir/rosidl_generator_py/game_msgs/msg/_zone_s.c.o[0m
[9.521s] [ 85%] [32mBuilding C object CMakeFiles/game_msgs__python.dir/rosidl_generator_py/game_msgs/msg/_game_status_s.c.o[0m
[9.523s] [ 82%] [32mBuilding C object CMakeFiles/game_msgs__python.dir/rosidl_generator_py/game_msgs/msg/_robot_hp_s.c.o[0m
[10.074s] [ 87%] [32m[1mLinking C shared library rosidl_generator_py/game_msgs/libgame_msgs__python.so[0m
[10.332s] [ 87%] Built target game_msgs__python
[10.369s] [35m[1mScanning dependencies of target game_msgs__rosidl_typesupport_fastrtps_c__pyext[0m
[10.386s] [35m[1mScanning dependencies of target game_msgs__rosidl_typesupport_c__pyext[0m
[10.390s] [35m[1mScanning dependencies of target game_msgs__rosidl_typesupport_introspection_c__pyext[0m
[10.431s] [ 89%] [32mBuilding C object CMakeFiles/game_msgs__rosidl_typesupport_fastrtps_c__pyext.dir/rosidl_generator_py/game_msgs/_game_msgs_s.ep.rosidl_typesupport_fastrtps_c.c.o[0m
[10.434s] [ 91%] [32mBuilding C object CMakeFiles/game_msgs__rosidl_typesupport_c__pyext.dir/rosidl_generator_py/game_msgs/_game_msgs_s.ep.rosidl_typesupport_c.c.o[0m
[10.454s] [ 93%] [32mBuilding C object CMakeFiles/game_msgs__rosidl_typesupport_introspection_c__pyext.dir/rosidl_generator_py/game_msgs/_game_msgs_s.ep.rosidl_typesupport_introspection_c.c.o[0m
[10.582s] [ 95%] [32m[1mLinking CXX shared library rosidl_generator_py/game_msgs/game_msgs_s__rosidl_typesupport_fastrtps_c.cpython-38-x86_64-linux-gnu.so[0m
[10.606s] [ 97%] [32m[1mLinking C shared library rosidl_generator_py/game_msgs/game_msgs_s__rosidl_typesupport_introspection_c.cpython-38-x86_64-linux-gnu.so[0m
[10.671s] [100%] [32m[1mLinking C shared library rosidl_generator_py/game_msgs/game_msgs_s__rosidl_typesupport_c.cpython-38-x86_64-linux-gnu.so[0m
[10.717s] [100%] Built target game_msgs__rosidl_typesupport_introspection_c__pyext
[10.732s] [100%] Built target game_msgs__rosidl_typesupport_fastrtps_c__pyext
[10.806s] [100%] Built target game_msgs__rosidl_typesupport_c__pyext
[10.838s] Invoked command in '/home/robomaster/zxzzb/src/build/game_msgs' returned '0': CMAKE_PREFIX_PATH=/opt/ros/galactic /usr/bin/cmake --build /home/robomaster/zxzzb/src/build/game_msgs -- -j16 -l16
[10.841s] Invoking command in '/home/robomaster/zxzzb/src/build/game_msgs': CMAKE_PREFIX_PATH=/opt/ros/galactic /usr/bin/cmake --install /home/robomaster/zxzzb/src/build/game_msgs
[10.864s] -- Install configuration: ""
[10.864s] -- Installing: /home/robomaster/zxzzb/src/install/game_msgs/share/ament_index/resource_index/rosidl_interfaces/game_msgs
[10.864s] -- Installing: /home/robomaster/zxzzb/src/install/game_msgs/include/game_msgs
[10.864s] -- Installing: /home/robomaster/zxzzb/src/install/game_msgs/include/game_msgs/msg
[10.864s] -- Installing: /home/robomaster/zxzzb/src/install/game_msgs/include/game_msgs/msg/zone.h
[10.865s] -- Installing: /home/robomaster/zxzzb/src/install/game_msgs/include/game_msgs/msg/robot_hp.h
[10.865s] -- Installing: /home/robomaster/zxzzb/src/install/game_msgs/include/game_msgs/msg/detail
[10.865s] -- Installing: /home/robomaster/zxzzb/src/install/game_msgs/include/game_msgs/msg/detail/game_status__struct.h
[10.865s] -- Installing: /home/robomaster/zxzzb/src/install/game_msgs/include/game_msgs/msg/detail/zone__functions.c
[10.865s] -- Installing: /home/robomaster/zxzzb/src/install/game_msgs/include/game_msgs/msg/detail/game_status__type_support.h
[10.865s] -- Installing: /home/robomaster/zxzzb/src/install/game_msgs/include/game_msgs/msg/detail/zone__functions.h
[10.865s] -- Installing: /home/robomaster/zxzzb/src/install/game_msgs/include/game_msgs/msg/detail/zone__type_support.h
[10.866s] -- Installing: /home/robomaster/zxzzb/src/install/game_msgs/include/game_msgs/msg/detail/game_status__functions.h
[10.866s] -- Installing: /home/robomaster/zxzzb/src/install/game_msgs/include/game_msgs/msg/detail/robot_hp__functions.h
[10.866s] -- Installing: /home/robomaster/zxzzb/src/install/game_msgs/include/game_msgs/msg/detail/game_status__functions.c
[10.866s] -- Installing: /home/robomaster/zxzzb/src/install/game_msgs/include/game_msgs/msg/detail/robot_hp__struct.h
[10.866s] -- Installing: /home/robomaster/zxzzb/src/install/game_msgs/include/game_msgs/msg/detail/robot_hp__type_support.h
[10.866s] -- Installing: /home/robomaster/zxzzb/src/install/game_msgs/include/game_msgs/msg/detail/zone__struct.h
[10.866s] -- Installing: /home/robomaster/zxzzb/src/install/game_msgs/include/game_msgs/msg/detail/robot_hp__functions.c
[10.866s] -- Installing: /home/robomaster/zxzzb/src/install/game_msgs/include/game_msgs/msg/game_status.h
[10.867s] -- Installing: /home/robomaster/zxzzb/src/install/game_msgs/include/game_msgs/msg/rosidl_generator_c__visibility_control.h
[10.867s] -- Installing: /home/robomaster/zxzzb/src/install/game_msgs/share/game_msgs/environment/library_path.sh
[10.867s] -- Installing: /home/robomaster/zxzzb/src/install/game_msgs/share/game_msgs/environment/library_path.dsv
[10.868s] -- Installing: /home/robomaster/zxzzb/src/install/game_msgs/lib/libgame_msgs__rosidl_generator_c.so
[10.869s] -- Set runtime path of "/home/robomaster/zxzzb/src/install/game_msgs/lib/libgame_msgs__rosidl_generator_c.so" to ""
[10.869s] -- Up-to-date: /home/robomaster/zxzzb/src/install/game_msgs/include/game_msgs
[10.869s] -- Up-to-date: /home/robomaster/zxzzb/src/install/game_msgs/include/game_msgs/msg
[10.869s] -- Installing: /home/robomaster/zxzzb/src/install/game_msgs/include/game_msgs/msg/rosidl_typesupport_fastrtps_c__visibility_control.h
[10.869s] -- Up-to-date: /home/robomaster/zxzzb/src/install/game_msgs/include/game_msgs/msg/detail
[10.869s] -- Installing: /home/robomaster/zxzzb/src/install/game_msgs/include/game_msgs/msg/detail/game_status__rosidl_typesupport_fastrtps_c.h
[10.869s] -- Installing: /home/robomaster/zxzzb/src/install/game_msgs/include/game_msgs/msg/detail/zone__rosidl_typesupport_fastrtps_c.h
[10.869s] -- Installing: /home/robomaster/zxzzb/src/install/game_msgs/include/game_msgs/msg/detail/robot_hp__rosidl_typesupport_fastrtps_c.h
[10.870s] -- Installing: /home/robomaster/zxzzb/src/install/game_msgs/lib/libgame_msgs__rosidl_typesupport_fastrtps_c.so
[10.870s] -- Set runtime path of "/home/robomaster/zxzzb/src/install/game_msgs/lib/libgame_msgs__rosidl_typesupport_fastrtps_c.so" to ""
[10.870s] -- Up-to-date: /home/robomaster/zxzzb/src/install/game_msgs/include/game_msgs
[10.871s] -- Up-to-date: /home/robomaster/zxzzb/src/install/game_msgs/include/game_msgs/msg
[10.871s] -- Installing: /home/robomaster/zxzzb/src/install/game_msgs/include/game_msgs/msg/rosidl_typesupport_fastrtps_cpp__visibility_control.h
[10.871s] -- Up-to-date: /home/robomaster/zxzzb/src/install/game_msgs/include/game_msgs/msg/detail
[10.871s] -- Installing: /home/robomaster/zxzzb/src/install/game_msgs/include/game_msgs/msg/detail/zone__rosidl_typesupport_fastrtps_cpp.hpp
[10.871s] -- Installing: /home/robomaster/zxzzb/src/install/game_msgs/include/game_msgs/msg/detail/dds_fastrtps
[10.871s] -- Installing: /home/robomaster/zxzzb/src/install/game_msgs/include/game_msgs/msg/detail/robot_hp__rosidl_typesupport_fastrtps_cpp.hpp
[10.871s] -- Installing: /home/robomaster/zxzzb/src/install/game_msgs/include/game_msgs/msg/detail/game_status__rosidl_typesupport_fastrtps_cpp.hpp
[10.871s] -- Installing: /home/robomaster/zxzzb/src/install/game_msgs/lib/libgame_msgs__rosidl_typesupport_fastrtps_cpp.so
[10.872s] -- Set runtime path of "/home/robomaster/zxzzb/src/install/game_msgs/lib/libgame_msgs__rosidl_typesupport_fastrtps_cpp.so" to ""
[10.872s] -- Up-to-date: /home/robomaster/zxzzb/src/install/game_msgs/include/game_msgs
[10.872s] -- Up-to-date: /home/robomaster/zxzzb/src/install/game_msgs/include/game_msgs/msg
[10.872s] -- Up-to-date: /home/robomaster/zxzzb/src/install/game_msgs/include/game_msgs/msg/detail
[10.872s] -- Installing: /home/robomaster/zxzzb/src/install/game_msgs/include/game_msgs/msg/detail/robot_hp__type_support.c
[10.873s] -- Installing: /home/robomaster/zxzzb/src/install/game_msgs/include/game_msgs/msg/detail/zone__rosidl_typesupport_introspection_c.h
[10.873s] -- Installing: /home/robomaster/zxzzb/src/install/game_msgs/include/game_msgs/msg/detail/game_status__type_support.c
[10.873s] -- Installing: /home/robomaster/zxzzb/src/install/game_msgs/include/game_msgs/msg/detail/game_status__rosidl_typesupport_introspection_c.h
[10.873s] -- Installing: /home/robomaster/zxzzb/src/install/game_msgs/include/game_msgs/msg/detail/zone__type_support.c
[10.873s] -- Installing: /home/robomaster/zxzzb/src/install/game_msgs/include/game_msgs/msg/detail/robot_hp__rosidl_typesupport_introspection_c.h
[10.873s] -- Installing: /home/robomaster/zxzzb/src/install/game_msgs/include/game_msgs/msg/rosidl_typesupport_introspection_c__visibility_control.h
[10.873s] -- Installing: /home/robomaster/zxzzb/src/install/game_msgs/lib/libgame_msgs__rosidl_typesupport_introspection_c.so
[10.874s] -- Set runtime path of "/home/robomaster/zxzzb/src/install/game_msgs/lib/libgame_msgs__rosidl_typesupport_introspection_c.so" to ""
[10.874s] -- Installing: /home/robomaster/zxzzb/src/install/game_msgs/lib/libgame_msgs__rosidl_typesupport_c.so
[10.874s] -- Set runtime path of "/home/robomaster/zxzzb/src/install/game_msgs/lib/libgame_msgs__rosidl_typesupport_c.so" to ""
[10.875s] -- Up-to-date: /home/robomaster/zxzzb/src/install/game_msgs/include/game_msgs
[10.875s] -- Up-to-date: /home/robomaster/zxzzb/src/install/game_msgs/include/game_msgs/msg
[10.875s] -- Installing: /home/robomaster/zxzzb/src/install/game_msgs/include/game_msgs/msg/robot_hp.hpp
[10.875s] -- Installing: /home/robomaster/zxzzb/src/install/game_msgs/include/game_msgs/msg/game_status.hpp
[10.875s] -- Up-to-date: /home/robomaster/zxzzb/src/install/game_msgs/include/game_msgs/msg/detail
[10.875s] -- Installing: /home/robomaster/zxzzb/src/install/game_msgs/include/game_msgs/msg/detail/zone__traits.hpp
[10.875s] -- Installing: /home/robomaster/zxzzb/src/install/game_msgs/include/game_msgs/msg/detail/robot_hp__traits.hpp
[10.875s] -- Installing: /home/robomaster/zxzzb/src/install/game_msgs/include/game_msgs/msg/detail/game_status__traits.hpp
[10.876s] -- Installing: /home/robomaster/zxzzb/src/install/game_msgs/include/game_msgs/msg/detail/zone__struct.hpp
[10.876s] -- Installing: /home/robomaster/zxzzb/src/install/game_msgs/include/game_msgs/msg/detail/zone__builder.hpp
[10.876s] -- Installing: /home/robomaster/zxzzb/src/install/game_msgs/include/game_msgs/msg/detail/game_status__builder.hpp
[10.876s] -- Installing: /home/robomaster/zxzzb/src/install/game_msgs/include/game_msgs/msg/detail/robot_hp__struct.hpp
[10.877s] -- Installing: /home/robomaster/zxzzb/src/install/game_msgs/include/game_msgs/msg/detail/robot_hp__builder.hpp
[10.877s] -- Installing: /home/robomaster/zxzzb/src/install/game_msgs/include/game_msgs/msg/detail/game_status__struct.hpp
[10.877s] -- Installing: /home/robomaster/zxzzb/src/install/game_msgs/include/game_msgs/msg/zone.hpp
[10.877s] -- Up-to-date: /home/robomaster/zxzzb/src/install/game_msgs/include/game_msgs
[10.877s] -- Up-to-date: /home/robomaster/zxzzb/src/install/game_msgs/include/game_msgs/msg
[10.877s] -- Up-to-date: /home/robomaster/zxzzb/src/install/game_msgs/include/game_msgs/msg/detail
[10.877s] -- Installing: /home/robomaster/zxzzb/src/install/game_msgs/include/game_msgs/msg/detail/robot_hp__type_support.cpp
[10.878s] -- Installing: /home/robomaster/zxzzb/src/install/game_msgs/include/game_msgs/msg/detail/game_status__rosidl_typesupport_introspection_cpp.hpp
[10.878s] -- Installing: /home/robomaster/zxzzb/src/install/game_msgs/include/game_msgs/msg/detail/zone__type_support.cpp
[10.878s] -- Installing: /home/robomaster/zxzzb/src/install/game_msgs/include/game_msgs/msg/detail/game_status__type_support.cpp
[10.878s] -- Installing: /home/robomaster/zxzzb/src/install/game_msgs/include/game_msgs/msg/detail/robot_hp__rosidl_typesupport_introspection_cpp.hpp
[10.878s] -- Installing: /home/robomaster/zxzzb/src/install/game_msgs/include/game_msgs/msg/detail/zone__rosidl_typesupport_introspection_cpp.hpp
[10.878s] -- Installing: /home/robomaster/zxzzb/src/install/game_msgs/lib/libgame_msgs__rosidl_typesupport_introspection_cpp.so
[10.879s] -- Set runtime path of "/home/robomaster/zxzzb/src/install/game_msgs/lib/libgame_msgs__rosidl_typesupport_introspection_cpp.so" to ""
[10.879s] -- Installing: /home/robomaster/zxzzb/src/install/game_msgs/lib/libgame_msgs__rosidl_typesupport_cpp.so
[10.879s] -- Set runtime path of "/home/robomaster/zxzzb/src/install/game_msgs/lib/libgame_msgs__rosidl_typesupport_cpp.so" to ""
[10.879s] -- Installing: /home/robomaster/zxzzb/src/install/game_msgs/share/game_msgs/environment/pythonpath.sh
[10.879s] -- Installing: /home/robomaster/zxzzb/src/install/game_msgs/share/game_msgs/environment/pythonpath.dsv
[10.880s] -- Installing: /home/robomaster/zxzzb/src/install/game_msgs/lib/python3.8/site-packages/game_msgs/__init__.py
[10.957s] Compiling '/home/robomaster/zxzzb/src/install/game_msgs/lib/python3.8/site-packages/game_msgs/__init__.py'...
[10.967s] -- Installing: /home/robomaster/zxzzb/src/install/game_msgs/lib/python3.8/site-packages/game_msgs/msg
[10.968s] -- Installing: /home/robomaster/zxzzb/src/install/game_msgs/lib/python3.8/site-packages/game_msgs/msg/_game_status_s.c
[10.968s] -- Installing: /home/robomaster/zxzzb/src/install/game_msgs/lib/python3.8/site-packages/game_msgs/msg/_robot_hp_s.c
[10.968s] -- Installing: /home/robomaster/zxzzb/src/install/game_msgs/lib/python3.8/site-packages/game_msgs/msg/__init__.py
[10.968s] -- Installing: /home/robomaster/zxzzb/src/install/game_msgs/lib/python3.8/site-packages/game_msgs/msg/_zone_s.c
[10.968s] -- Installing: /home/robomaster/zxzzb/src/install/game_msgs/lib/python3.8/site-packages/game_msgs/msg/_robot_hp.py
[10.969s] -- Installing: /home/robomaster/zxzzb/src/install/game_msgs/lib/python3.8/site-packages/game_msgs/msg/_zone.py
[10.969s] -- Installing: /home/robomaster/zxzzb/src/install/game_msgs/lib/python3.8/site-packages/game_msgs/msg/_game_status.py
[10.969s] -- Installing: /home/robomaster/zxzzb/src/install/game_msgs/lib/python3.8/site-packages/game_msgs/game_msgs_s__rosidl_typesupport_fastrtps_c.cpython-38-x86_64-linux-gnu.so
[10.970s] -- Set runtime path of "/home/robomaster/zxzzb/src/install/game_msgs/lib/python3.8/site-packages/game_msgs/game_msgs_s__rosidl_typesupport_fastrtps_c.cpython-38-x86_64-linux-gnu.so" to ""
[10.970s] -- Installing: /home/robomaster/zxzzb/src/install/game_msgs/lib/python3.8/site-packages/game_msgs/game_msgs_s__rosidl_typesupport_introspection_c.cpython-38-x86_64-linux-gnu.so
[10.970s] -- Set runtime path of "/home/robomaster/zxzzb/src/install/game_msgs/lib/python3.8/site-packages/game_msgs/game_msgs_s__rosidl_typesupport_introspection_c.cpython-38-x86_64-linux-gnu.so" to ""
[10.970s] -- Installing: /home/robomaster/zxzzb/src/install/game_msgs/lib/python3.8/site-packages/game_msgs/game_msgs_s__rosidl_typesupport_c.cpython-38-x86_64-linux-gnu.so
[10.971s] -- Set runtime path of "/home/robomaster/zxzzb/src/install/game_msgs/lib/python3.8/site-packages/game_msgs/game_msgs_s__rosidl_typesupport_c.cpython-38-x86_64-linux-gnu.so" to ""
[10.971s] -- Installing: /home/robomaster/zxzzb/src/install/game_msgs/lib/libgame_msgs__python.so
[10.972s] -- Set runtime path of "/home/robomaster/zxzzb/src/install/game_msgs/lib/libgame_msgs__python.so" to ""
[10.972s] -- Installing: /home/robomaster/zxzzb/src/install/game_msgs/share/game_msgs/msg/GameStatus.idl
[10.972s] -- Installing: /home/robomaster/zxzzb/src/install/game_msgs/share/game_msgs/msg/RobotHP.idl
[10.972s] -- Installing: /home/robomaster/zxzzb/src/install/game_msgs/share/game_msgs/msg/Zone.idl
[10.973s] -- Installing: /home/robomaster/zxzzb/src/install/game_msgs/share/game_msgs/msg/GameStatus.msg
[10.973s] -- Installing: /home/robomaster/zxzzb/src/install/game_msgs/share/game_msgs/msg/RobotHP.msg
[10.973s] -- Installing: /home/robomaster/zxzzb/src/install/game_msgs/share/game_msgs/msg/Zone.msg
[10.973s] -- Installing: /home/robomaster/zxzzb/src/install/game_msgs/share/ament_index/resource_index/package_run_dependencies/game_msgs
[10.973s] -- Installing: /home/robomaster/zxzzb/src/install/game_msgs/share/ament_index/resource_index/parent_prefix_path/game_msgs
[10.974s] -- Installing: /home/robomaster/zxzzb/src/install/game_msgs/share/game_msgs/environment/ament_prefix_path.sh
[10.974s] -- Installing: /home/robomaster/zxzzb/src/install/game_msgs/share/game_msgs/environment/ament_prefix_path.dsv
[10.974s] -- Installing: /home/robomaster/zxzzb/src/install/game_msgs/share/game_msgs/environment/path.sh
[10.974s] -- Installing: /home/robomaster/zxzzb/src/install/game_msgs/share/game_msgs/environment/path.dsv
[10.974s] -- Installing: /home/robomaster/zxzzb/src/install/game_msgs/share/game_msgs/local_setup.bash
[10.974s] -- Installing: /home/robomaster/zxzzb/src/install/game_msgs/share/game_msgs/local_setup.sh
[10.977s] -- Installing: /home/robomaster/zxzzb/src/install/game_msgs/share/game_msgs/local_setup.zsh
[10.977s] -- Installing: /home/robomaster/zxzzb/src/install/game_msgs/share/game_msgs/local_setup.dsv
[10.977s] -- Installing: /home/robomaster/zxzzb/src/install/game_msgs/share/game_msgs/package.dsv
[10.977s] -- Installing: /home/robomaster/zxzzb/src/install/game_msgs/share/ament_index/resource_index/packages/game_msgs
[10.977s] -- Installing: /home/robomaster/zxzzb/src/install/game_msgs/share/game_msgs/cmake/game_msgs__rosidl_generator_cExport.cmake
[10.978s] -- Installing: /home/robomaster/zxzzb/src/install/game_msgs/share/game_msgs/cmake/game_msgs__rosidl_generator_cExport-noconfig.cmake
[10.978s] -- Installing: /home/robomaster/zxzzb/src/install/game_msgs/share/game_msgs/cmake/game_msgs__rosidl_typesupport_introspection_cExport.cmake
[10.978s] -- Installing: /home/robomaster/zxzzb/src/install/game_msgs/share/game_msgs/cmake/game_msgs__rosidl_typesupport_introspection_cExport-noconfig.cmake
[10.978s] -- Installing: /home/robomaster/zxzzb/src/install/game_msgs/share/game_msgs/cmake/game_msgs__rosidl_typesupport_cExport.cmake
[10.978s] -- Installing: /home/robomaster/zxzzb/src/install/game_msgs/share/game_msgs/cmake/game_msgs__rosidl_typesupport_cExport-noconfig.cmake
[10.978s] -- Installing: /home/robomaster/zxzzb/src/install/game_msgs/share/game_msgs/cmake/game_msgs__rosidl_generator_cppExport.cmake
[10.978s] -- Installing: /home/robomaster/zxzzb/src/install/game_msgs/share/game_msgs/cmake/game_msgs__rosidl_typesupport_introspection_cppExport.cmake
[10.979s] -- Installing: /home/robomaster/zxzzb/src/install/game_msgs/share/game_msgs/cmake/game_msgs__rosidl_typesupport_introspection_cppExport-noconfig.cmake
[10.979s] -- Installing: /home/robomaster/zxzzb/src/install/game_msgs/share/game_msgs/cmake/game_msgs__rosidl_typesupport_cppExport.cmake
[10.979s] -- Installing: /home/robomaster/zxzzb/src/install/game_msgs/share/game_msgs/cmake/game_msgs__rosidl_typesupport_cppExport-noconfig.cmake
[10.979s] -- Installing: /home/robomaster/zxzzb/src/install/game_msgs/share/game_msgs/cmake/rosidl_cmake-extras.cmake
[10.979s] -- Installing: /home/robomaster/zxzzb/src/install/game_msgs/share/game_msgs/cmake/ament_cmake_export_dependencies-extras.cmake
[10.979s] -- Installing: /home/robomaster/zxzzb/src/install/game_msgs/share/game_msgs/cmake/ament_cmake_export_libraries-extras.cmake
[10.979s] -- Installing: /home/robomaster/zxzzb/src/install/game_msgs/share/game_msgs/cmake/ament_cmake_export_targets-extras.cmake
[10.979s] -- Installing: /home/robomaster/zxzzb/src/install/game_msgs/share/game_msgs/cmake/ament_cmake_export_include_directories-extras.cmake
[10.980s] -- Installing: /home/robomaster/zxzzb/src/install/game_msgs/share/game_msgs/cmake/rosidl_cmake_export_typesupport_libraries-extras.cmake
[10.980s] -- Installing: /home/robomaster/zxzzb/src/install/game_msgs/share/game_msgs/cmake/rosidl_cmake_export_typesupport_targets-extras.cmake
[10.980s] -- Installing: /home/robomaster/zxzzb/src/install/game_msgs/share/game_msgs/cmake/game_msgsConfig.cmake
[10.980s] -- Installing: /home/robomaster/zxzzb/src/install/game_msgs/share/game_msgs/cmake/game_msgsConfig-version.cmake
[10.980s] -- Installing: /home/robomaster/zxzzb/src/install/game_msgs/share/game_msgs/package.xml
[10.992s] Invoked command in '/home/robomaster/zxzzb/src/build/game_msgs' returned '0': CMAKE_PREFIX_PATH=/opt/ros/galactic /usr/bin/cmake --install /home/robomaster/zxzzb/src/build/game_msgs
