-- The C compiler identification is GNU 9.4.0
-- The CXX compiler identification is GNU 9.4.0
-- Check for working C compiler: /usr/bin/cc
-- Check for working C compiler: /usr/bin/cc -- works
-- Detecting C compiler ABI info
-- Detecting C compiler ABI info - done
-- Detecting C compile features
-- Detecting C compile features - done
-- Check for working CXX compiler: /usr/bin/c++
-- Check for working CXX compiler: /usr/bin/c++ -- works
-- Detecting CXX compiler ABI info
-- Detecting CXX compiler ABI info - done
-- Detecting CXX compile features
-- Detecting CXX compile features - done
-- Found ament_cmake_auto: 1.1.6 (/opt/ros/galactic/share/ament_cmake_auto/cmake)
-- Found PythonInterp: /usr/bin/python3 (found suitable version "3.8.10", minimum required is "3") 
-- Using PYTHON_EXECUTABLE: /usr/bin/python3
-- Using all available rosidl_typesupport_c: rosidl_typesupport_fastrtps_c;rosidl_typesupport_introspection_c
-- Found rosidl_adapter: 2.2.3 (/opt/ros/galactic/share/rosidl_adapter/cmake)
-- Found OpenSSL: /usr/lib/x86_64-linux-gnu/libcrypto.so (found version "1.1.1f")  
-- Found FastRTPS: /opt/ros/galactic/include  
-- Using all available rosidl_typesupport_cpp: rosidl_typesupport_fastrtps_cpp;rosidl_typesupport_introspection_cpp
-- Found rmw_implementation_cmake: 3.3.1 (/opt/ros/galactic/share/rmw_implementation_cmake/cmake)
-- Found rmw_cyclonedds_cpp: 0.22.6 (/opt/ros/galactic/share/rmw_cyclonedds_cpp/cmake)
-- Using RMW implementation 'rmw_cyclonedds_cpp' as default
-- Looking for pthread.h
-- Looking for pthread.h - found
-- Performing Test CMAKE_HAVE_LIBC_PTHREAD
-- Performing Test CMAKE_HAVE_LIBC_PTHREAD - Failed
-- Looking for pthread_create in pthreads
-- Looking for pthread_create in pthreads - not found
-- Looking for pthread_create in pthread
-- Looking for pthread_create in pthread - found
-- Found Threads: TRUE  
-- Setting yaml-cpp_DIR to: '/opt/ros/galactic/share/yaml_cpp_vendor/cmake/../../../opt/yaml_cpp_vendor/lib/cmake/yaml-cpp'
-- Found ament_lint_auto: 0.10.7 (/opt/ros/galactic/share/ament_lint_auto/cmake)
-- Added test 'cppcheck' to perform static code analysis on C / C++ code
-- Configured cppcheck include dirs: /home/robomaster/zxzzb/src/rm_vision_ros2_hik_camera/hikSDK/include
-- Configured cppcheck exclude dirs and/or files: 
-- Added test 'flake8' to check Python code syntax and style conventions
-- Added test 'lint_cmake' to check CMake code style
-- Added test 'pep257' to check Python code against some of the style conventions in PEP 257
-- Added test 'xmllint' to check XML markup files
-- Configuring done
-- Generating done
-- Build files have been written to: /home/robomaster/zxzzb/src/build/hik_camera
[35m[1mScanning dependencies of target hik_camera[0m
[35m[1mScanning dependencies of target hik_camera_node[0m
[ 25%] [32mBuilding CXX object CMakeFiles/hik_camera_node.dir/rclcpp_components/node_main_hik_camera_node.cpp.o[0m
[ 50%] [32mBuilding CXX object CMakeFiles/hik_camera.dir/src/hik_camera_node.cpp.o[0m
[ 75%] [32m[1mLinking CXX shared library libhik_camera.so[0m
[100%] [32m[1mLinking CXX executable hik_camera_node[0m
[100%] Built target hik_camera
[100%] Built target hik_camera_node
-- Install configuration: ""
-- Installing: /home/robomaster/zxzzb/src/install/hik_camera/lib
-- Installing: /home/robomaster/zxzzb/src/install/hik_camera/lib/libFormatConversion.so
-- Installing: /home/robomaster/zxzzb/src/install/hik_camera/lib/libMediaProcess.so
-- Installing: /home/robomaster/zxzzb/src/install/hik_camera/lib/libMvCameraControl.so
-- Installing: /home/robomaster/zxzzb/src/install/hik_camera/lib/libMvUsb3vTL.so
-- Installing: /home/robomaster/zxzzb/src/install/hik_camera/lib/libMVRender.so
-- Installing: /home/robomaster/zxzzb/src/install/hik_camera/lib/hik_camera/hik_camera_node
-- Set runtime path of "/home/robomaster/zxzzb/src/install/hik_camera/lib/hik_camera/hik_camera_node" to ""
-- Installing: /home/robomaster/zxzzb/src/install/hik_camera/share/hik_camera/environment/library_path.sh
-- Installing: /home/robomaster/zxzzb/src/install/hik_camera/share/hik_camera/environment/library_path.dsv
-- Installing: /home/robomaster/zxzzb/src/install/hik_camera/lib/libhik_camera.so
-- Set runtime path of "/home/robomaster/zxzzb/src/install/hik_camera/lib/libhik_camera.so" to ""
-- Installing: /home/robomaster/zxzzb/src/install/hik_camera/share/hik_camera/config
-- Installing: /home/robomaster/zxzzb/src/install/hik_camera/share/hik_camera/config/camera_info.yaml
-- Installing: /home/robomaster/zxzzb/src/install/hik_camera/share/hik_camera/config/camera_params.yaml
-- Installing: /home/robomaster/zxzzb/src/install/hik_camera/share/hik_camera/launch
-- Installing: /home/robomaster/zxzzb/src/install/hik_camera/share/hik_camera/launch/hik_camera.launch.py
-- Installing: /home/robomaster/zxzzb/src/install/hik_camera/share/ament_index/resource_index/package_run_dependencies/hik_camera
-- Installing: /home/robomaster/zxzzb/src/install/hik_camera/share/ament_index/resource_index/parent_prefix_path/hik_camera
-- Installing: /home/robomaster/zxzzb/src/install/hik_camera/share/hik_camera/environment/ament_prefix_path.sh
-- Installing: /home/robomaster/zxzzb/src/install/hik_camera/share/hik_camera/environment/ament_prefix_path.dsv
-- Installing: /home/robomaster/zxzzb/src/install/hik_camera/share/hik_camera/environment/path.sh
-- Installing: /home/robomaster/zxzzb/src/install/hik_camera/share/hik_camera/environment/path.dsv
-- Installing: /home/robomaster/zxzzb/src/install/hik_camera/share/hik_camera/local_setup.bash
-- Installing: /home/robomaster/zxzzb/src/install/hik_camera/share/hik_camera/local_setup.sh
-- Installing: /home/robomaster/zxzzb/src/install/hik_camera/share/hik_camera/local_setup.zsh
-- Installing: /home/robomaster/zxzzb/src/install/hik_camera/share/hik_camera/local_setup.dsv
-- Installing: /home/robomaster/zxzzb/src/install/hik_camera/share/hik_camera/package.dsv
-- Installing: /home/robomaster/zxzzb/src/install/hik_camera/share/ament_index/resource_index/packages/hik_camera
-- Installing: /home/robomaster/zxzzb/src/install/hik_camera/share/ament_index/resource_index/rclcpp_components/hik_camera
-- Installing: /home/robomaster/zxzzb/src/install/hik_camera/share/hik_camera/cmake/ament_cmake_export_dependencies-extras.cmake
-- Installing: /home/robomaster/zxzzb/src/install/hik_camera/share/hik_camera/cmake/ament_cmake_export_libraries-extras.cmake
-- Installing: /home/robomaster/zxzzb/src/install/hik_camera/share/hik_camera/cmake/hik_cameraConfig.cmake
-- Installing: /home/robomaster/zxzzb/src/install/hik_camera/share/hik_camera/cmake/hik_cameraConfig-version.cmake
-- Installing: /home/robomaster/zxzzb/src/install/hik_camera/share/hik_camera/package.xml
