[0.365s] Invoking command in '/home/robomaster/zxzzb/src/build/hik_camera': CMAKE_PREFIX_PATH=/opt/ros/galactic /usr/bin/cmake /home/robomaster/zxzzb/src/rm_vision_ros2_hik_camera -DCMAKE_INSTALL_PREFIX=/home/robomaster/zxzzb/src/install/hik_camera
[0.435s] -- The C compiler identification is GNU 9.4.0
[0.497s] -- The CXX compiler identification is GNU 9.4.0
[0.503s] -- Check for working C compiler: /usr/bin/cc
[0.610s] -- Check for working C compiler: /usr/bin/cc -- works
[0.611s] -- Detecting C compiler ABI info
[0.686s] -- Detecting C compiler ABI info - done
[0.700s] -- Detecting C compile features
[0.700s] -- Detecting C compile features - done
[0.703s] -- Check for working CXX compiler: /usr/bin/c++
[0.808s] -- Check for working CXX compiler: /usr/bin/c++ -- works
[0.810s] -- Detecting CXX compiler ABI info
[0.914s] -- Detecting CXX compiler ABI info - done
[0.930s] -- Detecting CXX compile features
[0.930s] -- Detecting CXX compile features - done
[0.932s] -- Found ament_cmake_auto: 1.1.6 (/opt/ros/galactic/share/ament_cmake_auto/cmake)
[0.965s] -- Found PythonInterp: /usr/bin/python3 (found suitable version "3.8.10", minimum required is "3") 
[0.966s] -- Using PYTHON_EXECUTABLE: /usr/bin/python3
[1.213s] -- Using all available rosidl_typesupport_c: rosidl_typesupport_fastrtps_c;rosidl_typesupport_introspection_c
[1.217s] -- Found rosidl_adapter: 2.2.3 (/opt/ros/galactic/share/rosidl_adapter/cmake)
[1.320s] -- Found OpenSSL: /usr/lib/x86_64-linux-gnu/libcrypto.so (found version "1.1.1f")  
[1.352s] -- Found FastRTPS: /opt/ros/galactic/include  
[1.428s] -- Using all available rosidl_typesupport_cpp: rosidl_typesupport_fastrtps_cpp;rosidl_typesupport_introspection_cpp
[1.475s] -- Found rmw_implementation_cmake: 3.3.1 (/opt/ros/galactic/share/rmw_implementation_cmake/cmake)
[1.477s] -- Found rmw_cyclonedds_cpp: 0.22.6 (/opt/ros/galactic/share/rmw_cyclonedds_cpp/cmake)
[1.493s] -- Using RMW implementation 'rmw_cyclonedds_cpp' as default
[1.494s] -- Looking for pthread.h
[1.569s] -- Looking for pthread.h - found
[1.570s] -- Performing Test CMAKE_HAVE_LIBC_PTHREAD
[1.635s] -- Performing Test CMAKE_HAVE_LIBC_PTHREAD - Failed
[1.635s] -- Looking for pthread_create in pthreads
[1.681s] -- Looking for pthread_create in pthreads - not found
[1.681s] -- Looking for pthread_create in pthread
[1.744s] -- Looking for pthread_create in pthread - found
[1.745s] -- Found Threads: TRUE  
[2.349s] -- Setting yaml-cpp_DIR to: '/opt/ros/galactic/share/yaml_cpp_vendor/cmake/../../../opt/yaml_cpp_vendor/lib/cmake/yaml-cpp'
[2.529s] -- Found ament_lint_auto: 0.10.7 (/opt/ros/galactic/share/ament_lint_auto/cmake)
[2.598s] -- Added test 'cppcheck' to perform static code analysis on C / C++ code
[2.598s] -- Configured cppcheck include dirs: /home/robomaster/zxzzb/src/rm_vision_ros2_hik_camera/hikSDK/include
[2.614s] -- Configured cppcheck exclude dirs and/or files: 
[2.616s] -- Added test 'flake8' to check Python code syntax and style conventions
[2.620s] -- Added test 'lint_cmake' to check CMake code style
[2.623s] -- Added test 'pep257' to check Python code against some of the style conventions in PEP 257
[2.626s] -- Added test 'xmllint' to check XML markup files
[2.649s] -- Configuring done
[2.691s] -- Generating done
[2.703s] -- Build files have been written to: /home/robomaster/zxzzb/src/build/hik_camera
[2.728s] Invoked command in '/home/robomaster/zxzzb/src/build/hik_camera' returned '0': CMAKE_PREFIX_PATH=/opt/ros/galactic /usr/bin/cmake /home/robomaster/zxzzb/src/rm_vision_ros2_hik_camera -DCMAKE_INSTALL_PREFIX=/home/robomaster/zxzzb/src/install/hik_camera
[2.732s] Invoking command in '/home/robomaster/zxzzb/src/build/hik_camera': CMAKE_PREFIX_PATH=/opt/ros/galactic /usr/bin/cmake --build /home/robomaster/zxzzb/src/build/hik_camera -- -j16 -l16
[2.964s] [35m[1mScanning dependencies of target hik_camera[0m
[2.980s] [35m[1mScanning dependencies of target hik_camera_node[0m
[3.098s] [ 25%] [32mBuilding CXX object CMakeFiles/hik_camera_node.dir/rclcpp_components/node_main_hik_camera_node.cpp.o[0m
[3.120s] [ 50%] [32mBuilding CXX object CMakeFiles/hik_camera.dir/src/hik_camera_node.cpp.o[0m
[11.146s] [ 75%] [32m[1mLinking CXX shared library libhik_camera.so[0m
[11.330s] [100%] [32m[1mLinking CXX executable hik_camera_node[0m
[11.448s] [100%] Built target hik_camera
[11.493s] [100%] Built target hik_camera_node
[11.505s] Invoked command in '/home/robomaster/zxzzb/src/build/hik_camera' returned '0': CMAKE_PREFIX_PATH=/opt/ros/galactic /usr/bin/cmake --build /home/robomaster/zxzzb/src/build/hik_camera -- -j16 -l16
[11.508s] Invoking command in '/home/robomaster/zxzzb/src/build/hik_camera': CMAKE_PREFIX_PATH=/opt/ros/galactic /usr/bin/cmake --install /home/robomaster/zxzzb/src/build/hik_camera
[11.516s] -- Install configuration: ""
[11.516s] -- Installing: /home/robomaster/zxzzb/src/install/hik_camera/lib
[11.516s] -- Installing: /home/robomaster/zxzzb/src/install/hik_camera/lib/libFormatConversion.so
[11.518s] -- Installing: /home/robomaster/zxzzb/src/install/hik_camera/lib/libMediaProcess.so
[11.522s] -- Installing: /home/robomaster/zxzzb/src/install/hik_camera/lib/libMvCameraControl.so
[11.532s] -- Installing: /home/robomaster/zxzzb/src/install/hik_camera/lib/libMvUsb3vTL.so
[11.542s] -- Installing: /home/robomaster/zxzzb/src/install/hik_camera/lib/libMVRender.so
[11.543s] -- Installing: /home/robomaster/zxzzb/src/install/hik_camera/lib/hik_camera/hik_camera_node
[11.544s] -- Set runtime path of "/home/robomaster/zxzzb/src/install/hik_camera/lib/hik_camera/hik_camera_node" to ""
[11.544s] -- Installing: /home/robomaster/zxzzb/src/install/hik_camera/share/hik_camera/environment/library_path.sh
[11.544s] -- Installing: /home/robomaster/zxzzb/src/install/hik_camera/share/hik_camera/environment/library_path.dsv
[11.544s] -- Installing: /home/robomaster/zxzzb/src/install/hik_camera/lib/libhik_camera.so
[11.546s] -- Set runtime path of "/home/robomaster/zxzzb/src/install/hik_camera/lib/libhik_camera.so" to ""
[11.546s] -- Installing: /home/robomaster/zxzzb/src/install/hik_camera/share/hik_camera/config
[11.546s] -- Installing: /home/robomaster/zxzzb/src/install/hik_camera/share/hik_camera/config/camera_info.yaml
[11.546s] -- Installing: /home/robomaster/zxzzb/src/install/hik_camera/share/hik_camera/config/camera_params.yaml
[11.546s] -- Installing: /home/robomaster/zxzzb/src/install/hik_camera/share/hik_camera/launch
[11.546s] -- Installing: /home/robomaster/zxzzb/src/install/hik_camera/share/hik_camera/launch/hik_camera.launch.py
[11.547s] -- Installing: /home/robomaster/zxzzb/src/install/hik_camera/share/ament_index/resource_index/package_run_dependencies/hik_camera
[11.547s] -- Installing: /home/robomaster/zxzzb/src/install/hik_camera/share/ament_index/resource_index/parent_prefix_path/hik_camera
[11.547s] -- Installing: /home/robomaster/zxzzb/src/install/hik_camera/share/hik_camera/environment/ament_prefix_path.sh
[11.547s] -- Installing: /home/robomaster/zxzzb/src/install/hik_camera/share/hik_camera/environment/ament_prefix_path.dsv
[11.547s] -- Installing: /home/robomaster/zxzzb/src/install/hik_camera/share/hik_camera/environment/path.sh
[11.547s] -- Installing: /home/robomaster/zxzzb/src/install/hik_camera/share/hik_camera/environment/path.dsv
[11.547s] -- Installing: /home/robomaster/zxzzb/src/install/hik_camera/share/hik_camera/local_setup.bash
[11.547s] -- Installing: /home/robomaster/zxzzb/src/install/hik_camera/share/hik_camera/local_setup.sh
[11.547s] -- Installing: /home/robomaster/zxzzb/src/install/hik_camera/share/hik_camera/local_setup.zsh
[11.548s] -- Installing: /home/robomaster/zxzzb/src/install/hik_camera/share/hik_camera/local_setup.dsv
[11.548s] -- Installing: /home/robomaster/zxzzb/src/install/hik_camera/share/hik_camera/package.dsv
[11.548s] -- Installing: /home/robomaster/zxzzb/src/install/hik_camera/share/ament_index/resource_index/packages/hik_camera
[11.548s] -- Installing: /home/robomaster/zxzzb/src/install/hik_camera/share/ament_index/resource_index/rclcpp_components/hik_camera
[11.548s] -- Installing: /home/robomaster/zxzzb/src/install/hik_camera/share/hik_camera/cmake/ament_cmake_export_dependencies-extras.cmake
[11.548s] -- Installing: /home/robomaster/zxzzb/src/install/hik_camera/share/hik_camera/cmake/ament_cmake_export_libraries-extras.cmake
[11.548s] -- Installing: /home/robomaster/zxzzb/src/install/hik_camera/share/hik_camera/cmake/hik_cameraConfig.cmake
[11.549s] -- Installing: /home/robomaster/zxzzb/src/install/hik_camera/share/hik_camera/cmake/hik_cameraConfig-version.cmake
[11.549s] -- Installing: /home/robomaster/zxzzb/src/install/hik_camera/share/hik_camera/package.xml
[11.552s] Invoked command in '/home/robomaster/zxzzb/src/build/hik_camera' returned '0': CMAKE_PREFIX_PATH=/opt/ros/galactic /usr/bin/cmake --install /home/robomaster/zxzzb/src/build/hik_camera
