[1.067s] Invoking command in '/home/robomaster/zxzzb/src/bubble_protocol': PYTHONPATH=/home/robomaster/zxzzb/src/build/bubble_protocol/prefix_override:/usr/lib/python3/dist-packages/colcon_core/task/python/colcon_distutils_commands:/home/robomaster/zxzzb/src/install/bubble_protocol/lib/python3.8/site-packages:${PYTHONPATH} /usr/bin/python3 -W ignore:setup.py install is deprecated -W ignore:easy_install command is deprecated setup.py egg_info --egg-base ../build/bubble_protocol build --build-base /home/robomaster/zxzzb/src/build/bubble_protocol/build install --record /home/robomaster/zxzzb/src/build/bubble_protocol/install.log --single-version-externally-managed install_data
[1.393s] running egg_info
[1.394s] creating ../build/bubble_protocol/bubble_protocol.egg-info
[1.394s] writing ../build/bubble_protocol/bubble_protocol.egg-info/PKG-INFO
[1.395s] writing dependency_links to ../build/bubble_protocol/bubble_protocol.egg-info/dependency_links.txt
[1.395s] writing entry points to ../build/bubble_protocol/bubble_protocol.egg-info/entry_points.txt
[1.395s] writing requirements to ../build/bubble_protocol/bubble_protocol.egg-info/requires.txt
[1.395s] writing top-level names to ../build/bubble_protocol/bubble_protocol.egg-info/top_level.txt
[1.398s] writing manifest file '../build/bubble_protocol/bubble_protocol.egg-info/SOURCES.txt'
[1.443s] reading manifest file '../build/bubble_protocol/bubble_protocol.egg-info/SOURCES.txt'
[1.444s] writing manifest file '../build/bubble_protocol/bubble_protocol.egg-info/SOURCES.txt'
[1.444s] running build
[1.444s] running build_py
[1.444s] creating /home/robomaster/zxzzb/src/build/bubble_protocol/build
[1.444s] creating /home/robomaster/zxzzb/src/build/bubble_protocol/build/lib
[1.445s] creating /home/robomaster/zxzzb/src/build/bubble_protocol/build/lib/bubble_protocol
[1.445s] copying bubble_protocol/hardware.py -> /home/robomaster/zxzzb/src/build/bubble_protocol/build/lib/bubble_protocol
[1.445s] copying bubble_protocol/bcp_core.py -> /home/robomaster/zxzzb/src/build/bubble_protocol/build/lib/bubble_protocol
[1.445s] copying bubble_protocol/__init__.py -> /home/robomaster/zxzzb/src/build/bubble_protocol/build/lib/bubble_protocol
[1.445s] copying bubble_protocol/protocol.py -> /home/robomaster/zxzzb/src/build/bubble_protocol/build/lib/bubble_protocol
[1.446s] copying bubble_protocol/dispatch.py -> /home/robomaster/zxzzb/src/build/bubble_protocol/build/lib/bubble_protocol
[1.446s] copying bubble_protocol/robot_status.py -> /home/robomaster/zxzzb/src/build/bubble_protocol/build/lib/bubble_protocol
[1.446s] running install
[1.448s] running install_lib
[1.449s] creating /home/robomaster/zxzzb/src/install/bubble_protocol/lib/python3.8/site-packages/bubble_protocol
[1.449s] copying /home/robomaster/zxzzb/src/build/bubble_protocol/build/lib/bubble_protocol/hardware.py -> /home/robomaster/zxzzb/src/install/bubble_protocol/lib/python3.8/site-packages/bubble_protocol
[1.449s] copying /home/robomaster/zxzzb/src/build/bubble_protocol/build/lib/bubble_protocol/bcp_core.py -> /home/robomaster/zxzzb/src/install/bubble_protocol/lib/python3.8/site-packages/bubble_protocol
[1.450s] copying /home/robomaster/zxzzb/src/build/bubble_protocol/build/lib/bubble_protocol/__init__.py -> /home/robomaster/zxzzb/src/install/bubble_protocol/lib/python3.8/site-packages/bubble_protocol
[1.450s] copying /home/robomaster/zxzzb/src/build/bubble_protocol/build/lib/bubble_protocol/protocol.py -> /home/robomaster/zxzzb/src/install/bubble_protocol/lib/python3.8/site-packages/bubble_protocol
[1.451s] copying /home/robomaster/zxzzb/src/build/bubble_protocol/build/lib/bubble_protocol/dispatch.py -> /home/robomaster/zxzzb/src/install/bubble_protocol/lib/python3.8/site-packages/bubble_protocol
[1.451s] copying /home/robomaster/zxzzb/src/build/bubble_protocol/build/lib/bubble_protocol/robot_status.py -> /home/robomaster/zxzzb/src/install/bubble_protocol/lib/python3.8/site-packages/bubble_protocol
[1.451s] byte-compiling /home/robomaster/zxzzb/src/install/bubble_protocol/lib/python3.8/site-packages/bubble_protocol/hardware.py to hardware.cpython-38.pyc
[1.454s] byte-compiling /home/robomaster/zxzzb/src/install/bubble_protocol/lib/python3.8/site-packages/bubble_protocol/bcp_core.py to bcp_core.cpython-38.pyc
[1.454s] byte-compiling /home/robomaster/zxzzb/src/install/bubble_protocol/lib/python3.8/site-packages/bubble_protocol/__init__.py to __init__.cpython-38.pyc
[1.455s] byte-compiling /home/robomaster/zxzzb/src/install/bubble_protocol/lib/python3.8/site-packages/bubble_protocol/protocol.py to protocol.cpython-38.pyc
[1.457s] byte-compiling /home/robomaster/zxzzb/src/install/bubble_protocol/lib/python3.8/site-packages/bubble_protocol/dispatch.py to dispatch.cpython-38.pyc
[1.458s] byte-compiling /home/robomaster/zxzzb/src/install/bubble_protocol/lib/python3.8/site-packages/bubble_protocol/robot_status.py to robot_status.cpython-38.pyc
[1.461s] running install_data
[1.461s] creating /home/robomaster/zxzzb/src/install/bubble_protocol/share/ament_index
[1.461s] creating /home/robomaster/zxzzb/src/install/bubble_protocol/share/ament_index/resource_index
[1.461s] creating /home/robomaster/zxzzb/src/install/bubble_protocol/share/ament_index/resource_index/packages
[1.461s] copying resource/bubble_protocol -> /home/robomaster/zxzzb/src/install/bubble_protocol/share/ament_index/resource_index/packages
[1.461s] copying package.xml -> /home/robomaster/zxzzb/src/install/bubble_protocol/share/bubble_protocol
[1.461s] copying launch/sentry_serial_launch.py -> /home/robomaster/zxzzb/src/install/bubble_protocol/share/bubble_protocol
[1.461s] copying launch/bcp_api_core_launch.py -> /home/robomaster/zxzzb/src/install/bubble_protocol/share/bubble_protocol
[1.462s] copying launch/sentry_down_serial_launch.py -> /home/robomaster/zxzzb/src/install/bubble_protocol/share/bubble_protocol
[1.462s] copying launch/sentry_up_serial_launch.py -> /home/robomaster/zxzzb/src/install/bubble_protocol/share/bubble_protocol
[1.462s] copying launch/infantry_serial_launch.py -> /home/robomaster/zxzzb/src/install/bubble_protocol/share/bubble_protocol
[1.462s] running install_egg_info
[1.465s] Copying ../build/bubble_protocol/bubble_protocol.egg-info to /home/robomaster/zxzzb/src/install/bubble_protocol/lib/python3.8/site-packages/bubble_protocol-0.1.0-py3.8.egg-info
[1.466s] running install_scripts
[1.489s] Installing bcp_core script to /home/robomaster/zxzzb/src/install/bubble_protocol/lib/bubble_protocol
[1.489s] writing list of installed files to '/home/robomaster/zxzzb/src/build/bubble_protocol/install.log'
[1.542s] Invoked command in '/home/robomaster/zxzzb/src/bubble_protocol' returned '0': PYTHONPATH=/home/robomaster/zxzzb/src/build/bubble_protocol/prefix_override:/usr/lib/python3/dist-packages/colcon_core/task/python/colcon_distutils_commands:/home/robomaster/zxzzb/src/install/bubble_protocol/lib/python3.8/site-packages:${PYTHONPATH} /usr/bin/python3 -W ignore:setup.py install is deprecated -W ignore:easy_install command is deprecated setup.py egg_info --egg-base ../build/bubble_protocol build --build-base /home/robomaster/zxzzb/src/build/bubble_protocol/build install --record /home/robomaster/zxzzb/src/build/bubble_protocol/install.log --single-version-externally-managed install_data
