-- The C compiler identification is GNU 9.4.0
-- The CXX compiler identification is GNU 9.4.0
-- Check for working C compiler: /usr/bin/cc
-- Check for working C compiler: /usr/bin/cc -- works
-- Detecting C compiler ABI info
-- Detecting C compiler ABI info - done
-- Detecting C compile features
-- Detecting C compile features - done
-- Check for working CXX compiler: /usr/bin/c++
-- Check for working CXX compiler: /usr/bin/c++ -- works
-- Detecting CXX compiler ABI info
-- Detecting CXX compiler ABI info - done
-- Detecting CXX compile features
-- Detecting CXX compile features - done
-- Found ament_cmake: 1.1.6 (/opt/ros/galactic/share/ament_cmake/cmake)
-- Found PythonInterp: /usr/bin/python3 (found suitable version "3.8.10", minimum required is "3") 
-- Using PYTHON_EXECUTABLE: /usr/bin/python3
-- Found rosidl_default_generators: 1.1.1 (/opt/ros/galactic/share/rosidl_default_generators/cmake)
-- Using all available rosidl_typesupport_c: rosidl_typesupport_fastrtps_c;rosidl_typesupport_introspection_c
-- Found rosidl_adapter: 2.2.3 (/opt/ros/galactic/share/rosidl_adapter/cmake)
-- Found OpenSSL: /usr/lib/x86_64-linux-gnu/libcrypto.so (found version "1.1.1f")  
-- Found FastRTPS: /opt/ros/galactic/include  
-- Using all available rosidl_typesupport_cpp: rosidl_typesupport_fastrtps_cpp;rosidl_typesupport_introspection_cpp
-- Found geometry_msgs: 2.2.4 (/opt/ros/galactic/share/geometry_msgs/cmake)
-- Found PythonInterp: /usr/bin/python3 (found version "3.8.10") 
-- Found ament_cmake_ros: 0.9.2 (/opt/ros/galactic/share/ament_cmake_ros/cmake)
-- Using all available rosidl_typesupport_c: rosidl_typesupport_fastrtps_c;rosidl_typesupport_introspection_c
-- Using all available rosidl_typesupport_cpp: rosidl_typesupport_fastrtps_cpp;rosidl_typesupport_introspection_cpp
-- Found PythonInterp: /usr/bin/python3 (found suitable version "3.8.10", minimum required is "3.5") 
-- Found python_cmake_module: 0.8.1 (/opt/ros/galactic/share/python_cmake_module/cmake)
-- Found PythonLibs: /usr/lib/x86_64-linux-gnu/libpython3.8.so (found suitable version "3.8.10", minimum required is "3.5") 
-- Using PYTHON_EXECUTABLE: /usr/bin/python3
-- Using PYTHON_INCLUDE_DIRS: /usr/include/python3.8
-- Using PYTHON_LIBRARIES: /usr/lib/x86_64-linux-gnu/libpython3.8.so
-- Found PythonExtra: .so  
-- Configuring done
-- Generating done
-- Build files have been written to: /home/robomaster/zxzzb/src/build/rm_interfaces
[35m[1mScanning dependencies of target rm_interfaces__cpp[0m
[  1%] [34m[1mGenerating C code for ROS interfaces[0m
[  1%] [34m[1mGenerating C++ code for ROS interfaces[0m
[  1%] Built target rm_interfaces__cpp
[  1%] [34m[1mGenerating C++ introspection for ROS interfaces[0m
[  2%] [34m[1mGenerating C++ type support for eProsima Fast-RTPS[0m
[  3%] [34m[1mGenerating C++ type support dispatch for ROS interfaces[0m
[35m[1mScanning dependencies of target rm_interfaces__rosidl_generator_c[0m
[  3%] [32mBuilding C object CMakeFiles/rm_interfaces__rosidl_generator_c.dir/rosidl_generator_c/rm_interfaces/msg/detail/rune_target__functions.c.o[0m
[  3%] [32mBuilding C object CMakeFiles/rm_interfaces__rosidl_generator_c.dir/rosidl_generator_c/rm_interfaces/msg/detail/armor__functions.c.o[0m
[  4%] [32mBuilding C object CMakeFiles/rm_interfaces__rosidl_generator_c.dir/rosidl_generator_c/rm_interfaces/msg/detail/target__functions.c.o[0m
[  5%] [32mBuilding C object CMakeFiles/rm_interfaces__rosidl_generator_c.dir/rosidl_generator_c/rm_interfaces/msg/detail/point2d__functions.c.o[0m
[  5%] [32mBuilding C object CMakeFiles/rm_interfaces__rosidl_generator_c.dir/rosidl_generator_c/rm_interfaces/msg/detail/gimbal_cmd__functions.c.o[0m
[  6%] [32mBuilding C object CMakeFiles/rm_interfaces__rosidl_generator_c.dir/rosidl_generator_c/rm_interfaces/msg/detail/armors__functions.c.o[0m
[  7%] [32mBuilding C object CMakeFiles/rm_interfaces__rosidl_generator_c.dir/rosidl_generator_c/rm_interfaces/msg/detail/chassis_cmd__functions.c.o[0m
[  8%] [32mBuilding C object CMakeFiles/rm_interfaces__rosidl_generator_c.dir/rosidl_generator_c/rm_interfaces/msg/detail/debug_lights__functions.c.o[0m
[  8%] [32mBuilding C object CMakeFiles/rm_interfaces__rosidl_generator_c.dir/rosidl_generator_c/rm_interfaces/msg/detail/debug_light__functions.c.o[0m
[  9%] [32mBuilding C object CMakeFiles/rm_interfaces__rosidl_generator_c.dir/rosidl_generator_c/rm_interfaces/msg/detail/debug_armor__functions.c.o[0m
[  9%] [32mBuilding C object CMakeFiles/rm_interfaces__rosidl_generator_c.dir/rosidl_generator_c/rm_interfaces/msg/detail/debug_rune_angle__functions.c.o[0m
[ 10%] [32mBuilding C object CMakeFiles/rm_interfaces__rosidl_generator_c.dir/rosidl_generator_c/rm_interfaces/msg/detail/debug_armors__functions.c.o[0m
[ 11%] [32mBuilding C object CMakeFiles/rm_interfaces__rosidl_generator_c.dir/rosidl_generator_c/rm_interfaces/msg/detail/measurement__functions.c.o[0m
[ 12%] [32mBuilding C object CMakeFiles/rm_interfaces__rosidl_generator_c.dir/rosidl_generator_c/rm_interfaces/msg/detail/judge_system_data__functions.c.o[0m
[ 12%] [32mBuilding C object CMakeFiles/rm_interfaces__rosidl_generator_c.dir/rosidl_generator_c/rm_interfaces/msg/detail/operator_command__functions.c.o[0m
[ 13%] [32mBuilding C object CMakeFiles/rm_interfaces__rosidl_generator_c.dir/rosidl_generator_c/rm_interfaces/msg/detail/serial_receive_data__functions.c.o[0m
[ 13%] [32mBuilding C object CMakeFiles/rm_interfaces__rosidl_generator_c.dir/rosidl_generator_c/rm_interfaces/srv/detail/set_mode__functions.c.o[0m
[ 14%] [32m[1mLinking C shared library librm_interfaces__rosidl_generator_c.so[0m
[ 14%] Built target rm_interfaces__rosidl_generator_c
[ 15%] [34m[1mGenerating C introspection for ROS interfaces[0m
[ 16%] [34m[1mGenerating C type support dispatch for ROS interfaces[0m
[35m[1mScanning dependencies of target rm_interfaces__rosidl_typesupport_cpp[0m
[ 16%] [32mBuilding CXX object CMakeFiles/rm_interfaces__rosidl_typesupport_cpp.dir/rosidl_typesupport_cpp/rm_interfaces/msg/armor__type_support.cpp.o[0m
[ 17%] [32mBuilding CXX object CMakeFiles/rm_interfaces__rosidl_typesupport_cpp.dir/rosidl_typesupport_cpp/rm_interfaces/msg/armors__type_support.cpp.o[0m
[ 17%] [32mBuilding CXX object CMakeFiles/rm_interfaces__rosidl_typesupport_cpp.dir/rosidl_typesupport_cpp/rm_interfaces/msg/rune_target__type_support.cpp.o[0m
[ 18%] [32mBuilding CXX object CMakeFiles/rm_interfaces__rosidl_typesupport_cpp.dir/rosidl_typesupport_cpp/rm_interfaces/msg/target__type_support.cpp.o[0m
[ 19%] [32mBuilding CXX object CMakeFiles/rm_interfaces__rosidl_typesupport_cpp.dir/rosidl_typesupport_cpp/rm_interfaces/msg/point2d__type_support.cpp.o[0m
[ 20%] [32mBuilding CXX object CMakeFiles/rm_interfaces__rosidl_typesupport_cpp.dir/rosidl_typesupport_cpp/rm_interfaces/msg/gimbal_cmd__type_support.cpp.o[0m
[ 20%] [32mBuilding CXX object CMakeFiles/rm_interfaces__rosidl_typesupport_cpp.dir/rosidl_typesupport_cpp/rm_interfaces/msg/chassis_cmd__type_support.cpp.o[0m
[ 21%] [32mBuilding CXX object CMakeFiles/rm_interfaces__rosidl_typesupport_cpp.dir/rosidl_typesupport_cpp/rm_interfaces/msg/debug_light__type_support.cpp.o[0m
[ 22%] [32mBuilding CXX object CMakeFiles/rm_interfaces__rosidl_typesupport_cpp.dir/rosidl_typesupport_cpp/rm_interfaces/msg/debug_lights__type_support.cpp.o[0m
[ 22%] [32mBuilding CXX object CMakeFiles/rm_interfaces__rosidl_typesupport_cpp.dir/rosidl_typesupport_cpp/rm_interfaces/msg/debug_armor__type_support.cpp.o[0m
[ 23%] [32mBuilding CXX object CMakeFiles/rm_interfaces__rosidl_typesupport_cpp.dir/rosidl_typesupport_cpp/rm_interfaces/msg/debug_armors__type_support.cpp.o[0m
[ 23%] [32mBuilding CXX object CMakeFiles/rm_interfaces__rosidl_typesupport_cpp.dir/rosidl_typesupport_cpp/rm_interfaces/msg/debug_rune_angle__type_support.cpp.o[0m
[ 24%] [32mBuilding CXX object CMakeFiles/rm_interfaces__rosidl_typesupport_cpp.dir/rosidl_typesupport_cpp/rm_interfaces/msg/measurement__type_support.cpp.o[0m
[ 25%] [32mBuilding CXX object CMakeFiles/rm_interfaces__rosidl_typesupport_cpp.dir/rosidl_typesupport_cpp/rm_interfaces/msg/judge_system_data__type_support.cpp.o[0m
[35m[1mScanning dependencies of target rm_interfaces__rosidl_typesupport_introspection_cpp[0m
[35m[1mScanning dependencies of target rm_interfaces__rosidl_typesupport_fastrtps_cpp[0m
[ 25%] [32mBuilding CXX object CMakeFiles/rm_interfaces__rosidl_typesupport_cpp.dir/rosidl_typesupport_cpp/rm_interfaces/msg/operator_command__type_support.cpp.o[0m
[ 26%] [32mBuilding CXX object CMakeFiles/rm_interfaces__rosidl_typesupport_cpp.dir/rosidl_typesupport_cpp/rm_interfaces/msg/serial_receive_data__type_support.cpp.o[0m
[ 27%] [32mBuilding CXX object CMakeFiles/rm_interfaces__rosidl_typesupport_introspection_cpp.dir/rosidl_typesupport_introspection_cpp/rm_interfaces/msg/detail/armor__type_support.cpp.o[0m
[ 28%] [32mBuilding CXX object CMakeFiles/rm_interfaces__rosidl_typesupport_cpp.dir/rosidl_typesupport_cpp/rm_interfaces/srv/set_mode__type_support.cpp.o[0m
[ 28%] [32mBuilding CXX object CMakeFiles/rm_interfaces__rosidl_typesupport_introspection_cpp.dir/rosidl_typesupport_introspection_cpp/rm_interfaces/msg/detail/armors__type_support.cpp.o[0m
[ 29%] [32mBuilding CXX object CMakeFiles/rm_interfaces__rosidl_typesupport_fastrtps_cpp.dir/rosidl_typesupport_fastrtps_cpp/rm_interfaces/msg/detail/dds_fastrtps/armor__type_support.cpp.o[0m
[ 30%] [32mBuilding CXX object CMakeFiles/rm_interfaces__rosidl_typesupport_introspection_cpp.dir/rosidl_typesupport_introspection_cpp/rm_interfaces/msg/detail/target__type_support.cpp.o[0m
[ 30%] [32mBuilding CXX object CMakeFiles/rm_interfaces__rosidl_typesupport_fastrtps_cpp.dir/rosidl_typesupport_fastrtps_cpp/rm_interfaces/msg/detail/dds_fastrtps/armors__type_support.cpp.o[0m
[ 31%] [32mBuilding CXX object CMakeFiles/rm_interfaces__rosidl_typesupport_introspection_cpp.dir/rosidl_typesupport_introspection_cpp/rm_interfaces/msg/detail/rune_target__type_support.cpp.o[0m
[ 32%] [32mBuilding CXX object CMakeFiles/rm_interfaces__rosidl_typesupport_fastrtps_cpp.dir/rosidl_typesupport_fastrtps_cpp/rm_interfaces/msg/detail/dds_fastrtps/target__type_support.cpp.o[0m
[ 32%] [32mBuilding CXX object CMakeFiles/rm_interfaces__rosidl_typesupport_introspection_cpp.dir/rosidl_typesupport_introspection_cpp/rm_interfaces/msg/detail/point2d__type_support.cpp.o[0m
[ 33%] [32mBuilding CXX object CMakeFiles/rm_interfaces__rosidl_typesupport_fastrtps_cpp.dir/rosidl_typesupport_fastrtps_cpp/rm_interfaces/msg/detail/dds_fastrtps/rune_target__type_support.cpp.o[0m
[ 34%] [32mBuilding CXX object CMakeFiles/rm_interfaces__rosidl_typesupport_introspection_cpp.dir/rosidl_typesupport_introspection_cpp/rm_interfaces/msg/detail/gimbal_cmd__type_support.cpp.o[0m
[ 34%] [32mBuilding CXX object CMakeFiles/rm_interfaces__rosidl_typesupport_fastrtps_cpp.dir/rosidl_typesupport_fastrtps_cpp/rm_interfaces/msg/detail/dds_fastrtps/point2d__type_support.cpp.o[0m
[35m[1mScanning dependencies of target rm_interfaces__rosidl_typesupport_c[0m
[ 35%] [32mBuilding CXX object CMakeFiles/rm_interfaces__rosidl_typesupport_introspection_cpp.dir/rosidl_typesupport_introspection_cpp/rm_interfaces/msg/detail/chassis_cmd__type_support.cpp.o[0m
[ 35%] [32mBuilding CXX object CMakeFiles/rm_interfaces__rosidl_typesupport_c.dir/rosidl_typesupport_c/rm_interfaces/msg/armor__type_support.cpp.o[0m
[ 36%] [32mBuilding CXX object CMakeFiles/rm_interfaces__rosidl_typesupport_fastrtps_cpp.dir/rosidl_typesupport_fastrtps_cpp/rm_interfaces/msg/detail/dds_fastrtps/gimbal_cmd__type_support.cpp.o[0m
[ 36%] [32mBuilding CXX object CMakeFiles/rm_interfaces__rosidl_typesupport_introspection_cpp.dir/rosidl_typesupport_introspection_cpp/rm_interfaces/msg/detail/debug_light__type_support.cpp.o[0m
[ 36%] [32mBuilding CXX object CMakeFiles/rm_interfaces__rosidl_typesupport_fastrtps_cpp.dir/rosidl_typesupport_fastrtps_cpp/rm_interfaces/msg/detail/dds_fastrtps/chassis_cmd__type_support.cpp.o[0m
[ 37%] [32mBuilding CXX object CMakeFiles/rm_interfaces__rosidl_typesupport_c.dir/rosidl_typesupport_c/rm_interfaces/msg/armors__type_support.cpp.o[0m
[ 38%] [32mBuilding CXX object CMakeFiles/rm_interfaces__rosidl_typesupport_introspection_cpp.dir/rosidl_typesupport_introspection_cpp/rm_interfaces/msg/detail/debug_lights__type_support.cpp.o[0m
[ 39%] [32mBuilding CXX object CMakeFiles/rm_interfaces__rosidl_typesupport_fastrtps_cpp.dir/rosidl_typesupport_fastrtps_cpp/rm_interfaces/msg/detail/dds_fastrtps/debug_light__type_support.cpp.o[0m
[ 40%] [32mBuilding CXX object CMakeFiles/rm_interfaces__rosidl_typesupport_c.dir/rosidl_typesupport_c/rm_interfaces/msg/target__type_support.cpp.o[0m
[ 40%] [32mBuilding CXX object CMakeFiles/rm_interfaces__rosidl_typesupport_introspection_cpp.dir/rosidl_typesupport_introspection_cpp/rm_interfaces/msg/detail/debug_armor__type_support.cpp.o[0m
[ 41%] [32mBuilding CXX object CMakeFiles/rm_interfaces__rosidl_typesupport_introspection_cpp.dir/rosidl_typesupport_introspection_cpp/rm_interfaces/msg/detail/debug_armors__type_support.cpp.o[0m
[ 41%] [32mBuilding CXX object CMakeFiles/rm_interfaces__rosidl_typesupport_c.dir/rosidl_typesupport_c/rm_interfaces/msg/rune_target__type_support.cpp.o[0m
[ 42%] [32mBuilding CXX object CMakeFiles/rm_interfaces__rosidl_typesupport_fastrtps_cpp.dir/rosidl_typesupport_fastrtps_cpp/rm_interfaces/msg/detail/dds_fastrtps/debug_lights__type_support.cpp.o[0m
[ 43%] [32mBuilding CXX object CMakeFiles/rm_interfaces__rosidl_typesupport_c.dir/rosidl_typesupport_c/rm_interfaces/msg/point2d__type_support.cpp.o[0m
[ 43%] [32m[1mLinking CXX shared library librm_interfaces__rosidl_typesupport_cpp.so[0m
[ 43%] [32mBuilding CXX object CMakeFiles/rm_interfaces__rosidl_typesupport_c.dir/rosidl_typesupport_c/rm_interfaces/msg/gimbal_cmd__type_support.cpp.o[0m
[ 44%] [32mBuilding CXX object CMakeFiles/rm_interfaces__rosidl_typesupport_c.dir/rosidl_typesupport_c/rm_interfaces/msg/chassis_cmd__type_support.cpp.o[0m
[35m[1mScanning dependencies of target rm_interfaces__rosidl_typesupport_introspection_c[0m
[ 45%] [32mBuilding CXX object CMakeFiles/rm_interfaces__rosidl_typesupport_introspection_cpp.dir/rosidl_typesupport_introspection_cpp/rm_interfaces/msg/detail/debug_rune_angle__type_support.cpp.o[0m
[ 46%] [32mBuilding CXX object CMakeFiles/rm_interfaces__rosidl_typesupport_c.dir/rosidl_typesupport_c/rm_interfaces/msg/debug_light__type_support.cpp.o[0m
[ 46%] [32mBuilding CXX object CMakeFiles/rm_interfaces__rosidl_typesupport_introspection_cpp.dir/rosidl_typesupport_introspection_cpp/rm_interfaces/msg/detail/measurement__type_support.cpp.o[0m
[ 46%] Built target rm_interfaces__rosidl_typesupport_cpp
[ 46%] [32mBuilding CXX object CMakeFiles/rm_interfaces__rosidl_typesupport_fastrtps_cpp.dir/rosidl_typesupport_fastrtps_cpp/rm_interfaces/msg/detail/dds_fastrtps/debug_armor__type_support.cpp.o[0m
[ 47%] [32mBuilding C object CMakeFiles/rm_interfaces__rosidl_typesupport_introspection_c.dir/rosidl_typesupport_introspection_c/rm_interfaces/msg/detail/armor__type_support.c.o[0m
[ 48%] [32mBuilding CXX object CMakeFiles/rm_interfaces__rosidl_typesupport_introspection_cpp.dir/rosidl_typesupport_introspection_cpp/rm_interfaces/msg/detail/judge_system_data__type_support.cpp.o[0m
[ 48%] [32mBuilding CXX object CMakeFiles/rm_interfaces__rosidl_typesupport_c.dir/rosidl_typesupport_c/rm_interfaces/msg/debug_lights__type_support.cpp.o[0m
[ 49%] [32mBuilding CXX object CMakeFiles/rm_interfaces__rosidl_typesupport_introspection_cpp.dir/rosidl_typesupport_introspection_cpp/rm_interfaces/msg/detail/operator_command__type_support.cpp.o[0m
[ 50%] [32mBuilding CXX object CMakeFiles/rm_interfaces__rosidl_typesupport_c.dir/rosidl_typesupport_c/rm_interfaces/msg/debug_armor__type_support.cpp.o[0m
[ 50%] [32mBuilding C object CMakeFiles/rm_interfaces__rosidl_typesupport_introspection_c.dir/rosidl_typesupport_introspection_c/rm_interfaces/msg/detail/armors__type_support.c.o[0m
[ 50%] [32mBuilding CXX object CMakeFiles/rm_interfaces__rosidl_typesupport_introspection_cpp.dir/rosidl_typesupport_introspection_cpp/rm_interfaces/msg/detail/serial_receive_data__type_support.cpp.o[0m
[ 51%] [32mBuilding C object CMakeFiles/rm_interfaces__rosidl_typesupport_introspection_c.dir/rosidl_typesupport_introspection_c/rm_interfaces/msg/detail/target__type_support.c.o[0m
[ 52%] [32mBuilding CXX object CMakeFiles/rm_interfaces__rosidl_typesupport_introspection_cpp.dir/rosidl_typesupport_introspection_cpp/rm_interfaces/srv/detail/set_mode__type_support.cpp.o[0m
[ 53%] [32mBuilding CXX object CMakeFiles/rm_interfaces__rosidl_typesupport_c.dir/rosidl_typesupport_c/rm_interfaces/msg/debug_armors__type_support.cpp.o[0m
[ 53%] [32mBuilding C object CMakeFiles/rm_interfaces__rosidl_typesupport_introspection_c.dir/rosidl_typesupport_introspection_c/rm_interfaces/msg/detail/rune_target__type_support.c.o[0m
[ 54%] [32mBuilding C object CMakeFiles/rm_interfaces__rosidl_typesupport_introspection_c.dir/rosidl_typesupport_introspection_c/rm_interfaces/msg/detail/point2d__type_support.c.o[0m
[ 54%] [32mBuilding CXX object CMakeFiles/rm_interfaces__rosidl_typesupport_c.dir/rosidl_typesupport_c/rm_interfaces/msg/debug_rune_angle__type_support.cpp.o[0m
[ 55%] [32mBuilding C object CMakeFiles/rm_interfaces__rosidl_typesupport_introspection_c.dir/rosidl_typesupport_introspection_c/rm_interfaces/msg/detail/gimbal_cmd__type_support.c.o[0m
[ 55%] [32mBuilding C object CMakeFiles/rm_interfaces__rosidl_typesupport_introspection_c.dir/rosidl_typesupport_introspection_c/rm_interfaces/msg/detail/chassis_cmd__type_support.c.o[0m
[ 56%] [32mBuilding C object CMakeFiles/rm_interfaces__rosidl_typesupport_introspection_c.dir/rosidl_typesupport_introspection_c/rm_interfaces/msg/detail/debug_light__type_support.c.o[0m
[ 57%] [32mBuilding C object CMakeFiles/rm_interfaces__rosidl_typesupport_introspection_c.dir/rosidl_typesupport_introspection_c/rm_interfaces/msg/detail/debug_lights__type_support.c.o[0m
[ 58%] [32mBuilding CXX object CMakeFiles/rm_interfaces__rosidl_typesupport_c.dir/rosidl_typesupport_c/rm_interfaces/msg/measurement__type_support.cpp.o[0m
[ 58%] [32mBuilding C object CMakeFiles/rm_interfaces__rosidl_typesupport_introspection_c.dir/rosidl_typesupport_introspection_c/rm_interfaces/msg/detail/debug_armor__type_support.c.o[0m
[ 59%] [32mBuilding CXX object CMakeFiles/rm_interfaces__rosidl_typesupport_fastrtps_cpp.dir/rosidl_typesupport_fastrtps_cpp/rm_interfaces/msg/detail/dds_fastrtps/debug_armors__type_support.cpp.o[0m
[ 60%] [32mBuilding CXX object CMakeFiles/rm_interfaces__rosidl_typesupport_fastrtps_cpp.dir/rosidl_typesupport_fastrtps_cpp/rm_interfaces/msg/detail/dds_fastrtps/debug_rune_angle__type_support.cpp.o[0m
[ 61%] [32mBuilding C object CMakeFiles/rm_interfaces__rosidl_typesupport_introspection_c.dir/rosidl_typesupport_introspection_c/rm_interfaces/msg/detail/debug_armors__type_support.c.o[0m
[ 62%] [32mBuilding C object CMakeFiles/rm_interfaces__rosidl_typesupport_introspection_c.dir/rosidl_typesupport_introspection_c/rm_interfaces/msg/detail/debug_rune_angle__type_support.c.o[0m
[ 62%] [32mBuilding CXX object CMakeFiles/rm_interfaces__rosidl_typesupport_c.dir/rosidl_typesupport_c/rm_interfaces/msg/judge_system_data__type_support.cpp.o[0m
[ 63%] [32mBuilding CXX object CMakeFiles/rm_interfaces__rosidl_typesupport_c.dir/rosidl_typesupport_c/rm_interfaces/msg/operator_command__type_support.cpp.o[0m
[ 63%] [32mBuilding CXX object CMakeFiles/rm_interfaces__rosidl_typesupport_fastrtps_cpp.dir/rosidl_typesupport_fastrtps_cpp/rm_interfaces/msg/detail/dds_fastrtps/measurement__type_support.cpp.o[0m
[ 63%] [32mBuilding C object CMakeFiles/rm_interfaces__rosidl_typesupport_introspection_c.dir/rosidl_typesupport_introspection_c/rm_interfaces/msg/detail/measurement__type_support.c.o[0m
[ 64%] [32mBuilding C object CMakeFiles/rm_interfaces__rosidl_typesupport_introspection_c.dir/rosidl_typesupport_introspection_c/rm_interfaces/msg/detail/serial_receive_data__type_support.c.o[0m
[ 64%] [32mBuilding C object CMakeFiles/rm_interfaces__rosidl_typesupport_introspection_c.dir/rosidl_typesupport_introspection_c/rm_interfaces/msg/detail/operator_command__type_support.c.o[0m
[ 65%] [32mBuilding C object CMakeFiles/rm_interfaces__rosidl_typesupport_introspection_c.dir/rosidl_typesupport_introspection_c/rm_interfaces/msg/detail/judge_system_data__type_support.c.o[0m
[ 66%] [32mBuilding CXX object CMakeFiles/rm_interfaces__rosidl_typesupport_fastrtps_cpp.dir/rosidl_typesupport_fastrtps_cpp/rm_interfaces/msg/detail/dds_fastrtps/judge_system_data__type_support.cpp.o[0m
[ 67%] [32mBuilding CXX object CMakeFiles/rm_interfaces__rosidl_typesupport_c.dir/rosidl_typesupport_c/rm_interfaces/msg/serial_receive_data__type_support.cpp.o[0m
[ 67%] [32mBuilding CXX object CMakeFiles/rm_interfaces__rosidl_typesupport_fastrtps_cpp.dir/rosidl_typesupport_fastrtps_cpp/rm_interfaces/msg/detail/dds_fastrtps/operator_command__type_support.cpp.o[0m
[ 68%] [32mBuilding CXX object CMakeFiles/rm_interfaces__rosidl_typesupport_fastrtps_cpp.dir/rosidl_typesupport_fastrtps_cpp/rm_interfaces/msg/detail/dds_fastrtps/serial_receive_data__type_support.cpp.o[0m
[ 69%] [32mBuilding C object CMakeFiles/rm_interfaces__rosidl_typesupport_introspection_c.dir/rosidl_typesupport_introspection_c/rm_interfaces/srv/detail/set_mode__type_support.c.o[0m
[ 69%] [32mBuilding CXX object CMakeFiles/rm_interfaces__rosidl_typesupport_c.dir/rosidl_typesupport_c/rm_interfaces/srv/set_mode__type_support.cpp.o[0m
[ 70%] [32mBuilding CXX object CMakeFiles/rm_interfaces__rosidl_typesupport_fastrtps_cpp.dir/rosidl_typesupport_fastrtps_cpp/rm_interfaces/srv/detail/dds_fastrtps/set_mode__type_support.cpp.o[0m
[ 70%] [32m[1mLinking C shared library librm_interfaces__rosidl_typesupport_introspection_c.so[0m
[ 71%] [32m[1mLinking CXX shared library librm_interfaces__rosidl_typesupport_c.so[0m
[ 71%] Built target rm_interfaces__rosidl_typesupport_introspection_c
[ 72%] [32m[1mLinking CXX shared library librm_interfaces__rosidl_typesupport_introspection_cpp.so[0m
[ 72%] Built target rm_interfaces__rosidl_typesupport_c
[ 72%] Built target rm_interfaces__rosidl_typesupport_introspection_cpp
[ 72%] [32m[1mLinking CXX shared library librm_interfaces__rosidl_typesupport_fastrtps_cpp.so[0m
[ 72%] Built target rm_interfaces__rosidl_typesupport_fastrtps_cpp
[ 73%] [34m[1mGenerating C type support for eProsima Fast-RTPS[0m
[35m[1mScanning dependencies of target rm_interfaces__rosidl_typesupport_fastrtps_c[0m
[ 74%] [32mBuilding CXX object CMakeFiles/rm_interfaces__rosidl_typesupport_fastrtps_c.dir/rosidl_typesupport_fastrtps_c/rm_interfaces/msg/detail/armor__type_support_c.cpp.o[0m
[ 74%] [32mBuilding CXX object CMakeFiles/rm_interfaces__rosidl_typesupport_fastrtps_c.dir/rosidl_typesupport_fastrtps_c/rm_interfaces/msg/detail/armors__type_support_c.cpp.o[0m
[ 76%] [32mBuilding CXX object CMakeFiles/rm_interfaces__rosidl_typesupport_fastrtps_c.dir/rosidl_typesupport_fastrtps_c/rm_interfaces/msg/detail/target__type_support_c.cpp.o[0m
[ 76%] [32mBuilding CXX object CMakeFiles/rm_interfaces__rosidl_typesupport_fastrtps_c.dir/rosidl_typesupport_fastrtps_c/rm_interfaces/msg/detail/gimbal_cmd__type_support_c.cpp.o[0m
[ 77%] [32mBuilding CXX object CMakeFiles/rm_interfaces__rosidl_typesupport_fastrtps_c.dir/rosidl_typesupport_fastrtps_c/rm_interfaces/msg/detail/point2d__type_support_c.cpp.o[0m
[ 77%] [32mBuilding CXX object CMakeFiles/rm_interfaces__rosidl_typesupport_fastrtps_c.dir/rosidl_typesupport_fastrtps_c/rm_interfaces/msg/detail/rune_target__type_support_c.cpp.o[0m
[ 80%] [32mBuilding CXX object CMakeFiles/rm_interfaces__rosidl_typesupport_fastrtps_c.dir/rosidl_typesupport_fastrtps_c/rm_interfaces/msg/detail/operator_command__type_support_c.cpp.o[0m
[ 80%] [32mBuilding CXX object CMakeFiles/rm_interfaces__rosidl_typesupport_fastrtps_c.dir/rosidl_typesupport_fastrtps_c/rm_interfaces/msg/detail/measurement__type_support_c.cpp.o[0m
[ 80%] [32mBuilding CXX object CMakeFiles/rm_interfaces__rosidl_typesupport_fastrtps_c.dir/rosidl_typesupport_fastrtps_c/rm_interfaces/msg/detail/serial_receive_data__type_support_c.cpp.o[0m
[ 80%] [32mBuilding CXX object CMakeFiles/rm_interfaces__rosidl_typesupport_fastrtps_c.dir/rosidl_typesupport_fastrtps_c/rm_interfaces/msg/detail/judge_system_data__type_support_c.cpp.o[0m
[ 81%] [32mBuilding CXX object CMakeFiles/rm_interfaces__rosidl_typesupport_fastrtps_c.dir/rosidl_typesupport_fastrtps_c/rm_interfaces/srv/detail/set_mode__type_support_c.cpp.o[0m
[ 81%] [32mBuilding CXX object CMakeFiles/rm_interfaces__rosidl_typesupport_fastrtps_c.dir/rosidl_typesupport_fastrtps_c/rm_interfaces/msg/detail/debug_rune_angle__type_support_c.cpp.o[0m
[ 82%] [32mBuilding CXX object CMakeFiles/rm_interfaces__rosidl_typesupport_fastrtps_c.dir/rosidl_typesupport_fastrtps_c/rm_interfaces/msg/detail/debug_armors__type_support_c.cpp.o[0m
[ 83%] [32mBuilding CXX object CMakeFiles/rm_interfaces__rosidl_typesupport_fastrtps_c.dir/rosidl_typesupport_fastrtps_c/rm_interfaces/msg/detail/debug_armor__type_support_c.cpp.o[0m
[ 83%] [32mBuilding CXX object CMakeFiles/rm_interfaces__rosidl_typesupport_fastrtps_c.dir/rosidl_typesupport_fastrtps_c/rm_interfaces/msg/detail/debug_lights__type_support_c.cpp.o[0m
[ 84%] [32mBuilding CXX object CMakeFiles/rm_interfaces__rosidl_typesupport_fastrtps_c.dir/rosidl_typesupport_fastrtps_c/rm_interfaces/msg/detail/debug_light__type_support_c.cpp.o[0m
[ 84%] [32mBuilding CXX object CMakeFiles/rm_interfaces__rosidl_typesupport_fastrtps_c.dir/rosidl_typesupport_fastrtps_c/rm_interfaces/msg/detail/chassis_cmd__type_support_c.cpp.o[0m
[ 84%] [32m[1mLinking CXX shared library librm_interfaces__rosidl_typesupport_fastrtps_c.so[0m
[ 84%] Built target rm_interfaces__rosidl_typesupport_fastrtps_c
[35m[1mScanning dependencies of target rm_interfaces[0m
[ 84%] Built target rm_interfaces
[35m[1mScanning dependencies of target rm_interfaces__py[0m
[ 85%] [34m[1mGenerating Python code for ROS interfaces[0m
[ 85%] Built target rm_interfaces__py
[35m[1mScanning dependencies of target rm_interfaces__python[0m
[ 89%] [32mBuilding C object CMakeFiles/rm_interfaces__python.dir/rosidl_generator_py/rm_interfaces/msg/_armor_s.c.o[0m
[ 89%] [32mBuilding C object CMakeFiles/rm_interfaces__python.dir/rosidl_generator_py/rm_interfaces/msg/_armors_s.c.o[0m
[ 89%] [32mBuilding C object CMakeFiles/rm_interfaces__python.dir/rosidl_generator_py/rm_interfaces/msg/_gimbal_cmd_s.c.o[0m
[ 89%] [32mBuilding C object CMakeFiles/rm_interfaces__python.dir/rosidl_generator_py/rm_interfaces/msg/_target_s.c.o[0m
[ 89%] [32mBuilding C object CMakeFiles/rm_interfaces__python.dir/rosidl_generator_py/rm_interfaces/msg/_point2d_s.c.o[0m
[ 89%] [32mBuilding C object CMakeFiles/rm_interfaces__python.dir/rosidl_generator_py/rm_interfaces/msg/_rune_target_s.c.o[0m
[ 90%] [32mBuilding C object CMakeFiles/rm_interfaces__python.dir/rosidl_generator_py/rm_interfaces/msg/_operator_command_s.c.o[0m
[ 90%] [32mBuilding C object CMakeFiles/rm_interfaces__python.dir/rosidl_generator_py/rm_interfaces/srv/_set_mode_s.c.o[0m
[ 90%] [32mBuilding C object CMakeFiles/rm_interfaces__python.dir/rosidl_generator_py/rm_interfaces/msg/_serial_receive_data_s.c.o[0m
[ 91%] [32mBuilding C object CMakeFiles/rm_interfaces__python.dir/rosidl_generator_py/rm_interfaces/msg/_judge_system_data_s.c.o[0m
[ 92%] [32mBuilding C object CMakeFiles/rm_interfaces__python.dir/rosidl_generator_py/rm_interfaces/msg/_measurement_s.c.o[0m
[ 92%] [32mBuilding C object CMakeFiles/rm_interfaces__python.dir/rosidl_generator_py/rm_interfaces/msg/_debug_rune_angle_s.c.o[0m
[ 93%] [32mBuilding C object CMakeFiles/rm_interfaces__python.dir/rosidl_generator_py/rm_interfaces/msg/_debug_armors_s.c.o[0m
[ 94%] [32mBuilding C object CMakeFiles/rm_interfaces__python.dir/rosidl_generator_py/rm_interfaces/msg/_debug_armor_s.c.o[0m
[ 94%] [32mBuilding C object CMakeFiles/rm_interfaces__python.dir/rosidl_generator_py/rm_interfaces/msg/_debug_lights_s.c.o[0m
[ 95%] [32mBuilding C object CMakeFiles/rm_interfaces__python.dir/rosidl_generator_py/rm_interfaces/msg/_debug_light_s.c.o[0m
[ 95%] [32mBuilding C object CMakeFiles/rm_interfaces__python.dir/rosidl_generator_py/rm_interfaces/msg/_chassis_cmd_s.c.o[0m
[ 96%] [32m[1mLinking C shared library rosidl_generator_py/rm_interfaces/librm_interfaces__python.so[0m
[ 96%] Built target rm_interfaces__python
[35m[1mScanning dependencies of target rm_interfaces__rosidl_typesupport_fastrtps_c__pyext[0m
[35m[1mScanning dependencies of target rm_interfaces__rosidl_typesupport_introspection_c__pyext[0m
[35m[1mScanning dependencies of target rm_interfaces__rosidl_typesupport_c__pyext[0m
[ 97%] [32mBuilding C object CMakeFiles/rm_interfaces__rosidl_typesupport_introspection_c__pyext.dir/rosidl_generator_py/rm_interfaces/_rm_interfaces_s.ep.rosidl_typesupport_introspection_c.c.o[0m
[ 99%] [32mBuilding C object CMakeFiles/rm_interfaces__rosidl_typesupport_fastrtps_c__pyext.dir/rosidl_generator_py/rm_interfaces/_rm_interfaces_s.ep.rosidl_typesupport_fastrtps_c.c.o[0m
[ 99%] [32mBuilding C object CMakeFiles/rm_interfaces__rosidl_typesupport_c__pyext.dir/rosidl_generator_py/rm_interfaces/_rm_interfaces_s.ep.rosidl_typesupport_c.c.o[0m
[ 99%] [32m[1mLinking C shared library rosidl_generator_py/rm_interfaces/rm_interfaces_s__rosidl_typesupport_c.cpython-38-x86_64-linux-gnu.so[0m
[100%] [32m[1mLinking C shared library rosidl_generator_py/rm_interfaces/rm_interfaces_s__rosidl_typesupport_introspection_c.cpython-38-x86_64-linux-gnu.so[0m
[100%] [32m[1mLinking CXX shared library rosidl_generator_py/rm_interfaces/rm_interfaces_s__rosidl_typesupport_fastrtps_c.cpython-38-x86_64-linux-gnu.so[0m
[100%] Built target rm_interfaces__rosidl_typesupport_c__pyext
[100%] Built target rm_interfaces__rosidl_typesupport_introspection_c__pyext
[100%] Built target rm_interfaces__rosidl_typesupport_fastrtps_c__pyext
-- Install configuration: ""
-- Installing: /home/robomaster/zxzzb/src/install/rm_interfaces/share/ament_index/resource_index/rosidl_interfaces/rm_interfaces
-- Installing: /home/robomaster/zxzzb/src/install/rm_interfaces/include/rm_interfaces
-- Installing: /home/robomaster/zxzzb/src/install/rm_interfaces/include/rm_interfaces/msg
-- Installing: /home/robomaster/zxzzb/src/install/rm_interfaces/include/rm_interfaces/msg/serial_receive_data.h
-- Installing: /home/robomaster/zxzzb/src/install/rm_interfaces/include/rm_interfaces/msg/armors.h
-- Installing: /home/robomaster/zxzzb/src/install/rm_interfaces/include/rm_interfaces/msg/measurement.h
-- Installing: /home/robomaster/zxzzb/src/install/rm_interfaces/include/rm_interfaces/msg/chassis_cmd.h
-- Installing: /home/robomaster/zxzzb/src/install/rm_interfaces/include/rm_interfaces/msg/point2d.h
-- Installing: /home/robomaster/zxzzb/src/install/rm_interfaces/include/rm_interfaces/msg/target.h
-- Installing: /home/robomaster/zxzzb/src/install/rm_interfaces/include/rm_interfaces/msg/debug_rune_angle.h
-- Installing: /home/robomaster/zxzzb/src/install/rm_interfaces/include/rm_interfaces/msg/debug_lights.h
-- Installing: /home/robomaster/zxzzb/src/install/rm_interfaces/include/rm_interfaces/msg/detail
-- Installing: /home/robomaster/zxzzb/src/install/rm_interfaces/include/rm_interfaces/msg/detail/armor__type_support.h
-- Installing: /home/robomaster/zxzzb/src/install/rm_interfaces/include/rm_interfaces/msg/detail/operator_command__functions.c
-- Installing: /home/robomaster/zxzzb/src/install/rm_interfaces/include/rm_interfaces/msg/detail/debug_armors__type_support.h
-- Installing: /home/robomaster/zxzzb/src/install/rm_interfaces/include/rm_interfaces/msg/detail/armors__type_support.h
-- Installing: /home/robomaster/zxzzb/src/install/rm_interfaces/include/rm_interfaces/msg/detail/gimbal_cmd__struct.h
-- Installing: /home/robomaster/zxzzb/src/install/rm_interfaces/include/rm_interfaces/msg/detail/debug_armor__type_support.h
-- Installing: /home/robomaster/zxzzb/src/install/rm_interfaces/include/rm_interfaces/msg/detail/target__functions.c
-- Installing: /home/robomaster/zxzzb/src/install/rm_interfaces/include/rm_interfaces/msg/detail/serial_receive_data__type_support.h
-- Installing: /home/robomaster/zxzzb/src/install/rm_interfaces/include/rm_interfaces/msg/detail/point2d__struct.h
-- Installing: /home/robomaster/zxzzb/src/install/rm_interfaces/include/rm_interfaces/msg/detail/armor__functions.h
-- Installing: /home/robomaster/zxzzb/src/install/rm_interfaces/include/rm_interfaces/msg/detail/debug_light__functions.c
-- Installing: /home/robomaster/zxzzb/src/install/rm_interfaces/include/rm_interfaces/msg/detail/rune_target__struct.h
-- Installing: /home/robomaster/zxzzb/src/install/rm_interfaces/include/rm_interfaces/msg/detail/armors__functions.h
-- Installing: /home/robomaster/zxzzb/src/install/rm_interfaces/include/rm_interfaces/msg/detail/debug_armor__struct.h
-- Installing: /home/robomaster/zxzzb/src/install/rm_interfaces/include/rm_interfaces/msg/detail/debug_lights__type_support.h
-- Installing: /home/robomaster/zxzzb/src/install/rm_interfaces/include/rm_interfaces/msg/detail/debug_rune_angle__struct.h
-- Installing: /home/robomaster/zxzzb/src/install/rm_interfaces/include/rm_interfaces/msg/detail/debug_rune_angle__type_support.h
-- Installing: /home/robomaster/zxzzb/src/install/rm_interfaces/include/rm_interfaces/msg/detail/operator_command__struct.h
-- Installing: /home/robomaster/zxzzb/src/install/rm_interfaces/include/rm_interfaces/msg/detail/debug_armor__functions.h
-- Installing: /home/robomaster/zxzzb/src/install/rm_interfaces/include/rm_interfaces/msg/detail/debug_light__struct.h
-- Installing: /home/robomaster/zxzzb/src/install/rm_interfaces/include/rm_interfaces/msg/detail/rune_target__functions.c
-- Installing: /home/robomaster/zxzzb/src/install/rm_interfaces/include/rm_interfaces/msg/detail/debug_lights__functions.h
-- Installing: /home/robomaster/zxzzb/src/install/rm_interfaces/include/rm_interfaces/msg/detail/target__functions.h
-- Installing: /home/robomaster/zxzzb/src/install/rm_interfaces/include/rm_interfaces/msg/detail/rune_target__functions.h
-- Installing: /home/robomaster/zxzzb/src/install/rm_interfaces/include/rm_interfaces/msg/detail/measurement__functions.c
-- Installing: /home/robomaster/zxzzb/src/install/rm_interfaces/include/rm_interfaces/msg/detail/debug_light__type_support.h
-- Installing: /home/robomaster/zxzzb/src/install/rm_interfaces/include/rm_interfaces/msg/detail/armors__functions.c
-- Installing: /home/robomaster/zxzzb/src/install/rm_interfaces/include/rm_interfaces/msg/detail/measurement__type_support.h
-- Installing: /home/robomaster/zxzzb/src/install/rm_interfaces/include/rm_interfaces/msg/detail/chassis_cmd__functions.c
-- Installing: /home/robomaster/zxzzb/src/install/rm_interfaces/include/rm_interfaces/msg/detail/armors__struct.h
-- Installing: /home/robomaster/zxzzb/src/install/rm_interfaces/include/rm_interfaces/msg/detail/measurement__functions.h
-- Installing: /home/robomaster/zxzzb/src/install/rm_interfaces/include/rm_interfaces/msg/detail/judge_system_data__functions.h
-- Installing: /home/robomaster/zxzzb/src/install/rm_interfaces/include/rm_interfaces/msg/detail/serial_receive_data__struct.h
-- Installing: /home/robomaster/zxzzb/src/install/rm_interfaces/include/rm_interfaces/msg/detail/judge_system_data__type_support.h
-- Installing: /home/robomaster/zxzzb/src/install/rm_interfaces/include/rm_interfaces/msg/detail/target__type_support.h
-- Installing: /home/robomaster/zxzzb/src/install/rm_interfaces/include/rm_interfaces/msg/detail/armor__functions.c
-- Installing: /home/robomaster/zxzzb/src/install/rm_interfaces/include/rm_interfaces/msg/detail/armor__struct.h
-- Installing: /home/robomaster/zxzzb/src/install/rm_interfaces/include/rm_interfaces/msg/detail/gimbal_cmd__functions.h
-- Installing: /home/robomaster/zxzzb/src/install/rm_interfaces/include/rm_interfaces/msg/detail/operator_command__functions.h
-- Installing: /home/robomaster/zxzzb/src/install/rm_interfaces/include/rm_interfaces/msg/detail/judge_system_data__struct.h
-- Installing: /home/robomaster/zxzzb/src/install/rm_interfaces/include/rm_interfaces/msg/detail/gimbal_cmd__functions.c
-- Installing: /home/robomaster/zxzzb/src/install/rm_interfaces/include/rm_interfaces/msg/detail/judge_system_data__functions.c
-- Installing: /home/robomaster/zxzzb/src/install/rm_interfaces/include/rm_interfaces/msg/detail/debug_lights__functions.c
-- Installing: /home/robomaster/zxzzb/src/install/rm_interfaces/include/rm_interfaces/msg/detail/debug_armors__struct.h
-- Installing: /home/robomaster/zxzzb/src/install/rm_interfaces/include/rm_interfaces/msg/detail/debug_light__functions.h
-- Installing: /home/robomaster/zxzzb/src/install/rm_interfaces/include/rm_interfaces/msg/detail/point2d__functions.h
-- Installing: /home/robomaster/zxzzb/src/install/rm_interfaces/include/rm_interfaces/msg/detail/debug_armors__functions.h
-- Installing: /home/robomaster/zxzzb/src/install/rm_interfaces/include/rm_interfaces/msg/detail/debug_rune_angle__functions.h
-- Installing: /home/robomaster/zxzzb/src/install/rm_interfaces/include/rm_interfaces/msg/detail/gimbal_cmd__type_support.h
-- Installing: /home/robomaster/zxzzb/src/install/rm_interfaces/include/rm_interfaces/msg/detail/measurement__struct.h
-- Installing: /home/robomaster/zxzzb/src/install/rm_interfaces/include/rm_interfaces/msg/detail/serial_receive_data__functions.c
-- Installing: /home/robomaster/zxzzb/src/install/rm_interfaces/include/rm_interfaces/msg/detail/operator_command__type_support.h
-- Installing: /home/robomaster/zxzzb/src/install/rm_interfaces/include/rm_interfaces/msg/detail/point2d__type_support.h
-- Installing: /home/robomaster/zxzzb/src/install/rm_interfaces/include/rm_interfaces/msg/detail/target__struct.h
-- Installing: /home/robomaster/zxzzb/src/install/rm_interfaces/include/rm_interfaces/msg/detail/serial_receive_data__functions.h
-- Installing: /home/robomaster/zxzzb/src/install/rm_interfaces/include/rm_interfaces/msg/detail/chassis_cmd__type_support.h
-- Installing: /home/robomaster/zxzzb/src/install/rm_interfaces/include/rm_interfaces/msg/detail/debug_lights__struct.h
-- Installing: /home/robomaster/zxzzb/src/install/rm_interfaces/include/rm_interfaces/msg/detail/rune_target__type_support.h
-- Installing: /home/robomaster/zxzzb/src/install/rm_interfaces/include/rm_interfaces/msg/detail/point2d__functions.c
-- Installing: /home/robomaster/zxzzb/src/install/rm_interfaces/include/rm_interfaces/msg/detail/debug_armor__functions.c
-- Installing: /home/robomaster/zxzzb/src/install/rm_interfaces/include/rm_interfaces/msg/detail/chassis_cmd__struct.h
-- Installing: /home/robomaster/zxzzb/src/install/rm_interfaces/include/rm_interfaces/msg/detail/chassis_cmd__functions.h
-- Installing: /home/robomaster/zxzzb/src/install/rm_interfaces/include/rm_interfaces/msg/detail/debug_rune_angle__functions.c
-- Installing: /home/robomaster/zxzzb/src/install/rm_interfaces/include/rm_interfaces/msg/detail/debug_armors__functions.c
-- Installing: /home/robomaster/zxzzb/src/install/rm_interfaces/include/rm_interfaces/msg/debug_light.h
-- Installing: /home/robomaster/zxzzb/src/install/rm_interfaces/include/rm_interfaces/msg/rune_target.h
-- Installing: /home/robomaster/zxzzb/src/install/rm_interfaces/include/rm_interfaces/msg/judge_system_data.h
-- Installing: /home/robomaster/zxzzb/src/install/rm_interfaces/include/rm_interfaces/msg/armor.h
-- Installing: /home/robomaster/zxzzb/src/install/rm_interfaces/include/rm_interfaces/msg/rosidl_generator_c__visibility_control.h
-- Installing: /home/robomaster/zxzzb/src/install/rm_interfaces/include/rm_interfaces/msg/gimbal_cmd.h
-- Installing: /home/robomaster/zxzzb/src/install/rm_interfaces/include/rm_interfaces/msg/debug_armor.h
-- Installing: /home/robomaster/zxzzb/src/install/rm_interfaces/include/rm_interfaces/msg/operator_command.h
-- Installing: /home/robomaster/zxzzb/src/install/rm_interfaces/include/rm_interfaces/msg/debug_armors.h
-- Installing: /home/robomaster/zxzzb/src/install/rm_interfaces/include/rm_interfaces/srv
-- Installing: /home/robomaster/zxzzb/src/install/rm_interfaces/include/rm_interfaces/srv/detail
-- Installing: /home/robomaster/zxzzb/src/install/rm_interfaces/include/rm_interfaces/srv/detail/set_mode__struct.h
-- Installing: /home/robomaster/zxzzb/src/install/rm_interfaces/include/rm_interfaces/srv/detail/set_mode__functions.h
-- Installing: /home/robomaster/zxzzb/src/install/rm_interfaces/include/rm_interfaces/srv/detail/set_mode__functions.c
-- Installing: /home/robomaster/zxzzb/src/install/rm_interfaces/include/rm_interfaces/srv/detail/set_mode__type_support.h
-- Installing: /home/robomaster/zxzzb/src/install/rm_interfaces/include/rm_interfaces/srv/set_mode.h
-- Installing: /home/robomaster/zxzzb/src/install/rm_interfaces/share/rm_interfaces/environment/library_path.sh
-- Installing: /home/robomaster/zxzzb/src/install/rm_interfaces/share/rm_interfaces/environment/library_path.dsv
-- Installing: /home/robomaster/zxzzb/src/install/rm_interfaces/lib/librm_interfaces__rosidl_generator_c.so
-- Set runtime path of "/home/robomaster/zxzzb/src/install/rm_interfaces/lib/librm_interfaces__rosidl_generator_c.so" to ""
-- Up-to-date: /home/robomaster/zxzzb/src/install/rm_interfaces/include/rm_interfaces
-- Up-to-date: /home/robomaster/zxzzb/src/install/rm_interfaces/include/rm_interfaces/msg
-- Installing: /home/robomaster/zxzzb/src/install/rm_interfaces/include/rm_interfaces/msg/rosidl_typesupport_fastrtps_c__visibility_control.h
-- Up-to-date: /home/robomaster/zxzzb/src/install/rm_interfaces/include/rm_interfaces/msg/detail
-- Installing: /home/robomaster/zxzzb/src/install/rm_interfaces/include/rm_interfaces/msg/detail/point2d__rosidl_typesupport_fastrtps_c.h
-- Installing: /home/robomaster/zxzzb/src/install/rm_interfaces/include/rm_interfaces/msg/detail/serial_receive_data__rosidl_typesupport_fastrtps_c.h
-- Installing: /home/robomaster/zxzzb/src/install/rm_interfaces/include/rm_interfaces/msg/detail/armor__rosidl_typesupport_fastrtps_c.h
-- Installing: /home/robomaster/zxzzb/src/install/rm_interfaces/include/rm_interfaces/msg/detail/chassis_cmd__rosidl_typesupport_fastrtps_c.h
-- Installing: /home/robomaster/zxzzb/src/install/rm_interfaces/include/rm_interfaces/msg/detail/measurement__rosidl_typesupport_fastrtps_c.h
-- Installing: /home/robomaster/zxzzb/src/install/rm_interfaces/include/rm_interfaces/msg/detail/operator_command__rosidl_typesupport_fastrtps_c.h
-- Installing: /home/robomaster/zxzzb/src/install/rm_interfaces/include/rm_interfaces/msg/detail/debug_light__rosidl_typesupport_fastrtps_c.h
-- Installing: /home/robomaster/zxzzb/src/install/rm_interfaces/include/rm_interfaces/msg/detail/debug_rune_angle__rosidl_typesupport_fastrtps_c.h
-- Installing: /home/robomaster/zxzzb/src/install/rm_interfaces/include/rm_interfaces/msg/detail/debug_armors__rosidl_typesupport_fastrtps_c.h
-- Installing: /home/robomaster/zxzzb/src/install/rm_interfaces/include/rm_interfaces/msg/detail/debug_armor__rosidl_typesupport_fastrtps_c.h
-- Installing: /home/robomaster/zxzzb/src/install/rm_interfaces/include/rm_interfaces/msg/detail/target__rosidl_typesupport_fastrtps_c.h
-- Installing: /home/robomaster/zxzzb/src/install/rm_interfaces/include/rm_interfaces/msg/detail/rune_target__rosidl_typesupport_fastrtps_c.h
-- Installing: /home/robomaster/zxzzb/src/install/rm_interfaces/include/rm_interfaces/msg/detail/armors__rosidl_typesupport_fastrtps_c.h
-- Installing: /home/robomaster/zxzzb/src/install/rm_interfaces/include/rm_interfaces/msg/detail/gimbal_cmd__rosidl_typesupport_fastrtps_c.h
-- Installing: /home/robomaster/zxzzb/src/install/rm_interfaces/include/rm_interfaces/msg/detail/debug_lights__rosidl_typesupport_fastrtps_c.h
-- Installing: /home/robomaster/zxzzb/src/install/rm_interfaces/include/rm_interfaces/msg/detail/judge_system_data__rosidl_typesupport_fastrtps_c.h
-- Up-to-date: /home/robomaster/zxzzb/src/install/rm_interfaces/include/rm_interfaces/srv
-- Up-to-date: /home/robomaster/zxzzb/src/install/rm_interfaces/include/rm_interfaces/srv/detail
-- Installing: /home/robomaster/zxzzb/src/install/rm_interfaces/include/rm_interfaces/srv/detail/set_mode__rosidl_typesupport_fastrtps_c.h
-- Installing: /home/robomaster/zxzzb/src/install/rm_interfaces/lib/librm_interfaces__rosidl_typesupport_fastrtps_c.so
-- Set runtime path of "/home/robomaster/zxzzb/src/install/rm_interfaces/lib/librm_interfaces__rosidl_typesupport_fastrtps_c.so" to ""
-- Up-to-date: /home/robomaster/zxzzb/src/install/rm_interfaces/include/rm_interfaces
-- Up-to-date: /home/robomaster/zxzzb/src/install/rm_interfaces/include/rm_interfaces/msg
-- Installing: /home/robomaster/zxzzb/src/install/rm_interfaces/include/rm_interfaces/msg/rosidl_typesupport_fastrtps_cpp__visibility_control.h
-- Up-to-date: /home/robomaster/zxzzb/src/install/rm_interfaces/include/rm_interfaces/msg/detail
-- Installing: /home/robomaster/zxzzb/src/install/rm_interfaces/include/rm_interfaces/msg/detail/debug_light__rosidl_typesupport_fastrtps_cpp.hpp
-- Installing: /home/robomaster/zxzzb/src/install/rm_interfaces/include/rm_interfaces/msg/detail/armors__rosidl_typesupport_fastrtps_cpp.hpp
-- Installing: /home/robomaster/zxzzb/src/install/rm_interfaces/include/rm_interfaces/msg/detail/chassis_cmd__rosidl_typesupport_fastrtps_cpp.hpp
-- Installing: /home/robomaster/zxzzb/src/install/rm_interfaces/include/rm_interfaces/msg/detail/judge_system_data__rosidl_typesupport_fastrtps_cpp.hpp
-- Installing: /home/robomaster/zxzzb/src/install/rm_interfaces/include/rm_interfaces/msg/detail/point2d__rosidl_typesupport_fastrtps_cpp.hpp
-- Installing: /home/robomaster/zxzzb/src/install/rm_interfaces/include/rm_interfaces/msg/detail/armor__rosidl_typesupport_fastrtps_cpp.hpp
-- Installing: /home/robomaster/zxzzb/src/install/rm_interfaces/include/rm_interfaces/msg/detail/debug_armors__rosidl_typesupport_fastrtps_cpp.hpp
-- Installing: /home/robomaster/zxzzb/src/install/rm_interfaces/include/rm_interfaces/msg/detail/debug_lights__rosidl_typesupport_fastrtps_cpp.hpp
-- Installing: /home/robomaster/zxzzb/src/install/rm_interfaces/include/rm_interfaces/msg/detail/dds_fastrtps
-- Installing: /home/robomaster/zxzzb/src/install/rm_interfaces/include/rm_interfaces/msg/detail/target__rosidl_typesupport_fastrtps_cpp.hpp
-- Installing: /home/robomaster/zxzzb/src/install/rm_interfaces/include/rm_interfaces/msg/detail/rune_target__rosidl_typesupport_fastrtps_cpp.hpp
-- Installing: /home/robomaster/zxzzb/src/install/rm_interfaces/include/rm_interfaces/msg/detail/debug_rune_angle__rosidl_typesupport_fastrtps_cpp.hpp
-- Installing: /home/robomaster/zxzzb/src/install/rm_interfaces/include/rm_interfaces/msg/detail/measurement__rosidl_typesupport_fastrtps_cpp.hpp
-- Installing: /home/robomaster/zxzzb/src/install/rm_interfaces/include/rm_interfaces/msg/detail/debug_armor__rosidl_typesupport_fastrtps_cpp.hpp
-- Installing: /home/robomaster/zxzzb/src/install/rm_interfaces/include/rm_interfaces/msg/detail/gimbal_cmd__rosidl_typesupport_fastrtps_cpp.hpp
-- Installing: /home/robomaster/zxzzb/src/install/rm_interfaces/include/rm_interfaces/msg/detail/operator_command__rosidl_typesupport_fastrtps_cpp.hpp
-- Installing: /home/robomaster/zxzzb/src/install/rm_interfaces/include/rm_interfaces/msg/detail/serial_receive_data__rosidl_typesupport_fastrtps_cpp.hpp
-- Up-to-date: /home/robomaster/zxzzb/src/install/rm_interfaces/include/rm_interfaces/srv
-- Up-to-date: /home/robomaster/zxzzb/src/install/rm_interfaces/include/rm_interfaces/srv/detail
-- Installing: /home/robomaster/zxzzb/src/install/rm_interfaces/include/rm_interfaces/srv/detail/dds_fastrtps
-- Installing: /home/robomaster/zxzzb/src/install/rm_interfaces/include/rm_interfaces/srv/detail/set_mode__rosidl_typesupport_fastrtps_cpp.hpp
-- Installing: /home/robomaster/zxzzb/src/install/rm_interfaces/lib/librm_interfaces__rosidl_typesupport_fastrtps_cpp.so
-- Set runtime path of "/home/robomaster/zxzzb/src/install/rm_interfaces/lib/librm_interfaces__rosidl_typesupport_fastrtps_cpp.so" to ""
-- Up-to-date: /home/robomaster/zxzzb/src/install/rm_interfaces/include/rm_interfaces
-- Up-to-date: /home/robomaster/zxzzb/src/install/rm_interfaces/include/rm_interfaces/msg
-- Up-to-date: /home/robomaster/zxzzb/src/install/rm_interfaces/include/rm_interfaces/msg/detail
-- Installing: /home/robomaster/zxzzb/src/install/rm_interfaces/include/rm_interfaces/msg/detail/target__type_support.c
-- Installing: /home/robomaster/zxzzb/src/install/rm_interfaces/include/rm_interfaces/msg/detail/debug_light__rosidl_typesupport_introspection_c.h
-- Installing: /home/robomaster/zxzzb/src/install/rm_interfaces/include/rm_interfaces/msg/detail/judge_system_data__type_support.c
-- Installing: /home/robomaster/zxzzb/src/install/rm_interfaces/include/rm_interfaces/msg/detail/operator_command__rosidl_typesupport_introspection_c.h
-- Installing: /home/robomaster/zxzzb/src/install/rm_interfaces/include/rm_interfaces/msg/detail/debug_lights__type_support.c
-- Installing: /home/robomaster/zxzzb/src/install/rm_interfaces/include/rm_interfaces/msg/detail/measurement__type_support.c
-- Installing: /home/robomaster/zxzzb/src/install/rm_interfaces/include/rm_interfaces/msg/detail/armor__type_support.c
-- Installing: /home/robomaster/zxzzb/src/install/rm_interfaces/include/rm_interfaces/msg/detail/armors__rosidl_typesupport_introspection_c.h
-- Installing: /home/robomaster/zxzzb/src/install/rm_interfaces/include/rm_interfaces/msg/detail/rune_target__rosidl_typesupport_introspection_c.h
-- Installing: /home/robomaster/zxzzb/src/install/rm_interfaces/include/rm_interfaces/msg/detail/debug_armors__type_support.c
-- Installing: /home/robomaster/zxzzb/src/install/rm_interfaces/include/rm_interfaces/msg/detail/debug_lights__rosidl_typesupport_introspection_c.h
-- Installing: /home/robomaster/zxzzb/src/install/rm_interfaces/include/rm_interfaces/msg/detail/point2d__type_support.c
-- Installing: /home/robomaster/zxzzb/src/install/rm_interfaces/include/rm_interfaces/msg/detail/measurement__rosidl_typesupport_introspection_c.h
-- Installing: /home/robomaster/zxzzb/src/install/rm_interfaces/include/rm_interfaces/msg/detail/debug_armor__rosidl_typesupport_introspection_c.h
-- Installing: /home/robomaster/zxzzb/src/install/rm_interfaces/include/rm_interfaces/msg/detail/gimbal_cmd__rosidl_typesupport_introspection_c.h
-- Installing: /home/robomaster/zxzzb/src/install/rm_interfaces/include/rm_interfaces/msg/detail/chassis_cmd__type_support.c
-- Installing: /home/robomaster/zxzzb/src/install/rm_interfaces/include/rm_interfaces/msg/detail/point2d__rosidl_typesupport_introspection_c.h
-- Installing: /home/robomaster/zxzzb/src/install/rm_interfaces/include/rm_interfaces/msg/detail/armors__type_support.c
-- Installing: /home/robomaster/zxzzb/src/install/rm_interfaces/include/rm_interfaces/msg/detail/debug_rune_angle__rosidl_typesupport_introspection_c.h
-- Installing: /home/robomaster/zxzzb/src/install/rm_interfaces/include/rm_interfaces/msg/detail/armor__rosidl_typesupport_introspection_c.h
-- Installing: /home/robomaster/zxzzb/src/install/rm_interfaces/include/rm_interfaces/msg/detail/target__rosidl_typesupport_introspection_c.h
-- Installing: /home/robomaster/zxzzb/src/install/rm_interfaces/include/rm_interfaces/msg/detail/serial_receive_data__type_support.c
-- Installing: /home/robomaster/zxzzb/src/install/rm_interfaces/include/rm_interfaces/msg/detail/debug_armors__rosidl_typesupport_introspection_c.h
-- Installing: /home/robomaster/zxzzb/src/install/rm_interfaces/include/rm_interfaces/msg/detail/operator_command__type_support.c
-- Installing: /home/robomaster/zxzzb/src/install/rm_interfaces/include/rm_interfaces/msg/detail/serial_receive_data__rosidl_typesupport_introspection_c.h
-- Installing: /home/robomaster/zxzzb/src/install/rm_interfaces/include/rm_interfaces/msg/detail/chassis_cmd__rosidl_typesupport_introspection_c.h
-- Installing: /home/robomaster/zxzzb/src/install/rm_interfaces/include/rm_interfaces/msg/detail/rune_target__type_support.c
-- Installing: /home/robomaster/zxzzb/src/install/rm_interfaces/include/rm_interfaces/msg/detail/debug_rune_angle__type_support.c
-- Installing: /home/robomaster/zxzzb/src/install/rm_interfaces/include/rm_interfaces/msg/detail/debug_light__type_support.c
-- Installing: /home/robomaster/zxzzb/src/install/rm_interfaces/include/rm_interfaces/msg/detail/judge_system_data__rosidl_typesupport_introspection_c.h
-- Installing: /home/robomaster/zxzzb/src/install/rm_interfaces/include/rm_interfaces/msg/detail/gimbal_cmd__type_support.c
-- Installing: /home/robomaster/zxzzb/src/install/rm_interfaces/include/rm_interfaces/msg/detail/debug_armor__type_support.c
-- Installing: /home/robomaster/zxzzb/src/install/rm_interfaces/include/rm_interfaces/msg/rosidl_typesupport_introspection_c__visibility_control.h
-- Up-to-date: /home/robomaster/zxzzb/src/install/rm_interfaces/include/rm_interfaces/srv
-- Up-to-date: /home/robomaster/zxzzb/src/install/rm_interfaces/include/rm_interfaces/srv/detail
-- Installing: /home/robomaster/zxzzb/src/install/rm_interfaces/include/rm_interfaces/srv/detail/set_mode__rosidl_typesupport_introspection_c.h
-- Installing: /home/robomaster/zxzzb/src/install/rm_interfaces/include/rm_interfaces/srv/detail/set_mode__type_support.c
-- Installing: /home/robomaster/zxzzb/src/install/rm_interfaces/lib/librm_interfaces__rosidl_typesupport_introspection_c.so
-- Set runtime path of "/home/robomaster/zxzzb/src/install/rm_interfaces/lib/librm_interfaces__rosidl_typesupport_introspection_c.so" to ""
-- Installing: /home/robomaster/zxzzb/src/install/rm_interfaces/lib/librm_interfaces__rosidl_typesupport_c.so
-- Set runtime path of "/home/robomaster/zxzzb/src/install/rm_interfaces/lib/librm_interfaces__rosidl_typesupport_c.so" to ""
-- Up-to-date: /home/robomaster/zxzzb/src/install/rm_interfaces/include/rm_interfaces
-- Up-to-date: /home/robomaster/zxzzb/src/install/rm_interfaces/include/rm_interfaces/msg
-- Installing: /home/robomaster/zxzzb/src/install/rm_interfaces/include/rm_interfaces/msg/measurement.hpp
-- Installing: /home/robomaster/zxzzb/src/install/rm_interfaces/include/rm_interfaces/msg/debug_light.hpp
-- Installing: /home/robomaster/zxzzb/src/install/rm_interfaces/include/rm_interfaces/msg/debug_rune_angle.hpp
-- Installing: /home/robomaster/zxzzb/src/install/rm_interfaces/include/rm_interfaces/msg/debug_lights.hpp
-- Installing: /home/robomaster/zxzzb/src/install/rm_interfaces/include/rm_interfaces/msg/armors.hpp
-- Installing: /home/robomaster/zxzzb/src/install/rm_interfaces/include/rm_interfaces/msg/debug_armor.hpp
-- Installing: /home/robomaster/zxzzb/src/install/rm_interfaces/include/rm_interfaces/msg/target.hpp
-- Up-to-date: /home/robomaster/zxzzb/src/install/rm_interfaces/include/rm_interfaces/msg/detail
-- Installing: /home/robomaster/zxzzb/src/install/rm_interfaces/include/rm_interfaces/msg/detail/serial_receive_data__builder.hpp
-- Installing: /home/robomaster/zxzzb/src/install/rm_interfaces/include/rm_interfaces/msg/detail/debug_lights__builder.hpp
-- Installing: /home/robomaster/zxzzb/src/install/rm_interfaces/include/rm_interfaces/msg/detail/gimbal_cmd__builder.hpp
-- Installing: /home/robomaster/zxzzb/src/install/rm_interfaces/include/rm_interfaces/msg/detail/debug_armors__traits.hpp
-- Installing: /home/robomaster/zxzzb/src/install/rm_interfaces/include/rm_interfaces/msg/detail/debug_armors__builder.hpp
-- Installing: /home/robomaster/zxzzb/src/install/rm_interfaces/include/rm_interfaces/msg/detail/armors__struct.hpp
-- Installing: /home/robomaster/zxzzb/src/install/rm_interfaces/include/rm_interfaces/msg/detail/rune_target__struct.hpp
-- Installing: /home/robomaster/zxzzb/src/install/rm_interfaces/include/rm_interfaces/msg/detail/armor__struct.hpp
-- Installing: /home/robomaster/zxzzb/src/install/rm_interfaces/include/rm_interfaces/msg/detail/debug_light__builder.hpp
-- Installing: /home/robomaster/zxzzb/src/install/rm_interfaces/include/rm_interfaces/msg/detail/debug_armor__traits.hpp
-- Installing: /home/robomaster/zxzzb/src/install/rm_interfaces/include/rm_interfaces/msg/detail/operator_command__builder.hpp
-- Installing: /home/robomaster/zxzzb/src/install/rm_interfaces/include/rm_interfaces/msg/detail/debug_rune_angle__traits.hpp
-- Installing: /home/robomaster/zxzzb/src/install/rm_interfaces/include/rm_interfaces/msg/detail/point2d__builder.hpp
-- Installing: /home/robomaster/zxzzb/src/install/rm_interfaces/include/rm_interfaces/msg/detail/debug_rune_angle__builder.hpp
-- Installing: /home/robomaster/zxzzb/src/install/rm_interfaces/include/rm_interfaces/msg/detail/target__struct.hpp
-- Installing: /home/robomaster/zxzzb/src/install/rm_interfaces/include/rm_interfaces/msg/detail/chassis_cmd__struct.hpp
-- Installing: /home/robomaster/zxzzb/src/install/rm_interfaces/include/rm_interfaces/msg/detail/armor__builder.hpp
-- Installing: /home/robomaster/zxzzb/src/install/rm_interfaces/include/rm_interfaces/msg/detail/point2d__traits.hpp
-- Installing: /home/robomaster/zxzzb/src/install/rm_interfaces/include/rm_interfaces/msg/detail/debug_light__struct.hpp
-- Installing: /home/robomaster/zxzzb/src/install/rm_interfaces/include/rm_interfaces/msg/detail/judge_system_data__builder.hpp
-- Installing: /home/robomaster/zxzzb/src/install/rm_interfaces/include/rm_interfaces/msg/detail/rune_target__traits.hpp
-- Installing: /home/robomaster/zxzzb/src/install/rm_interfaces/include/rm_interfaces/msg/detail/judge_system_data__traits.hpp
-- Installing: /home/robomaster/zxzzb/src/install/rm_interfaces/include/rm_interfaces/msg/detail/chassis_cmd__traits.hpp
-- Installing: /home/robomaster/zxzzb/src/install/rm_interfaces/include/rm_interfaces/msg/detail/point2d__struct.hpp
-- Installing: /home/robomaster/zxzzb/src/install/rm_interfaces/include/rm_interfaces/msg/detail/debug_rune_angle__struct.hpp
-- Installing: /home/robomaster/zxzzb/src/install/rm_interfaces/include/rm_interfaces/msg/detail/gimbal_cmd__traits.hpp
-- Installing: /home/robomaster/zxzzb/src/install/rm_interfaces/include/rm_interfaces/msg/detail/serial_receive_data__traits.hpp
-- Installing: /home/robomaster/zxzzb/src/install/rm_interfaces/include/rm_interfaces/msg/detail/target__traits.hpp
-- Installing: /home/robomaster/zxzzb/src/install/rm_interfaces/include/rm_interfaces/msg/detail/rune_target__builder.hpp
-- Installing: /home/robomaster/zxzzb/src/install/rm_interfaces/include/rm_interfaces/msg/detail/operator_command__struct.hpp
-- Installing: /home/robomaster/zxzzb/src/install/rm_interfaces/include/rm_interfaces/msg/detail/armors__builder.hpp
-- Installing: /home/robomaster/zxzzb/src/install/rm_interfaces/include/rm_interfaces/msg/detail/serial_receive_data__struct.hpp
-- Installing: /home/robomaster/zxzzb/src/install/rm_interfaces/include/rm_interfaces/msg/detail/debug_light__traits.hpp
-- Installing: /home/robomaster/zxzzb/src/install/rm_interfaces/include/rm_interfaces/msg/detail/debug_armors__struct.hpp
-- Installing: /home/robomaster/zxzzb/src/install/rm_interfaces/include/rm_interfaces/msg/detail/debug_armor__struct.hpp
-- Installing: /home/robomaster/zxzzb/src/install/rm_interfaces/include/rm_interfaces/msg/detail/debug_lights__traits.hpp
-- Installing: /home/robomaster/zxzzb/src/install/rm_interfaces/include/rm_interfaces/msg/detail/measurement__builder.hpp
-- Installing: /home/robomaster/zxzzb/src/install/rm_interfaces/include/rm_interfaces/msg/detail/measurement__struct.hpp
-- Installing: /home/robomaster/zxzzb/src/install/rm_interfaces/include/rm_interfaces/msg/detail/gimbal_cmd__struct.hpp
-- Installing: /home/robomaster/zxzzb/src/install/rm_interfaces/include/rm_interfaces/msg/detail/judge_system_data__struct.hpp
-- Installing: /home/robomaster/zxzzb/src/install/rm_interfaces/include/rm_interfaces/msg/detail/armors__traits.hpp
-- Installing: /home/robomaster/zxzzb/src/install/rm_interfaces/include/rm_interfaces/msg/detail/operator_command__traits.hpp
-- Installing: /home/robomaster/zxzzb/src/install/rm_interfaces/include/rm_interfaces/msg/detail/debug_armor__builder.hpp
-- Installing: /home/robomaster/zxzzb/src/install/rm_interfaces/include/rm_interfaces/msg/detail/debug_lights__struct.hpp
-- Installing: /home/robomaster/zxzzb/src/install/rm_interfaces/include/rm_interfaces/msg/detail/measurement__traits.hpp
-- Installing: /home/robomaster/zxzzb/src/install/rm_interfaces/include/rm_interfaces/msg/detail/target__builder.hpp
-- Installing: /home/robomaster/zxzzb/src/install/rm_interfaces/include/rm_interfaces/msg/detail/armor__traits.hpp
-- Installing: /home/robomaster/zxzzb/src/install/rm_interfaces/include/rm_interfaces/msg/detail/chassis_cmd__builder.hpp
-- Installing: /home/robomaster/zxzzb/src/install/rm_interfaces/include/rm_interfaces/msg/gimbal_cmd.hpp
-- Installing: /home/robomaster/zxzzb/src/install/rm_interfaces/include/rm_interfaces/msg/armor.hpp
-- Installing: /home/robomaster/zxzzb/src/install/rm_interfaces/include/rm_interfaces/msg/serial_receive_data.hpp
-- Installing: /home/robomaster/zxzzb/src/install/rm_interfaces/include/rm_interfaces/msg/judge_system_data.hpp
-- Installing: /home/robomaster/zxzzb/src/install/rm_interfaces/include/rm_interfaces/msg/operator_command.hpp
-- Installing: /home/robomaster/zxzzb/src/install/rm_interfaces/include/rm_interfaces/msg/point2d.hpp
-- Installing: /home/robomaster/zxzzb/src/install/rm_interfaces/include/rm_interfaces/msg/chassis_cmd.hpp
-- Installing: /home/robomaster/zxzzb/src/install/rm_interfaces/include/rm_interfaces/msg/rune_target.hpp
-- Installing: /home/robomaster/zxzzb/src/install/rm_interfaces/include/rm_interfaces/msg/debug_armors.hpp
-- Up-to-date: /home/robomaster/zxzzb/src/install/rm_interfaces/include/rm_interfaces/srv
-- Up-to-date: /home/robomaster/zxzzb/src/install/rm_interfaces/include/rm_interfaces/srv/detail
-- Installing: /home/robomaster/zxzzb/src/install/rm_interfaces/include/rm_interfaces/srv/detail/set_mode__struct.hpp
-- Installing: /home/robomaster/zxzzb/src/install/rm_interfaces/include/rm_interfaces/srv/detail/set_mode__traits.hpp
-- Installing: /home/robomaster/zxzzb/src/install/rm_interfaces/include/rm_interfaces/srv/detail/set_mode__builder.hpp
-- Installing: /home/robomaster/zxzzb/src/install/rm_interfaces/include/rm_interfaces/srv/set_mode.hpp
-- Up-to-date: /home/robomaster/zxzzb/src/install/rm_interfaces/include/rm_interfaces
-- Up-to-date: /home/robomaster/zxzzb/src/install/rm_interfaces/include/rm_interfaces/msg
-- Up-to-date: /home/robomaster/zxzzb/src/install/rm_interfaces/include/rm_interfaces/msg/detail
-- Installing: /home/robomaster/zxzzb/src/install/rm_interfaces/include/rm_interfaces/msg/detail/debug_lights__rosidl_typesupport_introspection_cpp.hpp
-- Installing: /home/robomaster/zxzzb/src/install/rm_interfaces/include/rm_interfaces/msg/detail/rune_target__type_support.cpp
-- Installing: /home/robomaster/zxzzb/src/install/rm_interfaces/include/rm_interfaces/msg/detail/serial_receive_data__type_support.cpp
-- Installing: /home/robomaster/zxzzb/src/install/rm_interfaces/include/rm_interfaces/msg/detail/serial_receive_data__rosidl_typesupport_introspection_cpp.hpp
-- Installing: /home/robomaster/zxzzb/src/install/rm_interfaces/include/rm_interfaces/msg/detail/debug_armors__type_support.cpp
-- Installing: /home/robomaster/zxzzb/src/install/rm_interfaces/include/rm_interfaces/msg/detail/point2d__rosidl_typesupport_introspection_cpp.hpp
-- Installing: /home/robomaster/zxzzb/src/install/rm_interfaces/include/rm_interfaces/msg/detail/armors__rosidl_typesupport_introspection_cpp.hpp
-- Installing: /home/robomaster/zxzzb/src/install/rm_interfaces/include/rm_interfaces/msg/detail/measurement__type_support.cpp
-- Installing: /home/robomaster/zxzzb/src/install/rm_interfaces/include/rm_interfaces/msg/detail/measurement__rosidl_typesupport_introspection_cpp.hpp
-- Installing: /home/robomaster/zxzzb/src/install/rm_interfaces/include/rm_interfaces/msg/detail/debug_light__rosidl_typesupport_introspection_cpp.hpp
-- Installing: /home/robomaster/zxzzb/src/install/rm_interfaces/include/rm_interfaces/msg/detail/judge_system_data__rosidl_typesupport_introspection_cpp.hpp
-- Installing: /home/robomaster/zxzzb/src/install/rm_interfaces/include/rm_interfaces/msg/detail/debug_armor__rosidl_typesupport_introspection_cpp.hpp
-- Installing: /home/robomaster/zxzzb/src/install/rm_interfaces/include/rm_interfaces/msg/detail/point2d__type_support.cpp
-- Installing: /home/robomaster/zxzzb/src/install/rm_interfaces/include/rm_interfaces/msg/detail/debug_armors__rosidl_typesupport_introspection_cpp.hpp
-- Installing: /home/robomaster/zxzzb/src/install/rm_interfaces/include/rm_interfaces/msg/detail/gimbal_cmd__type_support.cpp
-- Installing: /home/robomaster/zxzzb/src/install/rm_interfaces/include/rm_interfaces/msg/detail/armors__type_support.cpp
-- Installing: /home/robomaster/zxzzb/src/install/rm_interfaces/include/rm_interfaces/msg/detail/debug_lights__type_support.cpp
-- Installing: /home/robomaster/zxzzb/src/install/rm_interfaces/include/rm_interfaces/msg/detail/target__rosidl_typesupport_introspection_cpp.hpp
-- Installing: /home/robomaster/zxzzb/src/install/rm_interfaces/include/rm_interfaces/msg/detail/target__type_support.cpp
-- Installing: /home/robomaster/zxzzb/src/install/rm_interfaces/include/rm_interfaces/msg/detail/chassis_cmd__rosidl_typesupport_introspection_cpp.hpp
-- Installing: /home/robomaster/zxzzb/src/install/rm_interfaces/include/rm_interfaces/msg/detail/armor__type_support.cpp
-- Installing: /home/robomaster/zxzzb/src/install/rm_interfaces/include/rm_interfaces/msg/detail/rune_target__rosidl_typesupport_introspection_cpp.hpp
-- Installing: /home/robomaster/zxzzb/src/install/rm_interfaces/include/rm_interfaces/msg/detail/debug_rune_angle__rosidl_typesupport_introspection_cpp.hpp
-- Installing: /home/robomaster/zxzzb/src/install/rm_interfaces/include/rm_interfaces/msg/detail/debug_rune_angle__type_support.cpp
-- Installing: /home/robomaster/zxzzb/src/install/rm_interfaces/include/rm_interfaces/msg/detail/debug_light__type_support.cpp
-- Installing: /home/robomaster/zxzzb/src/install/rm_interfaces/include/rm_interfaces/msg/detail/armor__rosidl_typesupport_introspection_cpp.hpp
-- Installing: /home/robomaster/zxzzb/src/install/rm_interfaces/include/rm_interfaces/msg/detail/operator_command__type_support.cpp
-- Installing: /home/robomaster/zxzzb/src/install/rm_interfaces/include/rm_interfaces/msg/detail/gimbal_cmd__rosidl_typesupport_introspection_cpp.hpp
-- Installing: /home/robomaster/zxzzb/src/install/rm_interfaces/include/rm_interfaces/msg/detail/judge_system_data__type_support.cpp
-- Installing: /home/robomaster/zxzzb/src/install/rm_interfaces/include/rm_interfaces/msg/detail/chassis_cmd__type_support.cpp
-- Installing: /home/robomaster/zxzzb/src/install/rm_interfaces/include/rm_interfaces/msg/detail/operator_command__rosidl_typesupport_introspection_cpp.hpp
-- Installing: /home/robomaster/zxzzb/src/install/rm_interfaces/include/rm_interfaces/msg/detail/debug_armor__type_support.cpp
-- Up-to-date: /home/robomaster/zxzzb/src/install/rm_interfaces/include/rm_interfaces/srv
-- Up-to-date: /home/robomaster/zxzzb/src/install/rm_interfaces/include/rm_interfaces/srv/detail
-- Installing: /home/robomaster/zxzzb/src/install/rm_interfaces/include/rm_interfaces/srv/detail/set_mode__rosidl_typesupport_introspection_cpp.hpp
-- Installing: /home/robomaster/zxzzb/src/install/rm_interfaces/include/rm_interfaces/srv/detail/set_mode__type_support.cpp
-- Installing: /home/robomaster/zxzzb/src/install/rm_interfaces/lib/librm_interfaces__rosidl_typesupport_introspection_cpp.so
-- Set runtime path of "/home/robomaster/zxzzb/src/install/rm_interfaces/lib/librm_interfaces__rosidl_typesupport_introspection_cpp.so" to ""
-- Installing: /home/robomaster/zxzzb/src/install/rm_interfaces/lib/librm_interfaces__rosidl_typesupport_cpp.so
-- Set runtime path of "/home/robomaster/zxzzb/src/install/rm_interfaces/lib/librm_interfaces__rosidl_typesupport_cpp.so" to ""
-- Installing: /home/robomaster/zxzzb/src/install/rm_interfaces/share/rm_interfaces/environment/pythonpath.sh
-- Installing: /home/robomaster/zxzzb/src/install/rm_interfaces/share/rm_interfaces/environment/pythonpath.dsv
-- Installing: /home/robomaster/zxzzb/src/install/rm_interfaces/lib/python3.8/site-packages/rm_interfaces/__init__.py
Compiling '/home/robomaster/zxzzb/src/install/rm_interfaces/lib/python3.8/site-packages/rm_interfaces/__init__.py'...
-- Installing: /home/robomaster/zxzzb/src/install/rm_interfaces/lib/python3.8/site-packages/rm_interfaces/msg
-- Installing: /home/robomaster/zxzzb/src/install/rm_interfaces/lib/python3.8/site-packages/rm_interfaces/msg/_rune_target.py
-- Installing: /home/robomaster/zxzzb/src/install/rm_interfaces/lib/python3.8/site-packages/rm_interfaces/msg/_debug_lights_s.c
-- Installing: /home/robomaster/zxzzb/src/install/rm_interfaces/lib/python3.8/site-packages/rm_interfaces/msg/_debug_armor.py
-- Installing: /home/robomaster/zxzzb/src/install/rm_interfaces/lib/python3.8/site-packages/rm_interfaces/msg/_operator_command_s.c
-- Installing: /home/robomaster/zxzzb/src/install/rm_interfaces/lib/python3.8/site-packages/rm_interfaces/msg/_operator_command.py
-- Installing: /home/robomaster/zxzzb/src/install/rm_interfaces/lib/python3.8/site-packages/rm_interfaces/msg/_target.py
-- Installing: /home/robomaster/zxzzb/src/install/rm_interfaces/lib/python3.8/site-packages/rm_interfaces/msg/_armor.py
-- Installing: /home/robomaster/zxzzb/src/install/rm_interfaces/lib/python3.8/site-packages/rm_interfaces/msg/_point2d_s.c
-- Installing: /home/robomaster/zxzzb/src/install/rm_interfaces/lib/python3.8/site-packages/rm_interfaces/msg/__init__.py
-- Installing: /home/robomaster/zxzzb/src/install/rm_interfaces/lib/python3.8/site-packages/rm_interfaces/msg/_armors_s.c
-- Installing: /home/robomaster/zxzzb/src/install/rm_interfaces/lib/python3.8/site-packages/rm_interfaces/msg/_gimbal_cmd_s.c
-- Installing: /home/robomaster/zxzzb/src/install/rm_interfaces/lib/python3.8/site-packages/rm_interfaces/msg/_judge_system_data.py
-- Installing: /home/robomaster/zxzzb/src/install/rm_interfaces/lib/python3.8/site-packages/rm_interfaces/msg/_measurement_s.c
-- Installing: /home/robomaster/zxzzb/src/install/rm_interfaces/lib/python3.8/site-packages/rm_interfaces/msg/_target_s.c
-- Installing: /home/robomaster/zxzzb/src/install/rm_interfaces/lib/python3.8/site-packages/rm_interfaces/msg/_debug_light_s.c
-- Installing: /home/robomaster/zxzzb/src/install/rm_interfaces/lib/python3.8/site-packages/rm_interfaces/msg/_debug_lights.py
-- Installing: /home/robomaster/zxzzb/src/install/rm_interfaces/lib/python3.8/site-packages/rm_interfaces/msg/_rune_target_s.c
-- Installing: /home/robomaster/zxzzb/src/install/rm_interfaces/lib/python3.8/site-packages/rm_interfaces/msg/_judge_system_data_s.c
-- Installing: /home/robomaster/zxzzb/src/install/rm_interfaces/lib/python3.8/site-packages/rm_interfaces/msg/_gimbal_cmd.py
-- Installing: /home/robomaster/zxzzb/src/install/rm_interfaces/lib/python3.8/site-packages/rm_interfaces/msg/_armors.py
-- Installing: /home/robomaster/zxzzb/src/install/rm_interfaces/lib/python3.8/site-packages/rm_interfaces/msg/_measurement.py
-- Installing: /home/robomaster/zxzzb/src/install/rm_interfaces/lib/python3.8/site-packages/rm_interfaces/msg/_debug_armor_s.c
-- Installing: /home/robomaster/zxzzb/src/install/rm_interfaces/lib/python3.8/site-packages/rm_interfaces/msg/_chassis_cmd_s.c
-- Installing: /home/robomaster/zxzzb/src/install/rm_interfaces/lib/python3.8/site-packages/rm_interfaces/msg/_serial_receive_data.py
-- Installing: /home/robomaster/zxzzb/src/install/rm_interfaces/lib/python3.8/site-packages/rm_interfaces/msg/_debug_armors.py
-- Installing: /home/robomaster/zxzzb/src/install/rm_interfaces/lib/python3.8/site-packages/rm_interfaces/msg/_point2d.py
-- Installing: /home/robomaster/zxzzb/src/install/rm_interfaces/lib/python3.8/site-packages/rm_interfaces/msg/_debug_light.py
-- Installing: /home/robomaster/zxzzb/src/install/rm_interfaces/lib/python3.8/site-packages/rm_interfaces/msg/_armor_s.c
-- Installing: /home/robomaster/zxzzb/src/install/rm_interfaces/lib/python3.8/site-packages/rm_interfaces/msg/_chassis_cmd.py
-- Installing: /home/robomaster/zxzzb/src/install/rm_interfaces/lib/python3.8/site-packages/rm_interfaces/msg/_debug_armors_s.c
-- Installing: /home/robomaster/zxzzb/src/install/rm_interfaces/lib/python3.8/site-packages/rm_interfaces/msg/_serial_receive_data_s.c
-- Installing: /home/robomaster/zxzzb/src/install/rm_interfaces/lib/python3.8/site-packages/rm_interfaces/msg/_debug_rune_angle_s.c
-- Installing: /home/robomaster/zxzzb/src/install/rm_interfaces/lib/python3.8/site-packages/rm_interfaces/msg/_debug_rune_angle.py
-- Installing: /home/robomaster/zxzzb/src/install/rm_interfaces/lib/python3.8/site-packages/rm_interfaces/srv
-- Installing: /home/robomaster/zxzzb/src/install/rm_interfaces/lib/python3.8/site-packages/rm_interfaces/srv/_set_mode.py
-- Installing: /home/robomaster/zxzzb/src/install/rm_interfaces/lib/python3.8/site-packages/rm_interfaces/srv/__init__.py
-- Installing: /home/robomaster/zxzzb/src/install/rm_interfaces/lib/python3.8/site-packages/rm_interfaces/srv/_set_mode_s.c
-- Installing: /home/robomaster/zxzzb/src/install/rm_interfaces/lib/python3.8/site-packages/rm_interfaces/rm_interfaces_s__rosidl_typesupport_fastrtps_c.cpython-38-x86_64-linux-gnu.so
-- Set runtime path of "/home/robomaster/zxzzb/src/install/rm_interfaces/lib/python3.8/site-packages/rm_interfaces/rm_interfaces_s__rosidl_typesupport_fastrtps_c.cpython-38-x86_64-linux-gnu.so" to ""
-- Installing: /home/robomaster/zxzzb/src/install/rm_interfaces/lib/python3.8/site-packages/rm_interfaces/rm_interfaces_s__rosidl_typesupport_introspection_c.cpython-38-x86_64-linux-gnu.so
-- Set runtime path of "/home/robomaster/zxzzb/src/install/rm_interfaces/lib/python3.8/site-packages/rm_interfaces/rm_interfaces_s__rosidl_typesupport_introspection_c.cpython-38-x86_64-linux-gnu.so" to ""
-- Installing: /home/robomaster/zxzzb/src/install/rm_interfaces/lib/python3.8/site-packages/rm_interfaces/rm_interfaces_s__rosidl_typesupport_c.cpython-38-x86_64-linux-gnu.so
-- Set runtime path of "/home/robomaster/zxzzb/src/install/rm_interfaces/lib/python3.8/site-packages/rm_interfaces/rm_interfaces_s__rosidl_typesupport_c.cpython-38-x86_64-linux-gnu.so" to ""
-- Installing: /home/robomaster/zxzzb/src/install/rm_interfaces/lib/librm_interfaces__python.so
-- Set runtime path of "/home/robomaster/zxzzb/src/install/rm_interfaces/lib/librm_interfaces__python.so" to ""
-- Installing: /home/robomaster/zxzzb/src/install/rm_interfaces/share/rm_interfaces/msg/Armor.idl
-- Installing: /home/robomaster/zxzzb/src/install/rm_interfaces/share/rm_interfaces/msg/Armors.idl
-- Installing: /home/robomaster/zxzzb/src/install/rm_interfaces/share/rm_interfaces/msg/Target.idl
-- Installing: /home/robomaster/zxzzb/src/install/rm_interfaces/share/rm_interfaces/msg/RuneTarget.idl
-- Installing: /home/robomaster/zxzzb/src/install/rm_interfaces/share/rm_interfaces/msg/Point2d.idl
-- Installing: /home/robomaster/zxzzb/src/install/rm_interfaces/share/rm_interfaces/msg/GimbalCmd.idl
-- Installing: /home/robomaster/zxzzb/src/install/rm_interfaces/share/rm_interfaces/msg/ChassisCmd.idl
-- Installing: /home/robomaster/zxzzb/src/install/rm_interfaces/share/rm_interfaces/msg/DebugLight.idl
-- Installing: /home/robomaster/zxzzb/src/install/rm_interfaces/share/rm_interfaces/msg/DebugLights.idl
-- Installing: /home/robomaster/zxzzb/src/install/rm_interfaces/share/rm_interfaces/msg/DebugArmor.idl
-- Installing: /home/robomaster/zxzzb/src/install/rm_interfaces/share/rm_interfaces/msg/DebugArmors.idl
-- Installing: /home/robomaster/zxzzb/src/install/rm_interfaces/share/rm_interfaces/msg/DebugRuneAngle.idl
-- Installing: /home/robomaster/zxzzb/src/install/rm_interfaces/share/rm_interfaces/msg/Measurement.idl
-- Installing: /home/robomaster/zxzzb/src/install/rm_interfaces/share/rm_interfaces/msg/JudgeSystemData.idl
-- Installing: /home/robomaster/zxzzb/src/install/rm_interfaces/share/rm_interfaces/msg/OperatorCommand.idl
-- Installing: /home/robomaster/zxzzb/src/install/rm_interfaces/share/rm_interfaces/msg/SerialReceiveData.idl
-- Installing: /home/robomaster/zxzzb/src/install/rm_interfaces/share/rm_interfaces/srv/SetMode.idl
-- Installing: /home/robomaster/zxzzb/src/install/rm_interfaces/share/rm_interfaces/msg/Armor.msg
-- Installing: /home/robomaster/zxzzb/src/install/rm_interfaces/share/rm_interfaces/msg/Armors.msg
-- Installing: /home/robomaster/zxzzb/src/install/rm_interfaces/share/rm_interfaces/msg/Target.msg
-- Installing: /home/robomaster/zxzzb/src/install/rm_interfaces/share/rm_interfaces/msg/RuneTarget.msg
-- Installing: /home/robomaster/zxzzb/src/install/rm_interfaces/share/rm_interfaces/msg/Point2d.msg
-- Installing: /home/robomaster/zxzzb/src/install/rm_interfaces/share/rm_interfaces/msg/GimbalCmd.msg
-- Installing: /home/robomaster/zxzzb/src/install/rm_interfaces/share/rm_interfaces/msg/ChassisCmd.msg
-- Installing: /home/robomaster/zxzzb/src/install/rm_interfaces/share/rm_interfaces/msg/DebugLight.msg
-- Installing: /home/robomaster/zxzzb/src/install/rm_interfaces/share/rm_interfaces/msg/DebugLights.msg
-- Installing: /home/robomaster/zxzzb/src/install/rm_interfaces/share/rm_interfaces/msg/DebugArmor.msg
-- Installing: /home/robomaster/zxzzb/src/install/rm_interfaces/share/rm_interfaces/msg/DebugArmors.msg
-- Installing: /home/robomaster/zxzzb/src/install/rm_interfaces/share/rm_interfaces/msg/DebugRuneAngle.msg
-- Installing: /home/robomaster/zxzzb/src/install/rm_interfaces/share/rm_interfaces/msg/Measurement.msg
-- Installing: /home/robomaster/zxzzb/src/install/rm_interfaces/share/rm_interfaces/msg/JudgeSystemData.msg
-- Installing: /home/robomaster/zxzzb/src/install/rm_interfaces/share/rm_interfaces/msg/OperatorCommand.msg
-- Installing: /home/robomaster/zxzzb/src/install/rm_interfaces/share/rm_interfaces/msg/SerialReceiveData.msg
-- Installing: /home/robomaster/zxzzb/src/install/rm_interfaces/share/rm_interfaces/srv/SetMode.srv
-- Installing: /home/robomaster/zxzzb/src/install/rm_interfaces/share/rm_interfaces/srv/SetMode_Request.msg
-- Installing: /home/robomaster/zxzzb/src/install/rm_interfaces/share/rm_interfaces/srv/SetMode_Response.msg
-- Installing: /home/robomaster/zxzzb/src/install/rm_interfaces/share/ament_index/resource_index/package_run_dependencies/rm_interfaces
-- Installing: /home/robomaster/zxzzb/src/install/rm_interfaces/share/ament_index/resource_index/parent_prefix_path/rm_interfaces
-- Installing: /home/robomaster/zxzzb/src/install/rm_interfaces/share/rm_interfaces/environment/ament_prefix_path.sh
-- Installing: /home/robomaster/zxzzb/src/install/rm_interfaces/share/rm_interfaces/environment/ament_prefix_path.dsv
-- Installing: /home/robomaster/zxzzb/src/install/rm_interfaces/share/rm_interfaces/environment/path.sh
-- Installing: /home/robomaster/zxzzb/src/install/rm_interfaces/share/rm_interfaces/environment/path.dsv
-- Installing: /home/robomaster/zxzzb/src/install/rm_interfaces/share/rm_interfaces/local_setup.bash
-- Installing: /home/robomaster/zxzzb/src/install/rm_interfaces/share/rm_interfaces/local_setup.sh
-- Installing: /home/robomaster/zxzzb/src/install/rm_interfaces/share/rm_interfaces/local_setup.zsh
-- Installing: /home/robomaster/zxzzb/src/install/rm_interfaces/share/rm_interfaces/local_setup.dsv
-- Installing: /home/robomaster/zxzzb/src/install/rm_interfaces/share/rm_interfaces/package.dsv
-- Installing: /home/robomaster/zxzzb/src/install/rm_interfaces/share/ament_index/resource_index/packages/rm_interfaces
-- Installing: /home/robomaster/zxzzb/src/install/rm_interfaces/share/rm_interfaces/cmake/rm_interfaces__rosidl_generator_cExport.cmake
-- Installing: /home/robomaster/zxzzb/src/install/rm_interfaces/share/rm_interfaces/cmake/rm_interfaces__rosidl_generator_cExport-noconfig.cmake
-- Installing: /home/robomaster/zxzzb/src/install/rm_interfaces/share/rm_interfaces/cmake/rm_interfaces__rosidl_typesupport_introspection_cExport.cmake
-- Installing: /home/robomaster/zxzzb/src/install/rm_interfaces/share/rm_interfaces/cmake/rm_interfaces__rosidl_typesupport_introspection_cExport-noconfig.cmake
-- Installing: /home/robomaster/zxzzb/src/install/rm_interfaces/share/rm_interfaces/cmake/rm_interfaces__rosidl_typesupport_cExport.cmake
-- Installing: /home/robomaster/zxzzb/src/install/rm_interfaces/share/rm_interfaces/cmake/rm_interfaces__rosidl_typesupport_cExport-noconfig.cmake
-- Installing: /home/robomaster/zxzzb/src/install/rm_interfaces/share/rm_interfaces/cmake/rm_interfaces__rosidl_generator_cppExport.cmake
-- Installing: /home/robomaster/zxzzb/src/install/rm_interfaces/share/rm_interfaces/cmake/rm_interfaces__rosidl_typesupport_introspection_cppExport.cmake
-- Installing: /home/robomaster/zxzzb/src/install/rm_interfaces/share/rm_interfaces/cmake/rm_interfaces__rosidl_typesupport_introspection_cppExport-noconfig.cmake
-- Installing: /home/robomaster/zxzzb/src/install/rm_interfaces/share/rm_interfaces/cmake/rm_interfaces__rosidl_typesupport_cppExport.cmake
-- Installing: /home/robomaster/zxzzb/src/install/rm_interfaces/share/rm_interfaces/cmake/rm_interfaces__rosidl_typesupport_cppExport-noconfig.cmake
-- Installing: /home/robomaster/zxzzb/src/install/rm_interfaces/share/rm_interfaces/cmake/rosidl_cmake-extras.cmake
-- Installing: /home/robomaster/zxzzb/src/install/rm_interfaces/share/rm_interfaces/cmake/ament_cmake_export_dependencies-extras.cmake
-- Installing: /home/robomaster/zxzzb/src/install/rm_interfaces/share/rm_interfaces/cmake/ament_cmake_export_libraries-extras.cmake
-- Installing: /home/robomaster/zxzzb/src/install/rm_interfaces/share/rm_interfaces/cmake/ament_cmake_export_targets-extras.cmake
-- Installing: /home/robomaster/zxzzb/src/install/rm_interfaces/share/rm_interfaces/cmake/ament_cmake_export_include_directories-extras.cmake
-- Installing: /home/robomaster/zxzzb/src/install/rm_interfaces/share/rm_interfaces/cmake/rosidl_cmake_export_typesupport_libraries-extras.cmake
-- Installing: /home/robomaster/zxzzb/src/install/rm_interfaces/share/rm_interfaces/cmake/rosidl_cmake_export_typesupport_targets-extras.cmake
-- Installing: /home/robomaster/zxzzb/src/install/rm_interfaces/share/rm_interfaces/cmake/rm_interfacesConfig.cmake
-- Installing: /home/robomaster/zxzzb/src/install/rm_interfaces/share/rm_interfaces/cmake/rm_interfacesConfig-version.cmake
-- Installing: /home/robomaster/zxzzb/src/install/rm_interfaces/share/rm_interfaces/package.xml
