[0.050s] Invoking command in '/home/robomaster/zxzzb/src/build/rm_interfaces': CMAKE_PREFIX_PATH=/opt/ros/galactic /usr/bin/cmake /home/robomaster/zxzzb/src/rm_interfaces -DCMAKE_INSTALL_PREFIX=/home/robomaster/zxzzb/src/install/rm_interfaces
[0.425s] -- The C compiler identification is GNU 9.4.0
[0.426s] -- The CXX compiler identification is GNU 9.4.0
[0.427s] -- Check for working C compiler: /usr/bin/cc
[0.427s] -- Check for working C compiler: /usr/bin/cc -- works
[0.427s] -- Detecting C compiler ABI info
[0.427s] -- Detecting C compiler ABI info - done
[0.427s] -- Detecting C compile features
[0.428s] -- Detecting C compile features - done
[0.428s] -- Check for working CXX compiler: /usr/bin/c++
[0.428s] -- Check for working CXX compiler: /usr/bin/c++ -- works
[0.428s] -- Detecting CXX compiler ABI info
[0.525s] -- Detecting CXX compiler ABI info - done
[0.540s] -- Detecting CXX compile features
[0.541s] -- Detecting CXX compile features - done
[0.544s] -- Found ament_cmake: 1.1.6 (/opt/ros/galactic/share/ament_cmake/cmake)
[0.573s] -- Found PythonInterp: /usr/bin/python3 (found suitable version "3.8.10", minimum required is "3") 
[0.573s] -- Using PYTHON_EXECUTABLE: /usr/bin/python3
[0.679s] -- Found rosidl_default_generators: 1.1.1 (/opt/ros/galactic/share/rosidl_default_generators/cmake)
[0.682s] -- Using all available rosidl_typesupport_c: rosidl_typesupport_fastrtps_c;rosidl_typesupport_introspection_c
[0.689s] -- Found rosidl_adapter: 2.2.3 (/opt/ros/galactic/share/rosidl_adapter/cmake)
[0.807s] -- Found OpenSSL: /usr/lib/x86_64-linux-gnu/libcrypto.so (found version "1.1.1f")  
[0.843s] -- Found FastRTPS: /opt/ros/galactic/include  
[0.935s] -- Using all available rosidl_typesupport_cpp: rosidl_typesupport_fastrtps_cpp;rosidl_typesupport_introspection_cpp
[0.966s] -- Found geometry_msgs: 2.2.4 (/opt/ros/galactic/share/geometry_msgs/cmake)
[1.092s] -- Found PythonInterp: /usr/bin/python3 (found version "3.8.10") 
[1.444s] -- Found ament_cmake_ros: 0.9.2 (/opt/ros/galactic/share/ament_cmake_ros/cmake)
[1.707s] -- Using all available rosidl_typesupport_c: rosidl_typesupport_fastrtps_c;rosidl_typesupport_introspection_c
[1.851s] -- Using all available rosidl_typesupport_cpp: rosidl_typesupport_fastrtps_cpp;rosidl_typesupport_introspection_cpp
[1.886s] -- Found PythonInterp: /usr/bin/python3 (found suitable version "3.8.10", minimum required is "3.5") 
[1.887s] -- Found python_cmake_module: 0.8.1 (/opt/ros/galactic/share/python_cmake_module/cmake)
[1.923s] -- Found PythonLibs: /usr/lib/x86_64-linux-gnu/libpython3.8.so (found suitable version "3.8.10", minimum required is "3.5") 
[1.924s] -- Using PYTHON_EXECUTABLE: /usr/bin/python3
[1.924s] -- Using PYTHON_INCLUDE_DIRS: /usr/include/python3.8
[1.924s] -- Using PYTHON_LIBRARIES: /usr/lib/x86_64-linux-gnu/libpython3.8.so
[1.954s] -- Found PythonExtra: .so  
[2.124s] -- Configuring done
[2.252s] -- Generating done
[2.286s] -- Build files have been written to: /home/robomaster/zxzzb/src/build/rm_interfaces
[2.308s] Invoked command in '/home/robomaster/zxzzb/src/build/rm_interfaces' returned '0': CMAKE_PREFIX_PATH=/opt/ros/galactic /usr/bin/cmake /home/robomaster/zxzzb/src/rm_interfaces -DCMAKE_INSTALL_PREFIX=/home/robomaster/zxzzb/src/install/rm_interfaces
[2.312s] Invoking command in '/home/robomaster/zxzzb/src/build/rm_interfaces': CMAKE_PREFIX_PATH=/opt/ros/galactic /usr/bin/cmake --build /home/robomaster/zxzzb/src/build/rm_interfaces -- -j16 -l16
[2.541s] [35m[1mScanning dependencies of target rm_interfaces__cpp[0m
[2.571s] [  1%] [34m[1mGenerating C code for ROS interfaces[0m
[2.637s] [  1%] [34m[1mGenerating C++ code for ROS interfaces[0m
[6.158s] [  1%] Built target rm_interfaces__cpp
[6.180s] [  1%] [34m[1mGenerating C++ introspection for ROS interfaces[0m
[6.198s] [  2%] [34m[1mGenerating C++ type support for eProsima Fast-RTPS[0m
[6.200s] [  3%] [34m[1mGenerating C++ type support dispatch for ROS interfaces[0m
[6.581s] [35m[1mScanning dependencies of target rm_interfaces__rosidl_generator_c[0m
[6.616s] [  3%] [32mBuilding C object CMakeFiles/rm_interfaces__rosidl_generator_c.dir/rosidl_generator_c/rm_interfaces/msg/detail/rune_target__functions.c.o[0m
[6.616s] [  3%] [32mBuilding C object CMakeFiles/rm_interfaces__rosidl_generator_c.dir/rosidl_generator_c/rm_interfaces/msg/detail/armor__functions.c.o[0m
[6.620s] [  4%] [32mBuilding C object CMakeFiles/rm_interfaces__rosidl_generator_c.dir/rosidl_generator_c/rm_interfaces/msg/detail/target__functions.c.o[0m
[6.632s] [  5%] [32mBuilding C object CMakeFiles/rm_interfaces__rosidl_generator_c.dir/rosidl_generator_c/rm_interfaces/msg/detail/point2d__functions.c.o[0m
[6.645s] [  5%] [32mBuilding C object CMakeFiles/rm_interfaces__rosidl_generator_c.dir/rosidl_generator_c/rm_interfaces/msg/detail/gimbal_cmd__functions.c.o[0m
[6.649s] [  6%] [32mBuilding C object CMakeFiles/rm_interfaces__rosidl_generator_c.dir/rosidl_generator_c/rm_interfaces/msg/detail/armors__functions.c.o[0m
[6.692s] [  7%] [32mBuilding C object CMakeFiles/rm_interfaces__rosidl_generator_c.dir/rosidl_generator_c/rm_interfaces/msg/detail/chassis_cmd__functions.c.o[0m
[6.721s] [  8%] [32mBuilding C object CMakeFiles/rm_interfaces__rosidl_generator_c.dir/rosidl_generator_c/rm_interfaces/msg/detail/debug_lights__functions.c.o[0m
[6.723s] [  8%] [32mBuilding C object CMakeFiles/rm_interfaces__rosidl_generator_c.dir/rosidl_generator_c/rm_interfaces/msg/detail/debug_light__functions.c.o[0m
[6.743s] [  9%] [32mBuilding C object CMakeFiles/rm_interfaces__rosidl_generator_c.dir/rosidl_generator_c/rm_interfaces/msg/detail/debug_armor__functions.c.o[0m
[6.768s] [  9%] [32mBuilding C object CMakeFiles/rm_interfaces__rosidl_generator_c.dir/rosidl_generator_c/rm_interfaces/msg/detail/debug_rune_angle__functions.c.o[0m
[6.775s] [ 10%] [32mBuilding C object CMakeFiles/rm_interfaces__rosidl_generator_c.dir/rosidl_generator_c/rm_interfaces/msg/detail/debug_armors__functions.c.o[0m
[6.797s] [ 11%] [32mBuilding C object CMakeFiles/rm_interfaces__rosidl_generator_c.dir/rosidl_generator_c/rm_interfaces/msg/detail/measurement__functions.c.o[0m
[6.805s] [ 12%] [32mBuilding C object CMakeFiles/rm_interfaces__rosidl_generator_c.dir/rosidl_generator_c/rm_interfaces/msg/detail/judge_system_data__functions.c.o[0m
[6.822s] [ 12%] [32mBuilding C object CMakeFiles/rm_interfaces__rosidl_generator_c.dir/rosidl_generator_c/rm_interfaces/msg/detail/operator_command__functions.c.o[0m
[6.836s] [ 13%] [32mBuilding C object CMakeFiles/rm_interfaces__rosidl_generator_c.dir/rosidl_generator_c/rm_interfaces/msg/detail/serial_receive_data__functions.c.o[0m
[6.872s] [ 13%] [32mBuilding C object CMakeFiles/rm_interfaces__rosidl_generator_c.dir/rosidl_generator_c/rm_interfaces/srv/detail/set_mode__functions.c.o[0m
[6.948s] [ 14%] [32m[1mLinking C shared library librm_interfaces__rosidl_generator_c.so[0m
[7.043s] [ 14%] Built target rm_interfaces__rosidl_generator_c
[7.073s] [ 15%] [34m[1mGenerating C introspection for ROS interfaces[0m
[7.091s] [ 16%] [34m[1mGenerating C type support dispatch for ROS interfaces[0m
[7.170s] [35m[1mScanning dependencies of target rm_interfaces__rosidl_typesupport_cpp[0m
[7.213s] [ 16%] [32mBuilding CXX object CMakeFiles/rm_interfaces__rosidl_typesupport_cpp.dir/rosidl_typesupport_cpp/rm_interfaces/msg/armor__type_support.cpp.o[0m
[7.227s] [ 17%] [32mBuilding CXX object CMakeFiles/rm_interfaces__rosidl_typesupport_cpp.dir/rosidl_typesupport_cpp/rm_interfaces/msg/armors__type_support.cpp.o[0m
[7.279s] [ 17%] [32mBuilding CXX object CMakeFiles/rm_interfaces__rosidl_typesupport_cpp.dir/rosidl_typesupport_cpp/rm_interfaces/msg/rune_target__type_support.cpp.o[0m
[7.285s] [ 18%] [32mBuilding CXX object CMakeFiles/rm_interfaces__rosidl_typesupport_cpp.dir/rosidl_typesupport_cpp/rm_interfaces/msg/target__type_support.cpp.o[0m
[7.301s] [ 19%] [32mBuilding CXX object CMakeFiles/rm_interfaces__rosidl_typesupport_cpp.dir/rosidl_typesupport_cpp/rm_interfaces/msg/point2d__type_support.cpp.o[0m
[7.323s] [ 20%] [32mBuilding CXX object CMakeFiles/rm_interfaces__rosidl_typesupport_cpp.dir/rosidl_typesupport_cpp/rm_interfaces/msg/gimbal_cmd__type_support.cpp.o[0m
[7.343s] [ 20%] [32mBuilding CXX object CMakeFiles/rm_interfaces__rosidl_typesupport_cpp.dir/rosidl_typesupport_cpp/rm_interfaces/msg/chassis_cmd__type_support.cpp.o[0m
[7.360s] [ 21%] [32mBuilding CXX object CMakeFiles/rm_interfaces__rosidl_typesupport_cpp.dir/rosidl_typesupport_cpp/rm_interfaces/msg/debug_light__type_support.cpp.o[0m
[7.384s] [ 22%] [32mBuilding CXX object CMakeFiles/rm_interfaces__rosidl_typesupport_cpp.dir/rosidl_typesupport_cpp/rm_interfaces/msg/debug_lights__type_support.cpp.o[0m
[7.458s] [ 22%] [32mBuilding CXX object CMakeFiles/rm_interfaces__rosidl_typesupport_cpp.dir/rosidl_typesupport_cpp/rm_interfaces/msg/debug_armor__type_support.cpp.o[0m
[7.477s] [ 23%] [32mBuilding CXX object CMakeFiles/rm_interfaces__rosidl_typesupport_cpp.dir/rosidl_typesupport_cpp/rm_interfaces/msg/debug_armors__type_support.cpp.o[0m
[7.514s] [ 23%] [32mBuilding CXX object CMakeFiles/rm_interfaces__rosidl_typesupport_cpp.dir/rosidl_typesupport_cpp/rm_interfaces/msg/debug_rune_angle__type_support.cpp.o[0m
[7.667s] [ 24%] [32mBuilding CXX object CMakeFiles/rm_interfaces__rosidl_typesupport_cpp.dir/rosidl_typesupport_cpp/rm_interfaces/msg/measurement__type_support.cpp.o[0m
[7.917s] [ 25%] [32mBuilding CXX object CMakeFiles/rm_interfaces__rosidl_typesupport_cpp.dir/rosidl_typesupport_cpp/rm_interfaces/msg/judge_system_data__type_support.cpp.o[0m
[7.994s] [35m[1mScanning dependencies of target rm_interfaces__rosidl_typesupport_introspection_cpp[0m
[8.009s] [35m[1mScanning dependencies of target rm_interfaces__rosidl_typesupport_fastrtps_cpp[0m
[8.025s] [ 25%] [32mBuilding CXX object CMakeFiles/rm_interfaces__rosidl_typesupport_cpp.dir/rosidl_typesupport_cpp/rm_interfaces/msg/operator_command__type_support.cpp.o[0m
[8.042s] [ 26%] [32mBuilding CXX object CMakeFiles/rm_interfaces__rosidl_typesupport_cpp.dir/rosidl_typesupport_cpp/rm_interfaces/msg/serial_receive_data__type_support.cpp.o[0m
[8.061s] [ 27%] [32mBuilding CXX object CMakeFiles/rm_interfaces__rosidl_typesupport_introspection_cpp.dir/rosidl_typesupport_introspection_cpp/rm_interfaces/msg/detail/armor__type_support.cpp.o[0m
[8.076s] [ 28%] [32mBuilding CXX object CMakeFiles/rm_interfaces__rosidl_typesupport_cpp.dir/rosidl_typesupport_cpp/rm_interfaces/srv/set_mode__type_support.cpp.o[0m
[8.079s] [ 28%] [32mBuilding CXX object CMakeFiles/rm_interfaces__rosidl_typesupport_introspection_cpp.dir/rosidl_typesupport_introspection_cpp/rm_interfaces/msg/detail/armors__type_support.cpp.o[0m
[8.084s] [ 29%] [32mBuilding CXX object CMakeFiles/rm_interfaces__rosidl_typesupport_fastrtps_cpp.dir/rosidl_typesupport_fastrtps_cpp/rm_interfaces/msg/detail/dds_fastrtps/armor__type_support.cpp.o[0m
[8.121s] [ 30%] [32mBuilding CXX object CMakeFiles/rm_interfaces__rosidl_typesupport_introspection_cpp.dir/rosidl_typesupport_introspection_cpp/rm_interfaces/msg/detail/target__type_support.cpp.o[0m
[8.122s] [ 30%] [32mBuilding CXX object CMakeFiles/rm_interfaces__rosidl_typesupport_fastrtps_cpp.dir/rosidl_typesupport_fastrtps_cpp/rm_interfaces/msg/detail/dds_fastrtps/armors__type_support.cpp.o[0m
[8.143s] [ 31%] [32mBuilding CXX object CMakeFiles/rm_interfaces__rosidl_typesupport_introspection_cpp.dir/rosidl_typesupport_introspection_cpp/rm_interfaces/msg/detail/rune_target__type_support.cpp.o[0m
[8.162s] [ 32%] [32mBuilding CXX object CMakeFiles/rm_interfaces__rosidl_typesupport_fastrtps_cpp.dir/rosidl_typesupport_fastrtps_cpp/rm_interfaces/msg/detail/dds_fastrtps/target__type_support.cpp.o[0m
[8.164s] [ 32%] [32mBuilding CXX object CMakeFiles/rm_interfaces__rosidl_typesupport_introspection_cpp.dir/rosidl_typesupport_introspection_cpp/rm_interfaces/msg/detail/point2d__type_support.cpp.o[0m
[8.215s] [ 33%] [32mBuilding CXX object CMakeFiles/rm_interfaces__rosidl_typesupport_fastrtps_cpp.dir/rosidl_typesupport_fastrtps_cpp/rm_interfaces/msg/detail/dds_fastrtps/rune_target__type_support.cpp.o[0m
[8.291s] [ 34%] [32mBuilding CXX object CMakeFiles/rm_interfaces__rosidl_typesupport_introspection_cpp.dir/rosidl_typesupport_introspection_cpp/rm_interfaces/msg/detail/gimbal_cmd__type_support.cpp.o[0m
[8.384s] [ 34%] [32mBuilding CXX object CMakeFiles/rm_interfaces__rosidl_typesupport_fastrtps_cpp.dir/rosidl_typesupport_fastrtps_cpp/rm_interfaces/msg/detail/dds_fastrtps/point2d__type_support.cpp.o[0m
[8.598s] [35m[1mScanning dependencies of target rm_interfaces__rosidl_typesupport_c[0m
[8.699s] [ 35%] [32mBuilding CXX object CMakeFiles/rm_interfaces__rosidl_typesupport_introspection_cpp.dir/rosidl_typesupport_introspection_cpp/rm_interfaces/msg/detail/chassis_cmd__type_support.cpp.o[0m
[8.730s] [ 35%] [32mBuilding CXX object CMakeFiles/rm_interfaces__rosidl_typesupport_c.dir/rosidl_typesupport_c/rm_interfaces/msg/armor__type_support.cpp.o[0m
[8.740s] [ 36%] [32mBuilding CXX object CMakeFiles/rm_interfaces__rosidl_typesupport_fastrtps_cpp.dir/rosidl_typesupport_fastrtps_cpp/rm_interfaces/msg/detail/dds_fastrtps/gimbal_cmd__type_support.cpp.o[0m
[8.804s] [ 36%] [32mBuilding CXX object CMakeFiles/rm_interfaces__rosidl_typesupport_introspection_cpp.dir/rosidl_typesupport_introspection_cpp/rm_interfaces/msg/detail/debug_light__type_support.cpp.o[0m
[8.815s] [ 36%] [32mBuilding CXX object CMakeFiles/rm_interfaces__rosidl_typesupport_fastrtps_cpp.dir/rosidl_typesupport_fastrtps_cpp/rm_interfaces/msg/detail/dds_fastrtps/chassis_cmd__type_support.cpp.o[0m
[8.896s] [ 37%] [32mBuilding CXX object CMakeFiles/rm_interfaces__rosidl_typesupport_c.dir/rosidl_typesupport_c/rm_interfaces/msg/armors__type_support.cpp.o[0m
[8.900s] [ 38%] [32mBuilding CXX object CMakeFiles/rm_interfaces__rosidl_typesupport_introspection_cpp.dir/rosidl_typesupport_introspection_cpp/rm_interfaces/msg/detail/debug_lights__type_support.cpp.o[0m
[8.917s] [ 39%] [32mBuilding CXX object CMakeFiles/rm_interfaces__rosidl_typesupport_fastrtps_cpp.dir/rosidl_typesupport_fastrtps_cpp/rm_interfaces/msg/detail/dds_fastrtps/debug_light__type_support.cpp.o[0m
[8.984s] [ 40%] [32mBuilding CXX object CMakeFiles/rm_interfaces__rosidl_typesupport_c.dir/rosidl_typesupport_c/rm_interfaces/msg/target__type_support.cpp.o[0m
[9.037s] [ 40%] [32mBuilding CXX object CMakeFiles/rm_interfaces__rosidl_typesupport_introspection_cpp.dir/rosidl_typesupport_introspection_cpp/rm_interfaces/msg/detail/debug_armor__type_support.cpp.o[0m
[9.054s] [ 41%] [32mBuilding CXX object CMakeFiles/rm_interfaces__rosidl_typesupport_introspection_cpp.dir/rosidl_typesupport_introspection_cpp/rm_interfaces/msg/detail/debug_armors__type_support.cpp.o[0m
[9.069s] [ 41%] [32mBuilding CXX object CMakeFiles/rm_interfaces__rosidl_typesupport_c.dir/rosidl_typesupport_c/rm_interfaces/msg/rune_target__type_support.cpp.o[0m
[9.130s] [ 42%] [32mBuilding CXX object CMakeFiles/rm_interfaces__rosidl_typesupport_fastrtps_cpp.dir/rosidl_typesupport_fastrtps_cpp/rm_interfaces/msg/detail/dds_fastrtps/debug_lights__type_support.cpp.o[0m
[9.152s] [ 43%] [32mBuilding CXX object CMakeFiles/rm_interfaces__rosidl_typesupport_c.dir/rosidl_typesupport_c/rm_interfaces/msg/point2d__type_support.cpp.o[0m
[9.165s] [ 43%] [32m[1mLinking CXX shared library librm_interfaces__rosidl_typesupport_cpp.so[0m
[9.243s] [ 43%] [32mBuilding CXX object CMakeFiles/rm_interfaces__rosidl_typesupport_c.dir/rosidl_typesupport_c/rm_interfaces/msg/gimbal_cmd__type_support.cpp.o[0m
[9.290s] [ 44%] [32mBuilding CXX object CMakeFiles/rm_interfaces__rosidl_typesupport_c.dir/rosidl_typesupport_c/rm_interfaces/msg/chassis_cmd__type_support.cpp.o[0m
[9.319s] [35m[1mScanning dependencies of target rm_interfaces__rosidl_typesupport_introspection_c[0m
[9.326s] [ 45%] [32mBuilding CXX object CMakeFiles/rm_interfaces__rosidl_typesupport_introspection_cpp.dir/rosidl_typesupport_introspection_cpp/rm_interfaces/msg/detail/debug_rune_angle__type_support.cpp.o[0m
[9.398s] [ 46%] [32mBuilding CXX object CMakeFiles/rm_interfaces__rosidl_typesupport_c.dir/rosidl_typesupport_c/rm_interfaces/msg/debug_light__type_support.cpp.o[0m
[9.400s] [ 46%] [32mBuilding CXX object CMakeFiles/rm_interfaces__rosidl_typesupport_introspection_cpp.dir/rosidl_typesupport_introspection_cpp/rm_interfaces/msg/detail/measurement__type_support.cpp.o[0m
[9.402s] [ 46%] Built target rm_interfaces__rosidl_typesupport_cpp
[9.434s] [ 46%] [32mBuilding CXX object CMakeFiles/rm_interfaces__rosidl_typesupport_fastrtps_cpp.dir/rosidl_typesupport_fastrtps_cpp/rm_interfaces/msg/detail/dds_fastrtps/debug_armor__type_support.cpp.o[0m
[9.451s] [ 47%] [32mBuilding C object CMakeFiles/rm_interfaces__rosidl_typesupport_introspection_c.dir/rosidl_typesupport_introspection_c/rm_interfaces/msg/detail/armor__type_support.c.o[0m
[9.460s] [ 48%] [32mBuilding CXX object CMakeFiles/rm_interfaces__rosidl_typesupport_introspection_cpp.dir/rosidl_typesupport_introspection_cpp/rm_interfaces/msg/detail/judge_system_data__type_support.cpp.o[0m
[9.464s] [ 48%] [32mBuilding CXX object CMakeFiles/rm_interfaces__rosidl_typesupport_c.dir/rosidl_typesupport_c/rm_interfaces/msg/debug_lights__type_support.cpp.o[0m
[9.506s] [ 49%] [32mBuilding CXX object CMakeFiles/rm_interfaces__rosidl_typesupport_introspection_cpp.dir/rosidl_typesupport_introspection_cpp/rm_interfaces/msg/detail/operator_command__type_support.cpp.o[0m
[9.551s] [ 50%] [32mBuilding CXX object CMakeFiles/rm_interfaces__rosidl_typesupport_c.dir/rosidl_typesupport_c/rm_interfaces/msg/debug_armor__type_support.cpp.o[0m
[9.570s] [ 50%] [32mBuilding C object CMakeFiles/rm_interfaces__rosidl_typesupport_introspection_c.dir/rosidl_typesupport_introspection_c/rm_interfaces/msg/detail/armors__type_support.c.o[0m
[9.583s] [ 50%] [32mBuilding CXX object CMakeFiles/rm_interfaces__rosidl_typesupport_introspection_cpp.dir/rosidl_typesupport_introspection_cpp/rm_interfaces/msg/detail/serial_receive_data__type_support.cpp.o[0m
[9.597s] [ 51%] [32mBuilding C object CMakeFiles/rm_interfaces__rosidl_typesupport_introspection_c.dir/rosidl_typesupport_introspection_c/rm_interfaces/msg/detail/target__type_support.c.o[0m
[9.634s] [ 52%] [32mBuilding CXX object CMakeFiles/rm_interfaces__rosidl_typesupport_introspection_cpp.dir/rosidl_typesupport_introspection_cpp/rm_interfaces/srv/detail/set_mode__type_support.cpp.o[0m
[9.640s] [ 53%] [32mBuilding CXX object CMakeFiles/rm_interfaces__rosidl_typesupport_c.dir/rosidl_typesupport_c/rm_interfaces/msg/debug_armors__type_support.cpp.o[0m
[9.717s] [ 53%] [32mBuilding C object CMakeFiles/rm_interfaces__rosidl_typesupport_introspection_c.dir/rosidl_typesupport_introspection_c/rm_interfaces/msg/detail/rune_target__type_support.c.o[0m
[9.783s] [ 54%] [32mBuilding C object CMakeFiles/rm_interfaces__rosidl_typesupport_introspection_c.dir/rosidl_typesupport_introspection_c/rm_interfaces/msg/detail/point2d__type_support.c.o[0m
[9.831s] [ 54%] [32mBuilding CXX object CMakeFiles/rm_interfaces__rosidl_typesupport_c.dir/rosidl_typesupport_c/rm_interfaces/msg/debug_rune_angle__type_support.cpp.o[0m
[9.841s] [ 55%] [32mBuilding C object CMakeFiles/rm_interfaces__rosidl_typesupport_introspection_c.dir/rosidl_typesupport_introspection_c/rm_interfaces/msg/detail/gimbal_cmd__type_support.c.o[0m
[9.870s] [ 55%] [32mBuilding C object CMakeFiles/rm_interfaces__rosidl_typesupport_introspection_c.dir/rosidl_typesupport_introspection_c/rm_interfaces/msg/detail/chassis_cmd__type_support.c.o[0m
[9.890s] [ 56%] [32mBuilding C object CMakeFiles/rm_interfaces__rosidl_typesupport_introspection_c.dir/rosidl_typesupport_introspection_c/rm_interfaces/msg/detail/debug_light__type_support.c.o[0m
[9.927s] [ 57%] [32mBuilding C object CMakeFiles/rm_interfaces__rosidl_typesupport_introspection_c.dir/rosidl_typesupport_introspection_c/rm_interfaces/msg/detail/debug_lights__type_support.c.o[0m
[9.951s] [ 58%] [32mBuilding CXX object CMakeFiles/rm_interfaces__rosidl_typesupport_c.dir/rosidl_typesupport_c/rm_interfaces/msg/measurement__type_support.cpp.o[0m
[9.952s] [ 58%] [32mBuilding C object CMakeFiles/rm_interfaces__rosidl_typesupport_introspection_c.dir/rosidl_typesupport_introspection_c/rm_interfaces/msg/detail/debug_armor__type_support.c.o[0m
[9.985s] [ 59%] [32mBuilding CXX object CMakeFiles/rm_interfaces__rosidl_typesupport_fastrtps_cpp.dir/rosidl_typesupport_fastrtps_cpp/rm_interfaces/msg/detail/dds_fastrtps/debug_armors__type_support.cpp.o[0m
[9.999s] [ 60%] [32mBuilding CXX object CMakeFiles/rm_interfaces__rosidl_typesupport_fastrtps_cpp.dir/rosidl_typesupport_fastrtps_cpp/rm_interfaces/msg/detail/dds_fastrtps/debug_rune_angle__type_support.cpp.o[0m
[10.009s] [ 61%] [32mBuilding C object CMakeFiles/rm_interfaces__rosidl_typesupport_introspection_c.dir/rosidl_typesupport_introspection_c/rm_interfaces/msg/detail/debug_armors__type_support.c.o[0m
[10.031s] [ 62%] [32mBuilding C object CMakeFiles/rm_interfaces__rosidl_typesupport_introspection_c.dir/rosidl_typesupport_introspection_c/rm_interfaces/msg/detail/debug_rune_angle__type_support.c.o[0m
[10.036s] [ 62%] [32mBuilding CXX object CMakeFiles/rm_interfaces__rosidl_typesupport_c.dir/rosidl_typesupport_c/rm_interfaces/msg/judge_system_data__type_support.cpp.o[0m
[10.135s] [ 63%] [32mBuilding CXX object CMakeFiles/rm_interfaces__rosidl_typesupport_c.dir/rosidl_typesupport_c/rm_interfaces/msg/operator_command__type_support.cpp.o[0m
[10.155s] [ 63%] [32mBuilding CXX object CMakeFiles/rm_interfaces__rosidl_typesupport_fastrtps_cpp.dir/rosidl_typesupport_fastrtps_cpp/rm_interfaces/msg/detail/dds_fastrtps/measurement__type_support.cpp.o[0m
[10.161s] [ 63%] [32mBuilding C object CMakeFiles/rm_interfaces__rosidl_typesupport_introspection_c.dir/rosidl_typesupport_introspection_c/rm_interfaces/msg/detail/measurement__type_support.c.o[0m
[10.164s] [ 64%] [32mBuilding C object CMakeFiles/rm_interfaces__rosidl_typesupport_introspection_c.dir/rosidl_typesupport_introspection_c/rm_interfaces/msg/detail/serial_receive_data__type_support.c.o[0m
[10.164s] [ 64%] [32mBuilding C object CMakeFiles/rm_interfaces__rosidl_typesupport_introspection_c.dir/rosidl_typesupport_introspection_c/rm_interfaces/msg/detail/operator_command__type_support.c.o[0m
[10.188s] [ 65%] [32mBuilding C object CMakeFiles/rm_interfaces__rosidl_typesupport_introspection_c.dir/rosidl_typesupport_introspection_c/rm_interfaces/msg/detail/judge_system_data__type_support.c.o[0m
[10.190s] [ 66%] [32mBuilding CXX object CMakeFiles/rm_interfaces__rosidl_typesupport_fastrtps_cpp.dir/rosidl_typesupport_fastrtps_cpp/rm_interfaces/msg/detail/dds_fastrtps/judge_system_data__type_support.cpp.o[0m
[10.249s] [ 67%] [32mBuilding CXX object CMakeFiles/rm_interfaces__rosidl_typesupport_c.dir/rosidl_typesupport_c/rm_interfaces/msg/serial_receive_data__type_support.cpp.o[0m
[10.252s] [ 67%] [32mBuilding CXX object CMakeFiles/rm_interfaces__rosidl_typesupport_fastrtps_cpp.dir/rosidl_typesupport_fastrtps_cpp/rm_interfaces/msg/detail/dds_fastrtps/operator_command__type_support.cpp.o[0m
[10.297s] [ 68%] [32mBuilding CXX object CMakeFiles/rm_interfaces__rosidl_typesupport_fastrtps_cpp.dir/rosidl_typesupport_fastrtps_cpp/rm_interfaces/msg/detail/dds_fastrtps/serial_receive_data__type_support.cpp.o[0m
[10.311s] [ 69%] [32mBuilding C object CMakeFiles/rm_interfaces__rosidl_typesupport_introspection_c.dir/rosidl_typesupport_introspection_c/rm_interfaces/srv/detail/set_mode__type_support.c.o[0m
[10.325s] [ 69%] [32mBuilding CXX object CMakeFiles/rm_interfaces__rosidl_typesupport_c.dir/rosidl_typesupport_c/rm_interfaces/srv/set_mode__type_support.cpp.o[0m
[10.325s] [ 70%] [32mBuilding CXX object CMakeFiles/rm_interfaces__rosidl_typesupport_fastrtps_cpp.dir/rosidl_typesupport_fastrtps_cpp/rm_interfaces/srv/detail/dds_fastrtps/set_mode__type_support.cpp.o[0m
[10.432s] [ 70%] [32m[1mLinking C shared library librm_interfaces__rosidl_typesupport_introspection_c.so[0m
[10.443s] [ 71%] [32m[1mLinking CXX shared library librm_interfaces__rosidl_typesupport_c.so[0m
[10.514s] [ 71%] Built target rm_interfaces__rosidl_typesupport_introspection_c
[10.540s] [ 72%] [32m[1mLinking CXX shared library librm_interfaces__rosidl_typesupport_introspection_cpp.so[0m
[10.629s] [ 72%] Built target rm_interfaces__rosidl_typesupport_c
[10.779s] [ 72%] Built target rm_interfaces__rosidl_typesupport_introspection_cpp
[11.146s] [ 72%] [32m[1mLinking CXX shared library librm_interfaces__rosidl_typesupport_fastrtps_cpp.so[0m
[11.366s] [ 72%] Built target rm_interfaces__rosidl_typesupport_fastrtps_cpp
[11.385s] [ 73%] [34m[1mGenerating C type support for eProsima Fast-RTPS[0m
[12.125s] [35m[1mScanning dependencies of target rm_interfaces__rosidl_typesupport_fastrtps_c[0m
[12.182s] [ 74%] [32mBuilding CXX object CMakeFiles/rm_interfaces__rosidl_typesupport_fastrtps_c.dir/rosidl_typesupport_fastrtps_c/rm_interfaces/msg/detail/armor__type_support_c.cpp.o[0m
[12.182s] [ 74%] [32mBuilding CXX object CMakeFiles/rm_interfaces__rosidl_typesupport_fastrtps_c.dir/rosidl_typesupport_fastrtps_c/rm_interfaces/msg/detail/armors__type_support_c.cpp.o[0m
[12.183s] [ 76%] [32mBuilding CXX object CMakeFiles/rm_interfaces__rosidl_typesupport_fastrtps_c.dir/rosidl_typesupport_fastrtps_c/rm_interfaces/msg/detail/target__type_support_c.cpp.o[0m
[12.183s] [ 76%] [32mBuilding CXX object CMakeFiles/rm_interfaces__rosidl_typesupport_fastrtps_c.dir/rosidl_typesupport_fastrtps_c/rm_interfaces/msg/detail/gimbal_cmd__type_support_c.cpp.o[0m
[12.184s] [ 77%] [32mBuilding CXX object CMakeFiles/rm_interfaces__rosidl_typesupport_fastrtps_c.dir/rosidl_typesupport_fastrtps_c/rm_interfaces/msg/detail/point2d__type_support_c.cpp.o[0m
[12.184s] [ 77%] [32mBuilding CXX object CMakeFiles/rm_interfaces__rosidl_typesupport_fastrtps_c.dir/rosidl_typesupport_fastrtps_c/rm_interfaces/msg/detail/rune_target__type_support_c.cpp.o[0m
[12.643s] [ 80%] [32mBuilding CXX object CMakeFiles/rm_interfaces__rosidl_typesupport_fastrtps_c.dir/rosidl_typesupport_fastrtps_c/rm_interfaces/msg/detail/operator_command__type_support_c.cpp.o[0m
[12.643s] [ 80%] [32mBuilding CXX object CMakeFiles/rm_interfaces__rosidl_typesupport_fastrtps_c.dir/rosidl_typesupport_fastrtps_c/rm_interfaces/msg/detail/measurement__type_support_c.cpp.o[0m
[12.643s] [ 80%] [32mBuilding CXX object CMakeFiles/rm_interfaces__rosidl_typesupport_fastrtps_c.dir/rosidl_typesupport_fastrtps_c/rm_interfaces/msg/detail/serial_receive_data__type_support_c.cpp.o[0m
[12.643s] [ 80%] [32mBuilding CXX object CMakeFiles/rm_interfaces__rosidl_typesupport_fastrtps_c.dir/rosidl_typesupport_fastrtps_c/rm_interfaces/msg/detail/judge_system_data__type_support_c.cpp.o[0m
[12.699s] [ 81%] [32mBuilding CXX object CMakeFiles/rm_interfaces__rosidl_typesupport_fastrtps_c.dir/rosidl_typesupport_fastrtps_c/rm_interfaces/srv/detail/set_mode__type_support_c.cpp.o[0m
[12.730s] [ 81%] [32mBuilding CXX object CMakeFiles/rm_interfaces__rosidl_typesupport_fastrtps_c.dir/rosidl_typesupport_fastrtps_c/rm_interfaces/msg/detail/debug_rune_angle__type_support_c.cpp.o[0m
[12.779s] [ 82%] [32mBuilding CXX object CMakeFiles/rm_interfaces__rosidl_typesupport_fastrtps_c.dir/rosidl_typesupport_fastrtps_c/rm_interfaces/msg/detail/debug_armors__type_support_c.cpp.o[0m
[12.804s] [ 83%] [32mBuilding CXX object CMakeFiles/rm_interfaces__rosidl_typesupport_fastrtps_c.dir/rosidl_typesupport_fastrtps_c/rm_interfaces/msg/detail/debug_armor__type_support_c.cpp.o[0m
[12.829s] [ 83%] [32mBuilding CXX object CMakeFiles/rm_interfaces__rosidl_typesupport_fastrtps_c.dir/rosidl_typesupport_fastrtps_c/rm_interfaces/msg/detail/debug_lights__type_support_c.cpp.o[0m
[13.141s] [ 84%] [32mBuilding CXX object CMakeFiles/rm_interfaces__rosidl_typesupport_fastrtps_c.dir/rosidl_typesupport_fastrtps_c/rm_interfaces/msg/detail/debug_light__type_support_c.cpp.o[0m
[13.264s] [ 84%] [32mBuilding CXX object CMakeFiles/rm_interfaces__rosidl_typesupport_fastrtps_c.dir/rosidl_typesupport_fastrtps_c/rm_interfaces/msg/detail/chassis_cmd__type_support_c.cpp.o[0m
[13.788s] [ 84%] [32m[1mLinking CXX shared library librm_interfaces__rosidl_typesupport_fastrtps_c.so[0m
[13.946s] [ 84%] Built target rm_interfaces__rosidl_typesupport_fastrtps_c
[13.963s] [35m[1mScanning dependencies of target rm_interfaces[0m
[13.979s] [ 84%] Built target rm_interfaces
[13.999s] [35m[1mScanning dependencies of target rm_interfaces__py[0m
[14.025s] [ 85%] [34m[1mGenerating Python code for ROS interfaces[0m
[15.607s] [ 85%] Built target rm_interfaces__py
[15.631s] [35m[1mScanning dependencies of target rm_interfaces__python[0m
[15.689s] [ 89%] [32mBuilding C object CMakeFiles/rm_interfaces__python.dir/rosidl_generator_py/rm_interfaces/msg/_armor_s.c.o[0m
[15.689s] [ 89%] [32mBuilding C object CMakeFiles/rm_interfaces__python.dir/rosidl_generator_py/rm_interfaces/msg/_armors_s.c.o[0m
[15.689s] [ 89%] [32mBuilding C object CMakeFiles/rm_interfaces__python.dir/rosidl_generator_py/rm_interfaces/msg/_gimbal_cmd_s.c.o[0m
[15.689s] [ 89%] [32mBuilding C object CMakeFiles/rm_interfaces__python.dir/rosidl_generator_py/rm_interfaces/msg/_target_s.c.o[0m
[15.689s] [ 89%] [32mBuilding C object CMakeFiles/rm_interfaces__python.dir/rosidl_generator_py/rm_interfaces/msg/_point2d_s.c.o[0m
[15.693s] [ 89%] [32mBuilding C object CMakeFiles/rm_interfaces__python.dir/rosidl_generator_py/rm_interfaces/msg/_rune_target_s.c.o[0m
[15.818s] [ 90%] [32mBuilding C object CMakeFiles/rm_interfaces__python.dir/rosidl_generator_py/rm_interfaces/msg/_operator_command_s.c.o[0m
[15.819s] [ 90%] [32mBuilding C object CMakeFiles/rm_interfaces__python.dir/rosidl_generator_py/rm_interfaces/srv/_set_mode_s.c.o[0m
[15.819s] [ 90%] [32mBuilding C object CMakeFiles/rm_interfaces__python.dir/rosidl_generator_py/rm_interfaces/msg/_serial_receive_data_s.c.o[0m
[15.840s] [ 91%] [32mBuilding C object CMakeFiles/rm_interfaces__python.dir/rosidl_generator_py/rm_interfaces/msg/_judge_system_data_s.c.o[0m
[15.858s] [ 92%] [32mBuilding C object CMakeFiles/rm_interfaces__python.dir/rosidl_generator_py/rm_interfaces/msg/_measurement_s.c.o[0m
[15.875s] [ 92%] [32mBuilding C object CMakeFiles/rm_interfaces__python.dir/rosidl_generator_py/rm_interfaces/msg/_debug_rune_angle_s.c.o[0m
[15.959s] [ 93%] [32mBuilding C object CMakeFiles/rm_interfaces__python.dir/rosidl_generator_py/rm_interfaces/msg/_debug_armors_s.c.o[0m
[15.974s] [ 94%] [32mBuilding C object CMakeFiles/rm_interfaces__python.dir/rosidl_generator_py/rm_interfaces/msg/_debug_armor_s.c.o[0m
[15.994s] [ 94%] [32mBuilding C object CMakeFiles/rm_interfaces__python.dir/rosidl_generator_py/rm_interfaces/msg/_debug_lights_s.c.o[0m
[16.006s] [ 95%] [32mBuilding C object CMakeFiles/rm_interfaces__python.dir/rosidl_generator_py/rm_interfaces/msg/_debug_light_s.c.o[0m
[16.014s] [ 95%] [32mBuilding C object CMakeFiles/rm_interfaces__python.dir/rosidl_generator_py/rm_interfaces/msg/_chassis_cmd_s.c.o[0m
[16.186s] [ 96%] [32m[1mLinking C shared library rosidl_generator_py/rm_interfaces/librm_interfaces__python.so[0m
[16.296s] [ 96%] Built target rm_interfaces__python
[16.320s] [35m[1mScanning dependencies of target rm_interfaces__rosidl_typesupport_fastrtps_c__pyext[0m
[16.321s] [35m[1mScanning dependencies of target rm_interfaces__rosidl_typesupport_introspection_c__pyext[0m
[16.326s] [35m[1mScanning dependencies of target rm_interfaces__rosidl_typesupport_c__pyext[0m
[16.365s] [ 97%] [32mBuilding C object CMakeFiles/rm_interfaces__rosidl_typesupport_introspection_c__pyext.dir/rosidl_generator_py/rm_interfaces/_rm_interfaces_s.ep.rosidl_typesupport_introspection_c.c.o[0m
[16.367s] [ 99%] [32mBuilding C object CMakeFiles/rm_interfaces__rosidl_typesupport_fastrtps_c__pyext.dir/rosidl_generator_py/rm_interfaces/_rm_interfaces_s.ep.rosidl_typesupport_fastrtps_c.c.o[0m
[16.368s] [ 99%] [32mBuilding C object CMakeFiles/rm_interfaces__rosidl_typesupport_c__pyext.dir/rosidl_generator_py/rm_interfaces/_rm_interfaces_s.ep.rosidl_typesupport_c.c.o[0m
[16.536s] [ 99%] [32m[1mLinking C shared library rosidl_generator_py/rm_interfaces/rm_interfaces_s__rosidl_typesupport_c.cpython-38-x86_64-linux-gnu.so[0m
[16.544s] [100%] [32m[1mLinking C shared library rosidl_generator_py/rm_interfaces/rm_interfaces_s__rosidl_typesupport_introspection_c.cpython-38-x86_64-linux-gnu.so[0m
[16.554s] [100%] [32m[1mLinking CXX shared library rosidl_generator_py/rm_interfaces/rm_interfaces_s__rosidl_typesupport_fastrtps_c.cpython-38-x86_64-linux-gnu.so[0m
[16.607s] [100%] Built target rm_interfaces__rosidl_typesupport_c__pyext
[16.612s] [100%] Built target rm_interfaces__rosidl_typesupport_introspection_c__pyext
[16.668s] [100%] Built target rm_interfaces__rosidl_typesupport_fastrtps_c__pyext
[16.687s] Invoked command in '/home/robomaster/zxzzb/src/build/rm_interfaces' returned '0': CMAKE_PREFIX_PATH=/opt/ros/galactic /usr/bin/cmake --build /home/robomaster/zxzzb/src/build/rm_interfaces -- -j16 -l16
[16.688s] Invoking command in '/home/robomaster/zxzzb/src/build/rm_interfaces': CMAKE_PREFIX_PATH=/opt/ros/galactic /usr/bin/cmake --install /home/robomaster/zxzzb/src/build/rm_interfaces
[16.708s] -- Install configuration: ""
[16.709s] -- Installing: /home/robomaster/zxzzb/src/install/rm_interfaces/share/ament_index/resource_index/rosidl_interfaces/rm_interfaces
[16.709s] -- Installing: /home/robomaster/zxzzb/src/install/rm_interfaces/include/rm_interfaces
[16.709s] -- Installing: /home/robomaster/zxzzb/src/install/rm_interfaces/include/rm_interfaces/msg
[16.709s] -- Installing: /home/robomaster/zxzzb/src/install/rm_interfaces/include/rm_interfaces/msg/serial_receive_data.h
[16.709s] -- Installing: /home/robomaster/zxzzb/src/install/rm_interfaces/include/rm_interfaces/msg/armors.h
[16.709s] -- Installing: /home/robomaster/zxzzb/src/install/rm_interfaces/include/rm_interfaces/msg/measurement.h
[16.709s] -- Installing: /home/robomaster/zxzzb/src/install/rm_interfaces/include/rm_interfaces/msg/chassis_cmd.h
[16.710s] -- Installing: /home/robomaster/zxzzb/src/install/rm_interfaces/include/rm_interfaces/msg/point2d.h
[16.710s] -- Installing: /home/robomaster/zxzzb/src/install/rm_interfaces/include/rm_interfaces/msg/target.h
[16.710s] -- Installing: /home/robomaster/zxzzb/src/install/rm_interfaces/include/rm_interfaces/msg/debug_rune_angle.h
[16.710s] -- Installing: /home/robomaster/zxzzb/src/install/rm_interfaces/include/rm_interfaces/msg/debug_lights.h
[16.710s] -- Installing: /home/robomaster/zxzzb/src/install/rm_interfaces/include/rm_interfaces/msg/detail
[16.710s] -- Installing: /home/robomaster/zxzzb/src/install/rm_interfaces/include/rm_interfaces/msg/detail/armor__type_support.h
[16.710s] -- Installing: /home/robomaster/zxzzb/src/install/rm_interfaces/include/rm_interfaces/msg/detail/operator_command__functions.c
[16.710s] -- Installing: /home/robomaster/zxzzb/src/install/rm_interfaces/include/rm_interfaces/msg/detail/debug_armors__type_support.h
[16.710s] -- Installing: /home/robomaster/zxzzb/src/install/rm_interfaces/include/rm_interfaces/msg/detail/armors__type_support.h
[16.710s] -- Installing: /home/robomaster/zxzzb/src/install/rm_interfaces/include/rm_interfaces/msg/detail/gimbal_cmd__struct.h
[16.710s] -- Installing: /home/robomaster/zxzzb/src/install/rm_interfaces/include/rm_interfaces/msg/detail/debug_armor__type_support.h
[16.711s] -- Installing: /home/robomaster/zxzzb/src/install/rm_interfaces/include/rm_interfaces/msg/detail/target__functions.c
[16.711s] -- Installing: /home/robomaster/zxzzb/src/install/rm_interfaces/include/rm_interfaces/msg/detail/serial_receive_data__type_support.h
[16.711s] -- Installing: /home/robomaster/zxzzb/src/install/rm_interfaces/include/rm_interfaces/msg/detail/point2d__struct.h
[16.711s] -- Installing: /home/robomaster/zxzzb/src/install/rm_interfaces/include/rm_interfaces/msg/detail/armor__functions.h
[16.711s] -- Installing: /home/robomaster/zxzzb/src/install/rm_interfaces/include/rm_interfaces/msg/detail/debug_light__functions.c
[16.711s] -- Installing: /home/robomaster/zxzzb/src/install/rm_interfaces/include/rm_interfaces/msg/detail/rune_target__struct.h
[16.711s] -- Installing: /home/robomaster/zxzzb/src/install/rm_interfaces/include/rm_interfaces/msg/detail/armors__functions.h
[16.711s] -- Installing: /home/robomaster/zxzzb/src/install/rm_interfaces/include/rm_interfaces/msg/detail/debug_armor__struct.h
[16.711s] -- Installing: /home/robomaster/zxzzb/src/install/rm_interfaces/include/rm_interfaces/msg/detail/debug_lights__type_support.h
[16.711s] -- Installing: /home/robomaster/zxzzb/src/install/rm_interfaces/include/rm_interfaces/msg/detail/debug_rune_angle__struct.h
[16.712s] -- Installing: /home/robomaster/zxzzb/src/install/rm_interfaces/include/rm_interfaces/msg/detail/debug_rune_angle__type_support.h
[16.712s] -- Installing: /home/robomaster/zxzzb/src/install/rm_interfaces/include/rm_interfaces/msg/detail/operator_command__struct.h
[16.712s] -- Installing: /home/robomaster/zxzzb/src/install/rm_interfaces/include/rm_interfaces/msg/detail/debug_armor__functions.h
[16.712s] -- Installing: /home/robomaster/zxzzb/src/install/rm_interfaces/include/rm_interfaces/msg/detail/debug_light__struct.h
[16.712s] -- Installing: /home/robomaster/zxzzb/src/install/rm_interfaces/include/rm_interfaces/msg/detail/rune_target__functions.c
[16.712s] -- Installing: /home/robomaster/zxzzb/src/install/rm_interfaces/include/rm_interfaces/msg/detail/debug_lights__functions.h
[16.712s] -- Installing: /home/robomaster/zxzzb/src/install/rm_interfaces/include/rm_interfaces/msg/detail/target__functions.h
[16.713s] -- Installing: /home/robomaster/zxzzb/src/install/rm_interfaces/include/rm_interfaces/msg/detail/rune_target__functions.h
[16.713s] -- Installing: /home/robomaster/zxzzb/src/install/rm_interfaces/include/rm_interfaces/msg/detail/measurement__functions.c
[16.713s] -- Installing: /home/robomaster/zxzzb/src/install/rm_interfaces/include/rm_interfaces/msg/detail/debug_light__type_support.h
[16.713s] -- Installing: /home/robomaster/zxzzb/src/install/rm_interfaces/include/rm_interfaces/msg/detail/armors__functions.c
[16.714s] -- Installing: /home/robomaster/zxzzb/src/install/rm_interfaces/include/rm_interfaces/msg/detail/measurement__type_support.h
[16.714s] -- Installing: /home/robomaster/zxzzb/src/install/rm_interfaces/include/rm_interfaces/msg/detail/chassis_cmd__functions.c
[16.714s] -- Installing: /home/robomaster/zxzzb/src/install/rm_interfaces/include/rm_interfaces/msg/detail/armors__struct.h
[16.714s] -- Installing: /home/robomaster/zxzzb/src/install/rm_interfaces/include/rm_interfaces/msg/detail/measurement__functions.h
[16.714s] -- Installing: /home/robomaster/zxzzb/src/install/rm_interfaces/include/rm_interfaces/msg/detail/judge_system_data__functions.h
[16.714s] -- Installing: /home/robomaster/zxzzb/src/install/rm_interfaces/include/rm_interfaces/msg/detail/serial_receive_data__struct.h
[16.714s] -- Installing: /home/robomaster/zxzzb/src/install/rm_interfaces/include/rm_interfaces/msg/detail/judge_system_data__type_support.h
[16.714s] -- Installing: /home/robomaster/zxzzb/src/install/rm_interfaces/include/rm_interfaces/msg/detail/target__type_support.h
[16.715s] -- Installing: /home/robomaster/zxzzb/src/install/rm_interfaces/include/rm_interfaces/msg/detail/armor__functions.c
[16.715s] -- Installing: /home/robomaster/zxzzb/src/install/rm_interfaces/include/rm_interfaces/msg/detail/armor__struct.h
[16.715s] -- Installing: /home/robomaster/zxzzb/src/install/rm_interfaces/include/rm_interfaces/msg/detail/gimbal_cmd__functions.h
[16.715s] -- Installing: /home/robomaster/zxzzb/src/install/rm_interfaces/include/rm_interfaces/msg/detail/operator_command__functions.h
[16.715s] -- Installing: /home/robomaster/zxzzb/src/install/rm_interfaces/include/rm_interfaces/msg/detail/judge_system_data__struct.h
[16.715s] -- Installing: /home/robomaster/zxzzb/src/install/rm_interfaces/include/rm_interfaces/msg/detail/gimbal_cmd__functions.c
[16.715s] -- Installing: /home/robomaster/zxzzb/src/install/rm_interfaces/include/rm_interfaces/msg/detail/judge_system_data__functions.c
[16.715s] -- Installing: /home/robomaster/zxzzb/src/install/rm_interfaces/include/rm_interfaces/msg/detail/debug_lights__functions.c
[16.716s] -- Installing: /home/robomaster/zxzzb/src/install/rm_interfaces/include/rm_interfaces/msg/detail/debug_armors__struct.h
[16.716s] -- Installing: /home/robomaster/zxzzb/src/install/rm_interfaces/include/rm_interfaces/msg/detail/debug_light__functions.h
[16.716s] -- Installing: /home/robomaster/zxzzb/src/install/rm_interfaces/include/rm_interfaces/msg/detail/point2d__functions.h
[16.716s] -- Installing: /home/robomaster/zxzzb/src/install/rm_interfaces/include/rm_interfaces/msg/detail/debug_armors__functions.h
[16.716s] -- Installing: /home/robomaster/zxzzb/src/install/rm_interfaces/include/rm_interfaces/msg/detail/debug_rune_angle__functions.h
[16.716s] -- Installing: /home/robomaster/zxzzb/src/install/rm_interfaces/include/rm_interfaces/msg/detail/gimbal_cmd__type_support.h
[16.716s] -- Installing: /home/robomaster/zxzzb/src/install/rm_interfaces/include/rm_interfaces/msg/detail/measurement__struct.h
[16.717s] -- Installing: /home/robomaster/zxzzb/src/install/rm_interfaces/include/rm_interfaces/msg/detail/serial_receive_data__functions.c
[16.717s] -- Installing: /home/robomaster/zxzzb/src/install/rm_interfaces/include/rm_interfaces/msg/detail/operator_command__type_support.h
[16.717s] -- Installing: /home/robomaster/zxzzb/src/install/rm_interfaces/include/rm_interfaces/msg/detail/point2d__type_support.h
[16.717s] -- Installing: /home/robomaster/zxzzb/src/install/rm_interfaces/include/rm_interfaces/msg/detail/target__struct.h
[16.717s] -- Installing: /home/robomaster/zxzzb/src/install/rm_interfaces/include/rm_interfaces/msg/detail/serial_receive_data__functions.h
[16.717s] -- Installing: /home/robomaster/zxzzb/src/install/rm_interfaces/include/rm_interfaces/msg/detail/chassis_cmd__type_support.h
[16.717s] -- Installing: /home/robomaster/zxzzb/src/install/rm_interfaces/include/rm_interfaces/msg/detail/debug_lights__struct.h
[16.717s] -- Installing: /home/robomaster/zxzzb/src/install/rm_interfaces/include/rm_interfaces/msg/detail/rune_target__type_support.h
[16.717s] -- Installing: /home/robomaster/zxzzb/src/install/rm_interfaces/include/rm_interfaces/msg/detail/point2d__functions.c
[16.718s] -- Installing: /home/robomaster/zxzzb/src/install/rm_interfaces/include/rm_interfaces/msg/detail/debug_armor__functions.c
[16.718s] -- Installing: /home/robomaster/zxzzb/src/install/rm_interfaces/include/rm_interfaces/msg/detail/chassis_cmd__struct.h
[16.718s] -- Installing: /home/robomaster/zxzzb/src/install/rm_interfaces/include/rm_interfaces/msg/detail/chassis_cmd__functions.h
[16.718s] -- Installing: /home/robomaster/zxzzb/src/install/rm_interfaces/include/rm_interfaces/msg/detail/debug_rune_angle__functions.c
[16.718s] -- Installing: /home/robomaster/zxzzb/src/install/rm_interfaces/include/rm_interfaces/msg/detail/debug_armors__functions.c
[16.718s] -- Installing: /home/robomaster/zxzzb/src/install/rm_interfaces/include/rm_interfaces/msg/debug_light.h
[16.718s] -- Installing: /home/robomaster/zxzzb/src/install/rm_interfaces/include/rm_interfaces/msg/rune_target.h
[16.718s] -- Installing: /home/robomaster/zxzzb/src/install/rm_interfaces/include/rm_interfaces/msg/judge_system_data.h
[16.718s] -- Installing: /home/robomaster/zxzzb/src/install/rm_interfaces/include/rm_interfaces/msg/armor.h
[16.719s] -- Installing: /home/robomaster/zxzzb/src/install/rm_interfaces/include/rm_interfaces/msg/rosidl_generator_c__visibility_control.h
[16.719s] -- Installing: /home/robomaster/zxzzb/src/install/rm_interfaces/include/rm_interfaces/msg/gimbal_cmd.h
[16.719s] -- Installing: /home/robomaster/zxzzb/src/install/rm_interfaces/include/rm_interfaces/msg/debug_armor.h
[16.719s] -- Installing: /home/robomaster/zxzzb/src/install/rm_interfaces/include/rm_interfaces/msg/operator_command.h
[16.719s] -- Installing: /home/robomaster/zxzzb/src/install/rm_interfaces/include/rm_interfaces/msg/debug_armors.h
[16.719s] -- Installing: /home/robomaster/zxzzb/src/install/rm_interfaces/include/rm_interfaces/srv
[16.719s] -- Installing: /home/robomaster/zxzzb/src/install/rm_interfaces/include/rm_interfaces/srv/detail
[16.719s] -- Installing: /home/robomaster/zxzzb/src/install/rm_interfaces/include/rm_interfaces/srv/detail/set_mode__struct.h
[16.719s] -- Installing: /home/robomaster/zxzzb/src/install/rm_interfaces/include/rm_interfaces/srv/detail/set_mode__functions.h
[16.719s] -- Installing: /home/robomaster/zxzzb/src/install/rm_interfaces/include/rm_interfaces/srv/detail/set_mode__functions.c
[16.720s] -- Installing: /home/robomaster/zxzzb/src/install/rm_interfaces/include/rm_interfaces/srv/detail/set_mode__type_support.h
[16.720s] -- Installing: /home/robomaster/zxzzb/src/install/rm_interfaces/include/rm_interfaces/srv/set_mode.h
[16.721s] -- Installing: /home/robomaster/zxzzb/src/install/rm_interfaces/share/rm_interfaces/environment/library_path.sh
[16.721s] -- Installing: /home/robomaster/zxzzb/src/install/rm_interfaces/share/rm_interfaces/environment/library_path.dsv
[16.721s] -- Installing: /home/robomaster/zxzzb/src/install/rm_interfaces/lib/librm_interfaces__rosidl_generator_c.so
[16.721s] -- Set runtime path of "/home/robomaster/zxzzb/src/install/rm_interfaces/lib/librm_interfaces__rosidl_generator_c.so" to ""
[16.721s] -- Up-to-date: /home/robomaster/zxzzb/src/install/rm_interfaces/include/rm_interfaces
[16.721s] -- Up-to-date: /home/robomaster/zxzzb/src/install/rm_interfaces/include/rm_interfaces/msg
[16.721s] -- Installing: /home/robomaster/zxzzb/src/install/rm_interfaces/include/rm_interfaces/msg/rosidl_typesupport_fastrtps_c__visibility_control.h
[16.721s] -- Up-to-date: /home/robomaster/zxzzb/src/install/rm_interfaces/include/rm_interfaces/msg/detail
[16.722s] -- Installing: /home/robomaster/zxzzb/src/install/rm_interfaces/include/rm_interfaces/msg/detail/point2d__rosidl_typesupport_fastrtps_c.h
[16.722s] -- Installing: /home/robomaster/zxzzb/src/install/rm_interfaces/include/rm_interfaces/msg/detail/serial_receive_data__rosidl_typesupport_fastrtps_c.h
[16.722s] -- Installing: /home/robomaster/zxzzb/src/install/rm_interfaces/include/rm_interfaces/msg/detail/armor__rosidl_typesupport_fastrtps_c.h
[16.722s] -- Installing: /home/robomaster/zxzzb/src/install/rm_interfaces/include/rm_interfaces/msg/detail/chassis_cmd__rosidl_typesupport_fastrtps_c.h
[16.722s] -- Installing: /home/robomaster/zxzzb/src/install/rm_interfaces/include/rm_interfaces/msg/detail/measurement__rosidl_typesupport_fastrtps_c.h
[16.722s] -- Installing: /home/robomaster/zxzzb/src/install/rm_interfaces/include/rm_interfaces/msg/detail/operator_command__rosidl_typesupport_fastrtps_c.h
[16.722s] -- Installing: /home/robomaster/zxzzb/src/install/rm_interfaces/include/rm_interfaces/msg/detail/debug_light__rosidl_typesupport_fastrtps_c.h
[16.722s] -- Installing: /home/robomaster/zxzzb/src/install/rm_interfaces/include/rm_interfaces/msg/detail/debug_rune_angle__rosidl_typesupport_fastrtps_c.h
[16.722s] -- Installing: /home/robomaster/zxzzb/src/install/rm_interfaces/include/rm_interfaces/msg/detail/debug_armors__rosidl_typesupport_fastrtps_c.h
[16.722s] -- Installing: /home/robomaster/zxzzb/src/install/rm_interfaces/include/rm_interfaces/msg/detail/debug_armor__rosidl_typesupport_fastrtps_c.h
[16.722s] -- Installing: /home/robomaster/zxzzb/src/install/rm_interfaces/include/rm_interfaces/msg/detail/target__rosidl_typesupport_fastrtps_c.h
[16.722s] -- Installing: /home/robomaster/zxzzb/src/install/rm_interfaces/include/rm_interfaces/msg/detail/rune_target__rosidl_typesupport_fastrtps_c.h
[16.723s] -- Installing: /home/robomaster/zxzzb/src/install/rm_interfaces/include/rm_interfaces/msg/detail/armors__rosidl_typesupport_fastrtps_c.h
[16.723s] -- Installing: /home/robomaster/zxzzb/src/install/rm_interfaces/include/rm_interfaces/msg/detail/gimbal_cmd__rosidl_typesupport_fastrtps_c.h
[16.723s] -- Installing: /home/robomaster/zxzzb/src/install/rm_interfaces/include/rm_interfaces/msg/detail/debug_lights__rosidl_typesupport_fastrtps_c.h
[16.723s] -- Installing: /home/robomaster/zxzzb/src/install/rm_interfaces/include/rm_interfaces/msg/detail/judge_system_data__rosidl_typesupport_fastrtps_c.h
[16.723s] -- Up-to-date: /home/robomaster/zxzzb/src/install/rm_interfaces/include/rm_interfaces/srv
[16.723s] -- Up-to-date: /home/robomaster/zxzzb/src/install/rm_interfaces/include/rm_interfaces/srv/detail
[16.723s] -- Installing: /home/robomaster/zxzzb/src/install/rm_interfaces/include/rm_interfaces/srv/detail/set_mode__rosidl_typesupport_fastrtps_c.h
[16.723s] -- Installing: /home/robomaster/zxzzb/src/install/rm_interfaces/lib/librm_interfaces__rosidl_typesupport_fastrtps_c.so
[16.723s] -- Set runtime path of "/home/robomaster/zxzzb/src/install/rm_interfaces/lib/librm_interfaces__rosidl_typesupport_fastrtps_c.so" to ""
[16.723s] -- Up-to-date: /home/robomaster/zxzzb/src/install/rm_interfaces/include/rm_interfaces
[16.723s] -- Up-to-date: /home/robomaster/zxzzb/src/install/rm_interfaces/include/rm_interfaces/msg
[16.723s] -- Installing: /home/robomaster/zxzzb/src/install/rm_interfaces/include/rm_interfaces/msg/rosidl_typesupport_fastrtps_cpp__visibility_control.h
[16.723s] -- Up-to-date: /home/robomaster/zxzzb/src/install/rm_interfaces/include/rm_interfaces/msg/detail
[16.724s] -- Installing: /home/robomaster/zxzzb/src/install/rm_interfaces/include/rm_interfaces/msg/detail/debug_light__rosidl_typesupport_fastrtps_cpp.hpp
[16.724s] -- Installing: /home/robomaster/zxzzb/src/install/rm_interfaces/include/rm_interfaces/msg/detail/armors__rosidl_typesupport_fastrtps_cpp.hpp
[16.724s] -- Installing: /home/robomaster/zxzzb/src/install/rm_interfaces/include/rm_interfaces/msg/detail/chassis_cmd__rosidl_typesupport_fastrtps_cpp.hpp
[16.724s] -- Installing: /home/robomaster/zxzzb/src/install/rm_interfaces/include/rm_interfaces/msg/detail/judge_system_data__rosidl_typesupport_fastrtps_cpp.hpp
[16.724s] -- Installing: /home/robomaster/zxzzb/src/install/rm_interfaces/include/rm_interfaces/msg/detail/point2d__rosidl_typesupport_fastrtps_cpp.hpp
[16.724s] -- Installing: /home/robomaster/zxzzb/src/install/rm_interfaces/include/rm_interfaces/msg/detail/armor__rosidl_typesupport_fastrtps_cpp.hpp
[16.724s] -- Installing: /home/robomaster/zxzzb/src/install/rm_interfaces/include/rm_interfaces/msg/detail/debug_armors__rosidl_typesupport_fastrtps_cpp.hpp
[16.724s] -- Installing: /home/robomaster/zxzzb/src/install/rm_interfaces/include/rm_interfaces/msg/detail/debug_lights__rosidl_typesupport_fastrtps_cpp.hpp
[16.724s] -- Installing: /home/robomaster/zxzzb/src/install/rm_interfaces/include/rm_interfaces/msg/detail/dds_fastrtps
[16.724s] -- Installing: /home/robomaster/zxzzb/src/install/rm_interfaces/include/rm_interfaces/msg/detail/target__rosidl_typesupport_fastrtps_cpp.hpp
[16.724s] -- Installing: /home/robomaster/zxzzb/src/install/rm_interfaces/include/rm_interfaces/msg/detail/rune_target__rosidl_typesupport_fastrtps_cpp.hpp
[16.724s] -- Installing: /home/robomaster/zxzzb/src/install/rm_interfaces/include/rm_interfaces/msg/detail/debug_rune_angle__rosidl_typesupport_fastrtps_cpp.hpp
[16.724s] -- Installing: /home/robomaster/zxzzb/src/install/rm_interfaces/include/rm_interfaces/msg/detail/measurement__rosidl_typesupport_fastrtps_cpp.hpp
[16.724s] -- Installing: /home/robomaster/zxzzb/src/install/rm_interfaces/include/rm_interfaces/msg/detail/debug_armor__rosidl_typesupport_fastrtps_cpp.hpp
[16.724s] -- Installing: /home/robomaster/zxzzb/src/install/rm_interfaces/include/rm_interfaces/msg/detail/gimbal_cmd__rosidl_typesupport_fastrtps_cpp.hpp
[16.725s] -- Installing: /home/robomaster/zxzzb/src/install/rm_interfaces/include/rm_interfaces/msg/detail/operator_command__rosidl_typesupport_fastrtps_cpp.hpp
[16.725s] -- Installing: /home/robomaster/zxzzb/src/install/rm_interfaces/include/rm_interfaces/msg/detail/serial_receive_data__rosidl_typesupport_fastrtps_cpp.hpp
[16.725s] -- Up-to-date: /home/robomaster/zxzzb/src/install/rm_interfaces/include/rm_interfaces/srv
[16.725s] -- Up-to-date: /home/robomaster/zxzzb/src/install/rm_interfaces/include/rm_interfaces/srv/detail
[16.725s] -- Installing: /home/robomaster/zxzzb/src/install/rm_interfaces/include/rm_interfaces/srv/detail/dds_fastrtps
[16.725s] -- Installing: /home/robomaster/zxzzb/src/install/rm_interfaces/include/rm_interfaces/srv/detail/set_mode__rosidl_typesupport_fastrtps_cpp.hpp
[16.725s] -- Installing: /home/robomaster/zxzzb/src/install/rm_interfaces/lib/librm_interfaces__rosidl_typesupport_fastrtps_cpp.so
[16.725s] -- Set runtime path of "/home/robomaster/zxzzb/src/install/rm_interfaces/lib/librm_interfaces__rosidl_typesupport_fastrtps_cpp.so" to ""
[16.726s] -- Up-to-date: /home/robomaster/zxzzb/src/install/rm_interfaces/include/rm_interfaces
[16.726s] -- Up-to-date: /home/robomaster/zxzzb/src/install/rm_interfaces/include/rm_interfaces/msg
[16.726s] -- Up-to-date: /home/robomaster/zxzzb/src/install/rm_interfaces/include/rm_interfaces/msg/detail
[16.726s] -- Installing: /home/robomaster/zxzzb/src/install/rm_interfaces/include/rm_interfaces/msg/detail/target__type_support.c
[16.726s] -- Installing: /home/robomaster/zxzzb/src/install/rm_interfaces/include/rm_interfaces/msg/detail/debug_light__rosidl_typesupport_introspection_c.h
[16.726s] -- Installing: /home/robomaster/zxzzb/src/install/rm_interfaces/include/rm_interfaces/msg/detail/judge_system_data__type_support.c
[16.727s] -- Installing: /home/robomaster/zxzzb/src/install/rm_interfaces/include/rm_interfaces/msg/detail/operator_command__rosidl_typesupport_introspection_c.h
[16.727s] -- Installing: /home/robomaster/zxzzb/src/install/rm_interfaces/include/rm_interfaces/msg/detail/debug_lights__type_support.c
[16.727s] -- Installing: /home/robomaster/zxzzb/src/install/rm_interfaces/include/rm_interfaces/msg/detail/measurement__type_support.c
[16.727s] -- Installing: /home/robomaster/zxzzb/src/install/rm_interfaces/include/rm_interfaces/msg/detail/armor__type_support.c
[16.727s] -- Installing: /home/robomaster/zxzzb/src/install/rm_interfaces/include/rm_interfaces/msg/detail/armors__rosidl_typesupport_introspection_c.h
[16.727s] -- Installing: /home/robomaster/zxzzb/src/install/rm_interfaces/include/rm_interfaces/msg/detail/rune_target__rosidl_typesupport_introspection_c.h
[16.727s] -- Installing: /home/robomaster/zxzzb/src/install/rm_interfaces/include/rm_interfaces/msg/detail/debug_armors__type_support.c
[16.728s] -- Installing: /home/robomaster/zxzzb/src/install/rm_interfaces/include/rm_interfaces/msg/detail/debug_lights__rosidl_typesupport_introspection_c.h
[16.728s] -- Installing: /home/robomaster/zxzzb/src/install/rm_interfaces/include/rm_interfaces/msg/detail/point2d__type_support.c
[16.728s] -- Installing: /home/robomaster/zxzzb/src/install/rm_interfaces/include/rm_interfaces/msg/detail/measurement__rosidl_typesupport_introspection_c.h
[16.728s] -- Installing: /home/robomaster/zxzzb/src/install/rm_interfaces/include/rm_interfaces/msg/detail/debug_armor__rosidl_typesupport_introspection_c.h
[16.728s] -- Installing: /home/robomaster/zxzzb/src/install/rm_interfaces/include/rm_interfaces/msg/detail/gimbal_cmd__rosidl_typesupport_introspection_c.h
[16.728s] -- Installing: /home/robomaster/zxzzb/src/install/rm_interfaces/include/rm_interfaces/msg/detail/chassis_cmd__type_support.c
[16.728s] -- Installing: /home/robomaster/zxzzb/src/install/rm_interfaces/include/rm_interfaces/msg/detail/point2d__rosidl_typesupport_introspection_c.h
[16.728s] -- Installing: /home/robomaster/zxzzb/src/install/rm_interfaces/include/rm_interfaces/msg/detail/armors__type_support.c
[16.728s] -- Installing: /home/robomaster/zxzzb/src/install/rm_interfaces/include/rm_interfaces/msg/detail/debug_rune_angle__rosidl_typesupport_introspection_c.h
[16.729s] -- Installing: /home/robomaster/zxzzb/src/install/rm_interfaces/include/rm_interfaces/msg/detail/armor__rosidl_typesupport_introspection_c.h
[16.729s] -- Installing: /home/robomaster/zxzzb/src/install/rm_interfaces/include/rm_interfaces/msg/detail/target__rosidl_typesupport_introspection_c.h
[16.729s] -- Installing: /home/robomaster/zxzzb/src/install/rm_interfaces/include/rm_interfaces/msg/detail/serial_receive_data__type_support.c
[16.729s] -- Installing: /home/robomaster/zxzzb/src/install/rm_interfaces/include/rm_interfaces/msg/detail/debug_armors__rosidl_typesupport_introspection_c.h
[16.729s] -- Installing: /home/robomaster/zxzzb/src/install/rm_interfaces/include/rm_interfaces/msg/detail/operator_command__type_support.c
[16.729s] -- Installing: /home/robomaster/zxzzb/src/install/rm_interfaces/include/rm_interfaces/msg/detail/serial_receive_data__rosidl_typesupport_introspection_c.h
[16.729s] -- Installing: /home/robomaster/zxzzb/src/install/rm_interfaces/include/rm_interfaces/msg/detail/chassis_cmd__rosidl_typesupport_introspection_c.h
[16.729s] -- Installing: /home/robomaster/zxzzb/src/install/rm_interfaces/include/rm_interfaces/msg/detail/rune_target__type_support.c
[16.729s] -- Installing: /home/robomaster/zxzzb/src/install/rm_interfaces/include/rm_interfaces/msg/detail/debug_rune_angle__type_support.c
[16.730s] -- Installing: /home/robomaster/zxzzb/src/install/rm_interfaces/include/rm_interfaces/msg/detail/debug_light__type_support.c
[16.730s] -- Installing: /home/robomaster/zxzzb/src/install/rm_interfaces/include/rm_interfaces/msg/detail/judge_system_data__rosidl_typesupport_introspection_c.h
[16.730s] -- Installing: /home/robomaster/zxzzb/src/install/rm_interfaces/include/rm_interfaces/msg/detail/gimbal_cmd__type_support.c
[16.730s] -- Installing: /home/robomaster/zxzzb/src/install/rm_interfaces/include/rm_interfaces/msg/detail/debug_armor__type_support.c
[16.730s] -- Installing: /home/robomaster/zxzzb/src/install/rm_interfaces/include/rm_interfaces/msg/rosidl_typesupport_introspection_c__visibility_control.h
[16.730s] -- Up-to-date: /home/robomaster/zxzzb/src/install/rm_interfaces/include/rm_interfaces/srv
[16.730s] -- Up-to-date: /home/robomaster/zxzzb/src/install/rm_interfaces/include/rm_interfaces/srv/detail
[16.730s] -- Installing: /home/robomaster/zxzzb/src/install/rm_interfaces/include/rm_interfaces/srv/detail/set_mode__rosidl_typesupport_introspection_c.h
[16.730s] -- Installing: /home/robomaster/zxzzb/src/install/rm_interfaces/include/rm_interfaces/srv/detail/set_mode__type_support.c
[16.730s] -- Installing: /home/robomaster/zxzzb/src/install/rm_interfaces/lib/librm_interfaces__rosidl_typesupport_introspection_c.so
[16.730s] -- Set runtime path of "/home/robomaster/zxzzb/src/install/rm_interfaces/lib/librm_interfaces__rosidl_typesupport_introspection_c.so" to ""
[16.731s] -- Installing: /home/robomaster/zxzzb/src/install/rm_interfaces/lib/librm_interfaces__rosidl_typesupport_c.so
[16.731s] -- Set runtime path of "/home/robomaster/zxzzb/src/install/rm_interfaces/lib/librm_interfaces__rosidl_typesupport_c.so" to ""
[16.731s] -- Up-to-date: /home/robomaster/zxzzb/src/install/rm_interfaces/include/rm_interfaces
[16.731s] -- Up-to-date: /home/robomaster/zxzzb/src/install/rm_interfaces/include/rm_interfaces/msg
[16.731s] -- Installing: /home/robomaster/zxzzb/src/install/rm_interfaces/include/rm_interfaces/msg/measurement.hpp
[16.731s] -- Installing: /home/robomaster/zxzzb/src/install/rm_interfaces/include/rm_interfaces/msg/debug_light.hpp
[16.731s] -- Installing: /home/robomaster/zxzzb/src/install/rm_interfaces/include/rm_interfaces/msg/debug_rune_angle.hpp
[16.731s] -- Installing: /home/robomaster/zxzzb/src/install/rm_interfaces/include/rm_interfaces/msg/debug_lights.hpp
[16.731s] -- Installing: /home/robomaster/zxzzb/src/install/rm_interfaces/include/rm_interfaces/msg/armors.hpp
[16.731s] -- Installing: /home/robomaster/zxzzb/src/install/rm_interfaces/include/rm_interfaces/msg/debug_armor.hpp
[16.731s] -- Installing: /home/robomaster/zxzzb/src/install/rm_interfaces/include/rm_interfaces/msg/target.hpp
[16.732s] -- Up-to-date: /home/robomaster/zxzzb/src/install/rm_interfaces/include/rm_interfaces/msg/detail
[16.732s] -- Installing: /home/robomaster/zxzzb/src/install/rm_interfaces/include/rm_interfaces/msg/detail/serial_receive_data__builder.hpp
[16.732s] -- Installing: /home/robomaster/zxzzb/src/install/rm_interfaces/include/rm_interfaces/msg/detail/debug_lights__builder.hpp
[16.732s] -- Installing: /home/robomaster/zxzzb/src/install/rm_interfaces/include/rm_interfaces/msg/detail/gimbal_cmd__builder.hpp
[16.732s] -- Installing: /home/robomaster/zxzzb/src/install/rm_interfaces/include/rm_interfaces/msg/detail/debug_armors__traits.hpp
[16.732s] -- Installing: /home/robomaster/zxzzb/src/install/rm_interfaces/include/rm_interfaces/msg/detail/debug_armors__builder.hpp
[16.732s] -- Installing: /home/robomaster/zxzzb/src/install/rm_interfaces/include/rm_interfaces/msg/detail/armors__struct.hpp
[16.732s] -- Installing: /home/robomaster/zxzzb/src/install/rm_interfaces/include/rm_interfaces/msg/detail/rune_target__struct.hpp
[16.732s] -- Installing: /home/robomaster/zxzzb/src/install/rm_interfaces/include/rm_interfaces/msg/detail/armor__struct.hpp
[16.732s] -- Installing: /home/robomaster/zxzzb/src/install/rm_interfaces/include/rm_interfaces/msg/detail/debug_light__builder.hpp
[16.732s] -- Installing: /home/robomaster/zxzzb/src/install/rm_interfaces/include/rm_interfaces/msg/detail/debug_armor__traits.hpp
[16.732s] -- Installing: /home/robomaster/zxzzb/src/install/rm_interfaces/include/rm_interfaces/msg/detail/operator_command__builder.hpp
[16.733s] -- Installing: /home/robomaster/zxzzb/src/install/rm_interfaces/include/rm_interfaces/msg/detail/debug_rune_angle__traits.hpp
[16.733s] -- Installing: /home/robomaster/zxzzb/src/install/rm_interfaces/include/rm_interfaces/msg/detail/point2d__builder.hpp
[16.733s] -- Installing: /home/robomaster/zxzzb/src/install/rm_interfaces/include/rm_interfaces/msg/detail/debug_rune_angle__builder.hpp
[16.733s] -- Installing: /home/robomaster/zxzzb/src/install/rm_interfaces/include/rm_interfaces/msg/detail/target__struct.hpp
[16.733s] -- Installing: /home/robomaster/zxzzb/src/install/rm_interfaces/include/rm_interfaces/msg/detail/chassis_cmd__struct.hpp
[16.733s] -- Installing: /home/robomaster/zxzzb/src/install/rm_interfaces/include/rm_interfaces/msg/detail/armor__builder.hpp
[16.733s] -- Installing: /home/robomaster/zxzzb/src/install/rm_interfaces/include/rm_interfaces/msg/detail/point2d__traits.hpp
[16.733s] -- Installing: /home/robomaster/zxzzb/src/install/rm_interfaces/include/rm_interfaces/msg/detail/debug_light__struct.hpp
[16.733s] -- Installing: /home/robomaster/zxzzb/src/install/rm_interfaces/include/rm_interfaces/msg/detail/judge_system_data__builder.hpp
[16.733s] -- Installing: /home/robomaster/zxzzb/src/install/rm_interfaces/include/rm_interfaces/msg/detail/rune_target__traits.hpp
[16.733s] -- Installing: /home/robomaster/zxzzb/src/install/rm_interfaces/include/rm_interfaces/msg/detail/judge_system_data__traits.hpp
[16.734s] -- Installing: /home/robomaster/zxzzb/src/install/rm_interfaces/include/rm_interfaces/msg/detail/chassis_cmd__traits.hpp
[16.734s] -- Installing: /home/robomaster/zxzzb/src/install/rm_interfaces/include/rm_interfaces/msg/detail/point2d__struct.hpp
[16.734s] -- Installing: /home/robomaster/zxzzb/src/install/rm_interfaces/include/rm_interfaces/msg/detail/debug_rune_angle__struct.hpp
[16.734s] -- Installing: /home/robomaster/zxzzb/src/install/rm_interfaces/include/rm_interfaces/msg/detail/gimbal_cmd__traits.hpp
[16.734s] -- Installing: /home/robomaster/zxzzb/src/install/rm_interfaces/include/rm_interfaces/msg/detail/serial_receive_data__traits.hpp
[16.734s] -- Installing: /home/robomaster/zxzzb/src/install/rm_interfaces/include/rm_interfaces/msg/detail/target__traits.hpp
[16.734s] -- Installing: /home/robomaster/zxzzb/src/install/rm_interfaces/include/rm_interfaces/msg/detail/rune_target__builder.hpp
[16.734s] -- Installing: /home/robomaster/zxzzb/src/install/rm_interfaces/include/rm_interfaces/msg/detail/operator_command__struct.hpp
[16.734s] -- Installing: /home/robomaster/zxzzb/src/install/rm_interfaces/include/rm_interfaces/msg/detail/armors__builder.hpp
[16.734s] -- Installing: /home/robomaster/zxzzb/src/install/rm_interfaces/include/rm_interfaces/msg/detail/serial_receive_data__struct.hpp
[16.734s] -- Installing: /home/robomaster/zxzzb/src/install/rm_interfaces/include/rm_interfaces/msg/detail/debug_light__traits.hpp
[16.734s] -- Installing: /home/robomaster/zxzzb/src/install/rm_interfaces/include/rm_interfaces/msg/detail/debug_armors__struct.hpp
[16.735s] -- Installing: /home/robomaster/zxzzb/src/install/rm_interfaces/include/rm_interfaces/msg/detail/debug_armor__struct.hpp
[16.735s] -- Installing: /home/robomaster/zxzzb/src/install/rm_interfaces/include/rm_interfaces/msg/detail/debug_lights__traits.hpp
[16.735s] -- Installing: /home/robomaster/zxzzb/src/install/rm_interfaces/include/rm_interfaces/msg/detail/measurement__builder.hpp
[16.735s] -- Installing: /home/robomaster/zxzzb/src/install/rm_interfaces/include/rm_interfaces/msg/detail/measurement__struct.hpp
[16.735s] -- Installing: /home/robomaster/zxzzb/src/install/rm_interfaces/include/rm_interfaces/msg/detail/gimbal_cmd__struct.hpp
[16.735s] -- Installing: /home/robomaster/zxzzb/src/install/rm_interfaces/include/rm_interfaces/msg/detail/judge_system_data__struct.hpp
[16.735s] -- Installing: /home/robomaster/zxzzb/src/install/rm_interfaces/include/rm_interfaces/msg/detail/armors__traits.hpp
[16.735s] -- Installing: /home/robomaster/zxzzb/src/install/rm_interfaces/include/rm_interfaces/msg/detail/operator_command__traits.hpp
[16.735s] -- Installing: /home/robomaster/zxzzb/src/install/rm_interfaces/include/rm_interfaces/msg/detail/debug_armor__builder.hpp
[16.735s] -- Installing: /home/robomaster/zxzzb/src/install/rm_interfaces/include/rm_interfaces/msg/detail/debug_lights__struct.hpp
[16.735s] -- Installing: /home/robomaster/zxzzb/src/install/rm_interfaces/include/rm_interfaces/msg/detail/measurement__traits.hpp
[16.735s] -- Installing: /home/robomaster/zxzzb/src/install/rm_interfaces/include/rm_interfaces/msg/detail/target__builder.hpp
[16.736s] -- Installing: /home/robomaster/zxzzb/src/install/rm_interfaces/include/rm_interfaces/msg/detail/armor__traits.hpp
[16.736s] -- Installing: /home/robomaster/zxzzb/src/install/rm_interfaces/include/rm_interfaces/msg/detail/chassis_cmd__builder.hpp
[16.736s] -- Installing: /home/robomaster/zxzzb/src/install/rm_interfaces/include/rm_interfaces/msg/gimbal_cmd.hpp
[16.736s] -- Installing: /home/robomaster/zxzzb/src/install/rm_interfaces/include/rm_interfaces/msg/armor.hpp
[16.736s] -- Installing: /home/robomaster/zxzzb/src/install/rm_interfaces/include/rm_interfaces/msg/serial_receive_data.hpp
[16.736s] -- Installing: /home/robomaster/zxzzb/src/install/rm_interfaces/include/rm_interfaces/msg/judge_system_data.hpp
[16.736s] -- Installing: /home/robomaster/zxzzb/src/install/rm_interfaces/include/rm_interfaces/msg/operator_command.hpp
[16.736s] -- Installing: /home/robomaster/zxzzb/src/install/rm_interfaces/include/rm_interfaces/msg/point2d.hpp
[16.736s] -- Installing: /home/robomaster/zxzzb/src/install/rm_interfaces/include/rm_interfaces/msg/chassis_cmd.hpp
[16.736s] -- Installing: /home/robomaster/zxzzb/src/install/rm_interfaces/include/rm_interfaces/msg/rune_target.hpp
[16.736s] -- Installing: /home/robomaster/zxzzb/src/install/rm_interfaces/include/rm_interfaces/msg/debug_armors.hpp
[16.736s] -- Up-to-date: /home/robomaster/zxzzb/src/install/rm_interfaces/include/rm_interfaces/srv
[16.736s] -- Up-to-date: /home/robomaster/zxzzb/src/install/rm_interfaces/include/rm_interfaces/srv/detail
[16.737s] -- Installing: /home/robomaster/zxzzb/src/install/rm_interfaces/include/rm_interfaces/srv/detail/set_mode__struct.hpp
[16.737s] -- Installing: /home/robomaster/zxzzb/src/install/rm_interfaces/include/rm_interfaces/srv/detail/set_mode__traits.hpp
[16.737s] -- Installing: /home/robomaster/zxzzb/src/install/rm_interfaces/include/rm_interfaces/srv/detail/set_mode__builder.hpp
[16.737s] -- Installing: /home/robomaster/zxzzb/src/install/rm_interfaces/include/rm_interfaces/srv/set_mode.hpp
[16.737s] -- Up-to-date: /home/robomaster/zxzzb/src/install/rm_interfaces/include/rm_interfaces
[16.737s] -- Up-to-date: /home/robomaster/zxzzb/src/install/rm_interfaces/include/rm_interfaces/msg
[16.737s] -- Up-to-date: /home/robomaster/zxzzb/src/install/rm_interfaces/include/rm_interfaces/msg/detail
[16.737s] -- Installing: /home/robomaster/zxzzb/src/install/rm_interfaces/include/rm_interfaces/msg/detail/debug_lights__rosidl_typesupport_introspection_cpp.hpp
[16.737s] -- Installing: /home/robomaster/zxzzb/src/install/rm_interfaces/include/rm_interfaces/msg/detail/rune_target__type_support.cpp
[16.737s] -- Installing: /home/robomaster/zxzzb/src/install/rm_interfaces/include/rm_interfaces/msg/detail/serial_receive_data__type_support.cpp
[16.737s] -- Installing: /home/robomaster/zxzzb/src/install/rm_interfaces/include/rm_interfaces/msg/detail/serial_receive_data__rosidl_typesupport_introspection_cpp.hpp
[16.737s] -- Installing: /home/robomaster/zxzzb/src/install/rm_interfaces/include/rm_interfaces/msg/detail/debug_armors__type_support.cpp
[16.738s] -- Installing: /home/robomaster/zxzzb/src/install/rm_interfaces/include/rm_interfaces/msg/detail/point2d__rosidl_typesupport_introspection_cpp.hpp
[16.738s] -- Installing: /home/robomaster/zxzzb/src/install/rm_interfaces/include/rm_interfaces/msg/detail/armors__rosidl_typesupport_introspection_cpp.hpp
[16.738s] -- Installing: /home/robomaster/zxzzb/src/install/rm_interfaces/include/rm_interfaces/msg/detail/measurement__type_support.cpp
[16.738s] -- Installing: /home/robomaster/zxzzb/src/install/rm_interfaces/include/rm_interfaces/msg/detail/measurement__rosidl_typesupport_introspection_cpp.hpp
[16.738s] -- Installing: /home/robomaster/zxzzb/src/install/rm_interfaces/include/rm_interfaces/msg/detail/debug_light__rosidl_typesupport_introspection_cpp.hpp
[16.738s] -- Installing: /home/robomaster/zxzzb/src/install/rm_interfaces/include/rm_interfaces/msg/detail/judge_system_data__rosidl_typesupport_introspection_cpp.hpp
[16.738s] -- Installing: /home/robomaster/zxzzb/src/install/rm_interfaces/include/rm_interfaces/msg/detail/debug_armor__rosidl_typesupport_introspection_cpp.hpp
[16.738s] -- Installing: /home/robomaster/zxzzb/src/install/rm_interfaces/include/rm_interfaces/msg/detail/point2d__type_support.cpp
[16.738s] -- Installing: /home/robomaster/zxzzb/src/install/rm_interfaces/include/rm_interfaces/msg/detail/debug_armors__rosidl_typesupport_introspection_cpp.hpp
[16.738s] -- Installing: /home/robomaster/zxzzb/src/install/rm_interfaces/include/rm_interfaces/msg/detail/gimbal_cmd__type_support.cpp
[16.738s] -- Installing: /home/robomaster/zxzzb/src/install/rm_interfaces/include/rm_interfaces/msg/detail/armors__type_support.cpp
[16.738s] -- Installing: /home/robomaster/zxzzb/src/install/rm_interfaces/include/rm_interfaces/msg/detail/debug_lights__type_support.cpp
[16.739s] -- Installing: /home/robomaster/zxzzb/src/install/rm_interfaces/include/rm_interfaces/msg/detail/target__rosidl_typesupport_introspection_cpp.hpp
[16.739s] -- Installing: /home/robomaster/zxzzb/src/install/rm_interfaces/include/rm_interfaces/msg/detail/target__type_support.cpp
[16.739s] -- Installing: /home/robomaster/zxzzb/src/install/rm_interfaces/include/rm_interfaces/msg/detail/chassis_cmd__rosidl_typesupport_introspection_cpp.hpp
[16.739s] -- Installing: /home/robomaster/zxzzb/src/install/rm_interfaces/include/rm_interfaces/msg/detail/armor__type_support.cpp
[16.739s] -- Installing: /home/robomaster/zxzzb/src/install/rm_interfaces/include/rm_interfaces/msg/detail/rune_target__rosidl_typesupport_introspection_cpp.hpp
[16.739s] -- Installing: /home/robomaster/zxzzb/src/install/rm_interfaces/include/rm_interfaces/msg/detail/debug_rune_angle__rosidl_typesupport_introspection_cpp.hpp
[16.739s] -- Installing: /home/robomaster/zxzzb/src/install/rm_interfaces/include/rm_interfaces/msg/detail/debug_rune_angle__type_support.cpp
[16.739s] -- Installing: /home/robomaster/zxzzb/src/install/rm_interfaces/include/rm_interfaces/msg/detail/debug_light__type_support.cpp
[16.739s] -- Installing: /home/robomaster/zxzzb/src/install/rm_interfaces/include/rm_interfaces/msg/detail/armor__rosidl_typesupport_introspection_cpp.hpp
[16.740s] -- Installing: /home/robomaster/zxzzb/src/install/rm_interfaces/include/rm_interfaces/msg/detail/operator_command__type_support.cpp
[16.740s] -- Installing: /home/robomaster/zxzzb/src/install/rm_interfaces/include/rm_interfaces/msg/detail/gimbal_cmd__rosidl_typesupport_introspection_cpp.hpp
[16.740s] -- Installing: /home/robomaster/zxzzb/src/install/rm_interfaces/include/rm_interfaces/msg/detail/judge_system_data__type_support.cpp
[16.740s] -- Installing: /home/robomaster/zxzzb/src/install/rm_interfaces/include/rm_interfaces/msg/detail/chassis_cmd__type_support.cpp
[16.740s] -- Installing: /home/robomaster/zxzzb/src/install/rm_interfaces/include/rm_interfaces/msg/detail/operator_command__rosidl_typesupport_introspection_cpp.hpp
[16.740s] -- Installing: /home/robomaster/zxzzb/src/install/rm_interfaces/include/rm_interfaces/msg/detail/debug_armor__type_support.cpp
[16.740s] -- Up-to-date: /home/robomaster/zxzzb/src/install/rm_interfaces/include/rm_interfaces/srv
[16.740s] -- Up-to-date: /home/robomaster/zxzzb/src/install/rm_interfaces/include/rm_interfaces/srv/detail
[16.740s] -- Installing: /home/robomaster/zxzzb/src/install/rm_interfaces/include/rm_interfaces/srv/detail/set_mode__rosidl_typesupport_introspection_cpp.hpp
[16.741s] -- Installing: /home/robomaster/zxzzb/src/install/rm_interfaces/include/rm_interfaces/srv/detail/set_mode__type_support.cpp
[16.741s] -- Installing: /home/robomaster/zxzzb/src/install/rm_interfaces/lib/librm_interfaces__rosidl_typesupport_introspection_cpp.so
[16.741s] -- Set runtime path of "/home/robomaster/zxzzb/src/install/rm_interfaces/lib/librm_interfaces__rosidl_typesupport_introspection_cpp.so" to ""
[16.741s] -- Installing: /home/robomaster/zxzzb/src/install/rm_interfaces/lib/librm_interfaces__rosidl_typesupport_cpp.so
[16.741s] -- Set runtime path of "/home/robomaster/zxzzb/src/install/rm_interfaces/lib/librm_interfaces__rosidl_typesupport_cpp.so" to ""
[16.741s] -- Installing: /home/robomaster/zxzzb/src/install/rm_interfaces/share/rm_interfaces/environment/pythonpath.sh
[16.741s] -- Installing: /home/robomaster/zxzzb/src/install/rm_interfaces/share/rm_interfaces/environment/pythonpath.dsv
[16.741s] -- Installing: /home/robomaster/zxzzb/src/install/rm_interfaces/lib/python3.8/site-packages/rm_interfaces/__init__.py
[16.768s] Compiling '/home/robomaster/zxzzb/src/install/rm_interfaces/lib/python3.8/site-packages/rm_interfaces/__init__.py'...
[16.777s] -- Installing: /home/robomaster/zxzzb/src/install/rm_interfaces/lib/python3.8/site-packages/rm_interfaces/msg
[16.778s] -- Installing: /home/robomaster/zxzzb/src/install/rm_interfaces/lib/python3.8/site-packages/rm_interfaces/msg/_rune_target.py
[16.778s] -- Installing: /home/robomaster/zxzzb/src/install/rm_interfaces/lib/python3.8/site-packages/rm_interfaces/msg/_debug_lights_s.c
[16.778s] -- Installing: /home/robomaster/zxzzb/src/install/rm_interfaces/lib/python3.8/site-packages/rm_interfaces/msg/_debug_armor.py
[16.778s] -- Installing: /home/robomaster/zxzzb/src/install/rm_interfaces/lib/python3.8/site-packages/rm_interfaces/msg/_operator_command_s.c
[16.778s] -- Installing: /home/robomaster/zxzzb/src/install/rm_interfaces/lib/python3.8/site-packages/rm_interfaces/msg/_operator_command.py
[16.778s] -- Installing: /home/robomaster/zxzzb/src/install/rm_interfaces/lib/python3.8/site-packages/rm_interfaces/msg/_target.py
[16.778s] -- Installing: /home/robomaster/zxzzb/src/install/rm_interfaces/lib/python3.8/site-packages/rm_interfaces/msg/_armor.py
[16.779s] -- Installing: /home/robomaster/zxzzb/src/install/rm_interfaces/lib/python3.8/site-packages/rm_interfaces/msg/_point2d_s.c
[16.779s] -- Installing: /home/robomaster/zxzzb/src/install/rm_interfaces/lib/python3.8/site-packages/rm_interfaces/msg/__init__.py
[16.779s] -- Installing: /home/robomaster/zxzzb/src/install/rm_interfaces/lib/python3.8/site-packages/rm_interfaces/msg/_armors_s.c
[16.779s] -- Installing: /home/robomaster/zxzzb/src/install/rm_interfaces/lib/python3.8/site-packages/rm_interfaces/msg/_gimbal_cmd_s.c
[16.779s] -- Installing: /home/robomaster/zxzzb/src/install/rm_interfaces/lib/python3.8/site-packages/rm_interfaces/msg/_judge_system_data.py
[16.779s] -- Installing: /home/robomaster/zxzzb/src/install/rm_interfaces/lib/python3.8/site-packages/rm_interfaces/msg/_measurement_s.c
[16.782s] -- Installing: /home/robomaster/zxzzb/src/install/rm_interfaces/lib/python3.8/site-packages/rm_interfaces/msg/_target_s.c
[16.782s] -- Installing: /home/robomaster/zxzzb/src/install/rm_interfaces/lib/python3.8/site-packages/rm_interfaces/msg/_debug_light_s.c
[16.782s] -- Installing: /home/robomaster/zxzzb/src/install/rm_interfaces/lib/python3.8/site-packages/rm_interfaces/msg/_debug_lights.py
[16.782s] -- Installing: /home/robomaster/zxzzb/src/install/rm_interfaces/lib/python3.8/site-packages/rm_interfaces/msg/_rune_target_s.c
[16.783s] -- Installing: /home/robomaster/zxzzb/src/install/rm_interfaces/lib/python3.8/site-packages/rm_interfaces/msg/_judge_system_data_s.c
[16.783s] -- Installing: /home/robomaster/zxzzb/src/install/rm_interfaces/lib/python3.8/site-packages/rm_interfaces/msg/_gimbal_cmd.py
[16.783s] -- Installing: /home/robomaster/zxzzb/src/install/rm_interfaces/lib/python3.8/site-packages/rm_interfaces/msg/_armors.py
[16.783s] -- Installing: /home/robomaster/zxzzb/src/install/rm_interfaces/lib/python3.8/site-packages/rm_interfaces/msg/_measurement.py
[16.783s] -- Installing: /home/robomaster/zxzzb/src/install/rm_interfaces/lib/python3.8/site-packages/rm_interfaces/msg/_debug_armor_s.c
[16.783s] -- Installing: /home/robomaster/zxzzb/src/install/rm_interfaces/lib/python3.8/site-packages/rm_interfaces/msg/_chassis_cmd_s.c
[16.783s] -- Installing: /home/robomaster/zxzzb/src/install/rm_interfaces/lib/python3.8/site-packages/rm_interfaces/msg/_serial_receive_data.py
[16.783s] -- Installing: /home/robomaster/zxzzb/src/install/rm_interfaces/lib/python3.8/site-packages/rm_interfaces/msg/_debug_armors.py
[16.783s] -- Installing: /home/robomaster/zxzzb/src/install/rm_interfaces/lib/python3.8/site-packages/rm_interfaces/msg/_point2d.py
[16.783s] -- Installing: /home/robomaster/zxzzb/src/install/rm_interfaces/lib/python3.8/site-packages/rm_interfaces/msg/_debug_light.py
[16.783s] -- Installing: /home/robomaster/zxzzb/src/install/rm_interfaces/lib/python3.8/site-packages/rm_interfaces/msg/_armor_s.c
[16.783s] -- Installing: /home/robomaster/zxzzb/src/install/rm_interfaces/lib/python3.8/site-packages/rm_interfaces/msg/_chassis_cmd.py
[16.783s] -- Installing: /home/robomaster/zxzzb/src/install/rm_interfaces/lib/python3.8/site-packages/rm_interfaces/msg/_debug_armors_s.c
[16.783s] -- Installing: /home/robomaster/zxzzb/src/install/rm_interfaces/lib/python3.8/site-packages/rm_interfaces/msg/_serial_receive_data_s.c
[16.783s] -- Installing: /home/robomaster/zxzzb/src/install/rm_interfaces/lib/python3.8/site-packages/rm_interfaces/msg/_debug_rune_angle_s.c
[16.783s] -- Installing: /home/robomaster/zxzzb/src/install/rm_interfaces/lib/python3.8/site-packages/rm_interfaces/msg/_debug_rune_angle.py
[16.783s] -- Installing: /home/robomaster/zxzzb/src/install/rm_interfaces/lib/python3.8/site-packages/rm_interfaces/srv
[16.783s] -- Installing: /home/robomaster/zxzzb/src/install/rm_interfaces/lib/python3.8/site-packages/rm_interfaces/srv/_set_mode.py
[16.783s] -- Installing: /home/robomaster/zxzzb/src/install/rm_interfaces/lib/python3.8/site-packages/rm_interfaces/srv/__init__.py
[16.783s] -- Installing: /home/robomaster/zxzzb/src/install/rm_interfaces/lib/python3.8/site-packages/rm_interfaces/srv/_set_mode_s.c
[16.784s] -- Installing: /home/robomaster/zxzzb/src/install/rm_interfaces/lib/python3.8/site-packages/rm_interfaces/rm_interfaces_s__rosidl_typesupport_fastrtps_c.cpython-38-x86_64-linux-gnu.so
[16.784s] -- Set runtime path of "/home/robomaster/zxzzb/src/install/rm_interfaces/lib/python3.8/site-packages/rm_interfaces/rm_interfaces_s__rosidl_typesupport_fastrtps_c.cpython-38-x86_64-linux-gnu.so" to ""
[16.784s] -- Installing: /home/robomaster/zxzzb/src/install/rm_interfaces/lib/python3.8/site-packages/rm_interfaces/rm_interfaces_s__rosidl_typesupport_introspection_c.cpython-38-x86_64-linux-gnu.so
[16.784s] -- Set runtime path of "/home/robomaster/zxzzb/src/install/rm_interfaces/lib/python3.8/site-packages/rm_interfaces/rm_interfaces_s__rosidl_typesupport_introspection_c.cpython-38-x86_64-linux-gnu.so" to ""
[16.784s] -- Installing: /home/robomaster/zxzzb/src/install/rm_interfaces/lib/python3.8/site-packages/rm_interfaces/rm_interfaces_s__rosidl_typesupport_c.cpython-38-x86_64-linux-gnu.so
[16.784s] -- Set runtime path of "/home/robomaster/zxzzb/src/install/rm_interfaces/lib/python3.8/site-packages/rm_interfaces/rm_interfaces_s__rosidl_typesupport_c.cpython-38-x86_64-linux-gnu.so" to ""
[16.784s] -- Installing: /home/robomaster/zxzzb/src/install/rm_interfaces/lib/librm_interfaces__python.so
[16.784s] -- Set runtime path of "/home/robomaster/zxzzb/src/install/rm_interfaces/lib/librm_interfaces__python.so" to ""
[16.784s] -- Installing: /home/robomaster/zxzzb/src/install/rm_interfaces/share/rm_interfaces/msg/Armor.idl
[16.784s] -- Installing: /home/robomaster/zxzzb/src/install/rm_interfaces/share/rm_interfaces/msg/Armors.idl
[16.784s] -- Installing: /home/robomaster/zxzzb/src/install/rm_interfaces/share/rm_interfaces/msg/Target.idl
[16.784s] -- Installing: /home/robomaster/zxzzb/src/install/rm_interfaces/share/rm_interfaces/msg/RuneTarget.idl
[16.785s] -- Installing: /home/robomaster/zxzzb/src/install/rm_interfaces/share/rm_interfaces/msg/Point2d.idl
[16.785s] -- Installing: /home/robomaster/zxzzb/src/install/rm_interfaces/share/rm_interfaces/msg/GimbalCmd.idl
[16.785s] -- Installing: /home/robomaster/zxzzb/src/install/rm_interfaces/share/rm_interfaces/msg/ChassisCmd.idl
[16.785s] -- Installing: /home/robomaster/zxzzb/src/install/rm_interfaces/share/rm_interfaces/msg/DebugLight.idl
[16.785s] -- Installing: /home/robomaster/zxzzb/src/install/rm_interfaces/share/rm_interfaces/msg/DebugLights.idl
[16.785s] -- Installing: /home/robomaster/zxzzb/src/install/rm_interfaces/share/rm_interfaces/msg/DebugArmor.idl
[16.785s] -- Installing: /home/robomaster/zxzzb/src/install/rm_interfaces/share/rm_interfaces/msg/DebugArmors.idl
[16.785s] -- Installing: /home/robomaster/zxzzb/src/install/rm_interfaces/share/rm_interfaces/msg/DebugRuneAngle.idl
[16.785s] -- Installing: /home/robomaster/zxzzb/src/install/rm_interfaces/share/rm_interfaces/msg/Measurement.idl
[16.785s] -- Installing: /home/robomaster/zxzzb/src/install/rm_interfaces/share/rm_interfaces/msg/JudgeSystemData.idl
[16.785s] -- Installing: /home/robomaster/zxzzb/src/install/rm_interfaces/share/rm_interfaces/msg/OperatorCommand.idl
[16.786s] -- Installing: /home/robomaster/zxzzb/src/install/rm_interfaces/share/rm_interfaces/msg/SerialReceiveData.idl
[16.786s] -- Installing: /home/robomaster/zxzzb/src/install/rm_interfaces/share/rm_interfaces/srv/SetMode.idl
[16.786s] -- Installing: /home/robomaster/zxzzb/src/install/rm_interfaces/share/rm_interfaces/msg/Armor.msg
[16.786s] -- Installing: /home/robomaster/zxzzb/src/install/rm_interfaces/share/rm_interfaces/msg/Armors.msg
[16.786s] -- Installing: /home/robomaster/zxzzb/src/install/rm_interfaces/share/rm_interfaces/msg/Target.msg
[16.786s] -- Installing: /home/robomaster/zxzzb/src/install/rm_interfaces/share/rm_interfaces/msg/RuneTarget.msg
[16.786s] -- Installing: /home/robomaster/zxzzb/src/install/rm_interfaces/share/rm_interfaces/msg/Point2d.msg
[16.787s] -- Installing: /home/robomaster/zxzzb/src/install/rm_interfaces/share/rm_interfaces/msg/GimbalCmd.msg
[16.787s] -- Installing: /home/robomaster/zxzzb/src/install/rm_interfaces/share/rm_interfaces/msg/ChassisCmd.msg
[16.787s] -- Installing: /home/robomaster/zxzzb/src/install/rm_interfaces/share/rm_interfaces/msg/DebugLight.msg
[16.787s] -- Installing: /home/robomaster/zxzzb/src/install/rm_interfaces/share/rm_interfaces/msg/DebugLights.msg
[16.787s] -- Installing: /home/robomaster/zxzzb/src/install/rm_interfaces/share/rm_interfaces/msg/DebugArmor.msg
[16.787s] -- Installing: /home/robomaster/zxzzb/src/install/rm_interfaces/share/rm_interfaces/msg/DebugArmors.msg
[16.787s] -- Installing: /home/robomaster/zxzzb/src/install/rm_interfaces/share/rm_interfaces/msg/DebugRuneAngle.msg
[16.787s] -- Installing: /home/robomaster/zxzzb/src/install/rm_interfaces/share/rm_interfaces/msg/Measurement.msg
[16.788s] -- Installing: /home/robomaster/zxzzb/src/install/rm_interfaces/share/rm_interfaces/msg/JudgeSystemData.msg
[16.788s] -- Installing: /home/robomaster/zxzzb/src/install/rm_interfaces/share/rm_interfaces/msg/OperatorCommand.msg
[16.788s] -- Installing: /home/robomaster/zxzzb/src/install/rm_interfaces/share/rm_interfaces/msg/SerialReceiveData.msg
[16.788s] -- Installing: /home/robomaster/zxzzb/src/install/rm_interfaces/share/rm_interfaces/srv/SetMode.srv
[16.788s] -- Installing: /home/robomaster/zxzzb/src/install/rm_interfaces/share/rm_interfaces/srv/SetMode_Request.msg
[16.788s] -- Installing: /home/robomaster/zxzzb/src/install/rm_interfaces/share/rm_interfaces/srv/SetMode_Response.msg
[16.788s] -- Installing: /home/robomaster/zxzzb/src/install/rm_interfaces/share/ament_index/resource_index/package_run_dependencies/rm_interfaces
[16.788s] -- Installing: /home/robomaster/zxzzb/src/install/rm_interfaces/share/ament_index/resource_index/parent_prefix_path/rm_interfaces
[16.789s] -- Installing: /home/robomaster/zxzzb/src/install/rm_interfaces/share/rm_interfaces/environment/ament_prefix_path.sh
[16.789s] -- Installing: /home/robomaster/zxzzb/src/install/rm_interfaces/share/rm_interfaces/environment/ament_prefix_path.dsv
[16.789s] -- Installing: /home/robomaster/zxzzb/src/install/rm_interfaces/share/rm_interfaces/environment/path.sh
[16.789s] -- Installing: /home/robomaster/zxzzb/src/install/rm_interfaces/share/rm_interfaces/environment/path.dsv
[16.789s] -- Installing: /home/robomaster/zxzzb/src/install/rm_interfaces/share/rm_interfaces/local_setup.bash
[16.789s] -- Installing: /home/robomaster/zxzzb/src/install/rm_interfaces/share/rm_interfaces/local_setup.sh
[16.790s] -- Installing: /home/robomaster/zxzzb/src/install/rm_interfaces/share/rm_interfaces/local_setup.zsh
[16.790s] -- Installing: /home/robomaster/zxzzb/src/install/rm_interfaces/share/rm_interfaces/local_setup.dsv
[16.790s] -- Installing: /home/robomaster/zxzzb/src/install/rm_interfaces/share/rm_interfaces/package.dsv
[16.790s] -- Installing: /home/robomaster/zxzzb/src/install/rm_interfaces/share/ament_index/resource_index/packages/rm_interfaces
[16.790s] -- Installing: /home/robomaster/zxzzb/src/install/rm_interfaces/share/rm_interfaces/cmake/rm_interfaces__rosidl_generator_cExport.cmake
[16.790s] -- Installing: /home/robomaster/zxzzb/src/install/rm_interfaces/share/rm_interfaces/cmake/rm_interfaces__rosidl_generator_cExport-noconfig.cmake
[16.790s] -- Installing: /home/robomaster/zxzzb/src/install/rm_interfaces/share/rm_interfaces/cmake/rm_interfaces__rosidl_typesupport_introspection_cExport.cmake
[16.790s] -- Installing: /home/robomaster/zxzzb/src/install/rm_interfaces/share/rm_interfaces/cmake/rm_interfaces__rosidl_typesupport_introspection_cExport-noconfig.cmake
[16.790s] -- Installing: /home/robomaster/zxzzb/src/install/rm_interfaces/share/rm_interfaces/cmake/rm_interfaces__rosidl_typesupport_cExport.cmake
[16.790s] -- Installing: /home/robomaster/zxzzb/src/install/rm_interfaces/share/rm_interfaces/cmake/rm_interfaces__rosidl_typesupport_cExport-noconfig.cmake
[16.791s] -- Installing: /home/robomaster/zxzzb/src/install/rm_interfaces/share/rm_interfaces/cmake/rm_interfaces__rosidl_generator_cppExport.cmake
[16.791s] -- Installing: /home/robomaster/zxzzb/src/install/rm_interfaces/share/rm_interfaces/cmake/rm_interfaces__rosidl_typesupport_introspection_cppExport.cmake
[16.791s] -- Installing: /home/robomaster/zxzzb/src/install/rm_interfaces/share/rm_interfaces/cmake/rm_interfaces__rosidl_typesupport_introspection_cppExport-noconfig.cmake
[16.791s] -- Installing: /home/robomaster/zxzzb/src/install/rm_interfaces/share/rm_interfaces/cmake/rm_interfaces__rosidl_typesupport_cppExport.cmake
[16.791s] -- Installing: /home/robomaster/zxzzb/src/install/rm_interfaces/share/rm_interfaces/cmake/rm_interfaces__rosidl_typesupport_cppExport-noconfig.cmake
[16.791s] -- Installing: /home/robomaster/zxzzb/src/install/rm_interfaces/share/rm_interfaces/cmake/rosidl_cmake-extras.cmake
[16.791s] -- Installing: /home/robomaster/zxzzb/src/install/rm_interfaces/share/rm_interfaces/cmake/ament_cmake_export_dependencies-extras.cmake
[16.791s] -- Installing: /home/robomaster/zxzzb/src/install/rm_interfaces/share/rm_interfaces/cmake/ament_cmake_export_libraries-extras.cmake
[16.792s] -- Installing: /home/robomaster/zxzzb/src/install/rm_interfaces/share/rm_interfaces/cmake/ament_cmake_export_targets-extras.cmake
[16.792s] -- Installing: /home/robomaster/zxzzb/src/install/rm_interfaces/share/rm_interfaces/cmake/ament_cmake_export_include_directories-extras.cmake
[16.792s] -- Installing: /home/robomaster/zxzzb/src/install/rm_interfaces/share/rm_interfaces/cmake/rosidl_cmake_export_typesupport_libraries-extras.cmake
[16.792s] -- Installing: /home/robomaster/zxzzb/src/install/rm_interfaces/share/rm_interfaces/cmake/rosidl_cmake_export_typesupport_targets-extras.cmake
[16.792s] -- Installing: /home/robomaster/zxzzb/src/install/rm_interfaces/share/rm_interfaces/cmake/rm_interfacesConfig.cmake
[16.792s] -- Installing: /home/robomaster/zxzzb/src/install/rm_interfaces/share/rm_interfaces/cmake/rm_interfacesConfig-version.cmake
[16.792s] -- Installing: /home/robomaster/zxzzb/src/install/rm_interfaces/share/rm_interfaces/package.xml
[16.795s] Invoked command in '/home/robomaster/zxzzb/src/build/rm_interfaces' returned '0': CMAKE_PREFIX_PATH=/opt/ros/galactic /usr/bin/cmake --install /home/robomaster/zxzzb/src/build/rm_interfaces
