[0.373s] Invoking command in '/home/robomaster/zxzzb/src/build/rm_description': CMAKE_PREFIX_PATH=/opt/ros/galactic /usr/bin/cmake /home/robomaster/zxzzb/src/rm_description -DCMAKE_INSTALL_PREFIX=/home/robomaster/zxzzb/src/install/rm_description
[0.450s] -- The C compiler identification is GNU 9.4.0
[0.524s] -- The CXX compiler identification is GNU 9.4.0
[0.530s] -- Check for working C compiler: /usr/bin/cc
[0.617s] -- Check for working C compiler: /usr/bin/cc -- works
[0.618s] -- Detecting C compiler ABI info
[0.691s] -- Detecting C compiler ABI info - done
[0.705s] -- Detecting C compile features
[0.716s] -- Detecting C compile features - done
[0.716s] -- Check for working CXX compiler: /usr/bin/c++
[0.812s] -- Check for working CXX compiler: /usr/bin/c++ -- works
[0.814s] -- Detecting CXX compiler ABI info
[0.904s] -- Detecting CXX compiler ABI info - done
[0.915s] -- Detecting CXX compile features
[0.916s] -- Detecting CXX compile features - done
[0.917s] -- Found ament_cmake: 1.1.6 (/opt/ros/galactic/share/ament_cmake/cmake)
[0.938s] -- Found PythonInterp: /usr/bin/python3 (found suitable version "3.8.10", minimum required is "3") 
[0.938s] -- Using PYTHON_EXECUTABLE: /usr/bin/python3
[1.042s] -- Found ament_lint_auto: 0.10.7 (/opt/ros/galactic/share/ament_lint_auto/cmake)
[1.150s] -- Added test 'flake8' to check Python code syntax and style conventions
[1.151s] -- Added test 'lint_cmake' to check CMake code style
[1.152s] -- Added test 'pep257' to check Python code against some of the style conventions in PEP 257
[1.154s] -- Added test 'xmllint' to check XML markup files
[1.164s] -- Configuring done
[1.164s] -- Generating done
[1.164s] -- Build files have been written to: /home/robomaster/zxzzb/src/build/rm_description
[1.167s] Invoked command in '/home/robomaster/zxzzb/src/build/rm_description' returned '0': CMAKE_PREFIX_PATH=/opt/ros/galactic /usr/bin/cmake /home/robomaster/zxzzb/src/rm_description -DCMAKE_INSTALL_PREFIX=/home/robomaster/zxzzb/src/install/rm_description
[1.172s] Invoking command in '/home/robomaster/zxzzb/src/build/rm_description': CMAKE_PREFIX_PATH=/opt/ros/galactic /usr/bin/cmake --build /home/robomaster/zxzzb/src/build/rm_description -- -j16 -l16
[1.242s] Invoked command in '/home/robomaster/zxzzb/src/build/rm_description' returned '0': CMAKE_PREFIX_PATH=/opt/ros/galactic /usr/bin/cmake --build /home/robomaster/zxzzb/src/build/rm_description -- -j16 -l16
[1.246s] Invoking command in '/home/robomaster/zxzzb/src/build/rm_description': CMAKE_PREFIX_PATH=/opt/ros/galactic /usr/bin/cmake --install /home/robomaster/zxzzb/src/build/rm_description
[1.269s] -- Install configuration: ""
[1.271s] -- Installing: /home/robomaster/zxzzb/src/install/rm_description/share/rm_description/launch
[1.272s] -- Installing: /home/robomaster/zxzzb/src/install/rm_description/share/rm_description/launch/model.launch.py
[1.272s] -- Installing: /home/robomaster/zxzzb/src/install/rm_description/share/rm_description/meshes
[1.272s] -- Installing: /home/robomaster/zxzzb/src/install/rm_description/share/rm_description/meshes/lidra_link.STL
[1.299s] -- Installing: /home/robomaster/zxzzb/src/install/rm_description/share/rm_description/meshes/camera_optical_frame.STL
[1.299s] -- Installing: /home/robomaster/zxzzb/src/install/rm_description/share/rm_description/meshes/shooter_link.STL
[1.301s] -- Installing: /home/robomaster/zxzzb/src/install/rm_description/share/rm_description/meshes/camera_base_link.STL
[1.303s] -- Installing: /home/robomaster/zxzzb/src/install/rm_description/share/rm_description/urdf
[1.303s] -- Installing: /home/robomaster/zxzzb/src/install/rm_description/share/rm_description/urdf/sentry.urdf.xacro
[1.304s] -- Installing: /home/robomaster/zxzzb/src/install/rm_description/share/rm_description/urdf/rm_gimbal.urdf.xacro
[1.304s] -- Installing: /home/robomaster/zxzzb/src/install/rm_description/share/rm_description/urdf/sensors
[1.304s] -- Installing: /home/robomaster/zxzzb/src/install/rm_description/share/rm_description/urdf/sensors/generic_laser.urdf.xacro
[1.304s] -- Installing: /home/robomaster/zxzzb/src/install/rm_description/share/rm_description/urdf/sensors/imu.urdf.xacro
[1.304s] -- Installing: /home/robomaster/zxzzb/src/install/rm_description/share/rm_description/urdf/sensors/laser.urdf.xacro
[1.304s] -- Installing: /home/robomaster/zxzzb/src/install/rm_description/share/rm_description/world
[1.305s] -- Installing: /home/robomaster/zxzzb/src/install/rm_description/share/rm_description/world/rmul2023.dae
[1.305s] -- Installing: /home/robomaster/zxzzb/src/install/rm_description/share/rm_description/world/rmul.world
[1.305s] -- Installing: /home/robomaster/zxzzb/src/install/rm_description/share/ament_index/resource_index/package_run_dependencies/rm_description
[1.305s] -- Installing: /home/robomaster/zxzzb/src/install/rm_description/share/ament_index/resource_index/parent_prefix_path/rm_description
[1.305s] -- Installing: /home/robomaster/zxzzb/src/install/rm_description/share/rm_description/environment/ament_prefix_path.sh
[1.306s] -- Installing: /home/robomaster/zxzzb/src/install/rm_description/share/rm_description/environment/ament_prefix_path.dsv
[1.306s] -- Installing: /home/robomaster/zxzzb/src/install/rm_description/share/rm_description/environment/path.sh
[1.306s] -- Installing: /home/robomaster/zxzzb/src/install/rm_description/share/rm_description/environment/path.dsv
[1.306s] -- Installing: /home/robomaster/zxzzb/src/install/rm_description/share/rm_description/local_setup.bash
[1.306s] -- Installing: /home/robomaster/zxzzb/src/install/rm_description/share/rm_description/local_setup.sh
[1.306s] -- Installing: /home/robomaster/zxzzb/src/install/rm_description/share/rm_description/local_setup.zsh
[1.306s] -- Installing: /home/robomaster/zxzzb/src/install/rm_description/share/rm_description/local_setup.dsv
[1.307s] -- Installing: /home/robomaster/zxzzb/src/install/rm_description/share/rm_description/package.dsv
[1.307s] -- Installing: /home/robomaster/zxzzb/src/install/rm_description/share/ament_index/resource_index/packages/rm_description
[1.307s] -- Installing: /home/robomaster/zxzzb/src/install/rm_description/share/rm_description/cmake/rm_descriptionConfig.cmake
[1.309s] -- Installing: /home/robomaster/zxzzb/src/install/rm_description/share/rm_description/cmake/rm_descriptionConfig-version.cmake
[1.309s] -- Installing: /home/robomaster/zxzzb/src/install/rm_description/share/rm_description/package.xml
[1.320s] Invoked command in '/home/robomaster/zxzzb/src/build/rm_description' returned '0': CMAKE_PREFIX_PATH=/opt/ros/galactic /usr/bin/cmake --install /home/robomaster/zxzzb/src/build/rm_description
