[0.048s] Invoking command in '/home/robomaster/zxzzb/src/build/rmoss_projectile_motion': CMAKE_PREFIX_PATH=/opt/ros/galactic /usr/bin/cmake /home/robomaster/zxzzb/src/rmoss_projectile_motion -DCMAKE_INSTALL_PREFIX=/home/robomaster/zxzzb/src/install/rmoss_projectile_motion
[0.421s] -- The C compiler identification is GNU 9.4.0
[0.422s] -- The CXX compiler identification is GNU 9.4.0
[0.422s] -- Check for working C compiler: /usr/bin/cc
[0.422s] -- Check for working C compiler: /usr/bin/cc -- works
[0.422s] -- Detecting C compiler ABI info
[0.422s] -- Detecting C compiler ABI info - done
[0.422s] -- Detecting C compile features
[0.422s] -- Detecting C compile features - done
[0.422s] -- Check for working CXX compiler: /usr/bin/c++
[0.422s] -- Check for working CXX compiler: /usr/bin/c++ -- works
[0.422s] -- Detecting CXX compiler ABI info
[0.508s] -- Detecting CXX compiler ABI info - done
[0.521s] -- Detecting CXX compile features
[0.522s] -- Detecting CXX compile features - done
[0.523s] -- Found ament_cmake: 1.1.6 (/opt/ros/galactic/share/ament_cmake/cmake)
[0.546s] -- Found PythonInterp: /usr/bin/python3 (found suitable version "3.8.10", minimum required is "3") 
[0.546s] -- Using PYTHON_EXECUTABLE: /usr/bin/python3
[0.642s] -- Found rclcpp: 9.2.2 (/opt/ros/galactic/share/rclcpp/cmake)
[0.692s] -- Using all available rosidl_typesupport_c: rosidl_typesupport_fastrtps_c;rosidl_typesupport_introspection_c
[0.697s] -- Found rosidl_adapter: 2.2.3 (/opt/ros/galactic/share/rosidl_adapter/cmake)
[0.773s] -- Found OpenSSL: /usr/lib/x86_64-linux-gnu/libcrypto.so (found version "1.1.1f")  
[0.804s] -- Found FastRTPS: /opt/ros/galactic/include  
[0.906s] -- Using all available rosidl_typesupport_cpp: rosidl_typesupport_fastrtps_cpp;rosidl_typesupport_introspection_cpp
[0.979s] -- Found rmw_implementation_cmake: 3.3.1 (/opt/ros/galactic/share/rmw_implementation_cmake/cmake)
[0.983s] -- Found rmw_cyclonedds_cpp: 0.22.6 (/opt/ros/galactic/share/rmw_cyclonedds_cpp/cmake)
[1.011s] -- Using RMW implementation 'rmw_cyclonedds_cpp' as default
[1.012s] -- Looking for pthread.h
[1.132s] -- Looking for pthread.h - found
[1.133s] -- Performing Test CMAKE_HAVE_LIBC_PTHREAD
[1.244s] -- Performing Test CMAKE_HAVE_LIBC_PTHREAD - Failed
[1.244s] -- Looking for pthread_create in pthreads
[1.311s] -- Looking for pthread_create in pthreads - not found
[1.312s] -- Looking for pthread_create in pthread
[1.403s] -- Looking for pthread_create in pthread - found
[1.405s] -- Found Threads: TRUE  
[1.543s] -- Found eigen3_cmake_module: 0.1.1 (/opt/ros/galactic/share/eigen3_cmake_module/cmake)
[1.546s] -- Found Eigen3: TRUE (found version "3.3.7") 
[1.547s] -- Found geometry_msgs: 2.2.4 (/opt/ros/galactic/share/geometry_msgs/cmake)
[1.574s] -- Found ament_lint_auto: 0.10.7 (/opt/ros/galactic/share/ament_lint_auto/cmake)
[1.637s] -- Added test 'copyright' to check source files copyright and LICENSE
[1.639s] -- Added test 'cppcheck' to perform static code analysis on C / C++ code
[1.639s] -- Configured cppcheck include dirs: /home/robomaster/zxzzb/src/rmoss_projectile_motion/include
[1.639s] -- Configured cppcheck exclude dirs and/or files: 
[1.640s] -- Added test 'cpplint' to check C / C++ code against the Google style
[1.640s] -- Configured cpplint exclude dirs and/or files: 
[1.641s] -- Added test 'lint_cmake' to check CMake code style
[1.643s] -- Added test 'uncrustify' to check C / C++ code style
[1.643s] -- Configured uncrustify additional arguments: 
[1.643s] -- Added test 'xmllint' to check XML markup files
[1.647s] -- Configuring done
[1.655s] -- Generating done
[1.659s] -- Build files have been written to: /home/robomaster/zxzzb/src/build/rmoss_projectile_motion
[1.667s] Invoked command in '/home/robomaster/zxzzb/src/build/rmoss_projectile_motion' returned '0': CMAKE_PREFIX_PATH=/opt/ros/galactic /usr/bin/cmake /home/robomaster/zxzzb/src/rmoss_projectile_motion -DCMAKE_INSTALL_PREFIX=/home/robomaster/zxzzb/src/install/rmoss_projectile_motion
[1.671s] Invoking command in '/home/robomaster/zxzzb/src/build/rmoss_projectile_motion': CMAKE_PREFIX_PATH=/opt/ros/galactic /usr/bin/cmake --build /home/robomaster/zxzzb/src/build/rmoss_projectile_motion -- -j16 -l16
[1.708s] [35m[1mScanning dependencies of target rmoss_projectile_motion[0m
[1.762s] [ 20%] [32mBuilding CXX object CMakeFiles/rmoss_projectile_motion.dir/src/gravity_projectile_solver.cpp.o[0m
[1.762s] [ 40%] [32mBuilding CXX object CMakeFiles/rmoss_projectile_motion.dir/src/iterative_projectile_tool.cpp.o[0m
[1.762s] [ 60%] [32mBuilding CXX object CMakeFiles/rmoss_projectile_motion.dir/src/gaf_projectile_solver.cpp.o[0m
[1.763s] [ 80%] [32mBuilding CXX object CMakeFiles/rmoss_projectile_motion.dir/src/gimbal_transform_tool.cpp.o[0m
[4.698s] [100%] [32m[1mLinking CXX shared library librmoss_projectile_motion.so[0m
[5.083s] [100%] Built target rmoss_projectile_motion
[5.187s] Invoked command in '/home/robomaster/zxzzb/src/build/rmoss_projectile_motion' returned '0': CMAKE_PREFIX_PATH=/opt/ros/galactic /usr/bin/cmake --build /home/robomaster/zxzzb/src/build/rmoss_projectile_motion -- -j16 -l16
[5.188s] Invoking command in '/home/robomaster/zxzzb/src/build/rmoss_projectile_motion': CMAKE_PREFIX_PATH=/opt/ros/galactic /usr/bin/cmake --install /home/robomaster/zxzzb/src/build/rmoss_projectile_motion
[5.231s] -- Install configuration: ""
[5.231s] -- Installing: /home/robomaster/zxzzb/src/install/rmoss_projectile_motion/include
[5.231s] -- Installing: /home/robomaster/zxzzb/src/install/rmoss_projectile_motion/include/rmoss_projectile_motion
[5.231s] -- Installing: /home/robomaster/zxzzb/src/install/rmoss_projectile_motion/include/rmoss_projectile_motion/iterative_projectile_tool.hpp
[5.231s] -- Installing: /home/robomaster/zxzzb/src/install/rmoss_projectile_motion/include/rmoss_projectile_motion/projectile_solver_interface.hpp
[5.232s] -- Installing: /home/robomaster/zxzzb/src/install/rmoss_projectile_motion/include/rmoss_projectile_motion/gravity_projectile_solver.hpp
[5.232s] -- Installing: /home/robomaster/zxzzb/src/install/rmoss_projectile_motion/include/rmoss_projectile_motion/gimbal_transform_tool.hpp
[5.232s] -- Installing: /home/robomaster/zxzzb/src/install/rmoss_projectile_motion/include/rmoss_projectile_motion/gaf_projectile_solver.hpp
[5.232s] -- Installing: /home/robomaster/zxzzb/src/install/rmoss_projectile_motion/lib/librmoss_projectile_motion.so
[5.232s] -- Set runtime path of "/home/robomaster/zxzzb/src/install/rmoss_projectile_motion/lib/librmoss_projectile_motion.so" to ""
[5.232s] -- Installing: /home/robomaster/zxzzb/src/install/rmoss_projectile_motion/share/rmoss_projectile_motion/environment/library_path.sh
[5.232s] -- Installing: /home/robomaster/zxzzb/src/install/rmoss_projectile_motion/share/rmoss_projectile_motion/environment/library_path.dsv
[5.233s] -- Installing: /home/robomaster/zxzzb/src/install/rmoss_projectile_motion/share/ament_index/resource_index/package_run_dependencies/rmoss_projectile_motion
[5.237s] -- Installing: /home/robomaster/zxzzb/src/install/rmoss_projectile_motion/share/ament_index/resource_index/parent_prefix_path/rmoss_projectile_motion
[5.238s] -- Installing: /home/robomaster/zxzzb/src/install/rmoss_projectile_motion/share/rmoss_projectile_motion/environment/ament_prefix_path.sh
[5.238s] -- Installing: /home/robomaster/zxzzb/src/install/rmoss_projectile_motion/share/rmoss_projectile_motion/environment/ament_prefix_path.dsv
[5.238s] -- Installing: /home/robomaster/zxzzb/src/install/rmoss_projectile_motion/share/rmoss_projectile_motion/environment/path.sh
[5.238s] -- Installing: /home/robomaster/zxzzb/src/install/rmoss_projectile_motion/share/rmoss_projectile_motion/environment/path.dsv
[5.238s] -- Installing: /home/robomaster/zxzzb/src/install/rmoss_projectile_motion/share/rmoss_projectile_motion/local_setup.bash
[5.238s] -- Installing: /home/robomaster/zxzzb/src/install/rmoss_projectile_motion/share/rmoss_projectile_motion/local_setup.sh
[5.239s] -- Installing: /home/robomaster/zxzzb/src/install/rmoss_projectile_motion/share/rmoss_projectile_motion/local_setup.zsh
[5.239s] -- Installing: /home/robomaster/zxzzb/src/install/rmoss_projectile_motion/share/rmoss_projectile_motion/local_setup.dsv
[5.239s] -- Installing: /home/robomaster/zxzzb/src/install/rmoss_projectile_motion/share/rmoss_projectile_motion/package.dsv
[5.239s] -- Installing: /home/robomaster/zxzzb/src/install/rmoss_projectile_motion/share/ament_index/resource_index/packages/rmoss_projectile_motion
[5.239s] -- Installing: /home/robomaster/zxzzb/src/install/rmoss_projectile_motion/share/rmoss_projectile_motion/cmake/rmoss_projectile_motionExport.cmake
[5.239s] -- Installing: /home/robomaster/zxzzb/src/install/rmoss_projectile_motion/share/rmoss_projectile_motion/cmake/rmoss_projectile_motionExport-noconfig.cmake
[5.239s] -- Installing: /home/robomaster/zxzzb/src/install/rmoss_projectile_motion/share/rmoss_projectile_motion/cmake/ament_cmake_export_targets-extras.cmake
[5.240s] -- Installing: /home/robomaster/zxzzb/src/install/rmoss_projectile_motion/share/rmoss_projectile_motion/cmake/ament_cmake_export_dependencies-extras.cmake
[5.240s] -- Installing: /home/robomaster/zxzzb/src/install/rmoss_projectile_motion/share/rmoss_projectile_motion/cmake/rmoss_projectile_motionConfig.cmake
[5.241s] -- Installing: /home/robomaster/zxzzb/src/install/rmoss_projectile_motion/share/rmoss_projectile_motion/cmake/rmoss_projectile_motionConfig-version.cmake
[5.241s] -- Installing: /home/robomaster/zxzzb/src/install/rmoss_projectile_motion/share/rmoss_projectile_motion/package.xml
[5.266s] Invoked command in '/home/robomaster/zxzzb/src/build/rmoss_projectile_motion' returned '0': CMAKE_PREFIX_PATH=/opt/ros/galactic /usr/bin/cmake --install /home/robomaster/zxzzb/src/build/rmoss_projectile_motion
