[0.377s] Invoking command in '/home/robomaster/zxzzb/src/build/rm_robot_description': CMAKE_PREFIX_PATH=/opt/ros/galactic /usr/bin/cmake /home/robomaster/zxzzb/src/rm_robot_description -DCMAKE_INSTALL_PREFIX=/home/robomaster/zxzzb/src/install/rm_robot_description
[1.152s] -- The C compiler identification is GNU 9.4.0
[1.152s] -- The CXX compiler identification is GNU 9.4.0
[1.152s] -- Check for working C compiler: /usr/bin/cc
[1.152s] -- Check for working C compiler: /usr/bin/cc -- works
[1.157s] -- Detecting C compiler ABI info
[1.157s] -- Detecting C compiler ABI info - done
[1.157s] -- Detecting C compile features
[1.157s] -- Detecting C compile features - done
[1.158s] -- Check for working CXX compiler: /usr/bin/c++
[1.158s] -- Check for working CXX compiler: /usr/bin/c++ -- works
[1.158s] -- Detecting CXX compiler ABI info
[1.158s] -- Detecting CXX compiler ABI info - done
[1.159s] -- Detecting CXX compile features
[1.159s] -- Detecting CXX compile features - done
[1.159s] -- Found ament_cmake: 1.1.6 (/opt/ros/galactic/share/ament_cmake/cmake)
[1.160s] -- Found PythonInterp: /usr/bin/python3 (found suitable version "3.8.10", minimum required is "3") 
[1.160s] -- Using PYTHON_EXECUTABLE: /usr/bin/python3
[1.160s] -- Found ament_lint_auto: 0.10.7 (/opt/ros/galactic/share/ament_lint_auto/cmake)
[1.165s] -- Added test 'flake8' to check Python code syntax and style conventions
[1.169s] -- Added test 'lint_cmake' to check CMake code style
[1.170s] -- Added test 'pep257' to check Python code against some of the style conventions in PEP 257
[1.171s] -- Added test 'xmllint' to check XML markup files
[1.181s] -- Configuring done
[1.185s] -- Generating done
[1.188s] -- Build files have been written to: /home/robomaster/zxzzb/src/build/rm_robot_description
[1.194s] Invoked command in '/home/robomaster/zxzzb/src/build/rm_robot_description' returned '0': CMAKE_PREFIX_PATH=/opt/ros/galactic /usr/bin/cmake /home/robomaster/zxzzb/src/rm_robot_description -DCMAKE_INSTALL_PREFIX=/home/robomaster/zxzzb/src/install/rm_robot_description
[1.199s] Invoking command in '/home/robomaster/zxzzb/src/build/rm_robot_description': CMAKE_PREFIX_PATH=/opt/ros/galactic /usr/bin/cmake --build /home/robomaster/zxzzb/src/build/rm_robot_description -- -j16 -l16
[1.265s] Invoked command in '/home/robomaster/zxzzb/src/build/rm_robot_description' returned '0': CMAKE_PREFIX_PATH=/opt/ros/galactic /usr/bin/cmake --build /home/robomaster/zxzzb/src/build/rm_robot_description -- -j16 -l16
[1.270s] Invoking command in '/home/robomaster/zxzzb/src/build/rm_robot_description': CMAKE_PREFIX_PATH=/opt/ros/galactic /usr/bin/cmake --install /home/robomaster/zxzzb/src/build/rm_robot_description
[1.316s] -- Install configuration: ""
[1.316s] -- Installing: /home/robomaster/zxzzb/src/install/rm_robot_description/share/rm_robot_description/urdf
[1.316s] -- Installing: /home/robomaster/zxzzb/src/install/rm_robot_description/share/rm_robot_description/urdf/sentry.urdf.xacro
[1.316s] -- Installing: /home/robomaster/zxzzb/src/install/rm_robot_description/share/rm_robot_description/urdf/rm_gimbal.urdf.xacro
[1.316s] -- Installing: /home/robomaster/zxzzb/src/install/rm_robot_description/share/ament_index/resource_index/package_run_dependencies/rm_robot_description
[1.316s] -- Installing: /home/robomaster/zxzzb/src/install/rm_robot_description/share/ament_index/resource_index/parent_prefix_path/rm_robot_description
[1.316s] -- Installing: /home/robomaster/zxzzb/src/install/rm_robot_description/share/rm_robot_description/environment/ament_prefix_path.sh
[1.316s] -- Installing: /home/robomaster/zxzzb/src/install/rm_robot_description/share/rm_robot_description/environment/ament_prefix_path.dsv
[1.316s] -- Installing: /home/robomaster/zxzzb/src/install/rm_robot_description/share/rm_robot_description/environment/path.sh
[1.316s] -- Installing: /home/robomaster/zxzzb/src/install/rm_robot_description/share/rm_robot_description/environment/path.dsv
[1.316s] -- Installing: /home/robomaster/zxzzb/src/install/rm_robot_description/share/rm_robot_description/local_setup.bash
[1.316s] -- Installing: /home/robomaster/zxzzb/src/install/rm_robot_description/share/rm_robot_description/local_setup.sh
[1.316s] -- Installing: /home/robomaster/zxzzb/src/install/rm_robot_description/share/rm_robot_description/local_setup.zsh
[1.316s] -- Installing: /home/robomaster/zxzzb/src/install/rm_robot_description/share/rm_robot_description/local_setup.dsv
[1.317s] -- Installing: /home/robomaster/zxzzb/src/install/rm_robot_description/share/rm_robot_description/package.dsv
[1.317s] -- Installing: /home/robomaster/zxzzb/src/install/rm_robot_description/share/ament_index/resource_index/packages/rm_robot_description
[1.317s] -- Installing: /home/robomaster/zxzzb/src/install/rm_robot_description/share/rm_robot_description/cmake/rm_robot_descriptionConfig.cmake
[1.317s] -- Installing: /home/robomaster/zxzzb/src/install/rm_robot_description/share/rm_robot_description/cmake/rm_robot_descriptionConfig-version.cmake
[1.317s] -- Installing: /home/robomaster/zxzzb/src/install/rm_robot_description/share/rm_robot_description/package.xml
[1.353s] Invoked command in '/home/robomaster/zxzzb/src/build/rm_robot_description' returned '0': CMAKE_PREFIX_PATH=/opt/ros/galactic /usr/bin/cmake --install /home/robomaster/zxzzb/src/build/rm_robot_description
