-- The C compiler identification is GNU 9.4.0
-- The CXX compiler identification is GNU 9.4.0
-- Check for working C compiler: /usr/bin/cc
-- Check for working C compiler: /usr/bin/cc -- works
-- Detecting C compiler ABI info
-- Detecting C compiler ABI info - done
-- Detecting C compile features
-- Detecting C compile features - done
-- Check for working CXX compiler: /usr/bin/c++
-- Check for working CXX compiler: /usr/bin/c++ -- works
-- Detecting CXX compiler ABI info
-- Detecting CXX compiler ABI info - done
-- Detecting CXX compile features
-- Detecting CXX compile features - done
-- Found ament_cmake: 1.1.6 (/opt/ros/galactic/share/ament_cmake/cmake)
-- Found PythonInterp: /usr/bin/python3 (found suitable version "3.8.10", minimum required is "3") 
-- Using PYTHON_EXECUTABLE: /usr/bin/python3
-- Configuring done
-- Generating done
-- Build files have been written to: /home/robomaster/zxzzb/src/build/navigation2_rm
-- Install configuration: ""
-- Installing: /home/robomaster/zxzzb/src/install/navigation2_rm/share/navigation2_rm/launch
-- Installing: /home/robomaster/zxzzb/src/install/navigation2_rm/share/navigation2_rm/launch/temp.launch.py
-- Installing: /home/robomaster/zxzzb/src/install/navigation2_rm/share/navigation2_rm/launch/localization.launch.py
-- Installing: /home/robomaster/zxzzb/src/install/navigation2_rm/share/navigation2_rm/launch/navigation2.launch.py
-- Installing: /home/robomaster/zxzzb/src/install/navigation2_rm/share/navigation2_rm/launch/burger_nav2.launch.py
-- Installing: /home/robomaster/zxzzb/src/install/navigation2_rm/share/navigation2_rm/map
-- Installing: /home/robomaster/zxzzb/src/install/navigation2_rm/share/navigation2_rm/map/map.yaml
-- Installing: /home/robomaster/zxzzb/src/install/navigation2_rm/share/navigation2_rm/map/map_tmp.yaml
-- Installing: /home/robomaster/zxzzb/src/install/navigation2_rm/share/navigation2_rm/map/map_tmp.pgm
-- Installing: /home/robomaster/zxzzb/src/install/navigation2_rm/share/navigation2_rm/map/map_sim.pgm
-- Installing: /home/robomaster/zxzzb/src/install/navigation2_rm/share/navigation2_rm/map/map.pgm
-- Installing: /home/robomaster/zxzzb/src/install/navigation2_rm/share/navigation2_rm/map/map01.pgm
-- Installing: /home/robomaster/zxzzb/src/install/navigation2_rm/share/navigation2_rm/map/map01.yaml
-- Installing: /home/robomaster/zxzzb/src/install/navigation2_rm/share/navigation2_rm/map/map_sim.yaml
-- Installing: /home/robomaster/zxzzb/src/install/navigation2_rm/share/navigation2_rm/param
-- Installing: /home/robomaster/zxzzb/src/install/navigation2_rm/share/navigation2_rm/param/burger.yaml
-- Installing: /home/robomaster/zxzzb/src/install/navigation2_rm/share/navigation2_rm/param/waffle.yaml
-- Installing: /home/robomaster/zxzzb/src/install/navigation2_rm/share/navigation2_rm/param/rm_false.yaml
-- Installing: /home/robomaster/zxzzb/src/install/navigation2_rm/share/navigation2_rm/param/waffle_pi.yaml
-- Installing: /home/robomaster/zxzzb/src/install/navigation2_rm/share/navigation2_rm/param/rm.yaml
-- Installing: /home/robomaster/zxzzb/src/install/navigation2_rm/share/navigation2_rm/rviz
-- Installing: /home/robomaster/zxzzb/src/install/navigation2_rm/share/navigation2_rm/rviz/tb3_navigation2.rviz
-- Installing: /home/robomaster/zxzzb/src/install/navigation2_rm/share/ament_index/resource_index/package_run_dependencies/navigation2_rm
-- Installing: /home/robomaster/zxzzb/src/install/navigation2_rm/share/ament_index/resource_index/parent_prefix_path/navigation2_rm
-- Installing: /home/robomaster/zxzzb/src/install/navigation2_rm/share/navigation2_rm/environment/ament_prefix_path.sh
-- Installing: /home/robomaster/zxzzb/src/install/navigation2_rm/share/navigation2_rm/environment/ament_prefix_path.dsv
-- Installing: /home/robomaster/zxzzb/src/install/navigation2_rm/share/navigation2_rm/environment/path.sh
-- Installing: /home/robomaster/zxzzb/src/install/navigation2_rm/share/navigation2_rm/environment/path.dsv
-- Installing: /home/robomaster/zxzzb/src/install/navigation2_rm/share/navigation2_rm/local_setup.bash
-- Installing: /home/robomaster/zxzzb/src/install/navigation2_rm/share/navigation2_rm/local_setup.sh
-- Installing: /home/robomaster/zxzzb/src/install/navigation2_rm/share/navigation2_rm/local_setup.zsh
-- Installing: /home/robomaster/zxzzb/src/install/navigation2_rm/share/navigation2_rm/local_setup.dsv
-- Installing: /home/robomaster/zxzzb/src/install/navigation2_rm/share/navigation2_rm/package.dsv
-- Installing: /home/robomaster/zxzzb/src/install/navigation2_rm/share/ament_index/resource_index/packages/navigation2_rm
-- Installing: /home/robomaster/zxzzb/src/install/navigation2_rm/share/navigation2_rm/cmake/navigation2_rmConfig.cmake
-- Installing: /home/robomaster/zxzzb/src/install/navigation2_rm/share/navigation2_rm/cmake/navigation2_rmConfig-version.cmake
-- Installing: /home/robomaster/zxzzb/src/install/navigation2_rm/share/navigation2_rm/package.xml
