[0.367s] Invoking command in '/home/robomaster/zxzzb/src/build/navigation2_rm': CMAKE_PREFIX_PATH=/opt/ros/galactic /usr/bin/cmake /home/robomaster/zxzzb/src/navigation2_rm -DCMAKE_INSTALL_PREFIX=/home/robomaster/zxzzb/src/install/navigation2_rm
[0.438s] -- The C compiler identification is GNU 9.4.0
[0.509s] -- The CXX compiler identification is GNU 9.4.0
[0.515s] -- Check for working C compiler: /usr/bin/cc
[0.618s] -- Check for working C compiler: /usr/bin/cc -- works
[0.619s] -- Detecting C compiler ABI info
[0.710s] -- Detecting C compiler ABI info - done
[0.724s] -- Detecting C compile features
[0.724s] -- Detecting C compile features - done
[0.728s] -- Check for working CXX compiler: /usr/bin/c++
[0.821s] -- Check for working CXX compiler: /usr/bin/c++ -- works
[0.823s] -- Detecting CXX compiler ABI info
[0.924s] -- Detecting CXX compiler ABI info - done
[0.938s] -- Detecting CXX compile features
[0.938s] -- Detecting CXX compile features - done
[0.940s] -- Found ament_cmake: 1.1.6 (/opt/ros/galactic/share/ament_cmake/cmake)
[0.966s] -- Found PythonInterp: /usr/bin/python3 (found suitable version "3.8.10", minimum required is "3") 
[0.966s] -- Using PYTHON_EXECUTABLE: /usr/bin/python3
[1.170s] -- Configuring done
[1.174s] -- Generating done
[1.179s] -- Build files have been written to: /home/robomaster/zxzzb/src/build/navigation2_rm
[1.185s] Invoked command in '/home/robomaster/zxzzb/src/build/navigation2_rm' returned '0': CMAKE_PREFIX_PATH=/opt/ros/galactic /usr/bin/cmake /home/robomaster/zxzzb/src/navigation2_rm -DCMAKE_INSTALL_PREFIX=/home/robomaster/zxzzb/src/install/navigation2_rm
[1.186s] Invoking command in '/home/robomaster/zxzzb/src/build/navigation2_rm': CMAKE_PREFIX_PATH=/opt/ros/galactic /usr/bin/cmake --build /home/robomaster/zxzzb/src/build/navigation2_rm -- -j16 -l16
[1.255s] Invoked command in '/home/robomaster/zxzzb/src/build/navigation2_rm' returned '0': CMAKE_PREFIX_PATH=/opt/ros/galactic /usr/bin/cmake --build /home/robomaster/zxzzb/src/build/navigation2_rm -- -j16 -l16
[1.260s] Invoking command in '/home/robomaster/zxzzb/src/build/navigation2_rm': CMAKE_PREFIX_PATH=/opt/ros/galactic /usr/bin/cmake --install /home/robomaster/zxzzb/src/build/navigation2_rm
[1.322s] -- Install configuration: ""
[1.322s] -- Installing: /home/robomaster/zxzzb/src/install/navigation2_rm/share/navigation2_rm/launch
[1.322s] -- Installing: /home/robomaster/zxzzb/src/install/navigation2_rm/share/navigation2_rm/launch/temp.launch.py
[1.322s] -- Installing: /home/robomaster/zxzzb/src/install/navigation2_rm/share/navigation2_rm/launch/localization.launch.py
[1.322s] -- Installing: /home/robomaster/zxzzb/src/install/navigation2_rm/share/navigation2_rm/launch/navigation2.launch.py
[1.323s] -- Installing: /home/robomaster/zxzzb/src/install/navigation2_rm/share/navigation2_rm/launch/burger_nav2.launch.py
[1.323s] -- Installing: /home/robomaster/zxzzb/src/install/navigation2_rm/share/navigation2_rm/map
[1.323s] -- Installing: /home/robomaster/zxzzb/src/install/navigation2_rm/share/navigation2_rm/map/map.yaml
[1.323s] -- Installing: /home/robomaster/zxzzb/src/install/navigation2_rm/share/navigation2_rm/map/map_tmp.yaml
[1.323s] -- Installing: /home/robomaster/zxzzb/src/install/navigation2_rm/share/navigation2_rm/map/map_tmp.pgm
[1.323s] -- Installing: /home/robomaster/zxzzb/src/install/navigation2_rm/share/navigation2_rm/map/map_sim.pgm
[1.323s] -- Installing: /home/robomaster/zxzzb/src/install/navigation2_rm/share/navigation2_rm/map/map.pgm
[1.323s] -- Installing: /home/robomaster/zxzzb/src/install/navigation2_rm/share/navigation2_rm/map/map01.pgm
[1.323s] -- Installing: /home/robomaster/zxzzb/src/install/navigation2_rm/share/navigation2_rm/map/map01.yaml
[1.323s] -- Installing: /home/robomaster/zxzzb/src/install/navigation2_rm/share/navigation2_rm/map/map_sim.yaml
[1.323s] -- Installing: /home/robomaster/zxzzb/src/install/navigation2_rm/share/navigation2_rm/param
[1.323s] -- Installing: /home/robomaster/zxzzb/src/install/navigation2_rm/share/navigation2_rm/param/burger.yaml
[1.323s] -- Installing: /home/robomaster/zxzzb/src/install/navigation2_rm/share/navigation2_rm/param/waffle.yaml
[1.323s] -- Installing: /home/robomaster/zxzzb/src/install/navigation2_rm/share/navigation2_rm/param/rm_false.yaml
[1.323s] -- Installing: /home/robomaster/zxzzb/src/install/navigation2_rm/share/navigation2_rm/param/waffle_pi.yaml
[1.323s] -- Installing: /home/robomaster/zxzzb/src/install/navigation2_rm/share/navigation2_rm/param/rm.yaml
[1.323s] -- Installing: /home/robomaster/zxzzb/src/install/navigation2_rm/share/navigation2_rm/rviz
[1.323s] -- Installing: /home/robomaster/zxzzb/src/install/navigation2_rm/share/navigation2_rm/rviz/tb3_navigation2.rviz
[1.324s] -- Installing: /home/robomaster/zxzzb/src/install/navigation2_rm/share/ament_index/resource_index/package_run_dependencies/navigation2_rm
[1.324s] -- Installing: /home/robomaster/zxzzb/src/install/navigation2_rm/share/ament_index/resource_index/parent_prefix_path/navigation2_rm
[1.324s] -- Installing: /home/robomaster/zxzzb/src/install/navigation2_rm/share/navigation2_rm/environment/ament_prefix_path.sh
[1.324s] -- Installing: /home/robomaster/zxzzb/src/install/navigation2_rm/share/navigation2_rm/environment/ament_prefix_path.dsv
[1.324s] -- Installing: /home/robomaster/zxzzb/src/install/navigation2_rm/share/navigation2_rm/environment/path.sh
[1.324s] -- Installing: /home/robomaster/zxzzb/src/install/navigation2_rm/share/navigation2_rm/environment/path.dsv
[1.324s] -- Installing: /home/robomaster/zxzzb/src/install/navigation2_rm/share/navigation2_rm/local_setup.bash
[1.324s] -- Installing: /home/robomaster/zxzzb/src/install/navigation2_rm/share/navigation2_rm/local_setup.sh
[1.324s] -- Installing: /home/robomaster/zxzzb/src/install/navigation2_rm/share/navigation2_rm/local_setup.zsh
[1.324s] -- Installing: /home/robomaster/zxzzb/src/install/navigation2_rm/share/navigation2_rm/local_setup.dsv
[1.324s] -- Installing: /home/robomaster/zxzzb/src/install/navigation2_rm/share/navigation2_rm/package.dsv
[1.324s] -- Installing: /home/robomaster/zxzzb/src/install/navigation2_rm/share/ament_index/resource_index/packages/navigation2_rm
[1.324s] -- Installing: /home/robomaster/zxzzb/src/install/navigation2_rm/share/navigation2_rm/cmake/navigation2_rmConfig.cmake
[1.324s] -- Installing: /home/robomaster/zxzzb/src/install/navigation2_rm/share/navigation2_rm/cmake/navigation2_rmConfig-version.cmake
[1.324s] -- Installing: /home/robomaster/zxzzb/src/install/navigation2_rm/share/navigation2_rm/package.xml
[1.347s] Invoked command in '/home/robomaster/zxzzb/src/build/navigation2_rm' returned '0': CMAKE_PREFIX_PATH=/opt/ros/galactic /usr/bin/cmake --install /home/robomaster/zxzzb/src/build/navigation2_rm
