-- The C compiler identification is GNU 9.4.0
-- The CXX compiler identification is GNU 9.4.0
-- Check for working C compiler: /usr/bin/cc
-- Check for working C compiler: /usr/bin/cc -- works
-- Detecting C compiler ABI info
-- Detecting C compiler ABI info - done
-- Detecting C compile features
-- Detecting C compile features - done
-- Check for working CXX compiler: /usr/bin/c++
-- Check for working CXX compiler: /usr/bin/c++ -- works
-- Detecting CXX compiler ABI info
-- Detecting CXX compiler ABI info - done
-- Detecting CXX compile features
-- Detecting CXX compile features - done
-- Found ament_cmake: 1.1.6 (/opt/ros/galactic/share/ament_cmake/cmake)
-- Found PythonInterp: /usr/bin/python3 (found suitable version "3.8.10", minimum required is "3") 
-- Using PYTHON_EXECUTABLE: /usr/bin/python3
-- Found rclcpp: 9.2.2 (/opt/ros/galactic/share/rclcpp/cmake)
-- Using all available rosidl_typesupport_c: rosidl_typesupport_fastrtps_c;rosidl_typesupport_introspection_c
-- Found rosidl_adapter: 2.2.3 (/opt/ros/galactic/share/rosidl_adapter/cmake)
-- Found OpenSSL: /usr/lib/x86_64-linux-gnu/libcrypto.so (found version "1.1.1f")  
-- Found FastRTPS: /opt/ros/galactic/include  
-- Using all available rosidl_typesupport_cpp: rosidl_typesupport_fastrtps_cpp;rosidl_typesupport_introspection_cpp
-- Found rmw_implementation_cmake: 3.3.1 (/opt/ros/galactic/share/rmw_implementation_cmake/cmake)
-- Found rmw_cyclonedds_cpp: 0.22.6 (/opt/ros/galactic/share/rmw_cyclonedds_cpp/cmake)
-- Using RMW implementation 'rmw_cyclonedds_cpp' as default
-- Looking for pthread.h
-- Looking for pthread.h - found
-- Performing Test CMAKE_HAVE_LIBC_PTHREAD
-- Performing Test CMAKE_HAVE_LIBC_PTHREAD - Failed
-- Looking for pthread_create in pthreads
-- Looking for pthread_create in pthreads - not found
-- Looking for pthread_create in pthread
-- Looking for pthread_create in pthread - found
-- Found Threads: TRUE  
-- Found eigen3_cmake_module: 0.1.1 (/opt/ros/galactic/share/eigen3_cmake_module/cmake)
-- Found Eigen3: TRUE (found version "3.3.7") 
-- Found geometry_msgs: 2.2.4 (/opt/ros/galactic/share/geometry_msgs/cmake)
-- Found OpenCV: /usr/local/opencv4.5.4 (found suitable version "4.5.4", minimum required is "4.5.4") 
-- Found installed version of Eigen: /usr/lib/cmake/eigen3
-- Found required Ceres dependency: Eigen version 3.3.7 in /usr/include/eigen3
-- Found required Ceres dependency: glog
-- Found installed version of gflags: /usr/lib/x86_64-linux-gnu/cmake/gflags
-- Detected gflags version: 2.2.2
-- Found required Ceres dependency: gflags
-- Found Ceres version: 1.14.0 installed in: /usr/local with components: [EigenSparse, SparseLinearAlgebraLibrary, LAPACK, SuiteSparse, CXSparse, SchurSpecializations, OpenMP, Multithreading]
-- Found ament_lint_auto: 0.10.7 (/opt/ros/galactic/share/ament_lint_auto/cmake)
-- Added test 'cppcheck' to perform static code analysis on C / C++ code
-- Configured cppcheck include dirs: /home/robomaster/zxzzb/src/rm_utils/include
-- Configured cppcheck exclude dirs and/or files: 
-- Added test 'lint_cmake' to check CMake code style
-- Added test 'xmllint' to check XML markup files
-- Configuring done
-- Generating done
-- Build files have been written to: /home/robomaster/zxzzb/src/build/rm_utils
[35m[1mScanning dependencies of target rm_utils[0m
[35m[1mScanning dependencies of target fytlogger[0m
[ 25%] [32mBuilding CXX object CMakeFiles/fytlogger.dir/src/logger/writer.cpp.o[0m
[ 25%] [32mBuilding CXX object CMakeFiles/fytlogger.dir/src/logger/logger_impl.cpp.o[0m
[ 25%] [32mBuilding CXX object CMakeFiles/fytlogger.dir/src/logger/logger_pool.cpp.o[0m
[ 33%] [32mBuilding CXX object CMakeFiles/rm_utils.dir/src/math/utils.cpp.o[0m
[ 41%] [32mBuilding CXX object CMakeFiles/rm_utils.dir/src/math/pnp_solver.cpp.o[0m
[ 50%] [32mBuilding CXX object CMakeFiles/rm_utils.dir/src/math/trajectory_compensator.cpp.o[0m
[ 58%] [32mBuilding CXX object CMakeFiles/rm_utils.dir/src/math/manual_compensator.cpp.o[0m
[ 66%] [32mBuilding CXX object CMakeFiles/rm_utils.dir/src/math/extended_kalman_filter.cpp.o[0m
[ 75%] [32mBuilding CXX object CMakeFiles/rm_utils.dir/src/url_resolver.cpp.o[0m
[ 83%] [32mBuilding CXX object CMakeFiles/rm_utils.dir/src/heartbeat.cpp.o[0m
[ 91%] [32m[1mLinking CXX shared library libfytlogger.so[0m
[ 91%] Built target fytlogger
[100%] [32m[1mLinking CXX shared library librm_utils.so[0m
[100%] Built target rm_utils
-- Install configuration: ""
-- Installing: /home/robomaster/zxzzb/src/install/rm_utils/include
-- Installing: /home/robomaster/zxzzb/src/install/rm_utils/include/rm_utils
-- Installing: /home/robomaster/zxzzb/src/install/rm_utils/include/rm_utils/heartbeat.hpp
-- Installing: /home/robomaster/zxzzb/src/install/rm_utils/include/rm_utils/assert.hpp
-- Installing: /home/robomaster/zxzzb/src/install/rm_utils/include/rm_utils/common.hpp
-- Installing: /home/robomaster/zxzzb/src/install/rm_utils/include/rm_utils/url_resolver.hpp
-- Installing: /home/robomaster/zxzzb/src/install/rm_utils/include/rm_utils/logger
-- Installing: /home/robomaster/zxzzb/src/install/rm_utils/include/rm_utils/logger/impl
-- Installing: /home/robomaster/zxzzb/src/install/rm_utils/include/rm_utils/logger/impl/writer.hpp
-- Installing: /home/robomaster/zxzzb/src/install/rm_utils/include/rm_utils/logger/impl/logger_impl.hpp
-- Installing: /home/robomaster/zxzzb/src/install/rm_utils/include/rm_utils/logger/impl/global_mutex.hpp
-- Installing: /home/robomaster/zxzzb/src/install/rm_utils/include/rm_utils/logger/types.hpp
-- Installing: /home/robomaster/zxzzb/src/install/rm_utils/include/rm_utils/logger/exception.hpp
-- Installing: /home/robomaster/zxzzb/src/install/rm_utils/include/rm_utils/logger/logger_pool.hpp
-- Installing: /home/robomaster/zxzzb/src/install/rm_utils/include/rm_utils/logger/log.hpp
-- Installing: /home/robomaster/zxzzb/src/install/rm_utils/include/rm_utils/logger/README.md
-- Installing: /home/robomaster/zxzzb/src/install/rm_utils/include/rm_utils/math
-- Installing: /home/robomaster/zxzzb/src/install/rm_utils/include/rm_utils/math/particle_filter.hpp
-- Installing: /home/robomaster/zxzzb/src/install/rm_utils/include/rm_utils/math/manual_compensator.hpp
-- Installing: /home/robomaster/zxzzb/src/install/rm_utils/include/rm_utils/math/trajectory_compensator.hpp
-- Installing: /home/robomaster/zxzzb/src/install/rm_utils/include/rm_utils/math/extended_kalman_filter.hpp
-- Installing: /home/robomaster/zxzzb/src/install/rm_utils/include/rm_utils/math/pnp_solver.hpp
-- Installing: /home/robomaster/zxzzb/src/install/rm_utils/include/rm_utils/math/utils.hpp
-- Installing: /home/robomaster/zxzzb/src/install/rm_utils/lib/librm_utils.so
-- Set runtime path of "/home/robomaster/zxzzb/src/install/rm_utils/lib/librm_utils.so" to ""
-- Installing: /home/robomaster/zxzzb/src/install/rm_utils/lib/libfytlogger.so
-- Installing: /home/robomaster/zxzzb/src/install/rm_utils/share/rm_utils/environment/library_path.sh
-- Installing: /home/robomaster/zxzzb/src/install/rm_utils/share/rm_utils/environment/library_path.dsv
-- Installing: /home/robomaster/zxzzb/src/install/rm_utils/share/ament_index/resource_index/package_run_dependencies/rm_utils
-- Installing: /home/robomaster/zxzzb/src/install/rm_utils/share/ament_index/resource_index/parent_prefix_path/rm_utils
-- Installing: /home/robomaster/zxzzb/src/install/rm_utils/share/rm_utils/environment/ament_prefix_path.sh
-- Installing: /home/robomaster/zxzzb/src/install/rm_utils/share/rm_utils/environment/ament_prefix_path.dsv
-- Installing: /home/robomaster/zxzzb/src/install/rm_utils/share/rm_utils/environment/path.sh
-- Installing: /home/robomaster/zxzzb/src/install/rm_utils/share/rm_utils/environment/path.dsv
-- Installing: /home/robomaster/zxzzb/src/install/rm_utils/share/rm_utils/local_setup.bash
-- Installing: /home/robomaster/zxzzb/src/install/rm_utils/share/rm_utils/local_setup.sh
-- Installing: /home/robomaster/zxzzb/src/install/rm_utils/share/rm_utils/local_setup.zsh
-- Installing: /home/robomaster/zxzzb/src/install/rm_utils/share/rm_utils/local_setup.dsv
-- Installing: /home/robomaster/zxzzb/src/install/rm_utils/share/rm_utils/package.dsv
-- Installing: /home/robomaster/zxzzb/src/install/rm_utils/share/ament_index/resource_index/packages/rm_utils
-- Installing: /home/robomaster/zxzzb/src/install/rm_utils/share/rm_utils/cmake/rm_utilsExport.cmake
-- Installing: /home/robomaster/zxzzb/src/install/rm_utils/share/rm_utils/cmake/rm_utilsExport-noconfig.cmake
-- Installing: /home/robomaster/zxzzb/src/install/rm_utils/share/rm_utils/cmake/fytloggerExport.cmake
-- Installing: /home/robomaster/zxzzb/src/install/rm_utils/share/rm_utils/cmake/fytloggerExport-noconfig.cmake
-- Installing: /home/robomaster/zxzzb/src/install/rm_utils/share/rm_utils/cmake/ament_cmake_export_targets-extras.cmake
-- Installing: /home/robomaster/zxzzb/src/install/rm_utils/share/rm_utils/cmake/ament_cmake_export_dependencies-extras.cmake
-- Installing: /home/robomaster/zxzzb/src/install/rm_utils/share/rm_utils/cmake/rm_utilsConfig.cmake
-- Installing: /home/robomaster/zxzzb/src/install/rm_utils/share/rm_utils/cmake/rm_utilsConfig-version.cmake
-- Installing: /home/robomaster/zxzzb/src/install/rm_utils/share/rm_utils/package.xml
