[0.372s] Invoking command in '/home/robomaster/zxzzb/src/build/rm_bringup': CMAKE_PREFIX_PATH=/opt/ros/galactic /usr/bin/cmake /home/robomaster/zxzzb/src/rm_bringup -DCMAKE_INSTALL_PREFIX=/home/robomaster/zxzzb/src/install/rm_bringup
[0.441s] -- The C compiler identification is GNU 9.4.0
[0.521s] -- The CXX compiler identification is GNU 9.4.0
[0.526s] -- Check for working C compiler: /usr/bin/cc
[0.614s] -- Check for working C compiler: /usr/bin/cc -- works
[0.615s] -- Detecting C compiler ABI info
[0.695s] -- Detecting C compiler ABI info - done
[0.718s] -- Detecting C compile features
[0.719s] -- Detecting C compile features - done
[0.719s] -- Check for working CXX compiler: /usr/bin/c++
[0.807s] -- Check for working CXX compiler: /usr/bin/c++ -- works
[0.809s] -- Detecting CXX compiler ABI info
[0.900s] -- Detecting CXX compiler ABI info - done
[0.915s] -- Detecting CXX compile features
[0.915s] -- Detecting CXX compile features - done
[0.918s] -- Found ament_cmake_auto: 1.1.6 (/opt/ros/galactic/share/ament_cmake_auto/cmake)
[0.949s] -- Found PythonInterp: /usr/bin/python3 (found suitable version "3.8.10", minimum required is "3") 
[0.949s] -- Using PYTHON_EXECUTABLE: /usr/bin/python3
[1.064s] -- Found ament_lint_auto: 0.10.7 (/opt/ros/galactic/share/ament_lint_auto/cmake)
[1.147s] -- Configuring done
[1.149s] -- Generating done
[1.152s] -- Build files have been written to: /home/robomaster/zxzzb/src/build/rm_bringup
[1.157s] Invoked command in '/home/robomaster/zxzzb/src/build/rm_bringup' returned '0': CMAKE_PREFIX_PATH=/opt/ros/galactic /usr/bin/cmake /home/robomaster/zxzzb/src/rm_bringup -DCMAKE_INSTALL_PREFIX=/home/robomaster/zxzzb/src/install/rm_bringup
[1.166s] Invoking command in '/home/robomaster/zxzzb/src/build/rm_bringup': CMAKE_PREFIX_PATH=/opt/ros/galactic /usr/bin/cmake --build /home/robomaster/zxzzb/src/build/rm_bringup -- -j16 -l16
[1.224s] Invoked command in '/home/robomaster/zxzzb/src/build/rm_bringup' returned '0': CMAKE_PREFIX_PATH=/opt/ros/galactic /usr/bin/cmake --build /home/robomaster/zxzzb/src/build/rm_bringup -- -j16 -l16
[1.241s] Invoking command in '/home/robomaster/zxzzb/src/build/rm_bringup': CMAKE_PREFIX_PATH=/opt/ros/galactic /usr/bin/cmake --install /home/robomaster/zxzzb/src/build/rm_bringup
[1.268s] -- Install configuration: ""
[1.268s] -- Installing: /home/robomaster/zxzzb/src/install/rm_bringup/share/rm_bringup/launch
[1.268s] -- Installing: /home/robomaster/zxzzb/src/install/rm_bringup/share/rm_bringup/launch/bringup_navigation.launch.py
[1.268s] -- Installing: /home/robomaster/zxzzb/src/install/rm_bringup/share/rm_bringup/launch/bringup.launch.py
[1.268s] -- Installing: /home/robomaster/zxzzb/src/install/rm_bringup/share/rm_bringup/config
[1.268s] -- Installing: /home/robomaster/zxzzb/src/install/rm_bringup/share/rm_bringup/config/camera_info.yaml
[1.268s] -- Installing: /home/robomaster/zxzzb/src/install/rm_bringup/share/rm_bringup/config/launch_params.yaml
[1.269s] -- Installing: /home/robomaster/zxzzb/src/install/rm_bringup/share/rm_bringup/config/node_params
[1.269s] -- Installing: /home/robomaster/zxzzb/src/install/rm_bringup/share/rm_bringup/config/node_params/rune_detector_params.yaml
[1.269s] -- Installing: /home/robomaster/zxzzb/src/install/rm_bringup/share/rm_bringup/config/node_params/rune_solver_params.yaml
[1.269s] -- Installing: /home/robomaster/zxzzb/src/install/rm_bringup/share/rm_bringup/config/node_params/video_player_params.yaml
[1.269s] -- Installing: /home/robomaster/zxzzb/src/install/rm_bringup/share/rm_bringup/config/node_params/armor_detector_params.yaml
[1.269s] -- Installing: /home/robomaster/zxzzb/src/install/rm_bringup/share/rm_bringup/config/node_params/armor_solver_params.yaml
[1.269s] -- Installing: /home/robomaster/zxzzb/src/install/rm_bringup/share/rm_bringup/config/node_params/camera_driver_params.yaml
[1.269s] -- Installing: /home/robomaster/zxzzb/src/install/rm_bringup/share/rm_bringup/config/node_params/virtual_serial_params.yaml
[1.269s] -- Installing: /home/robomaster/zxzzb/src/install/rm_bringup/share/rm_bringup/config/node_params/serial_driver_params.yaml
[1.269s] -- Installing: /home/robomaster/zxzzb/src/install/rm_bringup/share/ament_index/resource_index/package_run_dependencies/rm_bringup
[1.269s] -- Installing: /home/robomaster/zxzzb/src/install/rm_bringup/share/ament_index/resource_index/parent_prefix_path/rm_bringup
[1.269s] -- Installing: /home/robomaster/zxzzb/src/install/rm_bringup/share/rm_bringup/environment/ament_prefix_path.sh
[1.269s] -- Installing: /home/robomaster/zxzzb/src/install/rm_bringup/share/rm_bringup/environment/ament_prefix_path.dsv
[1.270s] -- Installing: /home/robomaster/zxzzb/src/install/rm_bringup/share/rm_bringup/environment/path.sh
[1.270s] -- Installing: /home/robomaster/zxzzb/src/install/rm_bringup/share/rm_bringup/environment/path.dsv
[1.270s] -- Installing: /home/robomaster/zxzzb/src/install/rm_bringup/share/rm_bringup/local_setup.bash
[1.270s] -- Installing: /home/robomaster/zxzzb/src/install/rm_bringup/share/rm_bringup/local_setup.sh
[1.270s] -- Installing: /home/robomaster/zxzzb/src/install/rm_bringup/share/rm_bringup/local_setup.zsh
[1.270s] -- Installing: /home/robomaster/zxzzb/src/install/rm_bringup/share/rm_bringup/local_setup.dsv
[1.270s] -- Installing: /home/robomaster/zxzzb/src/install/rm_bringup/share/rm_bringup/package.dsv
[1.270s] -- Installing: /home/robomaster/zxzzb/src/install/rm_bringup/share/ament_index/resource_index/packages/rm_bringup
[1.270s] -- Installing: /home/robomaster/zxzzb/src/install/rm_bringup/share/rm_bringup/cmake/rm_bringupConfig.cmake
[1.270s] -- Installing: /home/robomaster/zxzzb/src/install/rm_bringup/share/rm_bringup/cmake/rm_bringupConfig-version.cmake
[1.271s] -- Installing: /home/robomaster/zxzzb/src/install/rm_bringup/share/rm_bringup/package.xml
[1.278s] Invoked command in '/home/robomaster/zxzzb/src/build/rm_bringup' returned '0': CMAKE_PREFIX_PATH=/opt/ros/galactic /usr/bin/cmake --install /home/robomaster/zxzzb/src/build/rm_bringup
