-- The C compiler identification is GNU 9.4.0
-- The CXX compiler identification is GNU 9.4.0
-- Check for working C compiler: /usr/bin/cc
-- Check for working C compiler: /usr/bin/cc -- works
-- Detecting C compiler ABI info
-- Detecting C compiler ABI info - done
-- Detecting C compile features
-- Detecting C compile features - done
-- Check for working CXX compiler: /usr/bin/c++
-- Check for working CXX compiler: /usr/bin/c++ -- works
-- Detecting CXX compiler ABI info
-- Detecting CXX compiler ABI info - done
-- Detecting CXX compile features
-- Detecting CXX compile features - done
-- Found ament_cmake: 1.1.6 (/opt/ros/galactic/share/ament_cmake/cmake)
-- Found PythonInterp: /usr/bin/python3 (found suitable version "3.8.10", minimum required is "3") 
-- Using PYTHON_EXECUTABLE: /usr/bin/python3
-- Found builtin_interfaces: 1.0.3 (/opt/ros/galactic/share/builtin_interfaces/cmake)
-- Using all available rosidl_typesupport_c: rosidl_typesupport_fastrtps_c;rosidl_typesupport_introspection_c
-- Found rosidl_adapter: 2.2.3 (/opt/ros/galactic/share/rosidl_adapter/cmake)
-- Found OpenSSL: /usr/lib/x86_64-linux-gnu/libcrypto.so (found version "1.1.1f")  
-- Found FastRTPS: /opt/ros/galactic/include  
-- Using all available rosidl_typesupport_cpp: rosidl_typesupport_fastrtps_cpp;rosidl_typesupport_introspection_cpp
-- Found geometry_msgs: 2.2.4 (/opt/ros/galactic/share/geometry_msgs/cmake)
-- Found rosidl_default_generators: 1.1.1 (/opt/ros/galactic/share/rosidl_default_generators/cmake)
-- Found PythonInterp: /usr/bin/python3 (found version "3.8.10") 
-- Found ament_cmake_ros: 0.9.2 (/opt/ros/galactic/share/ament_cmake_ros/cmake)
-- Using all available rosidl_typesupport_c: rosidl_typesupport_fastrtps_c;rosidl_typesupport_introspection_c
-- Using all available rosidl_typesupport_cpp: rosidl_typesupport_fastrtps_cpp;rosidl_typesupport_introspection_cpp
-- Found PythonInterp: /usr/bin/python3 (found suitable version "3.8.10", minimum required is "3.5") 
-- Found python_cmake_module: 0.8.1 (/opt/ros/galactic/share/python_cmake_module/cmake)
-- Found PythonLibs: /usr/lib/x86_64-linux-gnu/libpython3.8.so (found suitable version "3.8.10", minimum required is "3.5") 
-- Using PYTHON_EXECUTABLE: /usr/bin/python3
-- Using PYTHON_INCLUDE_DIRS: /usr/include/python3.8
-- Using PYTHON_LIBRARIES: /usr/lib/x86_64-linux-gnu/libpython3.8.so
-- Found PythonExtra: .so  
-- Configuring done
-- Generating done
-- Build files have been written to: /home/robomaster/zxzzb/src/build/bboxes_ex_msgs
[  1%] [34m[1mGenerating C code for ROS interfaces[0m
[35m[1mScanning dependencies of target bboxes_ex_msgs__cpp[0m
[  3%] [34m[1mGenerating C++ code for ROS interfaces[0m
[  3%] Built target bboxes_ex_msgs__cpp
[35m[1mScanning dependencies of target bboxes_ex_msgs__rosidl_generator_c[0m
[  4%] [34m[1mGenerating C++ type support dispatch for ROS interfaces[0m
[  6%] [34m[1mGenerating C++ type support for eProsima Fast-RTPS[0m
[  7%] [32mBuilding C object CMakeFiles/bboxes_ex_msgs__rosidl_generator_c.dir/rosidl_generator_c/bboxes_ex_msgs/msg/detail/bounding_box2_d__functions.c.o[0m
[  9%] [34m[1mGenerating C++ introspection for ROS interfaces[0m
[ 11%] [32mBuilding C object CMakeFiles/bboxes_ex_msgs__rosidl_generator_c.dir/rosidl_generator_c/bboxes_ex_msgs/msg/detail/bounding_boxes2_d__functions.c.o[0m
[ 12%] [32mBuilding C object CMakeFiles/bboxes_ex_msgs__rosidl_generator_c.dir/rosidl_generator_c/bboxes_ex_msgs/msg/detail/bounding_polygon_box2_d__functions.c.o[0m
[ 14%] [32mBuilding C object CMakeFiles/bboxes_ex_msgs__rosidl_generator_c.dir/rosidl_generator_c/bboxes_ex_msgs/msg/detail/bounding_polygon_boxes2_d__functions.c.o[0m
[ 15%] [32mBuilding C object CMakeFiles/bboxes_ex_msgs__rosidl_generator_c.dir/rosidl_generator_c/bboxes_ex_msgs/msg/detail/object_count__functions.c.o[0m
[ 17%] [32m[1mLinking C shared library libbboxes_ex_msgs__rosidl_generator_c.so[0m
[ 17%] Built target bboxes_ex_msgs__rosidl_generator_c
[ 19%] [34m[1mGenerating C introspection for ROS interfaces[0m
[ 20%] [34m[1mGenerating C type support dispatch for ROS interfaces[0m
[35m[1mScanning dependencies of target bboxes_ex_msgs__rosidl_typesupport_cpp[0m
[ 22%] [32mBuilding CXX object CMakeFiles/bboxes_ex_msgs__rosidl_typesupport_cpp.dir/rosidl_typesupport_cpp/bboxes_ex_msgs/msg/bounding_box2_d__type_support.cpp.o[0m
[ 23%] [32mBuilding CXX object CMakeFiles/bboxes_ex_msgs__rosidl_typesupport_cpp.dir/rosidl_typesupport_cpp/bboxes_ex_msgs/msg/bounding_polygon_box2_d__type_support.cpp.o[0m
[ 25%] [32mBuilding CXX object CMakeFiles/bboxes_ex_msgs__rosidl_typesupport_cpp.dir/rosidl_typesupport_cpp/bboxes_ex_msgs/msg/bounding_polygon_boxes2_d__type_support.cpp.o[0m
[ 26%] [32mBuilding CXX object CMakeFiles/bboxes_ex_msgs__rosidl_typesupport_cpp.dir/rosidl_typesupport_cpp/bboxes_ex_msgs/msg/bounding_boxes2_d__type_support.cpp.o[0m
[ 28%] [32mBuilding CXX object CMakeFiles/bboxes_ex_msgs__rosidl_typesupport_cpp.dir/rosidl_typesupport_cpp/bboxes_ex_msgs/msg/object_count__type_support.cpp.o[0m
[35m[1mScanning dependencies of target bboxes_ex_msgs__rosidl_typesupport_fastrtps_cpp[0m
[35m[1mScanning dependencies of target bboxes_ex_msgs__rosidl_typesupport_introspection_cpp[0m
[ 30%] [32mBuilding CXX object CMakeFiles/bboxes_ex_msgs__rosidl_typesupport_introspection_cpp.dir/rosidl_typesupport_introspection_cpp/bboxes_ex_msgs/msg/detail/bounding_box2_d__type_support.cpp.o[0m
[ 31%] [32mBuilding CXX object CMakeFiles/bboxes_ex_msgs__rosidl_typesupport_fastrtps_cpp.dir/rosidl_typesupport_fastrtps_cpp/bboxes_ex_msgs/msg/detail/dds_fastrtps/bounding_box2_d__type_support.cpp.o[0m
[ 33%] [32mBuilding CXX object CMakeFiles/bboxes_ex_msgs__rosidl_typesupport_introspection_cpp.dir/rosidl_typesupport_introspection_cpp/bboxes_ex_msgs/msg/detail/bounding_boxes2_d__type_support.cpp.o[0m
[ 34%] [32mBuilding CXX object CMakeFiles/bboxes_ex_msgs__rosidl_typesupport_introspection_cpp.dir/rosidl_typesupport_introspection_cpp/bboxes_ex_msgs/msg/detail/bounding_polygon_boxes2_d__type_support.cpp.o[0m
[ 36%] [32mBuilding CXX object CMakeFiles/bboxes_ex_msgs__rosidl_typesupport_introspection_cpp.dir/rosidl_typesupport_introspection_cpp/bboxes_ex_msgs/msg/detail/bounding_polygon_box2_d__type_support.cpp.o[0m
[ 38%] [32mBuilding CXX object CMakeFiles/bboxes_ex_msgs__rosidl_typesupport_fastrtps_cpp.dir/rosidl_typesupport_fastrtps_cpp/bboxes_ex_msgs/msg/detail/dds_fastrtps/bounding_boxes2_d__type_support.cpp.o[0m
[ 39%] [32mBuilding CXX object CMakeFiles/bboxes_ex_msgs__rosidl_typesupport_fastrtps_cpp.dir/rosidl_typesupport_fastrtps_cpp/bboxes_ex_msgs/msg/detail/dds_fastrtps/bounding_polygon_box2_d__type_support.cpp.o[0m
[ 41%] [32mBuilding CXX object CMakeFiles/bboxes_ex_msgs__rosidl_typesupport_fastrtps_cpp.dir/rosidl_typesupport_fastrtps_cpp/bboxes_ex_msgs/msg/detail/dds_fastrtps/object_count__type_support.cpp.o[0m
[ 42%] [32mBuilding CXX object CMakeFiles/bboxes_ex_msgs__rosidl_typesupport_fastrtps_cpp.dir/rosidl_typesupport_fastrtps_cpp/bboxes_ex_msgs/msg/detail/dds_fastrtps/bounding_polygon_boxes2_d__type_support.cpp.o[0m
[ 44%] [32mBuilding CXX object CMakeFiles/bboxes_ex_msgs__rosidl_typesupport_introspection_cpp.dir/rosidl_typesupport_introspection_cpp/bboxes_ex_msgs/msg/detail/object_count__type_support.cpp.o[0m
[35m[1mScanning dependencies of target bboxes_ex_msgs__rosidl_typesupport_c[0m
[ 46%] [32mBuilding CXX object CMakeFiles/bboxes_ex_msgs__rosidl_typesupport_c.dir/rosidl_typesupport_c/bboxes_ex_msgs/msg/bounding_box2_d__type_support.cpp.o[0m
[ 47%] [32mBuilding CXX object CMakeFiles/bboxes_ex_msgs__rosidl_typesupport_c.dir/rosidl_typesupport_c/bboxes_ex_msgs/msg/bounding_boxes2_d__type_support.cpp.o[0m
[ 49%] [32mBuilding CXX object CMakeFiles/bboxes_ex_msgs__rosidl_typesupport_c.dir/rosidl_typesupport_c/bboxes_ex_msgs/msg/bounding_polygon_box2_d__type_support.cpp.o[0m
[ 50%] [32mBuilding CXX object CMakeFiles/bboxes_ex_msgs__rosidl_typesupport_c.dir/rosidl_typesupport_c/bboxes_ex_msgs/msg/bounding_polygon_boxes2_d__type_support.cpp.o[0m
[ 52%] [32mBuilding CXX object CMakeFiles/bboxes_ex_msgs__rosidl_typesupport_c.dir/rosidl_typesupport_c/bboxes_ex_msgs/msg/object_count__type_support.cpp.o[0m
[ 53%] [32m[1mLinking CXX shared library libbboxes_ex_msgs__rosidl_typesupport_c.so[0m
[35m[1mScanning dependencies of target bboxes_ex_msgs__rosidl_typesupport_introspection_c[0m
[ 55%] [32mBuilding C object CMakeFiles/bboxes_ex_msgs__rosidl_typesupport_introspection_c.dir/rosidl_typesupport_introspection_c/bboxes_ex_msgs/msg/detail/bounding_box2_d__type_support.c.o[0m
[ 57%] [32m[1mLinking CXX shared library libbboxes_ex_msgs__rosidl_typesupport_cpp.so[0m
[ 58%] [32mBuilding C object CMakeFiles/bboxes_ex_msgs__rosidl_typesupport_introspection_c.dir/rosidl_typesupport_introspection_c/bboxes_ex_msgs/msg/detail/bounding_boxes2_d__type_support.c.o[0m
[ 60%] [32mBuilding C object CMakeFiles/bboxes_ex_msgs__rosidl_typesupport_introspection_c.dir/rosidl_typesupport_introspection_c/bboxes_ex_msgs/msg/detail/bounding_polygon_box2_d__type_support.c.o[0m
[ 60%] Built target bboxes_ex_msgs__rosidl_typesupport_c
[ 61%] [32mBuilding C object CMakeFiles/bboxes_ex_msgs__rosidl_typesupport_introspection_c.dir/rosidl_typesupport_introspection_c/bboxes_ex_msgs/msg/detail/object_count__type_support.c.o[0m
[ 63%] [32mBuilding C object CMakeFiles/bboxes_ex_msgs__rosidl_typesupport_introspection_c.dir/rosidl_typesupport_introspection_c/bboxes_ex_msgs/msg/detail/bounding_polygon_boxes2_d__type_support.c.o[0m
[ 65%] [32m[1mLinking C shared library libbboxes_ex_msgs__rosidl_typesupport_introspection_c.so[0m
[ 65%] Built target bboxes_ex_msgs__rosidl_typesupport_cpp
[ 66%] [32m[1mLinking CXX shared library libbboxes_ex_msgs__rosidl_typesupport_introspection_cpp.so[0m
[ 66%] Built target bboxes_ex_msgs__rosidl_typesupport_introspection_c
[ 66%] Built target bboxes_ex_msgs__rosidl_typesupport_introspection_cpp
[ 68%] [32m[1mLinking CXX shared library libbboxes_ex_msgs__rosidl_typesupport_fastrtps_cpp.so[0m
[ 68%] Built target bboxes_ex_msgs__rosidl_typesupport_fastrtps_cpp
[ 69%] [34m[1mGenerating C type support for eProsima Fast-RTPS[0m
[35m[1mScanning dependencies of target bboxes_ex_msgs__rosidl_typesupport_fastrtps_c[0m
[ 71%] [32mBuilding CXX object CMakeFiles/bboxes_ex_msgs__rosidl_typesupport_fastrtps_c.dir/rosidl_typesupport_fastrtps_c/bboxes_ex_msgs/msg/detail/bounding_box2_d__type_support_c.cpp.o[0m
[ 73%] [32mBuilding CXX object CMakeFiles/bboxes_ex_msgs__rosidl_typesupport_fastrtps_c.dir/rosidl_typesupport_fastrtps_c/bboxes_ex_msgs/msg/detail/bounding_boxes2_d__type_support_c.cpp.o[0m
[ 74%] [32mBuilding CXX object CMakeFiles/bboxes_ex_msgs__rosidl_typesupport_fastrtps_c.dir/rosidl_typesupport_fastrtps_c/bboxes_ex_msgs/msg/detail/bounding_polygon_box2_d__type_support_c.cpp.o[0m
[ 76%] [32mBuilding CXX object CMakeFiles/bboxes_ex_msgs__rosidl_typesupport_fastrtps_c.dir/rosidl_typesupport_fastrtps_c/bboxes_ex_msgs/msg/detail/bounding_polygon_boxes2_d__type_support_c.cpp.o[0m
[ 77%] [32mBuilding CXX object CMakeFiles/bboxes_ex_msgs__rosidl_typesupport_fastrtps_c.dir/rosidl_typesupport_fastrtps_c/bboxes_ex_msgs/msg/detail/object_count__type_support_c.cpp.o[0m
[ 79%] [32m[1mLinking CXX shared library libbboxes_ex_msgs__rosidl_typesupport_fastrtps_c.so[0m
[ 79%] Built target bboxes_ex_msgs__rosidl_typesupport_fastrtps_c
[35m[1mScanning dependencies of target bboxes_ex_msgs[0m
[ 79%] Built target bboxes_ex_msgs
[35m[1mScanning dependencies of target bboxes_ex_msgs__py[0m
[ 80%] [34m[1mGenerating Python code for ROS interfaces[0m
[ 80%] Built target bboxes_ex_msgs__py
[35m[1mScanning dependencies of target bboxes_ex_msgs__python[0m
[ 82%] [32mBuilding C object CMakeFiles/bboxes_ex_msgs__python.dir/rosidl_generator_py/bboxes_ex_msgs/msg/_bounding_box2_d_s.c.o[0m
[ 84%] [32mBuilding C object CMakeFiles/bboxes_ex_msgs__python.dir/rosidl_generator_py/bboxes_ex_msgs/msg/_bounding_polygon_box2_d_s.c.o[0m
[ 85%] [32mBuilding C object CMakeFiles/bboxes_ex_msgs__python.dir/rosidl_generator_py/bboxes_ex_msgs/msg/_bounding_boxes2_d_s.c.o[0m
[ 87%] [32mBuilding C object CMakeFiles/bboxes_ex_msgs__python.dir/rosidl_generator_py/bboxes_ex_msgs/msg/_bounding_polygon_boxes2_d_s.c.o[0m
[ 88%] [32mBuilding C object CMakeFiles/bboxes_ex_msgs__python.dir/rosidl_generator_py/bboxes_ex_msgs/msg/_object_count_s.c.o[0m
[ 90%] [32m[1mLinking C shared library rosidl_generator_py/bboxes_ex_msgs/libbboxes_ex_msgs__python.so[0m
[ 90%] Built target bboxes_ex_msgs__python
[35m[1mScanning dependencies of target bboxes_ex_msgs__rosidl_typesupport_fastrtps_c__pyext[0m
[35m[1mScanning dependencies of target bboxes_ex_msgs__rosidl_typesupport_introspection_c__pyext[0m
[35m[1mScanning dependencies of target bboxes_ex_msgs__rosidl_typesupport_c__pyext[0m
[ 92%] [32mBuilding C object CMakeFiles/bboxes_ex_msgs__rosidl_typesupport_c__pyext.dir/rosidl_generator_py/bboxes_ex_msgs/_bboxes_ex_msgs_s.ep.rosidl_typesupport_c.c.o[0m
[ 93%] [32mBuilding C object CMakeFiles/bboxes_ex_msgs__rosidl_typesupport_introspection_c__pyext.dir/rosidl_generator_py/bboxes_ex_msgs/_bboxes_ex_msgs_s.ep.rosidl_typesupport_introspection_c.c.o[0m
[ 95%] [32mBuilding C object CMakeFiles/bboxes_ex_msgs__rosidl_typesupport_fastrtps_c__pyext.dir/rosidl_generator_py/bboxes_ex_msgs/_bboxes_ex_msgs_s.ep.rosidl_typesupport_fastrtps_c.c.o[0m
[ 96%] [32m[1mLinking C shared library rosidl_generator_py/bboxes_ex_msgs/bboxes_ex_msgs_s__rosidl_typesupport_introspection_c.cpython-38-x86_64-linux-gnu.so[0m
[ 98%] [32m[1mLinking C shared library rosidl_generator_py/bboxes_ex_msgs/bboxes_ex_msgs_s__rosidl_typesupport_c.cpython-38-x86_64-linux-gnu.so[0m
[100%] [32m[1mLinking CXX shared library rosidl_generator_py/bboxes_ex_msgs/bboxes_ex_msgs_s__rosidl_typesupport_fastrtps_c.cpython-38-x86_64-linux-gnu.so[0m
[100%] Built target bboxes_ex_msgs__rosidl_typesupport_introspection_c__pyext
[100%] Built target bboxes_ex_msgs__rosidl_typesupport_c__pyext
[100%] Built target bboxes_ex_msgs__rosidl_typesupport_fastrtps_c__pyext
-- Install configuration: ""
-- Installing: /home/robomaster/zxzzb/src/install/bboxes_ex_msgs/share/ament_index/resource_index/rosidl_interfaces/bboxes_ex_msgs
-- Installing: /home/robomaster/zxzzb/src/install/bboxes_ex_msgs/include/bboxes_ex_msgs
-- Installing: /home/robomaster/zxzzb/src/install/bboxes_ex_msgs/include/bboxes_ex_msgs/msg
-- Installing: /home/robomaster/zxzzb/src/install/bboxes_ex_msgs/include/bboxes_ex_msgs/msg/bounding_box2_d.h
-- Installing: /home/robomaster/zxzzb/src/install/bboxes_ex_msgs/include/bboxes_ex_msgs/msg/bounding_polygon_box2_d.h
-- Installing: /home/robomaster/zxzzb/src/install/bboxes_ex_msgs/include/bboxes_ex_msgs/msg/object_count.h
-- Installing: /home/robomaster/zxzzb/src/install/bboxes_ex_msgs/include/bboxes_ex_msgs/msg/bounding_boxes2_d.h
-- Installing: /home/robomaster/zxzzb/src/install/bboxes_ex_msgs/include/bboxes_ex_msgs/msg/detail
-- Installing: /home/robomaster/zxzzb/src/install/bboxes_ex_msgs/include/bboxes_ex_msgs/msg/detail/bounding_polygon_box2_d__type_support.h
-- Installing: /home/robomaster/zxzzb/src/install/bboxes_ex_msgs/include/bboxes_ex_msgs/msg/detail/bounding_polygon_boxes2_d__functions.h
-- Installing: /home/robomaster/zxzzb/src/install/bboxes_ex_msgs/include/bboxes_ex_msgs/msg/detail/bounding_box2_d__struct.h
-- Installing: /home/robomaster/zxzzb/src/install/bboxes_ex_msgs/include/bboxes_ex_msgs/msg/detail/bounding_boxes2_d__functions.c
-- Installing: /home/robomaster/zxzzb/src/install/bboxes_ex_msgs/include/bboxes_ex_msgs/msg/detail/object_count__type_support.h
-- Installing: /home/robomaster/zxzzb/src/install/bboxes_ex_msgs/include/bboxes_ex_msgs/msg/detail/bounding_box2_d__functions.h
-- Installing: /home/robomaster/zxzzb/src/install/bboxes_ex_msgs/include/bboxes_ex_msgs/msg/detail/bounding_polygon_boxes2_d__struct.h
-- Installing: /home/robomaster/zxzzb/src/install/bboxes_ex_msgs/include/bboxes_ex_msgs/msg/detail/bounding_boxes2_d__functions.h
-- Installing: /home/robomaster/zxzzb/src/install/bboxes_ex_msgs/include/bboxes_ex_msgs/msg/detail/bounding_polygon_box2_d__struct.h
-- Installing: /home/robomaster/zxzzb/src/install/bboxes_ex_msgs/include/bboxes_ex_msgs/msg/detail/object_count__functions.h
-- Installing: /home/robomaster/zxzzb/src/install/bboxes_ex_msgs/include/bboxes_ex_msgs/msg/detail/bounding_polygon_boxes2_d__functions.c
-- Installing: /home/robomaster/zxzzb/src/install/bboxes_ex_msgs/include/bboxes_ex_msgs/msg/detail/bounding_polygon_box2_d__functions.c
-- Installing: /home/robomaster/zxzzb/src/install/bboxes_ex_msgs/include/bboxes_ex_msgs/msg/detail/object_count__functions.c
-- Installing: /home/robomaster/zxzzb/src/install/bboxes_ex_msgs/include/bboxes_ex_msgs/msg/detail/bounding_box2_d__type_support.h
-- Installing: /home/robomaster/zxzzb/src/install/bboxes_ex_msgs/include/bboxes_ex_msgs/msg/detail/bounding_polygon_boxes2_d__type_support.h
-- Installing: /home/robomaster/zxzzb/src/install/bboxes_ex_msgs/include/bboxes_ex_msgs/msg/detail/object_count__struct.h
-- Installing: /home/robomaster/zxzzb/src/install/bboxes_ex_msgs/include/bboxes_ex_msgs/msg/detail/bounding_polygon_box2_d__functions.h
-- Installing: /home/robomaster/zxzzb/src/install/bboxes_ex_msgs/include/bboxes_ex_msgs/msg/detail/bounding_box2_d__functions.c
-- Installing: /home/robomaster/zxzzb/src/install/bboxes_ex_msgs/include/bboxes_ex_msgs/msg/detail/bounding_boxes2_d__struct.h
-- Installing: /home/robomaster/zxzzb/src/install/bboxes_ex_msgs/include/bboxes_ex_msgs/msg/detail/bounding_boxes2_d__type_support.h
-- Installing: /home/robomaster/zxzzb/src/install/bboxes_ex_msgs/include/bboxes_ex_msgs/msg/bounding_polygon_boxes2_d.h
-- Installing: /home/robomaster/zxzzb/src/install/bboxes_ex_msgs/include/bboxes_ex_msgs/msg/rosidl_generator_c__visibility_control.h
-- Installing: /home/robomaster/zxzzb/src/install/bboxes_ex_msgs/share/bboxes_ex_msgs/environment/library_path.sh
-- Installing: /home/robomaster/zxzzb/src/install/bboxes_ex_msgs/share/bboxes_ex_msgs/environment/library_path.dsv
-- Installing: /home/robomaster/zxzzb/src/install/bboxes_ex_msgs/lib/libbboxes_ex_msgs__rosidl_generator_c.so
-- Set runtime path of "/home/robomaster/zxzzb/src/install/bboxes_ex_msgs/lib/libbboxes_ex_msgs__rosidl_generator_c.so" to ""
-- Up-to-date: /home/robomaster/zxzzb/src/install/bboxes_ex_msgs/include/bboxes_ex_msgs
-- Up-to-date: /home/robomaster/zxzzb/src/install/bboxes_ex_msgs/include/bboxes_ex_msgs/msg
-- Installing: /home/robomaster/zxzzb/src/install/bboxes_ex_msgs/include/bboxes_ex_msgs/msg/rosidl_typesupport_fastrtps_c__visibility_control.h
-- Up-to-date: /home/robomaster/zxzzb/src/install/bboxes_ex_msgs/include/bboxes_ex_msgs/msg/detail
-- Installing: /home/robomaster/zxzzb/src/install/bboxes_ex_msgs/include/bboxes_ex_msgs/msg/detail/bounding_boxes2_d__rosidl_typesupport_fastrtps_c.h
-- Installing: /home/robomaster/zxzzb/src/install/bboxes_ex_msgs/include/bboxes_ex_msgs/msg/detail/bounding_polygon_box2_d__rosidl_typesupport_fastrtps_c.h
-- Installing: /home/robomaster/zxzzb/src/install/bboxes_ex_msgs/include/bboxes_ex_msgs/msg/detail/bounding_polygon_boxes2_d__rosidl_typesupport_fastrtps_c.h
-- Installing: /home/robomaster/zxzzb/src/install/bboxes_ex_msgs/include/bboxes_ex_msgs/msg/detail/bounding_box2_d__rosidl_typesupport_fastrtps_c.h
-- Installing: /home/robomaster/zxzzb/src/install/bboxes_ex_msgs/include/bboxes_ex_msgs/msg/detail/object_count__rosidl_typesupport_fastrtps_c.h
-- Installing: /home/robomaster/zxzzb/src/install/bboxes_ex_msgs/lib/libbboxes_ex_msgs__rosidl_typesupport_fastrtps_c.so
-- Set runtime path of "/home/robomaster/zxzzb/src/install/bboxes_ex_msgs/lib/libbboxes_ex_msgs__rosidl_typesupport_fastrtps_c.so" to ""
-- Up-to-date: /home/robomaster/zxzzb/src/install/bboxes_ex_msgs/include/bboxes_ex_msgs
-- Up-to-date: /home/robomaster/zxzzb/src/install/bboxes_ex_msgs/include/bboxes_ex_msgs/msg
-- Installing: /home/robomaster/zxzzb/src/install/bboxes_ex_msgs/include/bboxes_ex_msgs/msg/rosidl_typesupport_fastrtps_cpp__visibility_control.h
-- Up-to-date: /home/robomaster/zxzzb/src/install/bboxes_ex_msgs/include/bboxes_ex_msgs/msg/detail
-- Installing: /home/robomaster/zxzzb/src/install/bboxes_ex_msgs/include/bboxes_ex_msgs/msg/detail/bounding_boxes2_d__rosidl_typesupport_fastrtps_cpp.hpp
-- Installing: /home/robomaster/zxzzb/src/install/bboxes_ex_msgs/include/bboxes_ex_msgs/msg/detail/dds_fastrtps
-- Installing: /home/robomaster/zxzzb/src/install/bboxes_ex_msgs/include/bboxes_ex_msgs/msg/detail/bounding_box2_d__rosidl_typesupport_fastrtps_cpp.hpp
-- Installing: /home/robomaster/zxzzb/src/install/bboxes_ex_msgs/include/bboxes_ex_msgs/msg/detail/bounding_polygon_box2_d__rosidl_typesupport_fastrtps_cpp.hpp
-- Installing: /home/robomaster/zxzzb/src/install/bboxes_ex_msgs/include/bboxes_ex_msgs/msg/detail/bounding_polygon_boxes2_d__rosidl_typesupport_fastrtps_cpp.hpp
-- Installing: /home/robomaster/zxzzb/src/install/bboxes_ex_msgs/include/bboxes_ex_msgs/msg/detail/object_count__rosidl_typesupport_fastrtps_cpp.hpp
-- Installing: /home/robomaster/zxzzb/src/install/bboxes_ex_msgs/lib/libbboxes_ex_msgs__rosidl_typesupport_fastrtps_cpp.so
-- Set runtime path of "/home/robomaster/zxzzb/src/install/bboxes_ex_msgs/lib/libbboxes_ex_msgs__rosidl_typesupport_fastrtps_cpp.so" to ""
-- Up-to-date: /home/robomaster/zxzzb/src/install/bboxes_ex_msgs/include/bboxes_ex_msgs
-- Up-to-date: /home/robomaster/zxzzb/src/install/bboxes_ex_msgs/include/bboxes_ex_msgs/msg
-- Up-to-date: /home/robomaster/zxzzb/src/install/bboxes_ex_msgs/include/bboxes_ex_msgs/msg/detail
-- Installing: /home/robomaster/zxzzb/src/install/bboxes_ex_msgs/include/bboxes_ex_msgs/msg/detail/bounding_boxes2_d__type_support.c
-- Installing: /home/robomaster/zxzzb/src/install/bboxes_ex_msgs/include/bboxes_ex_msgs/msg/detail/bounding_boxes2_d__rosidl_typesupport_introspection_c.h
-- Installing: /home/robomaster/zxzzb/src/install/bboxes_ex_msgs/include/bboxes_ex_msgs/msg/detail/bounding_box2_d__rosidl_typesupport_introspection_c.h
-- Installing: /home/robomaster/zxzzb/src/install/bboxes_ex_msgs/include/bboxes_ex_msgs/msg/detail/object_count__rosidl_typesupport_introspection_c.h
-- Installing: /home/robomaster/zxzzb/src/install/bboxes_ex_msgs/include/bboxes_ex_msgs/msg/detail/bounding_polygon_box2_d__rosidl_typesupport_introspection_c.h
-- Installing: /home/robomaster/zxzzb/src/install/bboxes_ex_msgs/include/bboxes_ex_msgs/msg/detail/bounding_polygon_boxes2_d__rosidl_typesupport_introspection_c.h
-- Installing: /home/robomaster/zxzzb/src/install/bboxes_ex_msgs/include/bboxes_ex_msgs/msg/detail/object_count__type_support.c
-- Installing: /home/robomaster/zxzzb/src/install/bboxes_ex_msgs/include/bboxes_ex_msgs/msg/detail/bounding_box2_d__type_support.c
-- Installing: /home/robomaster/zxzzb/src/install/bboxes_ex_msgs/include/bboxes_ex_msgs/msg/detail/bounding_polygon_boxes2_d__type_support.c
-- Installing: /home/robomaster/zxzzb/src/install/bboxes_ex_msgs/include/bboxes_ex_msgs/msg/detail/bounding_polygon_box2_d__type_support.c
-- Installing: /home/robomaster/zxzzb/src/install/bboxes_ex_msgs/include/bboxes_ex_msgs/msg/rosidl_typesupport_introspection_c__visibility_control.h
-- Installing: /home/robomaster/zxzzb/src/install/bboxes_ex_msgs/lib/libbboxes_ex_msgs__rosidl_typesupport_introspection_c.so
-- Set runtime path of "/home/robomaster/zxzzb/src/install/bboxes_ex_msgs/lib/libbboxes_ex_msgs__rosidl_typesupport_introspection_c.so" to ""
-- Installing: /home/robomaster/zxzzb/src/install/bboxes_ex_msgs/lib/libbboxes_ex_msgs__rosidl_typesupport_c.so
-- Set runtime path of "/home/robomaster/zxzzb/src/install/bboxes_ex_msgs/lib/libbboxes_ex_msgs__rosidl_typesupport_c.so" to ""
-- Up-to-date: /home/robomaster/zxzzb/src/install/bboxes_ex_msgs/include/bboxes_ex_msgs
-- Up-to-date: /home/robomaster/zxzzb/src/install/bboxes_ex_msgs/include/bboxes_ex_msgs/msg
-- Installing: /home/robomaster/zxzzb/src/install/bboxes_ex_msgs/include/bboxes_ex_msgs/msg/bounding_polygon_box2_d.hpp
-- Installing: /home/robomaster/zxzzb/src/install/bboxes_ex_msgs/include/bboxes_ex_msgs/msg/bounding_boxes2_d.hpp
-- Installing: /home/robomaster/zxzzb/src/install/bboxes_ex_msgs/include/bboxes_ex_msgs/msg/bounding_polygon_boxes2_d.hpp
-- Installing: /home/robomaster/zxzzb/src/install/bboxes_ex_msgs/include/bboxes_ex_msgs/msg/object_count.hpp
-- Installing: /home/robomaster/zxzzb/src/install/bboxes_ex_msgs/include/bboxes_ex_msgs/msg/bounding_box2_d.hpp
-- Up-to-date: /home/robomaster/zxzzb/src/install/bboxes_ex_msgs/include/bboxes_ex_msgs/msg/detail
-- Installing: /home/robomaster/zxzzb/src/install/bboxes_ex_msgs/include/bboxes_ex_msgs/msg/detail/bounding_polygon_box2_d__struct.hpp
-- Installing: /home/robomaster/zxzzb/src/install/bboxes_ex_msgs/include/bboxes_ex_msgs/msg/detail/bounding_polygon_boxes2_d__struct.hpp
-- Installing: /home/robomaster/zxzzb/src/install/bboxes_ex_msgs/include/bboxes_ex_msgs/msg/detail/object_count__struct.hpp
-- Installing: /home/robomaster/zxzzb/src/install/bboxes_ex_msgs/include/bboxes_ex_msgs/msg/detail/bounding_polygon_box2_d__traits.hpp
-- Installing: /home/robomaster/zxzzb/src/install/bboxes_ex_msgs/include/bboxes_ex_msgs/msg/detail/bounding_boxes2_d__builder.hpp
-- Installing: /home/robomaster/zxzzb/src/install/bboxes_ex_msgs/include/bboxes_ex_msgs/msg/detail/bounding_box2_d__builder.hpp
-- Installing: /home/robomaster/zxzzb/src/install/bboxes_ex_msgs/include/bboxes_ex_msgs/msg/detail/object_count__traits.hpp
-- Installing: /home/robomaster/zxzzb/src/install/bboxes_ex_msgs/include/bboxes_ex_msgs/msg/detail/bounding_polygon_boxes2_d__traits.hpp
-- Installing: /home/robomaster/zxzzb/src/install/bboxes_ex_msgs/include/bboxes_ex_msgs/msg/detail/bounding_polygon_boxes2_d__builder.hpp
-- Installing: /home/robomaster/zxzzb/src/install/bboxes_ex_msgs/include/bboxes_ex_msgs/msg/detail/object_count__builder.hpp
-- Installing: /home/robomaster/zxzzb/src/install/bboxes_ex_msgs/include/bboxes_ex_msgs/msg/detail/bounding_boxes2_d__traits.hpp
-- Installing: /home/robomaster/zxzzb/src/install/bboxes_ex_msgs/include/bboxes_ex_msgs/msg/detail/bounding_box2_d__traits.hpp
-- Installing: /home/robomaster/zxzzb/src/install/bboxes_ex_msgs/include/bboxes_ex_msgs/msg/detail/bounding_box2_d__struct.hpp
-- Installing: /home/robomaster/zxzzb/src/install/bboxes_ex_msgs/include/bboxes_ex_msgs/msg/detail/bounding_boxes2_d__struct.hpp
-- Installing: /home/robomaster/zxzzb/src/install/bboxes_ex_msgs/include/bboxes_ex_msgs/msg/detail/bounding_polygon_box2_d__builder.hpp
-- Up-to-date: /home/robomaster/zxzzb/src/install/bboxes_ex_msgs/include/bboxes_ex_msgs
-- Up-to-date: /home/robomaster/zxzzb/src/install/bboxes_ex_msgs/include/bboxes_ex_msgs/msg
-- Up-to-date: /home/robomaster/zxzzb/src/install/bboxes_ex_msgs/include/bboxes_ex_msgs/msg/detail
-- Installing: /home/robomaster/zxzzb/src/install/bboxes_ex_msgs/include/bboxes_ex_msgs/msg/detail/bounding_boxes2_d__type_support.cpp
-- Installing: /home/robomaster/zxzzb/src/install/bboxes_ex_msgs/include/bboxes_ex_msgs/msg/detail/bounding_box2_d__type_support.cpp
-- Installing: /home/robomaster/zxzzb/src/install/bboxes_ex_msgs/include/bboxes_ex_msgs/msg/detail/object_count__type_support.cpp
-- Installing: /home/robomaster/zxzzb/src/install/bboxes_ex_msgs/include/bboxes_ex_msgs/msg/detail/bounding_polygon_boxes2_d__type_support.cpp
-- Installing: /home/robomaster/zxzzb/src/install/bboxes_ex_msgs/include/bboxes_ex_msgs/msg/detail/bounding_boxes2_d__rosidl_typesupport_introspection_cpp.hpp
-- Installing: /home/robomaster/zxzzb/src/install/bboxes_ex_msgs/include/bboxes_ex_msgs/msg/detail/object_count__rosidl_typesupport_introspection_cpp.hpp
-- Installing: /home/robomaster/zxzzb/src/install/bboxes_ex_msgs/include/bboxes_ex_msgs/msg/detail/bounding_box2_d__rosidl_typesupport_introspection_cpp.hpp
-- Installing: /home/robomaster/zxzzb/src/install/bboxes_ex_msgs/include/bboxes_ex_msgs/msg/detail/bounding_polygon_box2_d__rosidl_typesupport_introspection_cpp.hpp
-- Installing: /home/robomaster/zxzzb/src/install/bboxes_ex_msgs/include/bboxes_ex_msgs/msg/detail/bounding_polygon_box2_d__type_support.cpp
-- Installing: /home/robomaster/zxzzb/src/install/bboxes_ex_msgs/include/bboxes_ex_msgs/msg/detail/bounding_polygon_boxes2_d__rosidl_typesupport_introspection_cpp.hpp
-- Installing: /home/robomaster/zxzzb/src/install/bboxes_ex_msgs/lib/libbboxes_ex_msgs__rosidl_typesupport_introspection_cpp.so
-- Set runtime path of "/home/robomaster/zxzzb/src/install/bboxes_ex_msgs/lib/libbboxes_ex_msgs__rosidl_typesupport_introspection_cpp.so" to ""
-- Installing: /home/robomaster/zxzzb/src/install/bboxes_ex_msgs/lib/libbboxes_ex_msgs__rosidl_typesupport_cpp.so
-- Set runtime path of "/home/robomaster/zxzzb/src/install/bboxes_ex_msgs/lib/libbboxes_ex_msgs__rosidl_typesupport_cpp.so" to ""
-- Installing: /home/robomaster/zxzzb/src/install/bboxes_ex_msgs/share/bboxes_ex_msgs/environment/pythonpath.sh
-- Installing: /home/robomaster/zxzzb/src/install/bboxes_ex_msgs/share/bboxes_ex_msgs/environment/pythonpath.dsv
-- Installing: /home/robomaster/zxzzb/src/install/bboxes_ex_msgs/lib/python3.8/site-packages/bboxes_ex_msgs/__init__.py
Compiling '/home/robomaster/zxzzb/src/install/bboxes_ex_msgs/lib/python3.8/site-packages/bboxes_ex_msgs/__init__.py'...
-- Installing: /home/robomaster/zxzzb/src/install/bboxes_ex_msgs/lib/python3.8/site-packages/bboxes_ex_msgs/msg
-- Installing: /home/robomaster/zxzzb/src/install/bboxes_ex_msgs/lib/python3.8/site-packages/bboxes_ex_msgs/msg/_bounding_box2_d.py
-- Installing: /home/robomaster/zxzzb/src/install/bboxes_ex_msgs/lib/python3.8/site-packages/bboxes_ex_msgs/msg/__init__.py
-- Installing: /home/robomaster/zxzzb/src/install/bboxes_ex_msgs/lib/python3.8/site-packages/bboxes_ex_msgs/msg/_bounding_boxes2_d_s.c
-- Installing: /home/robomaster/zxzzb/src/install/bboxes_ex_msgs/lib/python3.8/site-packages/bboxes_ex_msgs/msg/_bounding_box2_d_s.c
-- Installing: /home/robomaster/zxzzb/src/install/bboxes_ex_msgs/lib/python3.8/site-packages/bboxes_ex_msgs/msg/_bounding_polygon_boxes2_d_s.c
-- Installing: /home/robomaster/zxzzb/src/install/bboxes_ex_msgs/lib/python3.8/site-packages/bboxes_ex_msgs/msg/_object_count.py
-- Installing: /home/robomaster/zxzzb/src/install/bboxes_ex_msgs/lib/python3.8/site-packages/bboxes_ex_msgs/msg/_bounding_boxes2_d.py
-- Installing: /home/robomaster/zxzzb/src/install/bboxes_ex_msgs/lib/python3.8/site-packages/bboxes_ex_msgs/msg/_object_count_s.c
-- Installing: /home/robomaster/zxzzb/src/install/bboxes_ex_msgs/lib/python3.8/site-packages/bboxes_ex_msgs/msg/_bounding_polygon_box2_d.py
-- Installing: /home/robomaster/zxzzb/src/install/bboxes_ex_msgs/lib/python3.8/site-packages/bboxes_ex_msgs/msg/_bounding_polygon_boxes2_d.py
-- Installing: /home/robomaster/zxzzb/src/install/bboxes_ex_msgs/lib/python3.8/site-packages/bboxes_ex_msgs/msg/_bounding_polygon_box2_d_s.c
-- Installing: /home/robomaster/zxzzb/src/install/bboxes_ex_msgs/lib/python3.8/site-packages/bboxes_ex_msgs/bboxes_ex_msgs_s__rosidl_typesupport_fastrtps_c.cpython-38-x86_64-linux-gnu.so
-- Set runtime path of "/home/robomaster/zxzzb/src/install/bboxes_ex_msgs/lib/python3.8/site-packages/bboxes_ex_msgs/bboxes_ex_msgs_s__rosidl_typesupport_fastrtps_c.cpython-38-x86_64-linux-gnu.so" to ""
-- Installing: /home/robomaster/zxzzb/src/install/bboxes_ex_msgs/lib/python3.8/site-packages/bboxes_ex_msgs/bboxes_ex_msgs_s__rosidl_typesupport_introspection_c.cpython-38-x86_64-linux-gnu.so
-- Set runtime path of "/home/robomaster/zxzzb/src/install/bboxes_ex_msgs/lib/python3.8/site-packages/bboxes_ex_msgs/bboxes_ex_msgs_s__rosidl_typesupport_introspection_c.cpython-38-x86_64-linux-gnu.so" to ""
-- Installing: /home/robomaster/zxzzb/src/install/bboxes_ex_msgs/lib/python3.8/site-packages/bboxes_ex_msgs/bboxes_ex_msgs_s__rosidl_typesupport_c.cpython-38-x86_64-linux-gnu.so
-- Set runtime path of "/home/robomaster/zxzzb/src/install/bboxes_ex_msgs/lib/python3.8/site-packages/bboxes_ex_msgs/bboxes_ex_msgs_s__rosidl_typesupport_c.cpython-38-x86_64-linux-gnu.so" to ""
-- Installing: /home/robomaster/zxzzb/src/install/bboxes_ex_msgs/lib/libbboxes_ex_msgs__python.so
-- Set runtime path of "/home/robomaster/zxzzb/src/install/bboxes_ex_msgs/lib/libbboxes_ex_msgs__python.so" to ""
-- Installing: /home/robomaster/zxzzb/src/install/bboxes_ex_msgs/share/bboxes_ex_msgs/msg/BoundingBox2D.idl
-- Installing: /home/robomaster/zxzzb/src/install/bboxes_ex_msgs/share/bboxes_ex_msgs/msg/BoundingBoxes2D.idl
-- Installing: /home/robomaster/zxzzb/src/install/bboxes_ex_msgs/share/bboxes_ex_msgs/msg/BoundingPolygonBox2D.idl
-- Installing: /home/robomaster/zxzzb/src/install/bboxes_ex_msgs/share/bboxes_ex_msgs/msg/BoundingPolygonBoxes2D.idl
-- Installing: /home/robomaster/zxzzb/src/install/bboxes_ex_msgs/share/bboxes_ex_msgs/msg/ObjectCount.idl
-- Installing: /home/robomaster/zxzzb/src/install/bboxes_ex_msgs/share/bboxes_ex_msgs/msg/BoundingBox2D.msg
-- Installing: /home/robomaster/zxzzb/src/install/bboxes_ex_msgs/share/bboxes_ex_msgs/msg/BoundingBoxes2D.msg
-- Installing: /home/robomaster/zxzzb/src/install/bboxes_ex_msgs/share/bboxes_ex_msgs/msg/BoundingPolygonBox2D.msg
-- Installing: /home/robomaster/zxzzb/src/install/bboxes_ex_msgs/share/bboxes_ex_msgs/msg/BoundingPolygonBoxes2D.msg
-- Installing: /home/robomaster/zxzzb/src/install/bboxes_ex_msgs/share/bboxes_ex_msgs/msg/ObjectCount.msg
-- Installing: /home/robomaster/zxzzb/src/install/bboxes_ex_msgs/share/ament_index/resource_index/package_run_dependencies/bboxes_ex_msgs
-- Installing: /home/robomaster/zxzzb/src/install/bboxes_ex_msgs/share/ament_index/resource_index/parent_prefix_path/bboxes_ex_msgs
-- Installing: /home/robomaster/zxzzb/src/install/bboxes_ex_msgs/share/bboxes_ex_msgs/environment/ament_prefix_path.sh
-- Installing: /home/robomaster/zxzzb/src/install/bboxes_ex_msgs/share/bboxes_ex_msgs/environment/ament_prefix_path.dsv
-- Installing: /home/robomaster/zxzzb/src/install/bboxes_ex_msgs/share/bboxes_ex_msgs/environment/path.sh
-- Installing: /home/robomaster/zxzzb/src/install/bboxes_ex_msgs/share/bboxes_ex_msgs/environment/path.dsv
-- Installing: /home/robomaster/zxzzb/src/install/bboxes_ex_msgs/share/bboxes_ex_msgs/local_setup.bash
-- Installing: /home/robomaster/zxzzb/src/install/bboxes_ex_msgs/share/bboxes_ex_msgs/local_setup.sh
-- Installing: /home/robomaster/zxzzb/src/install/bboxes_ex_msgs/share/bboxes_ex_msgs/local_setup.zsh
-- Installing: /home/robomaster/zxzzb/src/install/bboxes_ex_msgs/share/bboxes_ex_msgs/local_setup.dsv
-- Installing: /home/robomaster/zxzzb/src/install/bboxes_ex_msgs/share/bboxes_ex_msgs/package.dsv
-- Installing: /home/robomaster/zxzzb/src/install/bboxes_ex_msgs/share/ament_index/resource_index/packages/bboxes_ex_msgs
-- Installing: /home/robomaster/zxzzb/src/install/bboxes_ex_msgs/share/bboxes_ex_msgs/cmake/bboxes_ex_msgs__rosidl_generator_cExport.cmake
-- Installing: /home/robomaster/zxzzb/src/install/bboxes_ex_msgs/share/bboxes_ex_msgs/cmake/bboxes_ex_msgs__rosidl_generator_cExport-noconfig.cmake
-- Installing: /home/robomaster/zxzzb/src/install/bboxes_ex_msgs/share/bboxes_ex_msgs/cmake/bboxes_ex_msgs__rosidl_typesupport_introspection_cExport.cmake
-- Installing: /home/robomaster/zxzzb/src/install/bboxes_ex_msgs/share/bboxes_ex_msgs/cmake/bboxes_ex_msgs__rosidl_typesupport_introspection_cExport-noconfig.cmake
-- Installing: /home/robomaster/zxzzb/src/install/bboxes_ex_msgs/share/bboxes_ex_msgs/cmake/bboxes_ex_msgs__rosidl_typesupport_cExport.cmake
-- Installing: /home/robomaster/zxzzb/src/install/bboxes_ex_msgs/share/bboxes_ex_msgs/cmake/bboxes_ex_msgs__rosidl_typesupport_cExport-noconfig.cmake
-- Installing: /home/robomaster/zxzzb/src/install/bboxes_ex_msgs/share/bboxes_ex_msgs/cmake/bboxes_ex_msgs__rosidl_generator_cppExport.cmake
-- Installing: /home/robomaster/zxzzb/src/install/bboxes_ex_msgs/share/bboxes_ex_msgs/cmake/bboxes_ex_msgs__rosidl_typesupport_introspection_cppExport.cmake
-- Installing: /home/robomaster/zxzzb/src/install/bboxes_ex_msgs/share/bboxes_ex_msgs/cmake/bboxes_ex_msgs__rosidl_typesupport_introspection_cppExport-noconfig.cmake
-- Installing: /home/robomaster/zxzzb/src/install/bboxes_ex_msgs/share/bboxes_ex_msgs/cmake/bboxes_ex_msgs__rosidl_typesupport_cppExport.cmake
-- Installing: /home/robomaster/zxzzb/src/install/bboxes_ex_msgs/share/bboxes_ex_msgs/cmake/bboxes_ex_msgs__rosidl_typesupport_cppExport-noconfig.cmake
-- Installing: /home/robomaster/zxzzb/src/install/bboxes_ex_msgs/share/bboxes_ex_msgs/cmake/rosidl_cmake-extras.cmake
-- Installing: /home/robomaster/zxzzb/src/install/bboxes_ex_msgs/share/bboxes_ex_msgs/cmake/ament_cmake_export_dependencies-extras.cmake
-- Installing: /home/robomaster/zxzzb/src/install/bboxes_ex_msgs/share/bboxes_ex_msgs/cmake/ament_cmake_export_libraries-extras.cmake
-- Installing: /home/robomaster/zxzzb/src/install/bboxes_ex_msgs/share/bboxes_ex_msgs/cmake/ament_cmake_export_targets-extras.cmake
-- Installing: /home/robomaster/zxzzb/src/install/bboxes_ex_msgs/share/bboxes_ex_msgs/cmake/ament_cmake_export_include_directories-extras.cmake
-- Installing: /home/robomaster/zxzzb/src/install/bboxes_ex_msgs/share/bboxes_ex_msgs/cmake/rosidl_cmake_export_typesupport_libraries-extras.cmake
-- Installing: /home/robomaster/zxzzb/src/install/bboxes_ex_msgs/share/bboxes_ex_msgs/cmake/rosidl_cmake_export_typesupport_targets-extras.cmake
-- Installing: /home/robomaster/zxzzb/src/install/bboxes_ex_msgs/share/bboxes_ex_msgs/cmake/bboxes_ex_msgsConfig.cmake
-- Installing: /home/robomaster/zxzzb/src/install/bboxes_ex_msgs/share/bboxes_ex_msgs/cmake/bboxes_ex_msgsConfig-version.cmake
-- Installing: /home/robomaster/zxzzb/src/install/bboxes_ex_msgs/share/bboxes_ex_msgs/package.xml
