[0.047s] Invoking command in '/home/robomaster/zxzzb/src/build/bboxes_ex_msgs': CMAKE_PREFIX_PATH=/opt/ros/galactic /usr/bin/cmake /home/robomaster/zxzzb/src/bubble_interface/bboxes_ex_msgs -DCMAKE_INSTALL_PREFIX=/home/robomaster/zxzzb/src/install/bboxes_ex_msgs
[0.419s] -- The C compiler identification is GNU 9.4.0
[0.419s] -- The CXX compiler identification is GNU 9.4.0
[0.419s] -- Check for working C compiler: /usr/bin/cc
[0.419s] -- Check for working C compiler: /usr/bin/cc -- works
[0.419s] -- Detecting C compiler ABI info
[0.419s] -- Detecting C compiler ABI info - done
[0.419s] -- Detecting C compile features
[0.419s] -- Detecting C compile features - done
[0.419s] -- Check for working CXX compiler: /usr/bin/c++
[0.419s] -- Check for working CXX compiler: /usr/bin/c++ -- works
[0.419s] -- Detecting CXX compiler ABI info
[0.491s] -- Detecting CXX compiler ABI info - done
[0.507s] -- Detecting CXX compile features
[0.507s] -- Detecting CXX compile features - done
[0.511s] -- Found ament_cmake: 1.1.6 (/opt/ros/galactic/share/ament_cmake/cmake)
[0.536s] -- Found PythonInterp: /usr/bin/python3 (found suitable version "3.8.10", minimum required is "3") 
[0.536s] -- Using PYTHON_EXECUTABLE: /usr/bin/python3
[0.638s] -- Found builtin_interfaces: 1.0.3 (/opt/ros/galactic/share/builtin_interfaces/cmake)
[0.666s] -- Using all available rosidl_typesupport_c: rosidl_typesupport_fastrtps_c;rosidl_typesupport_introspection_c
[0.674s] -- Found rosidl_adapter: 2.2.3 (/opt/ros/galactic/share/rosidl_adapter/cmake)
[0.769s] -- Found OpenSSL: /usr/lib/x86_64-linux-gnu/libcrypto.so (found version "1.1.1f")  
[0.805s] -- Found FastRTPS: /opt/ros/galactic/include  
[0.902s] -- Using all available rosidl_typesupport_cpp: rosidl_typesupport_fastrtps_cpp;rosidl_typesupport_introspection_cpp
[0.936s] -- Found geometry_msgs: 2.2.4 (/opt/ros/galactic/share/geometry_msgs/cmake)
[1.012s] -- Found rosidl_default_generators: 1.1.1 (/opt/ros/galactic/share/rosidl_default_generators/cmake)
[1.062s] -- Found PythonInterp: /usr/bin/python3 (found version "3.8.10") 
[1.328s] -- Found ament_cmake_ros: 0.9.2 (/opt/ros/galactic/share/ament_cmake_ros/cmake)
[1.606s] -- Using all available rosidl_typesupport_c: rosidl_typesupport_fastrtps_c;rosidl_typesupport_introspection_c
[1.679s] -- Using all available rosidl_typesupport_cpp: rosidl_typesupport_fastrtps_cpp;rosidl_typesupport_introspection_cpp
[1.703s] -- Found PythonInterp: /usr/bin/python3 (found suitable version "3.8.10", minimum required is "3.5") 
[1.704s] -- Found python_cmake_module: 0.8.1 (/opt/ros/galactic/share/python_cmake_module/cmake)
[1.721s] -- Found PythonLibs: /usr/lib/x86_64-linux-gnu/libpython3.8.so (found suitable version "3.8.10", minimum required is "3.5") 
[1.721s] -- Using PYTHON_EXECUTABLE: /usr/bin/python3
[1.721s] -- Using PYTHON_INCLUDE_DIRS: /usr/include/python3.8
[1.721s] -- Using PYTHON_LIBRARIES: /usr/lib/x86_64-linux-gnu/libpython3.8.so
[1.738s] -- Found PythonExtra: .so  
[1.849s] -- Configuring done
[1.948s] -- Generating done
[1.977s] -- Build files have been written to: /home/robomaster/zxzzb/src/build/bboxes_ex_msgs
[1.996s] Invoked command in '/home/robomaster/zxzzb/src/build/bboxes_ex_msgs' returned '0': CMAKE_PREFIX_PATH=/opt/ros/galactic /usr/bin/cmake /home/robomaster/zxzzb/src/bubble_interface/bboxes_ex_msgs -DCMAKE_INSTALL_PREFIX=/home/robomaster/zxzzb/src/install/bboxes_ex_msgs
[1.998s] Invoking command in '/home/robomaster/zxzzb/src/build/bboxes_ex_msgs': CMAKE_PREFIX_PATH=/opt/ros/galactic /usr/bin/cmake --build /home/robomaster/zxzzb/src/build/bboxes_ex_msgs -- -j16 -l16
[2.210s] [  1%] [34m[1mGenerating C code for ROS interfaces[0m
[2.239s] [35m[1mScanning dependencies of target bboxes_ex_msgs__cpp[0m
[2.289s] [  3%] [34m[1mGenerating C++ code for ROS interfaces[0m
[3.223s] [  3%] Built target bboxes_ex_msgs__cpp
[3.253s] [35m[1mScanning dependencies of target bboxes_ex_msgs__rosidl_generator_c[0m
[3.262s] [  4%] [34m[1mGenerating C++ type support dispatch for ROS interfaces[0m
[3.267s] [  6%] [34m[1mGenerating C++ type support for eProsima Fast-RTPS[0m
[3.301s] [  7%] [32mBuilding C object CMakeFiles/bboxes_ex_msgs__rosidl_generator_c.dir/rosidl_generator_c/bboxes_ex_msgs/msg/detail/bounding_box2_d__functions.c.o[0m
[3.314s] [  9%] [34m[1mGenerating C++ introspection for ROS interfaces[0m
[3.325s] [ 11%] [32mBuilding C object CMakeFiles/bboxes_ex_msgs__rosidl_generator_c.dir/rosidl_generator_c/bboxes_ex_msgs/msg/detail/bounding_boxes2_d__functions.c.o[0m
[3.393s] [ 12%] [32mBuilding C object CMakeFiles/bboxes_ex_msgs__rosidl_generator_c.dir/rosidl_generator_c/bboxes_ex_msgs/msg/detail/bounding_polygon_box2_d__functions.c.o[0m
[3.402s] [ 14%] [32mBuilding C object CMakeFiles/bboxes_ex_msgs__rosidl_generator_c.dir/rosidl_generator_c/bboxes_ex_msgs/msg/detail/bounding_polygon_boxes2_d__functions.c.o[0m
[3.412s] [ 15%] [32mBuilding C object CMakeFiles/bboxes_ex_msgs__rosidl_generator_c.dir/rosidl_generator_c/bboxes_ex_msgs/msg/detail/object_count__functions.c.o[0m
[3.597s] [ 17%] [32m[1mLinking C shared library libbboxes_ex_msgs__rosidl_generator_c.so[0m
[3.788s] [ 17%] Built target bboxes_ex_msgs__rosidl_generator_c
[3.947s] [ 19%] [34m[1mGenerating C introspection for ROS interfaces[0m
[3.975s] [ 20%] [34m[1mGenerating C type support dispatch for ROS interfaces[0m
[4.466s] [35m[1mScanning dependencies of target bboxes_ex_msgs__rosidl_typesupport_cpp[0m
[4.575s] [ 22%] [32mBuilding CXX object CMakeFiles/bboxes_ex_msgs__rosidl_typesupport_cpp.dir/rosidl_typesupport_cpp/bboxes_ex_msgs/msg/bounding_box2_d__type_support.cpp.o[0m
[4.591s] [ 23%] [32mBuilding CXX object CMakeFiles/bboxes_ex_msgs__rosidl_typesupport_cpp.dir/rosidl_typesupport_cpp/bboxes_ex_msgs/msg/bounding_polygon_box2_d__type_support.cpp.o[0m
[4.605s] [ 25%] [32mBuilding CXX object CMakeFiles/bboxes_ex_msgs__rosidl_typesupport_cpp.dir/rosidl_typesupport_cpp/bboxes_ex_msgs/msg/bounding_polygon_boxes2_d__type_support.cpp.o[0m
[4.610s] [ 26%] [32mBuilding CXX object CMakeFiles/bboxes_ex_msgs__rosidl_typesupport_cpp.dir/rosidl_typesupport_cpp/bboxes_ex_msgs/msg/bounding_boxes2_d__type_support.cpp.o[0m
[4.633s] [ 28%] [32mBuilding CXX object CMakeFiles/bboxes_ex_msgs__rosidl_typesupport_cpp.dir/rosidl_typesupport_cpp/bboxes_ex_msgs/msg/object_count__type_support.cpp.o[0m
[4.917s] [35m[1mScanning dependencies of target bboxes_ex_msgs__rosidl_typesupport_fastrtps_cpp[0m
[4.920s] [35m[1mScanning dependencies of target bboxes_ex_msgs__rosidl_typesupport_introspection_cpp[0m
[5.024s] [ 30%] [32mBuilding CXX object CMakeFiles/bboxes_ex_msgs__rosidl_typesupport_introspection_cpp.dir/rosidl_typesupport_introspection_cpp/bboxes_ex_msgs/msg/detail/bounding_box2_d__type_support.cpp.o[0m
[5.025s] [ 31%] [32mBuilding CXX object CMakeFiles/bboxes_ex_msgs__rosidl_typesupport_fastrtps_cpp.dir/rosidl_typesupport_fastrtps_cpp/bboxes_ex_msgs/msg/detail/dds_fastrtps/bounding_box2_d__type_support.cpp.o[0m
[5.052s] [ 33%] [32mBuilding CXX object CMakeFiles/bboxes_ex_msgs__rosidl_typesupport_introspection_cpp.dir/rosidl_typesupport_introspection_cpp/bboxes_ex_msgs/msg/detail/bounding_boxes2_d__type_support.cpp.o[0m
[5.059s] [ 34%] [32mBuilding CXX object CMakeFiles/bboxes_ex_msgs__rosidl_typesupport_introspection_cpp.dir/rosidl_typesupport_introspection_cpp/bboxes_ex_msgs/msg/detail/bounding_polygon_boxes2_d__type_support.cpp.o[0m
[5.065s] [ 36%] [32mBuilding CXX object CMakeFiles/bboxes_ex_msgs__rosidl_typesupport_introspection_cpp.dir/rosidl_typesupport_introspection_cpp/bboxes_ex_msgs/msg/detail/bounding_polygon_box2_d__type_support.cpp.o[0m
[5.068s] [ 38%] [32mBuilding CXX object CMakeFiles/bboxes_ex_msgs__rosidl_typesupport_fastrtps_cpp.dir/rosidl_typesupport_fastrtps_cpp/bboxes_ex_msgs/msg/detail/dds_fastrtps/bounding_boxes2_d__type_support.cpp.o[0m
[5.085s] [ 39%] [32mBuilding CXX object CMakeFiles/bboxes_ex_msgs__rosidl_typesupport_fastrtps_cpp.dir/rosidl_typesupport_fastrtps_cpp/bboxes_ex_msgs/msg/detail/dds_fastrtps/bounding_polygon_box2_d__type_support.cpp.o[0m
[5.089s] [ 41%] [32mBuilding CXX object CMakeFiles/bboxes_ex_msgs__rosidl_typesupport_fastrtps_cpp.dir/rosidl_typesupport_fastrtps_cpp/bboxes_ex_msgs/msg/detail/dds_fastrtps/object_count__type_support.cpp.o[0m
[5.097s] [ 42%] [32mBuilding CXX object CMakeFiles/bboxes_ex_msgs__rosidl_typesupport_fastrtps_cpp.dir/rosidl_typesupport_fastrtps_cpp/bboxes_ex_msgs/msg/detail/dds_fastrtps/bounding_polygon_boxes2_d__type_support.cpp.o[0m
[5.188s] [ 44%] [32mBuilding CXX object CMakeFiles/bboxes_ex_msgs__rosidl_typesupport_introspection_cpp.dir/rosidl_typesupport_introspection_cpp/bboxes_ex_msgs/msg/detail/object_count__type_support.cpp.o[0m
[5.436s] [35m[1mScanning dependencies of target bboxes_ex_msgs__rosidl_typesupport_c[0m
[5.463s] [ 46%] [32mBuilding CXX object CMakeFiles/bboxes_ex_msgs__rosidl_typesupport_c.dir/rosidl_typesupport_c/bboxes_ex_msgs/msg/bounding_box2_d__type_support.cpp.o[0m
[5.507s] [ 47%] [32mBuilding CXX object CMakeFiles/bboxes_ex_msgs__rosidl_typesupport_c.dir/rosidl_typesupport_c/bboxes_ex_msgs/msg/bounding_boxes2_d__type_support.cpp.o[0m
[5.589s] [ 49%] [32mBuilding CXX object CMakeFiles/bboxes_ex_msgs__rosidl_typesupport_c.dir/rosidl_typesupport_c/bboxes_ex_msgs/msg/bounding_polygon_box2_d__type_support.cpp.o[0m
[5.688s] [ 50%] [32mBuilding CXX object CMakeFiles/bboxes_ex_msgs__rosidl_typesupport_c.dir/rosidl_typesupport_c/bboxes_ex_msgs/msg/bounding_polygon_boxes2_d__type_support.cpp.o[0m
[5.707s] [ 52%] [32mBuilding CXX object CMakeFiles/bboxes_ex_msgs__rosidl_typesupport_c.dir/rosidl_typesupport_c/bboxes_ex_msgs/msg/object_count__type_support.cpp.o[0m
[5.765s] [ 53%] [32m[1mLinking CXX shared library libbboxes_ex_msgs__rosidl_typesupport_c.so[0m
[5.773s] [35m[1mScanning dependencies of target bboxes_ex_msgs__rosidl_typesupport_introspection_c[0m
[5.851s] [ 55%] [32mBuilding C object CMakeFiles/bboxes_ex_msgs__rosidl_typesupport_introspection_c.dir/rosidl_typesupport_introspection_c/bboxes_ex_msgs/msg/detail/bounding_box2_d__type_support.c.o[0m
[5.868s] [ 57%] [32m[1mLinking CXX shared library libbboxes_ex_msgs__rosidl_typesupport_cpp.so[0m
[5.876s] [ 58%] [32mBuilding C object CMakeFiles/bboxes_ex_msgs__rosidl_typesupport_introspection_c.dir/rosidl_typesupport_introspection_c/bboxes_ex_msgs/msg/detail/bounding_boxes2_d__type_support.c.o[0m
[5.879s] [ 60%] [32mBuilding C object CMakeFiles/bboxes_ex_msgs__rosidl_typesupport_introspection_c.dir/rosidl_typesupport_introspection_c/bboxes_ex_msgs/msg/detail/bounding_polygon_box2_d__type_support.c.o[0m
[5.883s] [ 60%] Built target bboxes_ex_msgs__rosidl_typesupport_c
[5.902s] [ 61%] [32mBuilding C object CMakeFiles/bboxes_ex_msgs__rosidl_typesupport_introspection_c.dir/rosidl_typesupport_introspection_c/bboxes_ex_msgs/msg/detail/object_count__type_support.c.o[0m
[5.915s] [ 63%] [32mBuilding C object CMakeFiles/bboxes_ex_msgs__rosidl_typesupport_introspection_c.dir/rosidl_typesupport_introspection_c/bboxes_ex_msgs/msg/detail/bounding_polygon_boxes2_d__type_support.c.o[0m
[5.983s] [ 65%] [32m[1mLinking C shared library libbboxes_ex_msgs__rosidl_typesupport_introspection_c.so[0m
[5.990s] [ 65%] Built target bboxes_ex_msgs__rosidl_typesupport_cpp
[6.019s] [ 66%] [32m[1mLinking CXX shared library libbboxes_ex_msgs__rosidl_typesupport_introspection_cpp.so[0m
[6.049s] [ 66%] Built target bboxes_ex_msgs__rosidl_typesupport_introspection_c
[6.314s] [ 66%] Built target bboxes_ex_msgs__rosidl_typesupport_introspection_cpp
[6.372s] [ 68%] [32m[1mLinking CXX shared library libbboxes_ex_msgs__rosidl_typesupport_fastrtps_cpp.so[0m
[6.584s] [ 68%] Built target bboxes_ex_msgs__rosidl_typesupport_fastrtps_cpp
[6.609s] [ 69%] [34m[1mGenerating C type support for eProsima Fast-RTPS[0m
[7.275s] [35m[1mScanning dependencies of target bboxes_ex_msgs__rosidl_typesupport_fastrtps_c[0m
[7.317s] [ 71%] [32mBuilding CXX object CMakeFiles/bboxes_ex_msgs__rosidl_typesupport_fastrtps_c.dir/rosidl_typesupport_fastrtps_c/bboxes_ex_msgs/msg/detail/bounding_box2_d__type_support_c.cpp.o[0m
[7.357s] [ 73%] [32mBuilding CXX object CMakeFiles/bboxes_ex_msgs__rosidl_typesupport_fastrtps_c.dir/rosidl_typesupport_fastrtps_c/bboxes_ex_msgs/msg/detail/bounding_boxes2_d__type_support_c.cpp.o[0m
[7.381s] [ 74%] [32mBuilding CXX object CMakeFiles/bboxes_ex_msgs__rosidl_typesupport_fastrtps_c.dir/rosidl_typesupport_fastrtps_c/bboxes_ex_msgs/msg/detail/bounding_polygon_box2_d__type_support_c.cpp.o[0m
[7.389s] [ 76%] [32mBuilding CXX object CMakeFiles/bboxes_ex_msgs__rosidl_typesupport_fastrtps_c.dir/rosidl_typesupport_fastrtps_c/bboxes_ex_msgs/msg/detail/bounding_polygon_boxes2_d__type_support_c.cpp.o[0m
[7.420s] [ 77%] [32mBuilding CXX object CMakeFiles/bboxes_ex_msgs__rosidl_typesupport_fastrtps_c.dir/rosidl_typesupport_fastrtps_c/bboxes_ex_msgs/msg/detail/object_count__type_support_c.cpp.o[0m
[8.569s] [ 79%] [32m[1mLinking CXX shared library libbboxes_ex_msgs__rosidl_typesupport_fastrtps_c.so[0m
[8.917s] [ 79%] Built target bboxes_ex_msgs__rosidl_typesupport_fastrtps_c
[8.967s] [35m[1mScanning dependencies of target bboxes_ex_msgs[0m
[9.049s] [ 79%] Built target bboxes_ex_msgs
[9.143s] [35m[1mScanning dependencies of target bboxes_ex_msgs__py[0m
[9.220s] [ 80%] [34m[1mGenerating Python code for ROS interfaces[0m
[11.046s] [ 80%] Built target bboxes_ex_msgs__py
[11.064s] [35m[1mScanning dependencies of target bboxes_ex_msgs__python[0m
[11.098s] [ 82%] [32mBuilding C object CMakeFiles/bboxes_ex_msgs__python.dir/rosidl_generator_py/bboxes_ex_msgs/msg/_bounding_box2_d_s.c.o[0m
[11.102s] [ 84%] [32mBuilding C object CMakeFiles/bboxes_ex_msgs__python.dir/rosidl_generator_py/bboxes_ex_msgs/msg/_bounding_polygon_box2_d_s.c.o[0m
[11.102s] [ 85%] [32mBuilding C object CMakeFiles/bboxes_ex_msgs__python.dir/rosidl_generator_py/bboxes_ex_msgs/msg/_bounding_boxes2_d_s.c.o[0m
[11.102s] [ 87%] [32mBuilding C object CMakeFiles/bboxes_ex_msgs__python.dir/rosidl_generator_py/bboxes_ex_msgs/msg/_bounding_polygon_boxes2_d_s.c.o[0m
[11.102s] [ 88%] [32mBuilding C object CMakeFiles/bboxes_ex_msgs__python.dir/rosidl_generator_py/bboxes_ex_msgs/msg/_object_count_s.c.o[0m
[11.253s] [ 90%] [32m[1mLinking C shared library rosidl_generator_py/bboxes_ex_msgs/libbboxes_ex_msgs__python.so[0m
[11.311s] [ 90%] Built target bboxes_ex_msgs__python
[11.329s] [35m[1mScanning dependencies of target bboxes_ex_msgs__rosidl_typesupport_fastrtps_c__pyext[0m
[11.329s] [35m[1mScanning dependencies of target bboxes_ex_msgs__rosidl_typesupport_introspection_c__pyext[0m
[11.329s] [35m[1mScanning dependencies of target bboxes_ex_msgs__rosidl_typesupport_c__pyext[0m
[11.353s] [ 92%] [32mBuilding C object CMakeFiles/bboxes_ex_msgs__rosidl_typesupport_c__pyext.dir/rosidl_generator_py/bboxes_ex_msgs/_bboxes_ex_msgs_s.ep.rosidl_typesupport_c.c.o[0m
[11.354s] [ 93%] [32mBuilding C object CMakeFiles/bboxes_ex_msgs__rosidl_typesupport_introspection_c__pyext.dir/rosidl_generator_py/bboxes_ex_msgs/_bboxes_ex_msgs_s.ep.rosidl_typesupport_introspection_c.c.o[0m
[11.354s] [ 95%] [32mBuilding C object CMakeFiles/bboxes_ex_msgs__rosidl_typesupport_fastrtps_c__pyext.dir/rosidl_generator_py/bboxes_ex_msgs/_bboxes_ex_msgs_s.ep.rosidl_typesupport_fastrtps_c.c.o[0m
[11.459s] [ 96%] [32m[1mLinking C shared library rosidl_generator_py/bboxes_ex_msgs/bboxes_ex_msgs_s__rosidl_typesupport_introspection_c.cpython-38-x86_64-linux-gnu.so[0m
[11.470s] [ 98%] [32m[1mLinking C shared library rosidl_generator_py/bboxes_ex_msgs/bboxes_ex_msgs_s__rosidl_typesupport_c.cpython-38-x86_64-linux-gnu.so[0m
[11.496s] [100%] [32m[1mLinking CXX shared library rosidl_generator_py/bboxes_ex_msgs/bboxes_ex_msgs_s__rosidl_typesupport_fastrtps_c.cpython-38-x86_64-linux-gnu.so[0m
[11.501s] [100%] Built target bboxes_ex_msgs__rosidl_typesupport_introspection_c__pyext
[11.509s] [100%] Built target bboxes_ex_msgs__rosidl_typesupport_c__pyext
[11.558s] [100%] Built target bboxes_ex_msgs__rosidl_typesupport_fastrtps_c__pyext
[11.578s] Invoked command in '/home/robomaster/zxzzb/src/build/bboxes_ex_msgs' returned '0': CMAKE_PREFIX_PATH=/opt/ros/galactic /usr/bin/cmake --build /home/robomaster/zxzzb/src/build/bboxes_ex_msgs -- -j16 -l16
[11.581s] Invoking command in '/home/robomaster/zxzzb/src/build/bboxes_ex_msgs': CMAKE_PREFIX_PATH=/opt/ros/galactic /usr/bin/cmake --install /home/robomaster/zxzzb/src/build/bboxes_ex_msgs
[11.590s] -- Install configuration: ""
[11.590s] -- Installing: /home/robomaster/zxzzb/src/install/bboxes_ex_msgs/share/ament_index/resource_index/rosidl_interfaces/bboxes_ex_msgs
[11.590s] -- Installing: /home/robomaster/zxzzb/src/install/bboxes_ex_msgs/include/bboxes_ex_msgs
[11.590s] -- Installing: /home/robomaster/zxzzb/src/install/bboxes_ex_msgs/include/bboxes_ex_msgs/msg
[11.590s] -- Installing: /home/robomaster/zxzzb/src/install/bboxes_ex_msgs/include/bboxes_ex_msgs/msg/bounding_box2_d.h
[11.590s] -- Installing: /home/robomaster/zxzzb/src/install/bboxes_ex_msgs/include/bboxes_ex_msgs/msg/bounding_polygon_box2_d.h
[11.590s] -- Installing: /home/robomaster/zxzzb/src/install/bboxes_ex_msgs/include/bboxes_ex_msgs/msg/object_count.h
[11.590s] -- Installing: /home/robomaster/zxzzb/src/install/bboxes_ex_msgs/include/bboxes_ex_msgs/msg/bounding_boxes2_d.h
[11.591s] -- Installing: /home/robomaster/zxzzb/src/install/bboxes_ex_msgs/include/bboxes_ex_msgs/msg/detail
[11.591s] -- Installing: /home/robomaster/zxzzb/src/install/bboxes_ex_msgs/include/bboxes_ex_msgs/msg/detail/bounding_polygon_box2_d__type_support.h
[11.591s] -- Installing: /home/robomaster/zxzzb/src/install/bboxes_ex_msgs/include/bboxes_ex_msgs/msg/detail/bounding_polygon_boxes2_d__functions.h
[11.591s] -- Installing: /home/robomaster/zxzzb/src/install/bboxes_ex_msgs/include/bboxes_ex_msgs/msg/detail/bounding_box2_d__struct.h
[11.591s] -- Installing: /home/robomaster/zxzzb/src/install/bboxes_ex_msgs/include/bboxes_ex_msgs/msg/detail/bounding_boxes2_d__functions.c
[11.591s] -- Installing: /home/robomaster/zxzzb/src/install/bboxes_ex_msgs/include/bboxes_ex_msgs/msg/detail/object_count__type_support.h
[11.591s] -- Installing: /home/robomaster/zxzzb/src/install/bboxes_ex_msgs/include/bboxes_ex_msgs/msg/detail/bounding_box2_d__functions.h
[11.591s] -- Installing: /home/robomaster/zxzzb/src/install/bboxes_ex_msgs/include/bboxes_ex_msgs/msg/detail/bounding_polygon_boxes2_d__struct.h
[11.591s] -- Installing: /home/robomaster/zxzzb/src/install/bboxes_ex_msgs/include/bboxes_ex_msgs/msg/detail/bounding_boxes2_d__functions.h
[11.591s] -- Installing: /home/robomaster/zxzzb/src/install/bboxes_ex_msgs/include/bboxes_ex_msgs/msg/detail/bounding_polygon_box2_d__struct.h
[11.591s] -- Installing: /home/robomaster/zxzzb/src/install/bboxes_ex_msgs/include/bboxes_ex_msgs/msg/detail/object_count__functions.h
[11.591s] -- Installing: /home/robomaster/zxzzb/src/install/bboxes_ex_msgs/include/bboxes_ex_msgs/msg/detail/bounding_polygon_boxes2_d__functions.c
[11.591s] -- Installing: /home/robomaster/zxzzb/src/install/bboxes_ex_msgs/include/bboxes_ex_msgs/msg/detail/bounding_polygon_box2_d__functions.c
[11.592s] -- Installing: /home/robomaster/zxzzb/src/install/bboxes_ex_msgs/include/bboxes_ex_msgs/msg/detail/object_count__functions.c
[11.592s] -- Installing: /home/robomaster/zxzzb/src/install/bboxes_ex_msgs/include/bboxes_ex_msgs/msg/detail/bounding_box2_d__type_support.h
[11.592s] -- Installing: /home/robomaster/zxzzb/src/install/bboxes_ex_msgs/include/bboxes_ex_msgs/msg/detail/bounding_polygon_boxes2_d__type_support.h
[11.592s] -- Installing: /home/robomaster/zxzzb/src/install/bboxes_ex_msgs/include/bboxes_ex_msgs/msg/detail/object_count__struct.h
[11.592s] -- Installing: /home/robomaster/zxzzb/src/install/bboxes_ex_msgs/include/bboxes_ex_msgs/msg/detail/bounding_polygon_box2_d__functions.h
[11.592s] -- Installing: /home/robomaster/zxzzb/src/install/bboxes_ex_msgs/include/bboxes_ex_msgs/msg/detail/bounding_box2_d__functions.c
[11.592s] -- Installing: /home/robomaster/zxzzb/src/install/bboxes_ex_msgs/include/bboxes_ex_msgs/msg/detail/bounding_boxes2_d__struct.h
[11.592s] -- Installing: /home/robomaster/zxzzb/src/install/bboxes_ex_msgs/include/bboxes_ex_msgs/msg/detail/bounding_boxes2_d__type_support.h
[11.592s] -- Installing: /home/robomaster/zxzzb/src/install/bboxes_ex_msgs/include/bboxes_ex_msgs/msg/bounding_polygon_boxes2_d.h
[11.592s] -- Installing: /home/robomaster/zxzzb/src/install/bboxes_ex_msgs/include/bboxes_ex_msgs/msg/rosidl_generator_c__visibility_control.h
[11.592s] -- Installing: /home/robomaster/zxzzb/src/install/bboxes_ex_msgs/share/bboxes_ex_msgs/environment/library_path.sh
[11.592s] -- Installing: /home/robomaster/zxzzb/src/install/bboxes_ex_msgs/share/bboxes_ex_msgs/environment/library_path.dsv
[11.593s] -- Installing: /home/robomaster/zxzzb/src/install/bboxes_ex_msgs/lib/libbboxes_ex_msgs__rosidl_generator_c.so
[11.593s] -- Set runtime path of "/home/robomaster/zxzzb/src/install/bboxes_ex_msgs/lib/libbboxes_ex_msgs__rosidl_generator_c.so" to ""
[11.593s] -- Up-to-date: /home/robomaster/zxzzb/src/install/bboxes_ex_msgs/include/bboxes_ex_msgs
[11.593s] -- Up-to-date: /home/robomaster/zxzzb/src/install/bboxes_ex_msgs/include/bboxes_ex_msgs/msg
[11.593s] -- Installing: /home/robomaster/zxzzb/src/install/bboxes_ex_msgs/include/bboxes_ex_msgs/msg/rosidl_typesupport_fastrtps_c__visibility_control.h
[11.593s] -- Up-to-date: /home/robomaster/zxzzb/src/install/bboxes_ex_msgs/include/bboxes_ex_msgs/msg/detail
[11.593s] -- Installing: /home/robomaster/zxzzb/src/install/bboxes_ex_msgs/include/bboxes_ex_msgs/msg/detail/bounding_boxes2_d__rosidl_typesupport_fastrtps_c.h
[11.593s] -- Installing: /home/robomaster/zxzzb/src/install/bboxes_ex_msgs/include/bboxes_ex_msgs/msg/detail/bounding_polygon_box2_d__rosidl_typesupport_fastrtps_c.h
[11.593s] -- Installing: /home/robomaster/zxzzb/src/install/bboxes_ex_msgs/include/bboxes_ex_msgs/msg/detail/bounding_polygon_boxes2_d__rosidl_typesupport_fastrtps_c.h
[11.593s] -- Installing: /home/robomaster/zxzzb/src/install/bboxes_ex_msgs/include/bboxes_ex_msgs/msg/detail/bounding_box2_d__rosidl_typesupport_fastrtps_c.h
[11.593s] -- Installing: /home/robomaster/zxzzb/src/install/bboxes_ex_msgs/include/bboxes_ex_msgs/msg/detail/object_count__rosidl_typesupport_fastrtps_c.h
[11.593s] -- Installing: /home/robomaster/zxzzb/src/install/bboxes_ex_msgs/lib/libbboxes_ex_msgs__rosidl_typesupport_fastrtps_c.so
[11.594s] -- Set runtime path of "/home/robomaster/zxzzb/src/install/bboxes_ex_msgs/lib/libbboxes_ex_msgs__rosidl_typesupport_fastrtps_c.so" to ""
[11.594s] -- Up-to-date: /home/robomaster/zxzzb/src/install/bboxes_ex_msgs/include/bboxes_ex_msgs
[11.594s] -- Up-to-date: /home/robomaster/zxzzb/src/install/bboxes_ex_msgs/include/bboxes_ex_msgs/msg
[11.594s] -- Installing: /home/robomaster/zxzzb/src/install/bboxes_ex_msgs/include/bboxes_ex_msgs/msg/rosidl_typesupport_fastrtps_cpp__visibility_control.h
[11.594s] -- Up-to-date: /home/robomaster/zxzzb/src/install/bboxes_ex_msgs/include/bboxes_ex_msgs/msg/detail
[11.594s] -- Installing: /home/robomaster/zxzzb/src/install/bboxes_ex_msgs/include/bboxes_ex_msgs/msg/detail/bounding_boxes2_d__rosidl_typesupport_fastrtps_cpp.hpp
[11.594s] -- Installing: /home/robomaster/zxzzb/src/install/bboxes_ex_msgs/include/bboxes_ex_msgs/msg/detail/dds_fastrtps
[11.594s] -- Installing: /home/robomaster/zxzzb/src/install/bboxes_ex_msgs/include/bboxes_ex_msgs/msg/detail/bounding_box2_d__rosidl_typesupport_fastrtps_cpp.hpp
[11.594s] -- Installing: /home/robomaster/zxzzb/src/install/bboxes_ex_msgs/include/bboxes_ex_msgs/msg/detail/bounding_polygon_box2_d__rosidl_typesupport_fastrtps_cpp.hpp
[11.595s] -- Installing: /home/robomaster/zxzzb/src/install/bboxes_ex_msgs/include/bboxes_ex_msgs/msg/detail/bounding_polygon_boxes2_d__rosidl_typesupport_fastrtps_cpp.hpp
[11.595s] -- Installing: /home/robomaster/zxzzb/src/install/bboxes_ex_msgs/include/bboxes_ex_msgs/msg/detail/object_count__rosidl_typesupport_fastrtps_cpp.hpp
[11.595s] -- Installing: /home/robomaster/zxzzb/src/install/bboxes_ex_msgs/lib/libbboxes_ex_msgs__rosidl_typesupport_fastrtps_cpp.so
[11.595s] -- Set runtime path of "/home/robomaster/zxzzb/src/install/bboxes_ex_msgs/lib/libbboxes_ex_msgs__rosidl_typesupport_fastrtps_cpp.so" to ""
[11.595s] -- Up-to-date: /home/robomaster/zxzzb/src/install/bboxes_ex_msgs/include/bboxes_ex_msgs
[11.595s] -- Up-to-date: /home/robomaster/zxzzb/src/install/bboxes_ex_msgs/include/bboxes_ex_msgs/msg
[11.595s] -- Up-to-date: /home/robomaster/zxzzb/src/install/bboxes_ex_msgs/include/bboxes_ex_msgs/msg/detail
[11.595s] -- Installing: /home/robomaster/zxzzb/src/install/bboxes_ex_msgs/include/bboxes_ex_msgs/msg/detail/bounding_boxes2_d__type_support.c
[11.595s] -- Installing: /home/robomaster/zxzzb/src/install/bboxes_ex_msgs/include/bboxes_ex_msgs/msg/detail/bounding_boxes2_d__rosidl_typesupport_introspection_c.h
[11.595s] -- Installing: /home/robomaster/zxzzb/src/install/bboxes_ex_msgs/include/bboxes_ex_msgs/msg/detail/bounding_box2_d__rosidl_typesupport_introspection_c.h
[11.595s] -- Installing: /home/robomaster/zxzzb/src/install/bboxes_ex_msgs/include/bboxes_ex_msgs/msg/detail/object_count__rosidl_typesupport_introspection_c.h
[11.595s] -- Installing: /home/robomaster/zxzzb/src/install/bboxes_ex_msgs/include/bboxes_ex_msgs/msg/detail/bounding_polygon_box2_d__rosidl_typesupport_introspection_c.h
[11.596s] -- Installing: /home/robomaster/zxzzb/src/install/bboxes_ex_msgs/include/bboxes_ex_msgs/msg/detail/bounding_polygon_boxes2_d__rosidl_typesupport_introspection_c.h
[11.596s] -- Installing: /home/robomaster/zxzzb/src/install/bboxes_ex_msgs/include/bboxes_ex_msgs/msg/detail/object_count__type_support.c
[11.596s] -- Installing: /home/robomaster/zxzzb/src/install/bboxes_ex_msgs/include/bboxes_ex_msgs/msg/detail/bounding_box2_d__type_support.c
[11.596s] -- Installing: /home/robomaster/zxzzb/src/install/bboxes_ex_msgs/include/bboxes_ex_msgs/msg/detail/bounding_polygon_boxes2_d__type_support.c
[11.596s] -- Installing: /home/robomaster/zxzzb/src/install/bboxes_ex_msgs/include/bboxes_ex_msgs/msg/detail/bounding_polygon_box2_d__type_support.c
[11.596s] -- Installing: /home/robomaster/zxzzb/src/install/bboxes_ex_msgs/include/bboxes_ex_msgs/msg/rosidl_typesupport_introspection_c__visibility_control.h
[11.596s] -- Installing: /home/robomaster/zxzzb/src/install/bboxes_ex_msgs/lib/libbboxes_ex_msgs__rosidl_typesupport_introspection_c.so
[11.596s] -- Set runtime path of "/home/robomaster/zxzzb/src/install/bboxes_ex_msgs/lib/libbboxes_ex_msgs__rosidl_typesupport_introspection_c.so" to ""
[11.596s] -- Installing: /home/robomaster/zxzzb/src/install/bboxes_ex_msgs/lib/libbboxes_ex_msgs__rosidl_typesupport_c.so
[11.596s] -- Set runtime path of "/home/robomaster/zxzzb/src/install/bboxes_ex_msgs/lib/libbboxes_ex_msgs__rosidl_typesupport_c.so" to ""
[11.596s] -- Up-to-date: /home/robomaster/zxzzb/src/install/bboxes_ex_msgs/include/bboxes_ex_msgs
[11.596s] -- Up-to-date: /home/robomaster/zxzzb/src/install/bboxes_ex_msgs/include/bboxes_ex_msgs/msg
[11.596s] -- Installing: /home/robomaster/zxzzb/src/install/bboxes_ex_msgs/include/bboxes_ex_msgs/msg/bounding_polygon_box2_d.hpp
[11.596s] -- Installing: /home/robomaster/zxzzb/src/install/bboxes_ex_msgs/include/bboxes_ex_msgs/msg/bounding_boxes2_d.hpp
[11.596s] -- Installing: /home/robomaster/zxzzb/src/install/bboxes_ex_msgs/include/bboxes_ex_msgs/msg/bounding_polygon_boxes2_d.hpp
[11.597s] -- Installing: /home/robomaster/zxzzb/src/install/bboxes_ex_msgs/include/bboxes_ex_msgs/msg/object_count.hpp
[11.597s] -- Installing: /home/robomaster/zxzzb/src/install/bboxes_ex_msgs/include/bboxes_ex_msgs/msg/bounding_box2_d.hpp
[11.597s] -- Up-to-date: /home/robomaster/zxzzb/src/install/bboxes_ex_msgs/include/bboxes_ex_msgs/msg/detail
[11.597s] -- Installing: /home/robomaster/zxzzb/src/install/bboxes_ex_msgs/include/bboxes_ex_msgs/msg/detail/bounding_polygon_box2_d__struct.hpp
[11.597s] -- Installing: /home/robomaster/zxzzb/src/install/bboxes_ex_msgs/include/bboxes_ex_msgs/msg/detail/bounding_polygon_boxes2_d__struct.hpp
[11.597s] -- Installing: /home/robomaster/zxzzb/src/install/bboxes_ex_msgs/include/bboxes_ex_msgs/msg/detail/object_count__struct.hpp
[11.597s] -- Installing: /home/robomaster/zxzzb/src/install/bboxes_ex_msgs/include/bboxes_ex_msgs/msg/detail/bounding_polygon_box2_d__traits.hpp
[11.597s] -- Installing: /home/robomaster/zxzzb/src/install/bboxes_ex_msgs/include/bboxes_ex_msgs/msg/detail/bounding_boxes2_d__builder.hpp
[11.597s] -- Installing: /home/robomaster/zxzzb/src/install/bboxes_ex_msgs/include/bboxes_ex_msgs/msg/detail/bounding_box2_d__builder.hpp
[11.597s] -- Installing: /home/robomaster/zxzzb/src/install/bboxes_ex_msgs/include/bboxes_ex_msgs/msg/detail/object_count__traits.hpp
[11.597s] -- Installing: /home/robomaster/zxzzb/src/install/bboxes_ex_msgs/include/bboxes_ex_msgs/msg/detail/bounding_polygon_boxes2_d__traits.hpp
[11.597s] -- Installing: /home/robomaster/zxzzb/src/install/bboxes_ex_msgs/include/bboxes_ex_msgs/msg/detail/bounding_polygon_boxes2_d__builder.hpp
[11.597s] -- Installing: /home/robomaster/zxzzb/src/install/bboxes_ex_msgs/include/bboxes_ex_msgs/msg/detail/object_count__builder.hpp
[11.597s] -- Installing: /home/robomaster/zxzzb/src/install/bboxes_ex_msgs/include/bboxes_ex_msgs/msg/detail/bounding_boxes2_d__traits.hpp
[11.598s] -- Installing: /home/robomaster/zxzzb/src/install/bboxes_ex_msgs/include/bboxes_ex_msgs/msg/detail/bounding_box2_d__traits.hpp
[11.598s] -- Installing: /home/robomaster/zxzzb/src/install/bboxes_ex_msgs/include/bboxes_ex_msgs/msg/detail/bounding_box2_d__struct.hpp
[11.598s] -- Installing: /home/robomaster/zxzzb/src/install/bboxes_ex_msgs/include/bboxes_ex_msgs/msg/detail/bounding_boxes2_d__struct.hpp
[11.598s] -- Installing: /home/robomaster/zxzzb/src/install/bboxes_ex_msgs/include/bboxes_ex_msgs/msg/detail/bounding_polygon_box2_d__builder.hpp
[11.598s] -- Up-to-date: /home/robomaster/zxzzb/src/install/bboxes_ex_msgs/include/bboxes_ex_msgs
[11.598s] -- Up-to-date: /home/robomaster/zxzzb/src/install/bboxes_ex_msgs/include/bboxes_ex_msgs/msg
[11.598s] -- Up-to-date: /home/robomaster/zxzzb/src/install/bboxes_ex_msgs/include/bboxes_ex_msgs/msg/detail
[11.598s] -- Installing: /home/robomaster/zxzzb/src/install/bboxes_ex_msgs/include/bboxes_ex_msgs/msg/detail/bounding_boxes2_d__type_support.cpp
[11.598s] -- Installing: /home/robomaster/zxzzb/src/install/bboxes_ex_msgs/include/bboxes_ex_msgs/msg/detail/bounding_box2_d__type_support.cpp
[11.598s] -- Installing: /home/robomaster/zxzzb/src/install/bboxes_ex_msgs/include/bboxes_ex_msgs/msg/detail/object_count__type_support.cpp
[11.598s] -- Installing: /home/robomaster/zxzzb/src/install/bboxes_ex_msgs/include/bboxes_ex_msgs/msg/detail/bounding_polygon_boxes2_d__type_support.cpp
[11.598s] -- Installing: /home/robomaster/zxzzb/src/install/bboxes_ex_msgs/include/bboxes_ex_msgs/msg/detail/bounding_boxes2_d__rosidl_typesupport_introspection_cpp.hpp
[11.598s] -- Installing: /home/robomaster/zxzzb/src/install/bboxes_ex_msgs/include/bboxes_ex_msgs/msg/detail/object_count__rosidl_typesupport_introspection_cpp.hpp
[11.598s] -- Installing: /home/robomaster/zxzzb/src/install/bboxes_ex_msgs/include/bboxes_ex_msgs/msg/detail/bounding_box2_d__rosidl_typesupport_introspection_cpp.hpp
[11.599s] -- Installing: /home/robomaster/zxzzb/src/install/bboxes_ex_msgs/include/bboxes_ex_msgs/msg/detail/bounding_polygon_box2_d__rosidl_typesupport_introspection_cpp.hpp
[11.599s] -- Installing: /home/robomaster/zxzzb/src/install/bboxes_ex_msgs/include/bboxes_ex_msgs/msg/detail/bounding_polygon_box2_d__type_support.cpp
[11.599s] -- Installing: /home/robomaster/zxzzb/src/install/bboxes_ex_msgs/include/bboxes_ex_msgs/msg/detail/bounding_polygon_boxes2_d__rosidl_typesupport_introspection_cpp.hpp
[11.599s] -- Installing: /home/robomaster/zxzzb/src/install/bboxes_ex_msgs/lib/libbboxes_ex_msgs__rosidl_typesupport_introspection_cpp.so
[11.599s] -- Set runtime path of "/home/robomaster/zxzzb/src/install/bboxes_ex_msgs/lib/libbboxes_ex_msgs__rosidl_typesupport_introspection_cpp.so" to ""
[11.599s] -- Installing: /home/robomaster/zxzzb/src/install/bboxes_ex_msgs/lib/libbboxes_ex_msgs__rosidl_typesupport_cpp.so
[11.599s] -- Set runtime path of "/home/robomaster/zxzzb/src/install/bboxes_ex_msgs/lib/libbboxes_ex_msgs__rosidl_typesupport_cpp.so" to ""
[11.599s] -- Installing: /home/robomaster/zxzzb/src/install/bboxes_ex_msgs/share/bboxes_ex_msgs/environment/pythonpath.sh
[11.599s] -- Installing: /home/robomaster/zxzzb/src/install/bboxes_ex_msgs/share/bboxes_ex_msgs/environment/pythonpath.dsv
[11.599s] -- Installing: /home/robomaster/zxzzb/src/install/bboxes_ex_msgs/lib/python3.8/site-packages/bboxes_ex_msgs/__init__.py
[11.624s] Compiling '/home/robomaster/zxzzb/src/install/bboxes_ex_msgs/lib/python3.8/site-packages/bboxes_ex_msgs/__init__.py'...
[11.628s] -- Installing: /home/robomaster/zxzzb/src/install/bboxes_ex_msgs/lib/python3.8/site-packages/bboxes_ex_msgs/msg
[11.628s] -- Installing: /home/robomaster/zxzzb/src/install/bboxes_ex_msgs/lib/python3.8/site-packages/bboxes_ex_msgs/msg/_bounding_box2_d.py
[11.628s] -- Installing: /home/robomaster/zxzzb/src/install/bboxes_ex_msgs/lib/python3.8/site-packages/bboxes_ex_msgs/msg/__init__.py
[11.628s] -- Installing: /home/robomaster/zxzzb/src/install/bboxes_ex_msgs/lib/python3.8/site-packages/bboxes_ex_msgs/msg/_bounding_boxes2_d_s.c
[11.628s] -- Installing: /home/robomaster/zxzzb/src/install/bboxes_ex_msgs/lib/python3.8/site-packages/bboxes_ex_msgs/msg/_bounding_box2_d_s.c
[11.628s] -- Installing: /home/robomaster/zxzzb/src/install/bboxes_ex_msgs/lib/python3.8/site-packages/bboxes_ex_msgs/msg/_bounding_polygon_boxes2_d_s.c
[11.628s] -- Installing: /home/robomaster/zxzzb/src/install/bboxes_ex_msgs/lib/python3.8/site-packages/bboxes_ex_msgs/msg/_object_count.py
[11.629s] -- Installing: /home/robomaster/zxzzb/src/install/bboxes_ex_msgs/lib/python3.8/site-packages/bboxes_ex_msgs/msg/_bounding_boxes2_d.py
[11.629s] -- Installing: /home/robomaster/zxzzb/src/install/bboxes_ex_msgs/lib/python3.8/site-packages/bboxes_ex_msgs/msg/_object_count_s.c
[11.629s] -- Installing: /home/robomaster/zxzzb/src/install/bboxes_ex_msgs/lib/python3.8/site-packages/bboxes_ex_msgs/msg/_bounding_polygon_box2_d.py
[11.629s] -- Installing: /home/robomaster/zxzzb/src/install/bboxes_ex_msgs/lib/python3.8/site-packages/bboxes_ex_msgs/msg/_bounding_polygon_boxes2_d.py
[11.629s] -- Installing: /home/robomaster/zxzzb/src/install/bboxes_ex_msgs/lib/python3.8/site-packages/bboxes_ex_msgs/msg/_bounding_polygon_box2_d_s.c
[11.629s] -- Installing: /home/robomaster/zxzzb/src/install/bboxes_ex_msgs/lib/python3.8/site-packages/bboxes_ex_msgs/bboxes_ex_msgs_s__rosidl_typesupport_fastrtps_c.cpython-38-x86_64-linux-gnu.so
[11.630s] -- Set runtime path of "/home/robomaster/zxzzb/src/install/bboxes_ex_msgs/lib/python3.8/site-packages/bboxes_ex_msgs/bboxes_ex_msgs_s__rosidl_typesupport_fastrtps_c.cpython-38-x86_64-linux-gnu.so" to ""
[11.630s] -- Installing: /home/robomaster/zxzzb/src/install/bboxes_ex_msgs/lib/python3.8/site-packages/bboxes_ex_msgs/bboxes_ex_msgs_s__rosidl_typesupport_introspection_c.cpython-38-x86_64-linux-gnu.so
[11.631s] -- Set runtime path of "/home/robomaster/zxzzb/src/install/bboxes_ex_msgs/lib/python3.8/site-packages/bboxes_ex_msgs/bboxes_ex_msgs_s__rosidl_typesupport_introspection_c.cpython-38-x86_64-linux-gnu.so" to ""
[11.631s] -- Installing: /home/robomaster/zxzzb/src/install/bboxes_ex_msgs/lib/python3.8/site-packages/bboxes_ex_msgs/bboxes_ex_msgs_s__rosidl_typesupport_c.cpython-38-x86_64-linux-gnu.so
[11.632s] -- Set runtime path of "/home/robomaster/zxzzb/src/install/bboxes_ex_msgs/lib/python3.8/site-packages/bboxes_ex_msgs/bboxes_ex_msgs_s__rosidl_typesupport_c.cpython-38-x86_64-linux-gnu.so" to ""
[11.632s] -- Installing: /home/robomaster/zxzzb/src/install/bboxes_ex_msgs/lib/libbboxes_ex_msgs__python.so
[11.632s] -- Set runtime path of "/home/robomaster/zxzzb/src/install/bboxes_ex_msgs/lib/libbboxes_ex_msgs__python.so" to ""
[11.633s] -- Installing: /home/robomaster/zxzzb/src/install/bboxes_ex_msgs/share/bboxes_ex_msgs/msg/BoundingBox2D.idl
[11.633s] -- Installing: /home/robomaster/zxzzb/src/install/bboxes_ex_msgs/share/bboxes_ex_msgs/msg/BoundingBoxes2D.idl
[11.633s] -- Installing: /home/robomaster/zxzzb/src/install/bboxes_ex_msgs/share/bboxes_ex_msgs/msg/BoundingPolygonBox2D.idl
[11.633s] -- Installing: /home/robomaster/zxzzb/src/install/bboxes_ex_msgs/share/bboxes_ex_msgs/msg/BoundingPolygonBoxes2D.idl
[11.634s] -- Installing: /home/robomaster/zxzzb/src/install/bboxes_ex_msgs/share/bboxes_ex_msgs/msg/ObjectCount.idl
[11.634s] -- Installing: /home/robomaster/zxzzb/src/install/bboxes_ex_msgs/share/bboxes_ex_msgs/msg/BoundingBox2D.msg
[11.634s] -- Installing: /home/robomaster/zxzzb/src/install/bboxes_ex_msgs/share/bboxes_ex_msgs/msg/BoundingBoxes2D.msg
[11.634s] -- Installing: /home/robomaster/zxzzb/src/install/bboxes_ex_msgs/share/bboxes_ex_msgs/msg/BoundingPolygonBox2D.msg
[11.634s] -- Installing: /home/robomaster/zxzzb/src/install/bboxes_ex_msgs/share/bboxes_ex_msgs/msg/BoundingPolygonBoxes2D.msg
[11.634s] -- Installing: /home/robomaster/zxzzb/src/install/bboxes_ex_msgs/share/bboxes_ex_msgs/msg/ObjectCount.msg
[11.634s] -- Installing: /home/robomaster/zxzzb/src/install/bboxes_ex_msgs/share/ament_index/resource_index/package_run_dependencies/bboxes_ex_msgs
[11.634s] -- Installing: /home/robomaster/zxzzb/src/install/bboxes_ex_msgs/share/ament_index/resource_index/parent_prefix_path/bboxes_ex_msgs
[11.635s] -- Installing: /home/robomaster/zxzzb/src/install/bboxes_ex_msgs/share/bboxes_ex_msgs/environment/ament_prefix_path.sh
[11.635s] -- Installing: /home/robomaster/zxzzb/src/install/bboxes_ex_msgs/share/bboxes_ex_msgs/environment/ament_prefix_path.dsv
[11.635s] -- Installing: /home/robomaster/zxzzb/src/install/bboxes_ex_msgs/share/bboxes_ex_msgs/environment/path.sh
[11.635s] -- Installing: /home/robomaster/zxzzb/src/install/bboxes_ex_msgs/share/bboxes_ex_msgs/environment/path.dsv
[11.635s] -- Installing: /home/robomaster/zxzzb/src/install/bboxes_ex_msgs/share/bboxes_ex_msgs/local_setup.bash
[11.635s] -- Installing: /home/robomaster/zxzzb/src/install/bboxes_ex_msgs/share/bboxes_ex_msgs/local_setup.sh
[11.635s] -- Installing: /home/robomaster/zxzzb/src/install/bboxes_ex_msgs/share/bboxes_ex_msgs/local_setup.zsh
[11.635s] -- Installing: /home/robomaster/zxzzb/src/install/bboxes_ex_msgs/share/bboxes_ex_msgs/local_setup.dsv
[11.635s] -- Installing: /home/robomaster/zxzzb/src/install/bboxes_ex_msgs/share/bboxes_ex_msgs/package.dsv
[11.635s] -- Installing: /home/robomaster/zxzzb/src/install/bboxes_ex_msgs/share/ament_index/resource_index/packages/bboxes_ex_msgs
[11.635s] -- Installing: /home/robomaster/zxzzb/src/install/bboxes_ex_msgs/share/bboxes_ex_msgs/cmake/bboxes_ex_msgs__rosidl_generator_cExport.cmake
[11.635s] -- Installing: /home/robomaster/zxzzb/src/install/bboxes_ex_msgs/share/bboxes_ex_msgs/cmake/bboxes_ex_msgs__rosidl_generator_cExport-noconfig.cmake
[11.636s] -- Installing: /home/robomaster/zxzzb/src/install/bboxes_ex_msgs/share/bboxes_ex_msgs/cmake/bboxes_ex_msgs__rosidl_typesupport_introspection_cExport.cmake
[11.636s] -- Installing: /home/robomaster/zxzzb/src/install/bboxes_ex_msgs/share/bboxes_ex_msgs/cmake/bboxes_ex_msgs__rosidl_typesupport_introspection_cExport-noconfig.cmake
[11.636s] -- Installing: /home/robomaster/zxzzb/src/install/bboxes_ex_msgs/share/bboxes_ex_msgs/cmake/bboxes_ex_msgs__rosidl_typesupport_cExport.cmake
[11.636s] -- Installing: /home/robomaster/zxzzb/src/install/bboxes_ex_msgs/share/bboxes_ex_msgs/cmake/bboxes_ex_msgs__rosidl_typesupport_cExport-noconfig.cmake
[11.636s] -- Installing: /home/robomaster/zxzzb/src/install/bboxes_ex_msgs/share/bboxes_ex_msgs/cmake/bboxes_ex_msgs__rosidl_generator_cppExport.cmake
[11.636s] -- Installing: /home/robomaster/zxzzb/src/install/bboxes_ex_msgs/share/bboxes_ex_msgs/cmake/bboxes_ex_msgs__rosidl_typesupport_introspection_cppExport.cmake
[11.637s] -- Installing: /home/robomaster/zxzzb/src/install/bboxes_ex_msgs/share/bboxes_ex_msgs/cmake/bboxes_ex_msgs__rosidl_typesupport_introspection_cppExport-noconfig.cmake
[11.637s] -- Installing: /home/robomaster/zxzzb/src/install/bboxes_ex_msgs/share/bboxes_ex_msgs/cmake/bboxes_ex_msgs__rosidl_typesupport_cppExport.cmake
[11.637s] -- Installing: /home/robomaster/zxzzb/src/install/bboxes_ex_msgs/share/bboxes_ex_msgs/cmake/bboxes_ex_msgs__rosidl_typesupport_cppExport-noconfig.cmake
[11.637s] -- Installing: /home/robomaster/zxzzb/src/install/bboxes_ex_msgs/share/bboxes_ex_msgs/cmake/rosidl_cmake-extras.cmake
[11.637s] -- Installing: /home/robomaster/zxzzb/src/install/bboxes_ex_msgs/share/bboxes_ex_msgs/cmake/ament_cmake_export_dependencies-extras.cmake
[11.637s] -- Installing: /home/robomaster/zxzzb/src/install/bboxes_ex_msgs/share/bboxes_ex_msgs/cmake/ament_cmake_export_libraries-extras.cmake
[11.637s] -- Installing: /home/robomaster/zxzzb/src/install/bboxes_ex_msgs/share/bboxes_ex_msgs/cmake/ament_cmake_export_targets-extras.cmake
[11.637s] -- Installing: /home/robomaster/zxzzb/src/install/bboxes_ex_msgs/share/bboxes_ex_msgs/cmake/ament_cmake_export_include_directories-extras.cmake
[11.637s] -- Installing: /home/robomaster/zxzzb/src/install/bboxes_ex_msgs/share/bboxes_ex_msgs/cmake/rosidl_cmake_export_typesupport_libraries-extras.cmake
[11.637s] -- Installing: /home/robomaster/zxzzb/src/install/bboxes_ex_msgs/share/bboxes_ex_msgs/cmake/rosidl_cmake_export_typesupport_targets-extras.cmake
[11.637s] -- Installing: /home/robomaster/zxzzb/src/install/bboxes_ex_msgs/share/bboxes_ex_msgs/cmake/bboxes_ex_msgsConfig.cmake
[11.637s] -- Installing: /home/robomaster/zxzzb/src/install/bboxes_ex_msgs/share/bboxes_ex_msgs/cmake/bboxes_ex_msgsConfig-version.cmake
[11.638s] -- Installing: /home/robomaster/zxzzb/src/install/bboxes_ex_msgs/share/bboxes_ex_msgs/package.xml
[11.639s] Invoked command in '/home/robomaster/zxzzb/src/build/bboxes_ex_msgs' returned '0': CMAKE_PREFIX_PATH=/opt/ros/galactic /usr/bin/cmake --install /home/robomaster/zxzzb/src/build/bboxes_ex_msgs
