-- The C compiler identification is GNU 9.4.0
-- The CXX compiler identification is GNU 9.4.0
-- Check for working C compiler: /usr/bin/cc
-- Check for working C compiler: /usr/bin/cc -- works
-- Detecting C compiler ABI info
-- Detecting C compiler ABI info - done
-- Detecting C compile features
-- Detecting C compile features - done
-- Check for working CXX compiler: /usr/bin/c++
-- Check for working CXX compiler: /usr/bin/c++ -- works
-- Detecting CXX compiler ABI info
-- Detecting CXX compiler ABI info - done
-- Detecting CXX compile features
-- Detecting CXX compile features - done
-- Found ament_cmake_auto: 1.1.6 (/opt/ros/galactic/share/ament_cmake_auto/cmake)
-- Found PythonInterp: /usr/bin/python3 (found suitable version "3.8.10", minimum required is "3") 
-- Using PYTHON_EXECUTABLE: /usr/bin/python3
-- Found OpenCV: /usr/local/opencv4.5.4 (found suitable version "4.5.4", minimum required is "4.5.4") 
-- Searching for g2o ...
-- Found g2o headers in: /usr/local/include/g2o
-- Found libg2o: /usr/local/lib/libg2o_csparse_extension.so;/usr/local/lib/libg2o_core.so;/usr/local/lib/libg2o_stuff.so;/usr/local/lib/libg2o_types_slam2d.so;/usr/local/lib/libg2o_types_slam3d.so;/usr/local/lib/libg2o_solver_cholmod.so;/usr/local/lib/libg2o_solver_pcg.so;/usr/local/lib/libg2o_solver_csparse.so;/usr/local/lib/libg2o_incremental.so
-- Using all available rosidl_typesupport_c: rosidl_typesupport_fastrtps_c;rosidl_typesupport_introspection_c
-- Found rosidl_adapter: 2.2.3 (/opt/ros/galactic/share/rosidl_adapter/cmake)
-- Found OpenSSL: /usr/lib/x86_64-linux-gnu/libcrypto.so (found version "1.1.1f")  
-- Found FastRTPS: /opt/ros/galactic/include  
-- Using all available rosidl_typesupport_cpp: rosidl_typesupport_fastrtps_cpp;rosidl_typesupport_introspection_cpp
-- Found rmw_implementation_cmake: 3.3.1 (/opt/ros/galactic/share/rmw_implementation_cmake/cmake)
-- Found rmw_cyclonedds_cpp: 0.22.6 (/opt/ros/galactic/share/rmw_cyclonedds_cpp/cmake)
-- Using RMW implementation 'rmw_cyclonedds_cpp' as default
-- Looking for pthread.h
-- Looking for pthread.h - found
-- Performing Test CMAKE_HAVE_LIBC_PTHREAD
-- Performing Test CMAKE_HAVE_LIBC_PTHREAD - Failed
-- Looking for pthread_create in pthreads
-- Looking for pthread_create in pthreads - not found
-- Looking for pthread_create in pthread
-- Looking for pthread_create in pthread - found
-- Found Threads: TRUE  
-- Found eigen3_cmake_module: 0.1.1 (/opt/ros/galactic/share/eigen3_cmake_module/cmake)
-- Found Eigen3: TRUE (found version "3.3.7") 
-- Found installed version of Eigen: /usr/lib/cmake/eigen3
-- Found required Ceres dependency: Eigen version 3.3.7 in /usr/include/eigen3
-- Found required Ceres dependency: glog
-- Found installed version of gflags: /usr/lib/x86_64-linux-gnu/cmake/gflags
-- Detected gflags version: 2.2.2
-- Found required Ceres dependency: gflags
-- Found Ceres version: 1.14.0 installed in: /usr/local with components: [EigenSparse, SparseLinearAlgebraLibrary, LAPACK, SuiteSparse, CXSparse, SchurSpecializations, OpenMP, Multithreading]
-- Found ament_lint_auto: 0.10.7 (/opt/ros/galactic/share/ament_lint_auto/cmake)
-- Found gtest sources under '/opt/ros/galactic/src/gtest_vendor': C++ tests using 'Google Test' will be built
-- Check if compiler accepts -pthread
-- Check if compiler accepts -pthread - yes
-- Added test 'cppcheck' to perform static code analysis on C / C++ code
-- Configured cppcheck include dirs: /home/robomaster/zxzzb/src/armor_detector/include
-- Configured cppcheck exclude dirs and/or files: 
-- Added test 'xmllint' to check XML markup files
-- Configuring done
-- Generating done
-- Build files have been written to: /home/robomaster/zxzzb/src/build/armor_detector
[35m[1mScanning dependencies of target gtest[0m
[35m[1mScanning dependencies of target armor_detector[0m
[35m[1mScanning dependencies of target gtest_main[0m
[35m[1mScanning dependencies of target armor_detector_node[0m
[  6%] [32mBuilding CXX object gtest/CMakeFiles/gtest_main.dir/src/gtest_main.cc.o[0m
[ 12%] [32mBuilding CXX object gtest/CMakeFiles/gtest.dir/src/gtest-all.cc.o[0m
[ 18%] [32mBuilding CXX object CMakeFiles/armor_detector_node.dir/rclcpp_components/node_main_armor_detector_node.cpp.o[0m
[ 25%] [32mBuilding CXX object CMakeFiles/armor_detector.dir/src/armor_detector.cpp.o[0m
[ 31%] [32mBuilding CXX object CMakeFiles/armor_detector.dir/src/armor_pose_estimator.cpp.o[0m
[ 37%] [32mBuilding CXX object CMakeFiles/armor_detector.dir/src/armor_detector_node.cpp.o[0m
[ 43%] [32mBuilding CXX object CMakeFiles/armor_detector.dir/src/ba_solver.cpp.o[0m
[ 50%] [32mBuilding CXX object CMakeFiles/armor_detector.dir/src/graph_optimizer.cpp.o[0m
[ 56%] [32mBuilding CXX object CMakeFiles/armor_detector.dir/src/light_corner_corrector.cpp.o[0m
[ 62%] [32m[1mLinking CXX static library libgtest_main.a[0m
[ 62%] Built target gtest_main
[ 68%] [32m[1mLinking CXX executable armor_detector_node[0m
[ 68%] Built target armor_detector_node
[ 75%] [32m[1mLinking CXX static library libgtest.a[0m
[ 75%] Built target gtest
[ 81%] [32mBuilding CXX object CMakeFiles/armor_detector.dir/src/number_classifier.cpp.o[0m
[ 87%] [32m[1mLinking CXX shared library libarmor_detector.so[0m
[ 87%] Built target armor_detector
[35m[1mScanning dependencies of target test_detector[0m
[ 93%] [32mBuilding CXX object CMakeFiles/test_detector.dir/test/test_detector.cpp.o[0m
[100%] [32m[1mLinking CXX executable test_detector[0m
/usr/bin/ld: warning: libopencv_imgcodecs.so.4.2, needed by /opt/ros/galactic/lib/libcv_bridge.so, may conflict with libopencv_imgcodecs.so.4.5
/usr/bin/ld: warning: libopencv_imgproc.so.4.2, needed by /opt/ros/galactic/lib/libcv_bridge.so, may conflict with libopencv_imgproc.so.4.5
/usr/bin/ld: warning: libopencv_core.so.4.2, needed by /opt/ros/galactic/lib/libcv_bridge.so, may conflict with libopencv_core.so.4.5
[100%] Built target test_detector
-- Install configuration: ""
-- Installing: /home/robomaster/zxzzb/src/install/armor_detector/lib/armor_detector/armor_detector_node
-- Set runtime path of "/home/robomaster/zxzzb/src/install/armor_detector/lib/armor_detector/armor_detector_node" to ""
-- Installing: /home/robomaster/zxzzb/src/install/armor_detector/include
-- Installing: /home/robomaster/zxzzb/src/install/armor_detector/include/armor_detector
-- Installing: /home/robomaster/zxzzb/src/install/armor_detector/include/armor_detector/armor_detector_node.hpp
-- Installing: /home/robomaster/zxzzb/src/install/armor_detector/include/armor_detector/armor_pose_estimator.hpp
-- Installing: /home/robomaster/zxzzb/src/install/armor_detector/include/armor_detector/armor_detector.hpp
-- Installing: /home/robomaster/zxzzb/src/install/armor_detector/include/armor_detector/types.hpp
-- Installing: /home/robomaster/zxzzb/src/install/armor_detector/include/armor_detector/graph_optimizer.hpp
-- Installing: /home/robomaster/zxzzb/src/install/armor_detector/include/armor_detector/number_classifier.hpp
-- Installing: /home/robomaster/zxzzb/src/install/armor_detector/include/armor_detector/light_corner_corrector.hpp
-- Installing: /home/robomaster/zxzzb/src/install/armor_detector/include/armor_detector/ba_solver.hpp
-- Installing: /home/robomaster/zxzzb/src/install/armor_detector/share/armor_detector/environment/library_path.sh
-- Installing: /home/robomaster/zxzzb/src/install/armor_detector/share/armor_detector/environment/library_path.dsv
-- Installing: /home/robomaster/zxzzb/src/install/armor_detector/lib/libarmor_detector.so
-- Set runtime path of "/home/robomaster/zxzzb/src/install/armor_detector/lib/libarmor_detector.so" to ""
-- Installing: /home/robomaster/zxzzb/src/install/armor_detector/share/armor_detector/docs
-- Installing: /home/robomaster/zxzzb/src/install/armor_detector/share/armor_detector/docs/num_warp.png
-- Installing: /home/robomaster/zxzzb/src/install/armor_detector/share/armor_detector/docs/hsv_bin.png
-- Installing: /home/robomaster/zxzzb/src/install/armor_detector/share/armor_detector/docs/classify.png
-- Installing: /home/robomaster/zxzzb/src/install/armor_detector/share/armor_detector/docs/num_bin.png
-- Installing: /home/robomaster/zxzzb/src/install/armor_detector/share/armor_detector/docs/pca1.png
-- Installing: /home/robomaster/zxzzb/src/install/armor_detector/share/armor_detector/docs/num_raw.png
-- Installing: /home/robomaster/zxzzb/src/install/armor_detector/share/armor_detector/docs/num_roi.png
-- Installing: /home/robomaster/zxzzb/src/install/armor_detector/share/armor_detector/docs/model.svg
-- Installing: /home/robomaster/zxzzb/src/install/armor_detector/share/armor_detector/docs/origin2.png
-- Installing: /home/robomaster/zxzzb/src/install/armor_detector/share/armor_detector/docs/blue.png
-- Installing: /home/robomaster/zxzzb/src/install/armor_detector/share/armor_detector/docs/raw.png
-- Installing: /home/robomaster/zxzzb/src/install/armor_detector/share/armor_detector/docs/BA.png
-- Installing: /home/robomaster/zxzzb/src/install/armor_detector/share/armor_detector/docs/red.png
-- Installing: /home/robomaster/zxzzb/src/install/armor_detector/share/armor_detector/docs/gray_bin.png
-- Installing: /home/robomaster/zxzzb/src/install/armor_detector/share/armor_detector/docs/pca2.png
-- Installing: /home/robomaster/zxzzb/src/install/armor_detector/share/armor_detector/docs/origin1.png
-- Installing: /home/robomaster/zxzzb/src/install/armor_detector/share/armor_detector/docs/test.png
-- Installing: /home/robomaster/zxzzb/src/install/armor_detector/share/armor_detector/model
-- Installing: /home/robomaster/zxzzb/src/install/armor_detector/share/armor_detector/model/lenet.onnx
-- Installing: /home/robomaster/zxzzb/src/install/armor_detector/share/armor_detector/model/mlp.onnx
-- Installing: /home/robomaster/zxzzb/src/install/armor_detector/share/armor_detector/model/label.txt
-- Installing: /home/robomaster/zxzzb/src/install/armor_detector/share/ament_index/resource_index/package_run_dependencies/armor_detector
-- Installing: /home/robomaster/zxzzb/src/install/armor_detector/share/ament_index/resource_index/parent_prefix_path/armor_detector
-- Installing: /home/robomaster/zxzzb/src/install/armor_detector/share/armor_detector/environment/ament_prefix_path.sh
-- Installing: /home/robomaster/zxzzb/src/install/armor_detector/share/armor_detector/environment/ament_prefix_path.dsv
-- Installing: /home/robomaster/zxzzb/src/install/armor_detector/share/armor_detector/environment/path.sh
-- Installing: /home/robomaster/zxzzb/src/install/armor_detector/share/armor_detector/environment/path.dsv
-- Installing: /home/robomaster/zxzzb/src/install/armor_detector/share/armor_detector/local_setup.bash
-- Installing: /home/robomaster/zxzzb/src/install/armor_detector/share/armor_detector/local_setup.sh
-- Installing: /home/robomaster/zxzzb/src/install/armor_detector/share/armor_detector/local_setup.zsh
-- Installing: /home/robomaster/zxzzb/src/install/armor_detector/share/armor_detector/local_setup.dsv
-- Installing: /home/robomaster/zxzzb/src/install/armor_detector/share/armor_detector/package.dsv
-- Installing: /home/robomaster/zxzzb/src/install/armor_detector/share/ament_index/resource_index/packages/armor_detector
-- Installing: /home/robomaster/zxzzb/src/install/armor_detector/share/ament_index/resource_index/rclcpp_components/armor_detector
-- Installing: /home/robomaster/zxzzb/src/install/armor_detector/share/armor_detector/cmake/ament_cmake_export_dependencies-extras.cmake
-- Installing: /home/robomaster/zxzzb/src/install/armor_detector/share/armor_detector/cmake/ament_cmake_export_include_directories-extras.cmake
-- Installing: /home/robomaster/zxzzb/src/install/armor_detector/share/armor_detector/cmake/ament_cmake_export_libraries-extras.cmake
-- Installing: /home/robomaster/zxzzb/src/install/armor_detector/share/armor_detector/cmake/armor_detectorConfig.cmake
-- Installing: /home/robomaster/zxzzb/src/install/armor_detector/share/armor_detector/cmake/armor_detectorConfig-version.cmake
-- Installing: /home/robomaster/zxzzb/src/install/armor_detector/share/armor_detector/package.xml
