[0.048s] Invoking command in '/home/robomaster/zxzzb/src/build/armor_detector': AMENT_PREFIX_PATH=/home/robomaster/zxzzb/src/install/rm_utils:/home/robomaster/zxzzb/src/install/rm_interfaces:${AMENT_PREFIX_PATH} CMAKE_PREFIX_PATH=/home/robomaster/zxzzb/src/install/rm_utils:/home/robomaster/zxzzb/src/install/rm_interfaces:/opt/ros/galactic LD_LIBRARY_PATH=/home/robomaster/zxzzb/src/install/rm_utils/lib:/home/robomaster/zxzzb/src/install/rm_interfaces/lib:/usr/local/opencv4.5.4/lib:/home/robomaster/zxzzb/install/rmoss_projectile_motion/lib:/home/robomaster/zxzzb/install/rmctrl_msgs/lib:/home/robomaster/zxzzb/install/armor_detector/lib:/home/robomaster/zxzzb/install/rm_utils/lib:/home/robomaster/zxzzb/install/rm_interfaces/lib:/home/robomaster/zxzzb/install/hik_camera/lib:/home/robomaster/zxzzb/install/game_msgs/lib:/home/robomaster/zxzzb/install/bboxes_ex_msgs/lib:/opt/ros/galactic/opt/yaml_cpp_vendor/lib:/opt/ros/galactic/opt/rviz_ogre_vendor/lib:/opt/ros/galactic/lib/x86_64-linux-gnu:/opt/ros/galactic/lib:/opt/MVS/lib/64:/opt/MVS/lib/32 PYTHONPATH=/home/robomaster/zxzzb/src/install/rm_interfaces/lib/python3.8/site-packages:${PYTHONPATH} /usr/bin/cmake /home/robomaster/zxzzb/src/armor_detector -DCMAKE_INSTALL_PREFIX=/home/robomaster/zxzzb/src/install/armor_detector
[0.130s] -- The C compiler identification is GNU 9.4.0
[0.219s] -- The CXX compiler identification is GNU 9.4.0
[0.226s] -- Check for working C compiler: /usr/bin/cc
[0.345s] -- Check for working C compiler: /usr/bin/cc -- works
[0.346s] -- Detecting C compiler ABI info
[0.462s] -- Detecting C compiler ABI info - done
[0.478s] -- Detecting C compile features
[0.478s] -- Detecting C compile features - done
[0.482s] -- Check for working CXX compiler: /usr/bin/c++
[0.592s] -- Check for working CXX compiler: /usr/bin/c++ -- works
[0.594s] -- Detecting CXX compiler ABI info
[0.723s] -- Detecting CXX compiler ABI info - done
[0.735s] -- Detecting CXX compile features
[0.735s] -- Detecting CXX compile features - done
[0.738s] -- Found ament_cmake_auto: 1.1.6 (/opt/ros/galactic/share/ament_cmake_auto/cmake)
[0.763s] -- Found PythonInterp: /usr/bin/python3 (found suitable version "3.8.10", minimum required is "3") 
[0.763s] -- Using PYTHON_EXECUTABLE: /usr/bin/python3
[0.892s] -- Found OpenCV: /usr/local/opencv4.5.4 (found suitable version "4.5.4", minimum required is "4.5.4") 
[0.900s] -- Searching for g2o ...
[0.900s] -- Found g2o headers in: /usr/local/include/g2o
[0.910s] -- Found libg2o: /usr/local/lib/libg2o_csparse_extension.so;/usr/local/lib/libg2o_core.so;/usr/local/lib/libg2o_stuff.so;/usr/local/lib/libg2o_types_slam2d.so;/usr/local/lib/libg2o_types_slam3d.so;/usr/local/lib/libg2o_solver_cholmod.so;/usr/local/lib/libg2o_solver_pcg.so;/usr/local/lib/libg2o_solver_csparse.so;/usr/local/lib/libg2o_incremental.so
[1.080s] -- Using all available rosidl_typesupport_c: rosidl_typesupport_fastrtps_c;rosidl_typesupport_introspection_c
[1.089s] -- Found rosidl_adapter: 2.2.3 (/opt/ros/galactic/share/rosidl_adapter/cmake)
[1.193s] -- Found OpenSSL: /usr/lib/x86_64-linux-gnu/libcrypto.so (found version "1.1.1f")  
[1.228s] -- Found FastRTPS: /opt/ros/galactic/include  
[1.311s] -- Using all available rosidl_typesupport_cpp: rosidl_typesupport_fastrtps_cpp;rosidl_typesupport_introspection_cpp
[1.371s] -- Found rmw_implementation_cmake: 3.3.1 (/opt/ros/galactic/share/rmw_implementation_cmake/cmake)
[1.374s] -- Found rmw_cyclonedds_cpp: 0.22.6 (/opt/ros/galactic/share/rmw_cyclonedds_cpp/cmake)
[1.395s] -- Using RMW implementation 'rmw_cyclonedds_cpp' as default
[1.395s] -- Looking for pthread.h
[1.517s] -- Looking for pthread.h - found
[1.518s] -- Performing Test CMAKE_HAVE_LIBC_PTHREAD
[1.657s] -- Performing Test CMAKE_HAVE_LIBC_PTHREAD - Failed
[1.657s] -- Looking for pthread_create in pthreads
[1.754s] -- Looking for pthread_create in pthreads - not found
[1.754s] -- Looking for pthread_create in pthread
[1.892s] -- Looking for pthread_create in pthread - found
[1.894s] -- Found Threads: TRUE  
[2.694s] -- Found eigen3_cmake_module: 0.1.1 (/opt/ros/galactic/share/eigen3_cmake_module/cmake)
[2.696s] -- Found Eigen3: TRUE (found version "3.3.7") 
[2.740s] -- Found installed version of Eigen: /usr/lib/cmake/eigen3
[2.741s] -- Found required Ceres dependency: Eigen version 3.3.7 in /usr/include/eigen3
[2.744s] -- Found required Ceres dependency: glog
[2.748s] -- Found installed version of gflags: /usr/lib/x86_64-linux-gnu/cmake/gflags
[2.748s] -- Detected gflags version: 2.2.2
[2.748s] -- Found required Ceres dependency: gflags
[2.749s] -- Found Ceres version: 1.14.0 installed in: /usr/local with components: [EigenSparse, SparseLinearAlgebraLibrary, LAPACK, SuiteSparse, CXSparse, SchurSpecializations, OpenMP, Multithreading]
[2.778s] -- Found ament_lint_auto: 0.10.7 (/opt/ros/galactic/share/ament_lint_auto/cmake)
[2.798s] -- Found gtest sources under '/opt/ros/galactic/src/gtest_vendor': C++ tests using 'Google Test' will be built
[2.804s] -- Check if compiler accepts -pthread
[2.936s] -- Check if compiler accepts -pthread - yes
[2.950s] -- Added test 'cppcheck' to perform static code analysis on C / C++ code
[2.950s] -- Configured cppcheck include dirs: /home/robomaster/zxzzb/src/armor_detector/include
[2.950s] -- Configured cppcheck exclude dirs and/or files: 
[2.953s] -- Added test 'xmllint' to check XML markup files
[2.963s] -- Configuring done
[3.050s] -- Generating done
[3.091s] -- Build files have been written to: /home/robomaster/zxzzb/src/build/armor_detector
[3.159s] Invoked command in '/home/robomaster/zxzzb/src/build/armor_detector' returned '0': AMENT_PREFIX_PATH=/home/robomaster/zxzzb/src/install/rm_utils:/home/robomaster/zxzzb/src/install/rm_interfaces:${AMENT_PREFIX_PATH} CMAKE_PREFIX_PATH=/home/robomaster/zxzzb/src/install/rm_utils:/home/robomaster/zxzzb/src/install/rm_interfaces:/opt/ros/galactic LD_LIBRARY_PATH=/home/robomaster/zxzzb/src/install/rm_utils/lib:/home/robomaster/zxzzb/src/install/rm_interfaces/lib:/usr/local/opencv4.5.4/lib:/home/robomaster/zxzzb/install/rmoss_projectile_motion/lib:/home/robomaster/zxzzb/install/rmctrl_msgs/lib:/home/robomaster/zxzzb/install/armor_detector/lib:/home/robomaster/zxzzb/install/rm_utils/lib:/home/robomaster/zxzzb/install/rm_interfaces/lib:/home/robomaster/zxzzb/install/hik_camera/lib:/home/robomaster/zxzzb/install/game_msgs/lib:/home/robomaster/zxzzb/install/bboxes_ex_msgs/lib:/opt/ros/galactic/opt/yaml_cpp_vendor/lib:/opt/ros/galactic/opt/rviz_ogre_vendor/lib:/opt/ros/galactic/lib/x86_64-linux-gnu:/opt/ros/galactic/lib:/opt/MVS/lib/64:/opt/MVS/lib/32 PYTHONPATH=/home/robomaster/zxzzb/src/install/rm_interfaces/lib/python3.8/site-packages:${PYTHONPATH} /usr/bin/cmake /home/robomaster/zxzzb/src/armor_detector -DCMAKE_INSTALL_PREFIX=/home/robomaster/zxzzb/src/install/armor_detector
[3.161s] Invoking command in '/home/robomaster/zxzzb/src/build/armor_detector': AMENT_PREFIX_PATH=/home/robomaster/zxzzb/src/install/rm_utils:/home/robomaster/zxzzb/src/install/rm_interfaces:${AMENT_PREFIX_PATH} CMAKE_PREFIX_PATH=/home/robomaster/zxzzb/src/install/rm_utils:/home/robomaster/zxzzb/src/install/rm_interfaces:/opt/ros/galactic LD_LIBRARY_PATH=/home/robomaster/zxzzb/src/install/rm_utils/lib:/home/robomaster/zxzzb/src/install/rm_interfaces/lib:/usr/local/opencv4.5.4/lib:/home/robomaster/zxzzb/install/rmoss_projectile_motion/lib:/home/robomaster/zxzzb/install/rmctrl_msgs/lib:/home/robomaster/zxzzb/install/armor_detector/lib:/home/robomaster/zxzzb/install/rm_utils/lib:/home/robomaster/zxzzb/install/rm_interfaces/lib:/home/robomaster/zxzzb/install/hik_camera/lib:/home/robomaster/zxzzb/install/game_msgs/lib:/home/robomaster/zxzzb/install/bboxes_ex_msgs/lib:/opt/ros/galactic/opt/yaml_cpp_vendor/lib:/opt/ros/galactic/opt/rviz_ogre_vendor/lib:/opt/ros/galactic/lib/x86_64-linux-gnu:/opt/ros/galactic/lib:/opt/MVS/lib/64:/opt/MVS/lib/32 PYTHONPATH=/home/robomaster/zxzzb/src/install/rm_interfaces/lib/python3.8/site-packages:${PYTHONPATH} /usr/bin/cmake --build /home/robomaster/zxzzb/src/build/armor_detector -- -j16 -l16
[3.251s] [35m[1mScanning dependencies of target gtest[0m
[3.256s] [35m[1mScanning dependencies of target armor_detector[0m
[3.261s] [35m[1mScanning dependencies of target gtest_main[0m
[3.266s] [35m[1mScanning dependencies of target armor_detector_node[0m
[3.292s] [  6%] [32mBuilding CXX object gtest/CMakeFiles/gtest_main.dir/src/gtest_main.cc.o[0m
[3.294s] [ 12%] [32mBuilding CXX object gtest/CMakeFiles/gtest.dir/src/gtest-all.cc.o[0m
[3.327s] [ 18%] [32mBuilding CXX object CMakeFiles/armor_detector_node.dir/rclcpp_components/node_main_armor_detector_node.cpp.o[0m
[3.520s] [ 25%] [32mBuilding CXX object CMakeFiles/armor_detector.dir/src/armor_detector.cpp.o[0m
[3.550s] [ 31%] [32mBuilding CXX object CMakeFiles/armor_detector.dir/src/armor_pose_estimator.cpp.o[0m
[3.552s] [ 37%] [32mBuilding CXX object CMakeFiles/armor_detector.dir/src/armor_detector_node.cpp.o[0m
[3.560s] [ 43%] [32mBuilding CXX object CMakeFiles/armor_detector.dir/src/ba_solver.cpp.o[0m
[3.591s] [ 50%] [32mBuilding CXX object CMakeFiles/armor_detector.dir/src/graph_optimizer.cpp.o[0m
[3.595s] [ 56%] [32mBuilding CXX object CMakeFiles/armor_detector.dir/src/light_corner_corrector.cpp.o[0m
[5.856s] [ 62%] [32m[1mLinking CXX static library libgtest_main.a[0m
[6.003s] [ 62%] Built target gtest_main
[9.883s] [ 68%] [32m[1mLinking CXX executable armor_detector_node[0m
[10.220s] [ 68%] Built target armor_detector_node
[16.298s] [ 75%] [32m[1mLinking CXX static library libgtest.a[0m
[16.358s] [ 75%] Built target gtest
[19.159s] [ 81%] [32mBuilding CXX object CMakeFiles/armor_detector.dir/src/number_classifier.cpp.o[0m
[35.863s] [ 87%] [32m[1mLinking CXX shared library libarmor_detector.so[0m
[36.108s] [ 87%] Built target armor_detector
[36.117s] [35m[1mScanning dependencies of target test_detector[0m
[36.162s] [ 93%] [32mBuilding CXX object CMakeFiles/test_detector.dir/test/test_detector.cpp.o[0m
[39.838s] [100%] [32m[1mLinking CXX executable test_detector[0m
[40.197s] /usr/bin/ld: warning: libopencv_imgcodecs.so.4.2, needed by /opt/ros/galactic/lib/libcv_bridge.so, may conflict with libopencv_imgcodecs.so.4.5
[40.197s] /usr/bin/ld: warning: libopencv_imgproc.so.4.2, needed by /opt/ros/galactic/lib/libcv_bridge.so, may conflict with libopencv_imgproc.so.4.5
[40.197s] /usr/bin/ld: warning: libopencv_core.so.4.2, needed by /opt/ros/galactic/lib/libcv_bridge.so, may conflict with libopencv_core.so.4.5
[40.209s] [100%] Built target test_detector
[40.218s] Invoked command in '/home/robomaster/zxzzb/src/build/armor_detector' returned '0': AMENT_PREFIX_PATH=/home/robomaster/zxzzb/src/install/rm_utils:/home/robomaster/zxzzb/src/install/rm_interfaces:${AMENT_PREFIX_PATH} CMAKE_PREFIX_PATH=/home/robomaster/zxzzb/src/install/rm_utils:/home/robomaster/zxzzb/src/install/rm_interfaces:/opt/ros/galactic LD_LIBRARY_PATH=/home/robomaster/zxzzb/src/install/rm_utils/lib:/home/robomaster/zxzzb/src/install/rm_interfaces/lib:/usr/local/opencv4.5.4/lib:/home/robomaster/zxzzb/install/rmoss_projectile_motion/lib:/home/robomaster/zxzzb/install/rmctrl_msgs/lib:/home/robomaster/zxzzb/install/armor_detector/lib:/home/robomaster/zxzzb/install/rm_utils/lib:/home/robomaster/zxzzb/install/rm_interfaces/lib:/home/robomaster/zxzzb/install/hik_camera/lib:/home/robomaster/zxzzb/install/game_msgs/lib:/home/robomaster/zxzzb/install/bboxes_ex_msgs/lib:/opt/ros/galactic/opt/yaml_cpp_vendor/lib:/opt/ros/galactic/opt/rviz_ogre_vendor/lib:/opt/ros/galactic/lib/x86_64-linux-gnu:/opt/ros/galactic/lib:/opt/MVS/lib/64:/opt/MVS/lib/32 PYTHONPATH=/home/robomaster/zxzzb/src/install/rm_interfaces/lib/python3.8/site-packages:${PYTHONPATH} /usr/bin/cmake --build /home/robomaster/zxzzb/src/build/armor_detector -- -j16 -l16
[40.221s] Invoking command in '/home/robomaster/zxzzb/src/build/armor_detector': AMENT_PREFIX_PATH=/home/robomaster/zxzzb/src/install/rm_utils:/home/robomaster/zxzzb/src/install/rm_interfaces:${AMENT_PREFIX_PATH} CMAKE_PREFIX_PATH=/home/robomaster/zxzzb/src/install/rm_utils:/home/robomaster/zxzzb/src/install/rm_interfaces:/opt/ros/galactic LD_LIBRARY_PATH=/home/robomaster/zxzzb/src/install/rm_utils/lib:/home/robomaster/zxzzb/src/install/rm_interfaces/lib:/usr/local/opencv4.5.4/lib:/home/robomaster/zxzzb/install/rmoss_projectile_motion/lib:/home/robomaster/zxzzb/install/rmctrl_msgs/lib:/home/robomaster/zxzzb/install/armor_detector/lib:/home/robomaster/zxzzb/install/rm_utils/lib:/home/robomaster/zxzzb/install/rm_interfaces/lib:/home/robomaster/zxzzb/install/hik_camera/lib:/home/robomaster/zxzzb/install/game_msgs/lib:/home/robomaster/zxzzb/install/bboxes_ex_msgs/lib:/opt/ros/galactic/opt/yaml_cpp_vendor/lib:/opt/ros/galactic/opt/rviz_ogre_vendor/lib:/opt/ros/galactic/lib/x86_64-linux-gnu:/opt/ros/galactic/lib:/opt/MVS/lib/64:/opt/MVS/lib/32 PYTHONPATH=/home/robomaster/zxzzb/src/install/rm_interfaces/lib/python3.8/site-packages:${PYTHONPATH} /usr/bin/cmake --install /home/robomaster/zxzzb/src/build/armor_detector
[40.228s] -- Install configuration: ""
[40.228s] -- Installing: /home/robomaster/zxzzb/src/install/armor_detector/lib/armor_detector/armor_detector_node
[40.228s] -- Set runtime path of "/home/robomaster/zxzzb/src/install/armor_detector/lib/armor_detector/armor_detector_node" to ""
[40.228s] -- Installing: /home/robomaster/zxzzb/src/install/armor_detector/include
[40.228s] -- Installing: /home/robomaster/zxzzb/src/install/armor_detector/include/armor_detector
[40.228s] -- Installing: /home/robomaster/zxzzb/src/install/armor_detector/include/armor_detector/armor_detector_node.hpp
[40.228s] -- Installing: /home/robomaster/zxzzb/src/install/armor_detector/include/armor_detector/armor_pose_estimator.hpp
[40.228s] -- Installing: /home/robomaster/zxzzb/src/install/armor_detector/include/armor_detector/armor_detector.hpp
[40.228s] -- Installing: /home/robomaster/zxzzb/src/install/armor_detector/include/armor_detector/types.hpp
[40.228s] -- Installing: /home/robomaster/zxzzb/src/install/armor_detector/include/armor_detector/graph_optimizer.hpp
[40.228s] -- Installing: /home/robomaster/zxzzb/src/install/armor_detector/include/armor_detector/number_classifier.hpp
[40.228s] -- Installing: /home/robomaster/zxzzb/src/install/armor_detector/include/armor_detector/light_corner_corrector.hpp
[40.229s] -- Installing: /home/robomaster/zxzzb/src/install/armor_detector/include/armor_detector/ba_solver.hpp
[40.229s] -- Installing: /home/robomaster/zxzzb/src/install/armor_detector/share/armor_detector/environment/library_path.sh
[40.229s] -- Installing: /home/robomaster/zxzzb/src/install/armor_detector/share/armor_detector/environment/library_path.dsv
[40.229s] -- Installing: /home/robomaster/zxzzb/src/install/armor_detector/lib/libarmor_detector.so
[40.230s] -- Set runtime path of "/home/robomaster/zxzzb/src/install/armor_detector/lib/libarmor_detector.so" to ""
[40.230s] -- Installing: /home/robomaster/zxzzb/src/install/armor_detector/share/armor_detector/docs
[40.230s] -- Installing: /home/robomaster/zxzzb/src/install/armor_detector/share/armor_detector/docs/num_warp.png
[40.231s] -- Installing: /home/robomaster/zxzzb/src/install/armor_detector/share/armor_detector/docs/hsv_bin.png
[40.231s] -- Installing: /home/robomaster/zxzzb/src/install/armor_detector/share/armor_detector/docs/classify.png
[40.231s] -- Installing: /home/robomaster/zxzzb/src/install/armor_detector/share/armor_detector/docs/num_bin.png
[40.232s] -- Installing: /home/robomaster/zxzzb/src/install/armor_detector/share/armor_detector/docs/pca1.png
[40.232s] -- Installing: /home/robomaster/zxzzb/src/install/armor_detector/share/armor_detector/docs/num_raw.png
[40.233s] -- Installing: /home/robomaster/zxzzb/src/install/armor_detector/share/armor_detector/docs/num_roi.png
[40.233s] -- Installing: /home/robomaster/zxzzb/src/install/armor_detector/share/armor_detector/docs/model.svg
[40.233s] -- Installing: /home/robomaster/zxzzb/src/install/armor_detector/share/armor_detector/docs/origin2.png
[40.233s] -- Installing: /home/robomaster/zxzzb/src/install/armor_detector/share/armor_detector/docs/blue.png
[40.234s] -- Installing: /home/robomaster/zxzzb/src/install/armor_detector/share/armor_detector/docs/raw.png
[40.234s] -- Installing: /home/robomaster/zxzzb/src/install/armor_detector/share/armor_detector/docs/BA.png
[40.235s] -- Installing: /home/robomaster/zxzzb/src/install/armor_detector/share/armor_detector/docs/red.png
[40.235s] -- Installing: /home/robomaster/zxzzb/src/install/armor_detector/share/armor_detector/docs/gray_bin.png
[40.235s] -- Installing: /home/robomaster/zxzzb/src/install/armor_detector/share/armor_detector/docs/pca2.png
[40.235s] -- Installing: /home/robomaster/zxzzb/src/install/armor_detector/share/armor_detector/docs/origin1.png
[40.236s] -- Installing: /home/robomaster/zxzzb/src/install/armor_detector/share/armor_detector/docs/test.png
[40.236s] -- Installing: /home/robomaster/zxzzb/src/install/armor_detector/share/armor_detector/model
[40.236s] -- Installing: /home/robomaster/zxzzb/src/install/armor_detector/share/armor_detector/model/lenet.onnx
[40.237s] -- Installing: /home/robomaster/zxzzb/src/install/armor_detector/share/armor_detector/model/mlp.onnx
[40.237s] -- Installing: /home/robomaster/zxzzb/src/install/armor_detector/share/armor_detector/model/label.txt
[40.237s] -- Installing: /home/robomaster/zxzzb/src/install/armor_detector/share/ament_index/resource_index/package_run_dependencies/armor_detector
[40.237s] -- Installing: /home/robomaster/zxzzb/src/install/armor_detector/share/ament_index/resource_index/parent_prefix_path/armor_detector
[40.237s] -- Installing: /home/robomaster/zxzzb/src/install/armor_detector/share/armor_detector/environment/ament_prefix_path.sh
[40.237s] -- Installing: /home/robomaster/zxzzb/src/install/armor_detector/share/armor_detector/environment/ament_prefix_path.dsv
[40.238s] -- Installing: /home/robomaster/zxzzb/src/install/armor_detector/share/armor_detector/environment/path.sh
[40.238s] -- Installing: /home/robomaster/zxzzb/src/install/armor_detector/share/armor_detector/environment/path.dsv
[40.238s] -- Installing: /home/robomaster/zxzzb/src/install/armor_detector/share/armor_detector/local_setup.bash
[40.238s] -- Installing: /home/robomaster/zxzzb/src/install/armor_detector/share/armor_detector/local_setup.sh
[40.238s] -- Installing: /home/robomaster/zxzzb/src/install/armor_detector/share/armor_detector/local_setup.zsh
[40.238s] -- Installing: /home/robomaster/zxzzb/src/install/armor_detector/share/armor_detector/local_setup.dsv
[40.238s] -- Installing: /home/robomaster/zxzzb/src/install/armor_detector/share/armor_detector/package.dsv
[40.238s] -- Installing: /home/robomaster/zxzzb/src/install/armor_detector/share/ament_index/resource_index/packages/armor_detector
[40.238s] -- Installing: /home/robomaster/zxzzb/src/install/armor_detector/share/ament_index/resource_index/rclcpp_components/armor_detector
[40.238s] -- Installing: /home/robomaster/zxzzb/src/install/armor_detector/share/armor_detector/cmake/ament_cmake_export_dependencies-extras.cmake
[40.238s] -- Installing: /home/robomaster/zxzzb/src/install/armor_detector/share/armor_detector/cmake/ament_cmake_export_include_directories-extras.cmake
[40.238s] -- Installing: /home/robomaster/zxzzb/src/install/armor_detector/share/armor_detector/cmake/ament_cmake_export_libraries-extras.cmake
[40.238s] -- Installing: /home/robomaster/zxzzb/src/install/armor_detector/share/armor_detector/cmake/armor_detectorConfig.cmake
[40.238s] -- Installing: /home/robomaster/zxzzb/src/install/armor_detector/share/armor_detector/cmake/armor_detectorConfig-version.cmake
[40.238s] -- Installing: /home/robomaster/zxzzb/src/install/armor_detector/share/armor_detector/package.xml
[40.241s] Invoked command in '/home/robomaster/zxzzb/src/build/armor_detector' returned '0': AMENT_PREFIX_PATH=/home/robomaster/zxzzb/src/install/rm_utils:/home/robomaster/zxzzb/src/install/rm_interfaces:${AMENT_PREFIX_PATH} CMAKE_PREFIX_PATH=/home/robomaster/zxzzb/src/install/rm_utils:/home/robomaster/zxzzb/src/install/rm_interfaces:/opt/ros/galactic LD_LIBRARY_PATH=/home/robomaster/zxzzb/src/install/rm_utils/lib:/home/robomaster/zxzzb/src/install/rm_interfaces/lib:/usr/local/opencv4.5.4/lib:/home/robomaster/zxzzb/install/rmoss_projectile_motion/lib:/home/robomaster/zxzzb/install/rmctrl_msgs/lib:/home/robomaster/zxzzb/install/armor_detector/lib:/home/robomaster/zxzzb/install/rm_utils/lib:/home/robomaster/zxzzb/install/rm_interfaces/lib:/home/robomaster/zxzzb/install/hik_camera/lib:/home/robomaster/zxzzb/install/game_msgs/lib:/home/robomaster/zxzzb/install/bboxes_ex_msgs/lib:/opt/ros/galactic/opt/yaml_cpp_vendor/lib:/opt/ros/galactic/opt/rviz_ogre_vendor/lib:/opt/ros/galactic/lib/x86_64-linux-gnu:/opt/ros/galactic/lib:/opt/MVS/lib/64:/opt/MVS/lib/32 PYTHONPATH=/home/robomaster/zxzzb/src/install/rm_interfaces/lib/python3.8/site-packages:${PYTHONPATH} /usr/bin/cmake --install /home/robomaster/zxzzb/src/build/armor_detector
