/home/robomaster/zxzzb/src/install/bubble_decision/lib/python3.8/site-packages/bubble_decision/gameAction.py
/home/robomaster/zxzzb/src/install/bubble_decision/lib/python3.8/site-packages/bubble_decision/__init__.py
/home/robomaster/zxzzb/src/install/bubble_decision/lib/python3.8/site-packages/bubble_decision/decision.py
/home/robomaster/zxzzb/src/install/bubble_decision/lib/python3.8/site-packages/bubble_decision/gimbalAction.py
/home/robomaster/zxzzb/src/install/bubble_decision/lib/python3.8/site-packages/bubble_decision/__pycache__/gameAction.cpython-38.pyc
/home/robomaster/zxzzb/src/install/bubble_decision/lib/python3.8/site-packages/bubble_decision/__pycache__/__init__.cpython-38.pyc
/home/robomaster/zxzzb/src/install/bubble_decision/lib/python3.8/site-packages/bubble_decision/__pycache__/decision.cpython-38.pyc
/home/robomaster/zxzzb/src/install/bubble_decision/lib/python3.8/site-packages/bubble_decision/__pycache__/gimbalAction.cpython-38.pyc
/home/robomaster/zxzzb/src/install/bubble_decision/share/ament_index/resource_index/packages/bubble_decision
/home/robomaster/zxzzb/src/install/bubble_decision/share/bubble_decision/package.xml
/home/robomaster/zxzzb/src/install/bubble_decision/share/bubble_decision/launch/decision_launch.py
/home/robomaster/zxzzb/src/install/bubble_decision/share/bubble_decision/config/config.yaml
/home/robomaster/zxzzb/src/install/bubble_decision/lib/python3.8/site-packages/bubble_decision-0.0.0-py3.8.egg-info/dependency_links.txt
/home/robomaster/zxzzb/src/install/bubble_decision/lib/python3.8/site-packages/bubble_decision-0.0.0-py3.8.egg-info/requires.txt
/home/robomaster/zxzzb/src/install/bubble_decision/lib/python3.8/site-packages/bubble_decision-0.0.0-py3.8.egg-info/PKG-INFO
/home/robomaster/zxzzb/src/install/bubble_decision/lib/python3.8/site-packages/bubble_decision-0.0.0-py3.8.egg-info/SOURCES.txt
/home/robomaster/zxzzb/src/install/bubble_decision/lib/python3.8/site-packages/bubble_decision-0.0.0-py3.8.egg-info/entry_points.txt
/home/robomaster/zxzzb/src/install/bubble_decision/lib/python3.8/site-packages/bubble_decision-0.0.0-py3.8.egg-info/zip-safe
/home/robomaster/zxzzb/src/install/bubble_decision/lib/python3.8/site-packages/bubble_decision-0.0.0-py3.8.egg-info/top_level.txt
/home/robomaster/zxzzb/src/install/bubble_decision/lib/bubble_decision/decision
