/home/robomaster/zxzzb/src/install/bubble_protocol/lib/python3.8/site-packages/bubble_protocol/hardware.py
/home/robomaster/zxzzb/src/install/bubble_protocol/lib/python3.8/site-packages/bubble_protocol/bcp_core.py
/home/robomaster/zxzzb/src/install/bubble_protocol/lib/python3.8/site-packages/bubble_protocol/__init__.py
/home/robomaster/zxzzb/src/install/bubble_protocol/lib/python3.8/site-packages/bubble_protocol/protocol.py
/home/robomaster/zxzzb/src/install/bubble_protocol/lib/python3.8/site-packages/bubble_protocol/dispatch.py
/home/robomaster/zxzzb/src/install/bubble_protocol/lib/python3.8/site-packages/bubble_protocol/robot_status.py
/home/robomaster/zxzzb/src/install/bubble_protocol/lib/python3.8/site-packages/bubble_protocol/__pycache__/hardware.cpython-38.pyc
/home/robomaster/zxzzb/src/install/bubble_protocol/lib/python3.8/site-packages/bubble_protocol/__pycache__/bcp_core.cpython-38.pyc
/home/robomaster/zxzzb/src/install/bubble_protocol/lib/python3.8/site-packages/bubble_protocol/__pycache__/__init__.cpython-38.pyc
/home/robomaster/zxzzb/src/install/bubble_protocol/lib/python3.8/site-packages/bubble_protocol/__pycache__/protocol.cpython-38.pyc
/home/robomaster/zxzzb/src/install/bubble_protocol/lib/python3.8/site-packages/bubble_protocol/__pycache__/dispatch.cpython-38.pyc
/home/robomaster/zxzzb/src/install/bubble_protocol/lib/python3.8/site-packages/bubble_protocol/__pycache__/robot_status.cpython-38.pyc
/home/robomaster/zxzzb/src/install/bubble_protocol/share/ament_index/resource_index/packages/bubble_protocol
/home/robomaster/zxzzb/src/install/bubble_protocol/share/bubble_protocol/package.xml
/home/robomaster/zxzzb/src/install/bubble_protocol/share/bubble_protocol/sentry_serial_launch.py
/home/robomaster/zxzzb/src/install/bubble_protocol/share/bubble_protocol/bcp_api_core_launch.py
/home/robomaster/zxzzb/src/install/bubble_protocol/share/bubble_protocol/sentry_down_serial_launch.py
/home/robomaster/zxzzb/src/install/bubble_protocol/share/bubble_protocol/sentry_up_serial_launch.py
/home/robomaster/zxzzb/src/install/bubble_protocol/share/bubble_protocol/infantry_serial_launch.py
/home/robomaster/zxzzb/src/install/bubble_protocol/lib/python3.8/site-packages/bubble_protocol-0.1.0-py3.8.egg-info/dependency_links.txt
/home/robomaster/zxzzb/src/install/bubble_protocol/lib/python3.8/site-packages/bubble_protocol-0.1.0-py3.8.egg-info/requires.txt
/home/robomaster/zxzzb/src/install/bubble_protocol/lib/python3.8/site-packages/bubble_protocol-0.1.0-py3.8.egg-info/PKG-INFO
/home/robomaster/zxzzb/src/install/bubble_protocol/lib/python3.8/site-packages/bubble_protocol-0.1.0-py3.8.egg-info/SOURCES.txt
/home/robomaster/zxzzb/src/install/bubble_protocol/lib/python3.8/site-packages/bubble_protocol-0.1.0-py3.8.egg-info/entry_points.txt
/home/robomaster/zxzzb/src/install/bubble_protocol/lib/python3.8/site-packages/bubble_protocol-0.1.0-py3.8.egg-info/zip-safe
/home/robomaster/zxzzb/src/install/bubble_protocol/lib/python3.8/site-packages/bubble_protocol-0.1.0-py3.8.egg-info/top_level.txt
/home/robomaster/zxzzb/src/install/bubble_protocol/lib/bubble_protocol/bcp_core
