-- The C compiler identification is GNU 9.4.0
-- The CXX compiler identification is GNU 9.4.0
-- Check for working C compiler: /usr/bin/cc
-- Check for working C compiler: /usr/bin/cc -- works
-- Detecting C compiler ABI info
-- Detecting C compiler ABI info - done
-- Detecting C compile features
-- Detecting C compile features - done
-- Check for working CXX compiler: /usr/bin/c++
-- Check for working CXX compiler: /usr/bin/c++ -- works
-- Detecting CXX compiler ABI info
-- Detecting CXX compiler ABI info - done
-- Detecting CXX compile features
-- Detecting CXX compile features - done
-- Found ament_cmake: 1.1.6 (/opt/ros/galactic/share/ament_cmake/cmake)
-- Found PythonInterp: /usr/bin/python3 (found suitable version "3.8.10", minimum required is "3") 
-- Using PYTHON_EXECUTABLE: /usr/bin/python3
-- Found builtin_interfaces: 1.0.3 (/opt/ros/galactic/share/builtin_interfaces/cmake)
-- Using all available rosidl_typesupport_c: rosidl_typesupport_fastrtps_c;rosidl_typesupport_introspection_c
-- Found rosidl_adapter: 2.2.3 (/opt/ros/galactic/share/rosidl_adapter/cmake)
-- Found OpenSSL: /usr/lib/x86_64-linux-gnu/libcrypto.so (found version "1.1.1f")  
-- Found FastRTPS: /opt/ros/galactic/include  
-- Using all available rosidl_typesupport_cpp: rosidl_typesupport_fastrtps_cpp;rosidl_typesupport_introspection_cpp
-- Found std_msgs: 2.2.4 (/opt/ros/galactic/share/std_msgs/cmake)
-- Found rosidl_default_generators: 1.1.1 (/opt/ros/galactic/share/rosidl_default_generators/cmake)
-- Found PythonInterp: /usr/bin/python3 (found version "3.8.10") 
-- Found ament_cmake_ros: 0.9.2 (/opt/ros/galactic/share/ament_cmake_ros/cmake)
-- Using all available rosidl_typesupport_c: rosidl_typesupport_fastrtps_c;rosidl_typesupport_introspection_c
-- Using all available rosidl_typesupport_cpp: rosidl_typesupport_fastrtps_cpp;rosidl_typesupport_introspection_cpp
-- Found PythonInterp: /usr/bin/python3 (found suitable version "3.8.10", minimum required is "3.5") 
-- Found python_cmake_module: 0.8.1 (/opt/ros/galactic/share/python_cmake_module/cmake)
-- Found PythonLibs: /usr/lib/x86_64-linux-gnu/libpython3.8.so (found suitable version "3.8.10", minimum required is "3.5") 
-- Using PYTHON_EXECUTABLE: /usr/bin/python3
-- Using PYTHON_INCLUDE_DIRS: /usr/include/python3.8
-- Using PYTHON_LIBRARIES: /usr/lib/x86_64-linux-gnu/libpython3.8.so
-- Found PythonExtra: .so  
-- Configuring done
-- Generating done
-- Build files have been written to: /home/robomaster/zxzzb/src/build/rmctrl_msgs
[35m[1mScanning dependencies of target rmctrl_msgs__cpp[0m
[  1%] [34m[1mGenerating C code for ROS interfaces[0m
[  3%] [34m[1mGenerating C++ code for ROS interfaces[0m
[  3%] Built target rmctrl_msgs__cpp
[  5%] [34m[1mGenerating C++ introspection for ROS interfaces[0m
[  7%] [34m[1mGenerating C++ type support dispatch for ROS interfaces[0m
[  9%] [34m[1mGenerating C++ type support for eProsima Fast-RTPS[0m
[35m[1mScanning dependencies of target rmctrl_msgs__rosidl_generator_c[0m
[ 10%] [32mBuilding C object CMakeFiles/rmctrl_msgs__rosidl_generator_c.dir/rosidl_generator_c/rmctrl_msgs/msg/detail/chassis__functions.c.o[0m
[ 14%] [32mBuilding C object CMakeFiles/rmctrl_msgs__rosidl_generator_c.dir/rosidl_generator_c/rmctrl_msgs/msg/detail/gimbal__functions.c.o[0m
[ 14%] [32mBuilding C object CMakeFiles/rmctrl_msgs__rosidl_generator_c.dir/rosidl_generator_c/rmctrl_msgs/msg/detail/odom__functions.c.o[0m
[ 16%] [32mBuilding C object CMakeFiles/rmctrl_msgs__rosidl_generator_c.dir/rosidl_generator_c/rmctrl_msgs/msg/detail/shooter__functions.c.o[0m
[ 18%] [32m[1mLinking C shared library librmctrl_msgs__rosidl_generator_c.so[0m
[ 18%] Built target rmctrl_msgs__rosidl_generator_c
[35m[1mScanning dependencies of target rmctrl_msgs__rosidl_typesupport_cpp[0m
[ 20%] [34m[1mGenerating C type support dispatch for ROS interfaces[0m
[ 21%] [34m[1mGenerating C introspection for ROS interfaces[0m
[ 23%] [32mBuilding CXX object CMakeFiles/rmctrl_msgs__rosidl_typesupport_cpp.dir/rosidl_typesupport_cpp/rmctrl_msgs/msg/odom__type_support.cpp.o[0m
[ 25%] [32mBuilding CXX object CMakeFiles/rmctrl_msgs__rosidl_typesupport_cpp.dir/rosidl_typesupport_cpp/rmctrl_msgs/msg/chassis__type_support.cpp.o[0m
[ 27%] [32mBuilding CXX object CMakeFiles/rmctrl_msgs__rosidl_typesupport_cpp.dir/rosidl_typesupport_cpp/rmctrl_msgs/msg/gimbal__type_support.cpp.o[0m
[ 29%] [32mBuilding CXX object CMakeFiles/rmctrl_msgs__rosidl_typesupport_cpp.dir/rosidl_typesupport_cpp/rmctrl_msgs/msg/shooter__type_support.cpp.o[0m
[35m[1mScanning dependencies of target rmctrl_msgs__rosidl_typesupport_fastrtps_cpp[0m
[ 30%] [32mBuilding CXX object CMakeFiles/rmctrl_msgs__rosidl_typesupport_fastrtps_cpp.dir/rosidl_typesupport_fastrtps_cpp/rmctrl_msgs/msg/detail/dds_fastrtps/chassis__type_support.cpp.o[0m
[ 32%] [32mBuilding CXX object CMakeFiles/rmctrl_msgs__rosidl_typesupport_fastrtps_cpp.dir/rosidl_typesupport_fastrtps_cpp/rmctrl_msgs/msg/detail/dds_fastrtps/gimbal__type_support.cpp.o[0m
[ 34%] [32mBuilding CXX object CMakeFiles/rmctrl_msgs__rosidl_typesupport_fastrtps_cpp.dir/rosidl_typesupport_fastrtps_cpp/rmctrl_msgs/msg/detail/dds_fastrtps/odom__type_support.cpp.o[0m
[ 36%] [32mBuilding CXX object CMakeFiles/rmctrl_msgs__rosidl_typesupport_fastrtps_cpp.dir/rosidl_typesupport_fastrtps_cpp/rmctrl_msgs/msg/detail/dds_fastrtps/shooter__type_support.cpp.o[0m
[35m[1mScanning dependencies of target rmctrl_msgs__rosidl_typesupport_introspection_cpp[0m
[ 38%] [32mBuilding CXX object CMakeFiles/rmctrl_msgs__rosidl_typesupport_introspection_cpp.dir/rosidl_typesupport_introspection_cpp/rmctrl_msgs/msg/detail/odom__type_support.cpp.o[0m
[ 40%] [32mBuilding CXX object CMakeFiles/rmctrl_msgs__rosidl_typesupport_introspection_cpp.dir/rosidl_typesupport_introspection_cpp/rmctrl_msgs/msg/detail/gimbal__type_support.cpp.o[0m
[ 41%] [32mBuilding CXX object CMakeFiles/rmctrl_msgs__rosidl_typesupport_introspection_cpp.dir/rosidl_typesupport_introspection_cpp/rmctrl_msgs/msg/detail/chassis__type_support.cpp.o[0m
[ 43%] [32mBuilding CXX object CMakeFiles/rmctrl_msgs__rosidl_typesupport_introspection_cpp.dir/rosidl_typesupport_introspection_cpp/rmctrl_msgs/msg/detail/shooter__type_support.cpp.o[0m
[ 45%] [32m[1mLinking CXX shared library librmctrl_msgs__rosidl_typesupport_cpp.so[0m
[35m[1mScanning dependencies of target rmctrl_msgs__rosidl_typesupport_introspection_c[0m
[ 45%] Built target rmctrl_msgs__rosidl_typesupport_cpp
[ 47%] [32mBuilding C object CMakeFiles/rmctrl_msgs__rosidl_typesupport_introspection_c.dir/rosidl_typesupport_introspection_c/rmctrl_msgs/msg/detail/chassis__type_support.c.o[0m
[ 49%] [32mBuilding C object CMakeFiles/rmctrl_msgs__rosidl_typesupport_introspection_c.dir/rosidl_typesupport_introspection_c/rmctrl_msgs/msg/detail/gimbal__type_support.c.o[0m
[ 50%] [32mBuilding C object CMakeFiles/rmctrl_msgs__rosidl_typesupport_introspection_c.dir/rosidl_typesupport_introspection_c/rmctrl_msgs/msg/detail/odom__type_support.c.o[0m
[ 52%] [32mBuilding C object CMakeFiles/rmctrl_msgs__rosidl_typesupport_introspection_c.dir/rosidl_typesupport_introspection_c/rmctrl_msgs/msg/detail/shooter__type_support.c.o[0m
[ 54%] [32m[1mLinking C shared library librmctrl_msgs__rosidl_typesupport_introspection_c.so[0m
[35m[1mScanning dependencies of target rmctrl_msgs__rosidl_typesupport_c[0m
[ 54%] Built target rmctrl_msgs__rosidl_typesupport_introspection_c
[ 56%] [32mBuilding CXX object CMakeFiles/rmctrl_msgs__rosidl_typesupport_c.dir/rosidl_typesupport_c/rmctrl_msgs/msg/chassis__type_support.cpp.o[0m
[ 58%] [32mBuilding CXX object CMakeFiles/rmctrl_msgs__rosidl_typesupport_c.dir/rosidl_typesupport_c/rmctrl_msgs/msg/odom__type_support.cpp.o[0m
[ 60%] [32mBuilding CXX object CMakeFiles/rmctrl_msgs__rosidl_typesupport_c.dir/rosidl_typesupport_c/rmctrl_msgs/msg/gimbal__type_support.cpp.o[0m
[ 61%] [32mBuilding CXX object CMakeFiles/rmctrl_msgs__rosidl_typesupport_c.dir/rosidl_typesupport_c/rmctrl_msgs/msg/shooter__type_support.cpp.o[0m
[ 63%] [32m[1mLinking CXX shared library librmctrl_msgs__rosidl_typesupport_c.so[0m
[ 63%] Built target rmctrl_msgs__rosidl_typesupport_c
[ 65%] [32m[1mLinking CXX shared library librmctrl_msgs__rosidl_typesupport_introspection_cpp.so[0m
[ 65%] Built target rmctrl_msgs__rosidl_typesupport_introspection_cpp
[ 67%] [32m[1mLinking CXX shared library librmctrl_msgs__rosidl_typesupport_fastrtps_cpp.so[0m
[ 67%] Built target rmctrl_msgs__rosidl_typesupport_fastrtps_cpp
[ 69%] [34m[1mGenerating C type support for eProsima Fast-RTPS[0m
[35m[1mScanning dependencies of target rmctrl_msgs__rosidl_typesupport_fastrtps_c[0m
[ 70%] [32mBuilding CXX object CMakeFiles/rmctrl_msgs__rosidl_typesupport_fastrtps_c.dir/rosidl_typesupport_fastrtps_c/rmctrl_msgs/msg/detail/chassis__type_support_c.cpp.o[0m
[ 72%] [32mBuilding CXX object CMakeFiles/rmctrl_msgs__rosidl_typesupport_fastrtps_c.dir/rosidl_typesupport_fastrtps_c/rmctrl_msgs/msg/detail/gimbal__type_support_c.cpp.o[0m
[ 74%] [32mBuilding CXX object CMakeFiles/rmctrl_msgs__rosidl_typesupport_fastrtps_c.dir/rosidl_typesupport_fastrtps_c/rmctrl_msgs/msg/detail/odom__type_support_c.cpp.o[0m
[ 76%] [32mBuilding CXX object CMakeFiles/rmctrl_msgs__rosidl_typesupport_fastrtps_c.dir/rosidl_typesupport_fastrtps_c/rmctrl_msgs/msg/detail/shooter__type_support_c.cpp.o[0m
[ 78%] [32m[1mLinking CXX shared library librmctrl_msgs__rosidl_typesupport_fastrtps_c.so[0m
[ 78%] Built target rmctrl_msgs__rosidl_typesupport_fastrtps_c
[35m[1mScanning dependencies of target rmctrl_msgs[0m
[ 78%] Built target rmctrl_msgs
[35m[1mScanning dependencies of target rmctrl_msgs__py[0m
[ 80%] [34m[1mGenerating Python code for ROS interfaces[0m
[ 80%] Built target rmctrl_msgs__py
[35m[1mScanning dependencies of target rmctrl_msgs__python[0m
[ 81%] [32mBuilding C object CMakeFiles/rmctrl_msgs__python.dir/rosidl_generator_py/rmctrl_msgs/msg/_chassis_s.c.o[0m
[ 83%] [32mBuilding C object CMakeFiles/rmctrl_msgs__python.dir/rosidl_generator_py/rmctrl_msgs/msg/_gimbal_s.c.o[0m
[ 85%] [32mBuilding C object CMakeFiles/rmctrl_msgs__python.dir/rosidl_generator_py/rmctrl_msgs/msg/_shooter_s.c.o[0m
[ 87%] [32mBuilding C object CMakeFiles/rmctrl_msgs__python.dir/rosidl_generator_py/rmctrl_msgs/msg/_odom_s.c.o[0m
[ 89%] [32m[1mLinking C shared library rosidl_generator_py/rmctrl_msgs/librmctrl_msgs__python.so[0m
[ 89%] Built target rmctrl_msgs__python
[35m[1mScanning dependencies of target rmctrl_msgs__rosidl_typesupport_c__pyext[0m
[35m[1mScanning dependencies of target rmctrl_msgs__rosidl_typesupport_introspection_c__pyext[0m
[35m[1mScanning dependencies of target rmctrl_msgs__rosidl_typesupport_fastrtps_c__pyext[0m
[ 90%] [32mBuilding C object CMakeFiles/rmctrl_msgs__rosidl_typesupport_c__pyext.dir/rosidl_generator_py/rmctrl_msgs/_rmctrl_msgs_s.ep.rosidl_typesupport_c.c.o[0m
[ 92%] [32mBuilding C object CMakeFiles/rmctrl_msgs__rosidl_typesupport_fastrtps_c__pyext.dir/rosidl_generator_py/rmctrl_msgs/_rmctrl_msgs_s.ep.rosidl_typesupport_fastrtps_c.c.o[0m
[ 94%] [32mBuilding C object CMakeFiles/rmctrl_msgs__rosidl_typesupport_introspection_c__pyext.dir/rosidl_generator_py/rmctrl_msgs/_rmctrl_msgs_s.ep.rosidl_typesupport_introspection_c.c.o[0m
[ 96%] [32m[1mLinking C shared library rosidl_generator_py/rmctrl_msgs/rmctrl_msgs_s__rosidl_typesupport_introspection_c.cpython-38-x86_64-linux-gnu.so[0m
[ 98%] [32m[1mLinking C shared library rosidl_generator_py/rmctrl_msgs/rmctrl_msgs_s__rosidl_typesupport_c.cpython-38-x86_64-linux-gnu.so[0m
[100%] [32m[1mLinking CXX shared library rosidl_generator_py/rmctrl_msgs/rmctrl_msgs_s__rosidl_typesupport_fastrtps_c.cpython-38-x86_64-linux-gnu.so[0m
[100%] Built target rmctrl_msgs__rosidl_typesupport_introspection_c__pyext
[100%] Built target rmctrl_msgs__rosidl_typesupport_c__pyext
[100%] Built target rmctrl_msgs__rosidl_typesupport_fastrtps_c__pyext
-- Install configuration: ""
-- Installing: /home/robomaster/zxzzb/src/install/rmctrl_msgs/share/ament_index/resource_index/rosidl_interfaces/rmctrl_msgs
-- Installing: /home/robomaster/zxzzb/src/install/rmctrl_msgs/include/rmctrl_msgs
-- Installing: /home/robomaster/zxzzb/src/install/rmctrl_msgs/include/rmctrl_msgs/msg
-- Installing: /home/robomaster/zxzzb/src/install/rmctrl_msgs/include/rmctrl_msgs/msg/odom.h
-- Installing: /home/robomaster/zxzzb/src/install/rmctrl_msgs/include/rmctrl_msgs/msg/chassis.h
-- Installing: /home/robomaster/zxzzb/src/install/rmctrl_msgs/include/rmctrl_msgs/msg/shooter.h
-- Installing: /home/robomaster/zxzzb/src/install/rmctrl_msgs/include/rmctrl_msgs/msg/gimbal.h
-- Installing: /home/robomaster/zxzzb/src/install/rmctrl_msgs/include/rmctrl_msgs/msg/detail
-- Installing: /home/robomaster/zxzzb/src/install/rmctrl_msgs/include/rmctrl_msgs/msg/detail/chassis__struct.h
-- Installing: /home/robomaster/zxzzb/src/install/rmctrl_msgs/include/rmctrl_msgs/msg/detail/shooter__struct.h
-- Installing: /home/robomaster/zxzzb/src/install/rmctrl_msgs/include/rmctrl_msgs/msg/detail/shooter__type_support.h
-- Installing: /home/robomaster/zxzzb/src/install/rmctrl_msgs/include/rmctrl_msgs/msg/detail/shooter__functions.h
-- Installing: /home/robomaster/zxzzb/src/install/rmctrl_msgs/include/rmctrl_msgs/msg/detail/odom__struct.h
-- Installing: /home/robomaster/zxzzb/src/install/rmctrl_msgs/include/rmctrl_msgs/msg/detail/gimbal__functions.h
-- Installing: /home/robomaster/zxzzb/src/install/rmctrl_msgs/include/rmctrl_msgs/msg/detail/chassis__functions.c
-- Installing: /home/robomaster/zxzzb/src/install/rmctrl_msgs/include/rmctrl_msgs/msg/detail/chassis__functions.h
-- Installing: /home/robomaster/zxzzb/src/install/rmctrl_msgs/include/rmctrl_msgs/msg/detail/odom__functions.c
-- Installing: /home/robomaster/zxzzb/src/install/rmctrl_msgs/include/rmctrl_msgs/msg/detail/odom__functions.h
-- Installing: /home/robomaster/zxzzb/src/install/rmctrl_msgs/include/rmctrl_msgs/msg/detail/gimbal__type_support.h
-- Installing: /home/robomaster/zxzzb/src/install/rmctrl_msgs/include/rmctrl_msgs/msg/detail/chassis__type_support.h
-- Installing: /home/robomaster/zxzzb/src/install/rmctrl_msgs/include/rmctrl_msgs/msg/detail/odom__type_support.h
-- Installing: /home/robomaster/zxzzb/src/install/rmctrl_msgs/include/rmctrl_msgs/msg/detail/gimbal__functions.c
-- Installing: /home/robomaster/zxzzb/src/install/rmctrl_msgs/include/rmctrl_msgs/msg/detail/shooter__functions.c
-- Installing: /home/robomaster/zxzzb/src/install/rmctrl_msgs/include/rmctrl_msgs/msg/detail/gimbal__struct.h
-- Installing: /home/robomaster/zxzzb/src/install/rmctrl_msgs/include/rmctrl_msgs/msg/rosidl_generator_c__visibility_control.h
-- Installing: /home/robomaster/zxzzb/src/install/rmctrl_msgs/share/rmctrl_msgs/environment/library_path.sh
-- Installing: /home/robomaster/zxzzb/src/install/rmctrl_msgs/share/rmctrl_msgs/environment/library_path.dsv
-- Installing: /home/robomaster/zxzzb/src/install/rmctrl_msgs/lib/librmctrl_msgs__rosidl_generator_c.so
-- Set runtime path of "/home/robomaster/zxzzb/src/install/rmctrl_msgs/lib/librmctrl_msgs__rosidl_generator_c.so" to ""
-- Up-to-date: /home/robomaster/zxzzb/src/install/rmctrl_msgs/include/rmctrl_msgs
-- Up-to-date: /home/robomaster/zxzzb/src/install/rmctrl_msgs/include/rmctrl_msgs/msg
-- Installing: /home/robomaster/zxzzb/src/install/rmctrl_msgs/include/rmctrl_msgs/msg/rosidl_typesupport_fastrtps_c__visibility_control.h
-- Up-to-date: /home/robomaster/zxzzb/src/install/rmctrl_msgs/include/rmctrl_msgs/msg/detail
-- Installing: /home/robomaster/zxzzb/src/install/rmctrl_msgs/include/rmctrl_msgs/msg/detail/shooter__rosidl_typesupport_fastrtps_c.h
-- Installing: /home/robomaster/zxzzb/src/install/rmctrl_msgs/include/rmctrl_msgs/msg/detail/odom__rosidl_typesupport_fastrtps_c.h
-- Installing: /home/robomaster/zxzzb/src/install/rmctrl_msgs/include/rmctrl_msgs/msg/detail/chassis__rosidl_typesupport_fastrtps_c.h
-- Installing: /home/robomaster/zxzzb/src/install/rmctrl_msgs/include/rmctrl_msgs/msg/detail/gimbal__rosidl_typesupport_fastrtps_c.h
-- Installing: /home/robomaster/zxzzb/src/install/rmctrl_msgs/lib/librmctrl_msgs__rosidl_typesupport_fastrtps_c.so
-- Set runtime path of "/home/robomaster/zxzzb/src/install/rmctrl_msgs/lib/librmctrl_msgs__rosidl_typesupport_fastrtps_c.so" to ""
-- Up-to-date: /home/robomaster/zxzzb/src/install/rmctrl_msgs/include/rmctrl_msgs
-- Up-to-date: /home/robomaster/zxzzb/src/install/rmctrl_msgs/include/rmctrl_msgs/msg
-- Installing: /home/robomaster/zxzzb/src/install/rmctrl_msgs/include/rmctrl_msgs/msg/rosidl_typesupport_fastrtps_cpp__visibility_control.h
-- Up-to-date: /home/robomaster/zxzzb/src/install/rmctrl_msgs/include/rmctrl_msgs/msg/detail
-- Installing: /home/robomaster/zxzzb/src/install/rmctrl_msgs/include/rmctrl_msgs/msg/detail/odom__rosidl_typesupport_fastrtps_cpp.hpp
-- Installing: /home/robomaster/zxzzb/src/install/rmctrl_msgs/include/rmctrl_msgs/msg/detail/chassis__rosidl_typesupport_fastrtps_cpp.hpp
-- Installing: /home/robomaster/zxzzb/src/install/rmctrl_msgs/include/rmctrl_msgs/msg/detail/dds_fastrtps
-- Installing: /home/robomaster/zxzzb/src/install/rmctrl_msgs/include/rmctrl_msgs/msg/detail/gimbal__rosidl_typesupport_fastrtps_cpp.hpp
-- Installing: /home/robomaster/zxzzb/src/install/rmctrl_msgs/include/rmctrl_msgs/msg/detail/shooter__rosidl_typesupport_fastrtps_cpp.hpp
-- Installing: /home/robomaster/zxzzb/src/install/rmctrl_msgs/lib/librmctrl_msgs__rosidl_typesupport_fastrtps_cpp.so
-- Set runtime path of "/home/robomaster/zxzzb/src/install/rmctrl_msgs/lib/librmctrl_msgs__rosidl_typesupport_fastrtps_cpp.so" to ""
-- Up-to-date: /home/robomaster/zxzzb/src/install/rmctrl_msgs/include/rmctrl_msgs
-- Up-to-date: /home/robomaster/zxzzb/src/install/rmctrl_msgs/include/rmctrl_msgs/msg
-- Up-to-date: /home/robomaster/zxzzb/src/install/rmctrl_msgs/include/rmctrl_msgs/msg/detail
-- Installing: /home/robomaster/zxzzb/src/install/rmctrl_msgs/include/rmctrl_msgs/msg/detail/gimbal__type_support.c
-- Installing: /home/robomaster/zxzzb/src/install/rmctrl_msgs/include/rmctrl_msgs/msg/detail/odom__type_support.c
-- Installing: /home/robomaster/zxzzb/src/install/rmctrl_msgs/include/rmctrl_msgs/msg/detail/shooter__type_support.c
-- Installing: /home/robomaster/zxzzb/src/install/rmctrl_msgs/include/rmctrl_msgs/msg/detail/chassis__rosidl_typesupport_introspection_c.h
-- Installing: /home/robomaster/zxzzb/src/install/rmctrl_msgs/include/rmctrl_msgs/msg/detail/odom__rosidl_typesupport_introspection_c.h
-- Installing: /home/robomaster/zxzzb/src/install/rmctrl_msgs/include/rmctrl_msgs/msg/detail/gimbal__rosidl_typesupport_introspection_c.h
-- Installing: /home/robomaster/zxzzb/src/install/rmctrl_msgs/include/rmctrl_msgs/msg/detail/chassis__type_support.c
-- Installing: /home/robomaster/zxzzb/src/install/rmctrl_msgs/include/rmctrl_msgs/msg/detail/shooter__rosidl_typesupport_introspection_c.h
-- Installing: /home/robomaster/zxzzb/src/install/rmctrl_msgs/include/rmctrl_msgs/msg/rosidl_typesupport_introspection_c__visibility_control.h
-- Installing: /home/robomaster/zxzzb/src/install/rmctrl_msgs/lib/librmctrl_msgs__rosidl_typesupport_introspection_c.so
-- Set runtime path of "/home/robomaster/zxzzb/src/install/rmctrl_msgs/lib/librmctrl_msgs__rosidl_typesupport_introspection_c.so" to ""
-- Installing: /home/robomaster/zxzzb/src/install/rmctrl_msgs/lib/librmctrl_msgs__rosidl_typesupport_c.so
-- Set runtime path of "/home/robomaster/zxzzb/src/install/rmctrl_msgs/lib/librmctrl_msgs__rosidl_typesupport_c.so" to ""
-- Up-to-date: /home/robomaster/zxzzb/src/install/rmctrl_msgs/include/rmctrl_msgs
-- Up-to-date: /home/robomaster/zxzzb/src/install/rmctrl_msgs/include/rmctrl_msgs/msg
-- Installing: /home/robomaster/zxzzb/src/install/rmctrl_msgs/include/rmctrl_msgs/msg/shooter.hpp
-- Installing: /home/robomaster/zxzzb/src/install/rmctrl_msgs/include/rmctrl_msgs/msg/chassis.hpp
-- Up-to-date: /home/robomaster/zxzzb/src/install/rmctrl_msgs/include/rmctrl_msgs/msg/detail
-- Installing: /home/robomaster/zxzzb/src/install/rmctrl_msgs/include/rmctrl_msgs/msg/detail/gimbal__struct.hpp
-- Installing: /home/robomaster/zxzzb/src/install/rmctrl_msgs/include/rmctrl_msgs/msg/detail/shooter__traits.hpp
-- Installing: /home/robomaster/zxzzb/src/install/rmctrl_msgs/include/rmctrl_msgs/msg/detail/gimbal__traits.hpp
-- Installing: /home/robomaster/zxzzb/src/install/rmctrl_msgs/include/rmctrl_msgs/msg/detail/odom__builder.hpp
-- Installing: /home/robomaster/zxzzb/src/install/rmctrl_msgs/include/rmctrl_msgs/msg/detail/odom__struct.hpp
-- Installing: /home/robomaster/zxzzb/src/install/rmctrl_msgs/include/rmctrl_msgs/msg/detail/chassis__traits.hpp
-- Installing: /home/robomaster/zxzzb/src/install/rmctrl_msgs/include/rmctrl_msgs/msg/detail/chassis__struct.hpp
-- Installing: /home/robomaster/zxzzb/src/install/rmctrl_msgs/include/rmctrl_msgs/msg/detail/chassis__builder.hpp
-- Installing: /home/robomaster/zxzzb/src/install/rmctrl_msgs/include/rmctrl_msgs/msg/detail/gimbal__builder.hpp
-- Installing: /home/robomaster/zxzzb/src/install/rmctrl_msgs/include/rmctrl_msgs/msg/detail/shooter__builder.hpp
-- Installing: /home/robomaster/zxzzb/src/install/rmctrl_msgs/include/rmctrl_msgs/msg/detail/shooter__struct.hpp
-- Installing: /home/robomaster/zxzzb/src/install/rmctrl_msgs/include/rmctrl_msgs/msg/detail/odom__traits.hpp
-- Installing: /home/robomaster/zxzzb/src/install/rmctrl_msgs/include/rmctrl_msgs/msg/odom.hpp
-- Installing: /home/robomaster/zxzzb/src/install/rmctrl_msgs/include/rmctrl_msgs/msg/gimbal.hpp
-- Up-to-date: /home/robomaster/zxzzb/src/install/rmctrl_msgs/include/rmctrl_msgs
-- Up-to-date: /home/robomaster/zxzzb/src/install/rmctrl_msgs/include/rmctrl_msgs/msg
-- Up-to-date: /home/robomaster/zxzzb/src/install/rmctrl_msgs/include/rmctrl_msgs/msg/detail
-- Installing: /home/robomaster/zxzzb/src/install/rmctrl_msgs/include/rmctrl_msgs/msg/detail/chassis__rosidl_typesupport_introspection_cpp.hpp
-- Installing: /home/robomaster/zxzzb/src/install/rmctrl_msgs/include/rmctrl_msgs/msg/detail/odom__type_support.cpp
-- Installing: /home/robomaster/zxzzb/src/install/rmctrl_msgs/include/rmctrl_msgs/msg/detail/odom__rosidl_typesupport_introspection_cpp.hpp
-- Installing: /home/robomaster/zxzzb/src/install/rmctrl_msgs/include/rmctrl_msgs/msg/detail/shooter__type_support.cpp
-- Installing: /home/robomaster/zxzzb/src/install/rmctrl_msgs/include/rmctrl_msgs/msg/detail/gimbal__type_support.cpp
-- Installing: /home/robomaster/zxzzb/src/install/rmctrl_msgs/include/rmctrl_msgs/msg/detail/chassis__type_support.cpp
-- Installing: /home/robomaster/zxzzb/src/install/rmctrl_msgs/include/rmctrl_msgs/msg/detail/gimbal__rosidl_typesupport_introspection_cpp.hpp
-- Installing: /home/robomaster/zxzzb/src/install/rmctrl_msgs/include/rmctrl_msgs/msg/detail/shooter__rosidl_typesupport_introspection_cpp.hpp
-- Installing: /home/robomaster/zxzzb/src/install/rmctrl_msgs/lib/librmctrl_msgs__rosidl_typesupport_introspection_cpp.so
-- Set runtime path of "/home/robomaster/zxzzb/src/install/rmctrl_msgs/lib/librmctrl_msgs__rosidl_typesupport_introspection_cpp.so" to ""
-- Installing: /home/robomaster/zxzzb/src/install/rmctrl_msgs/lib/librmctrl_msgs__rosidl_typesupport_cpp.so
-- Set runtime path of "/home/robomaster/zxzzb/src/install/rmctrl_msgs/lib/librmctrl_msgs__rosidl_typesupport_cpp.so" to ""
-- Installing: /home/robomaster/zxzzb/src/install/rmctrl_msgs/share/rmctrl_msgs/environment/pythonpath.sh
-- Installing: /home/robomaster/zxzzb/src/install/rmctrl_msgs/share/rmctrl_msgs/environment/pythonpath.dsv
-- Installing: /home/robomaster/zxzzb/src/install/rmctrl_msgs/lib/python3.8/site-packages/rmctrl_msgs/__init__.py
Compiling '/home/robomaster/zxzzb/src/install/rmctrl_msgs/lib/python3.8/site-packages/rmctrl_msgs/__init__.py'...
-- Installing: /home/robomaster/zxzzb/src/install/rmctrl_msgs/lib/python3.8/site-packages/rmctrl_msgs/msg
-- Installing: /home/robomaster/zxzzb/src/install/rmctrl_msgs/lib/python3.8/site-packages/rmctrl_msgs/msg/_shooter.py
-- Installing: /home/robomaster/zxzzb/src/install/rmctrl_msgs/lib/python3.8/site-packages/rmctrl_msgs/msg/_odom_s.c
-- Installing: /home/robomaster/zxzzb/src/install/rmctrl_msgs/lib/python3.8/site-packages/rmctrl_msgs/msg/_chassis.py
-- Installing: /home/robomaster/zxzzb/src/install/rmctrl_msgs/lib/python3.8/site-packages/rmctrl_msgs/msg/__init__.py
-- Installing: /home/robomaster/zxzzb/src/install/rmctrl_msgs/lib/python3.8/site-packages/rmctrl_msgs/msg/_gimbal_s.c
-- Installing: /home/robomaster/zxzzb/src/install/rmctrl_msgs/lib/python3.8/site-packages/rmctrl_msgs/msg/_odom.py
-- Installing: /home/robomaster/zxzzb/src/install/rmctrl_msgs/lib/python3.8/site-packages/rmctrl_msgs/msg/_chassis_s.c
-- Installing: /home/robomaster/zxzzb/src/install/rmctrl_msgs/lib/python3.8/site-packages/rmctrl_msgs/msg/_shooter_s.c
-- Installing: /home/robomaster/zxzzb/src/install/rmctrl_msgs/lib/python3.8/site-packages/rmctrl_msgs/msg/_gimbal.py
-- Installing: /home/robomaster/zxzzb/src/install/rmctrl_msgs/lib/python3.8/site-packages/rmctrl_msgs/rmctrl_msgs_s__rosidl_typesupport_fastrtps_c.cpython-38-x86_64-linux-gnu.so
-- Set runtime path of "/home/robomaster/zxzzb/src/install/rmctrl_msgs/lib/python3.8/site-packages/rmctrl_msgs/rmctrl_msgs_s__rosidl_typesupport_fastrtps_c.cpython-38-x86_64-linux-gnu.so" to ""
-- Installing: /home/robomaster/zxzzb/src/install/rmctrl_msgs/lib/python3.8/site-packages/rmctrl_msgs/rmctrl_msgs_s__rosidl_typesupport_introspection_c.cpython-38-x86_64-linux-gnu.so
-- Set runtime path of "/home/robomaster/zxzzb/src/install/rmctrl_msgs/lib/python3.8/site-packages/rmctrl_msgs/rmctrl_msgs_s__rosidl_typesupport_introspection_c.cpython-38-x86_64-linux-gnu.so" to ""
-- Installing: /home/robomaster/zxzzb/src/install/rmctrl_msgs/lib/python3.8/site-packages/rmctrl_msgs/rmctrl_msgs_s__rosidl_typesupport_c.cpython-38-x86_64-linux-gnu.so
-- Set runtime path of "/home/robomaster/zxzzb/src/install/rmctrl_msgs/lib/python3.8/site-packages/rmctrl_msgs/rmctrl_msgs_s__rosidl_typesupport_c.cpython-38-x86_64-linux-gnu.so" to ""
-- Installing: /home/robomaster/zxzzb/src/install/rmctrl_msgs/lib/librmctrl_msgs__python.so
-- Set runtime path of "/home/robomaster/zxzzb/src/install/rmctrl_msgs/lib/librmctrl_msgs__python.so" to ""
-- Installing: /home/robomaster/zxzzb/src/install/rmctrl_msgs/share/rmctrl_msgs/msg/Chassis.idl
-- Installing: /home/robomaster/zxzzb/src/install/rmctrl_msgs/share/rmctrl_msgs/msg/Gimbal.idl
-- Installing: /home/robomaster/zxzzb/src/install/rmctrl_msgs/share/rmctrl_msgs/msg/Odom.idl
-- Installing: /home/robomaster/zxzzb/src/install/rmctrl_msgs/share/rmctrl_msgs/msg/Shooter.idl
-- Installing: /home/robomaster/zxzzb/src/install/rmctrl_msgs/share/rmctrl_msgs/msg/Chassis.msg
-- Installing: /home/robomaster/zxzzb/src/install/rmctrl_msgs/share/rmctrl_msgs/msg/Gimbal.msg
-- Installing: /home/robomaster/zxzzb/src/install/rmctrl_msgs/share/rmctrl_msgs/msg/Odom.msg
-- Installing: /home/robomaster/zxzzb/src/install/rmctrl_msgs/share/rmctrl_msgs/msg/Shooter.msg
-- Installing: /home/robomaster/zxzzb/src/install/rmctrl_msgs/share/ament_index/resource_index/package_run_dependencies/rmctrl_msgs
-- Installing: /home/robomaster/zxzzb/src/install/rmctrl_msgs/share/ament_index/resource_index/parent_prefix_path/rmctrl_msgs
-- Installing: /home/robomaster/zxzzb/src/install/rmctrl_msgs/share/rmctrl_msgs/environment/ament_prefix_path.sh
-- Installing: /home/robomaster/zxzzb/src/install/rmctrl_msgs/share/rmctrl_msgs/environment/ament_prefix_path.dsv
-- Installing: /home/robomaster/zxzzb/src/install/rmctrl_msgs/share/rmctrl_msgs/environment/path.sh
-- Installing: /home/robomaster/zxzzb/src/install/rmctrl_msgs/share/rmctrl_msgs/environment/path.dsv
-- Installing: /home/robomaster/zxzzb/src/install/rmctrl_msgs/share/rmctrl_msgs/local_setup.bash
-- Installing: /home/robomaster/zxzzb/src/install/rmctrl_msgs/share/rmctrl_msgs/local_setup.sh
-- Installing: /home/robomaster/zxzzb/src/install/rmctrl_msgs/share/rmctrl_msgs/local_setup.zsh
-- Installing: /home/robomaster/zxzzb/src/install/rmctrl_msgs/share/rmctrl_msgs/local_setup.dsv
-- Installing: /home/robomaster/zxzzb/src/install/rmctrl_msgs/share/rmctrl_msgs/package.dsv
-- Installing: /home/robomaster/zxzzb/src/install/rmctrl_msgs/share/ament_index/resource_index/packages/rmctrl_msgs
-- Installing: /home/robomaster/zxzzb/src/install/rmctrl_msgs/share/rmctrl_msgs/cmake/rmctrl_msgs__rosidl_generator_cExport.cmake
-- Installing: /home/robomaster/zxzzb/src/install/rmctrl_msgs/share/rmctrl_msgs/cmake/rmctrl_msgs__rosidl_generator_cExport-noconfig.cmake
-- Installing: /home/robomaster/zxzzb/src/install/rmctrl_msgs/share/rmctrl_msgs/cmake/rmctrl_msgs__rosidl_typesupport_introspection_cExport.cmake
-- Installing: /home/robomaster/zxzzb/src/install/rmctrl_msgs/share/rmctrl_msgs/cmake/rmctrl_msgs__rosidl_typesupport_introspection_cExport-noconfig.cmake
-- Installing: /home/robomaster/zxzzb/src/install/rmctrl_msgs/share/rmctrl_msgs/cmake/rmctrl_msgs__rosidl_typesupport_cExport.cmake
-- Installing: /home/robomaster/zxzzb/src/install/rmctrl_msgs/share/rmctrl_msgs/cmake/rmctrl_msgs__rosidl_typesupport_cExport-noconfig.cmake
-- Installing: /home/robomaster/zxzzb/src/install/rmctrl_msgs/share/rmctrl_msgs/cmake/rmctrl_msgs__rosidl_generator_cppExport.cmake
-- Installing: /home/robomaster/zxzzb/src/install/rmctrl_msgs/share/rmctrl_msgs/cmake/rmctrl_msgs__rosidl_typesupport_introspection_cppExport.cmake
-- Installing: /home/robomaster/zxzzb/src/install/rmctrl_msgs/share/rmctrl_msgs/cmake/rmctrl_msgs__rosidl_typesupport_introspection_cppExport-noconfig.cmake
-- Installing: /home/robomaster/zxzzb/src/install/rmctrl_msgs/share/rmctrl_msgs/cmake/rmctrl_msgs__rosidl_typesupport_cppExport.cmake
-- Installing: /home/robomaster/zxzzb/src/install/rmctrl_msgs/share/rmctrl_msgs/cmake/rmctrl_msgs__rosidl_typesupport_cppExport-noconfig.cmake
-- Installing: /home/robomaster/zxzzb/src/install/rmctrl_msgs/share/rmctrl_msgs/cmake/rosidl_cmake-extras.cmake
-- Installing: /home/robomaster/zxzzb/src/install/rmctrl_msgs/share/rmctrl_msgs/cmake/ament_cmake_export_dependencies-extras.cmake
-- Installing: /home/robomaster/zxzzb/src/install/rmctrl_msgs/share/rmctrl_msgs/cmake/ament_cmake_export_libraries-extras.cmake
-- Installing: /home/robomaster/zxzzb/src/install/rmctrl_msgs/share/rmctrl_msgs/cmake/ament_cmake_export_targets-extras.cmake
-- Installing: /home/robomaster/zxzzb/src/install/rmctrl_msgs/share/rmctrl_msgs/cmake/ament_cmake_export_include_directories-extras.cmake
-- Installing: /home/robomaster/zxzzb/src/install/rmctrl_msgs/share/rmctrl_msgs/cmake/rosidl_cmake_export_typesupport_libraries-extras.cmake
-- Installing: /home/robomaster/zxzzb/src/install/rmctrl_msgs/share/rmctrl_msgs/cmake/rosidl_cmake_export_typesupport_targets-extras.cmake
-- Installing: /home/robomaster/zxzzb/src/install/rmctrl_msgs/share/rmctrl_msgs/cmake/rmctrl_msgsConfig.cmake
-- Installing: /home/robomaster/zxzzb/src/install/rmctrl_msgs/share/rmctrl_msgs/cmake/rmctrl_msgsConfig-version.cmake
-- Installing: /home/robomaster/zxzzb/src/install/rmctrl_msgs/share/rmctrl_msgs/package.xml
