[0.047s] Invoking command in '/home/robomaster/zxzzb/src/build/rmctrl_msgs': CMAKE_PREFIX_PATH=/opt/ros/galactic /usr/bin/cmake /home/robomaster/zxzzb/src/bubble_interface/rmctrl_msgs -DCMAKE_INSTALL_PREFIX=/home/robomaster/zxzzb/src/install/rmctrl_msgs
[0.422s] -- The C compiler identification is GNU 9.4.0
[0.422s] -- The CXX compiler identification is GNU 9.4.0
[0.422s] -- Check for working C compiler: /usr/bin/cc
[0.422s] -- Check for working C compiler: /usr/bin/cc -- works
[0.423s] -- Detecting C compiler ABI info
[0.423s] -- Detecting C compiler ABI info - done
[0.423s] -- Detecting C compile features
[0.423s] -- Detecting C compile features - done
[0.423s] -- Check for working CXX compiler: /usr/bin/c++
[0.423s] -- Check for working CXX compiler: /usr/bin/c++ -- works
[0.423s] -- Detecting CXX compiler ABI info
[0.490s] -- Detecting CXX compiler ABI info - done
[0.503s] -- Detecting CXX compile features
[0.504s] -- Detecting CXX compile features - done
[0.512s] -- Found ament_cmake: 1.1.6 (/opt/ros/galactic/share/ament_cmake/cmake)
[0.551s] -- Found PythonInterp: /usr/bin/python3 (found suitable version "3.8.10", minimum required is "3") 
[0.551s] -- Using PYTHON_EXECUTABLE: /usr/bin/python3
[0.660s] -- Found builtin_interfaces: 1.0.3 (/opt/ros/galactic/share/builtin_interfaces/cmake)
[0.690s] -- Using all available rosidl_typesupport_c: rosidl_typesupport_fastrtps_c;rosidl_typesupport_introspection_c
[0.697s] -- Found rosidl_adapter: 2.2.3 (/opt/ros/galactic/share/rosidl_adapter/cmake)
[0.785s] -- Found OpenSSL: /usr/lib/x86_64-linux-gnu/libcrypto.so (found version "1.1.1f")  
[0.811s] -- Found FastRTPS: /opt/ros/galactic/include  
[0.910s] -- Using all available rosidl_typesupport_cpp: rosidl_typesupport_fastrtps_cpp;rosidl_typesupport_introspection_cpp
[0.946s] -- Found std_msgs: 2.2.4 (/opt/ros/galactic/share/std_msgs/cmake)
[0.969s] -- Found rosidl_default_generators: 1.1.1 (/opt/ros/galactic/share/rosidl_default_generators/cmake)
[1.008s] -- Found PythonInterp: /usr/bin/python3 (found version "3.8.10") 
[1.247s] -- Found ament_cmake_ros: 0.9.2 (/opt/ros/galactic/share/ament_cmake_ros/cmake)
[1.430s] -- Using all available rosidl_typesupport_c: rosidl_typesupport_fastrtps_c;rosidl_typesupport_introspection_c
[1.505s] -- Using all available rosidl_typesupport_cpp: rosidl_typesupport_fastrtps_cpp;rosidl_typesupport_introspection_cpp
[1.535s] -- Found PythonInterp: /usr/bin/python3 (found suitable version "3.8.10", minimum required is "3.5") 
[1.537s] -- Found python_cmake_module: 0.8.1 (/opt/ros/galactic/share/python_cmake_module/cmake)
[1.573s] -- Found PythonLibs: /usr/lib/x86_64-linux-gnu/libpython3.8.so (found suitable version "3.8.10", minimum required is "3.5") 
[1.573s] -- Using PYTHON_EXECUTABLE: /usr/bin/python3
[1.573s] -- Using PYTHON_INCLUDE_DIRS: /usr/include/python3.8
[1.573s] -- Using PYTHON_LIBRARIES: /usr/lib/x86_64-linux-gnu/libpython3.8.so
[1.591s] -- Found PythonExtra: .so  
[1.674s] -- Configuring done
[1.720s] -- Generating done
[1.738s] -- Build files have been written to: /home/robomaster/zxzzb/src/build/rmctrl_msgs
[1.748s] Invoked command in '/home/robomaster/zxzzb/src/build/rmctrl_msgs' returned '0': CMAKE_PREFIX_PATH=/opt/ros/galactic /usr/bin/cmake /home/robomaster/zxzzb/src/bubble_interface/rmctrl_msgs -DCMAKE_INSTALL_PREFIX=/home/robomaster/zxzzb/src/install/rmctrl_msgs
[1.749s] Invoking command in '/home/robomaster/zxzzb/src/build/rmctrl_msgs': CMAKE_PREFIX_PATH=/opt/ros/galactic /usr/bin/cmake --build /home/robomaster/zxzzb/src/build/rmctrl_msgs -- -j16 -l16
[1.794s] [35m[1mScanning dependencies of target rmctrl_msgs__cpp[0m
[1.794s] [  1%] [34m[1mGenerating C code for ROS interfaces[0m
[1.804s] [  3%] [34m[1mGenerating C++ code for ROS interfaces[0m
[2.901s] [  3%] Built target rmctrl_msgs__cpp
[2.973s] [  5%] [34m[1mGenerating C++ introspection for ROS interfaces[0m
[2.976s] [  7%] [34m[1mGenerating C++ type support dispatch for ROS interfaces[0m
[2.976s] [  9%] [34m[1mGenerating C++ type support for eProsima Fast-RTPS[0m
[3.001s] [35m[1mScanning dependencies of target rmctrl_msgs__rosidl_generator_c[0m
[3.062s] [ 10%] [32mBuilding C object CMakeFiles/rmctrl_msgs__rosidl_generator_c.dir/rosidl_generator_c/rmctrl_msgs/msg/detail/chassis__functions.c.o[0m
[3.090s] [ 14%] [32mBuilding C object CMakeFiles/rmctrl_msgs__rosidl_generator_c.dir/rosidl_generator_c/rmctrl_msgs/msg/detail/gimbal__functions.c.o[0m
[3.091s] [ 14%] [32mBuilding C object CMakeFiles/rmctrl_msgs__rosidl_generator_c.dir/rosidl_generator_c/rmctrl_msgs/msg/detail/odom__functions.c.o[0m
[3.126s] [ 16%] [32mBuilding C object CMakeFiles/rmctrl_msgs__rosidl_generator_c.dir/rosidl_generator_c/rmctrl_msgs/msg/detail/shooter__functions.c.o[0m
[3.278s] [ 18%] [32m[1mLinking C shared library librmctrl_msgs__rosidl_generator_c.so[0m
[3.485s] [ 18%] Built target rmctrl_msgs__rosidl_generator_c
[3.526s] [35m[1mScanning dependencies of target rmctrl_msgs__rosidl_typesupport_cpp[0m
[3.545s] [ 20%] [34m[1mGenerating C type support dispatch for ROS interfaces[0m
[3.567s] [ 21%] [34m[1mGenerating C introspection for ROS interfaces[0m
[3.609s] [ 23%] [32mBuilding CXX object CMakeFiles/rmctrl_msgs__rosidl_typesupport_cpp.dir/rosidl_typesupport_cpp/rmctrl_msgs/msg/odom__type_support.cpp.o[0m
[3.630s] [ 25%] [32mBuilding CXX object CMakeFiles/rmctrl_msgs__rosidl_typesupport_cpp.dir/rosidl_typesupport_cpp/rmctrl_msgs/msg/chassis__type_support.cpp.o[0m
[3.634s] [ 27%] [32mBuilding CXX object CMakeFiles/rmctrl_msgs__rosidl_typesupport_cpp.dir/rosidl_typesupport_cpp/rmctrl_msgs/msg/gimbal__type_support.cpp.o[0m
[3.636s] [ 29%] [32mBuilding CXX object CMakeFiles/rmctrl_msgs__rosidl_typesupport_cpp.dir/rosidl_typesupport_cpp/rmctrl_msgs/msg/shooter__type_support.cpp.o[0m
[3.867s] [35m[1mScanning dependencies of target rmctrl_msgs__rosidl_typesupport_fastrtps_cpp[0m
[3.913s] [ 30%] [32mBuilding CXX object CMakeFiles/rmctrl_msgs__rosidl_typesupport_fastrtps_cpp.dir/rosidl_typesupport_fastrtps_cpp/rmctrl_msgs/msg/detail/dds_fastrtps/chassis__type_support.cpp.o[0m
[3.956s] [ 32%] [32mBuilding CXX object CMakeFiles/rmctrl_msgs__rosidl_typesupport_fastrtps_cpp.dir/rosidl_typesupport_fastrtps_cpp/rmctrl_msgs/msg/detail/dds_fastrtps/gimbal__type_support.cpp.o[0m
[3.988s] [ 34%] [32mBuilding CXX object CMakeFiles/rmctrl_msgs__rosidl_typesupport_fastrtps_cpp.dir/rosidl_typesupport_fastrtps_cpp/rmctrl_msgs/msg/detail/dds_fastrtps/odom__type_support.cpp.o[0m
[4.000s] [ 36%] [32mBuilding CXX object CMakeFiles/rmctrl_msgs__rosidl_typesupport_fastrtps_cpp.dir/rosidl_typesupport_fastrtps_cpp/rmctrl_msgs/msg/detail/dds_fastrtps/shooter__type_support.cpp.o[0m
[4.147s] [35m[1mScanning dependencies of target rmctrl_msgs__rosidl_typesupport_introspection_cpp[0m
[4.220s] [ 38%] [32mBuilding CXX object CMakeFiles/rmctrl_msgs__rosidl_typesupport_introspection_cpp.dir/rosidl_typesupport_introspection_cpp/rmctrl_msgs/msg/detail/odom__type_support.cpp.o[0m
[4.244s] [ 40%] [32mBuilding CXX object CMakeFiles/rmctrl_msgs__rosidl_typesupport_introspection_cpp.dir/rosidl_typesupport_introspection_cpp/rmctrl_msgs/msg/detail/gimbal__type_support.cpp.o[0m
[4.285s] [ 41%] [32mBuilding CXX object CMakeFiles/rmctrl_msgs__rosidl_typesupport_introspection_cpp.dir/rosidl_typesupport_introspection_cpp/rmctrl_msgs/msg/detail/chassis__type_support.cpp.o[0m
[4.301s] [ 43%] [32mBuilding CXX object CMakeFiles/rmctrl_msgs__rosidl_typesupport_introspection_cpp.dir/rosidl_typesupport_introspection_cpp/rmctrl_msgs/msg/detail/shooter__type_support.cpp.o[0m
[4.396s] [ 45%] [32m[1mLinking CXX shared library librmctrl_msgs__rosidl_typesupport_cpp.so[0m
[4.477s] [35m[1mScanning dependencies of target rmctrl_msgs__rosidl_typesupport_introspection_c[0m
[4.532s] [ 45%] Built target rmctrl_msgs__rosidl_typesupport_cpp
[4.576s] [ 47%] [32mBuilding C object CMakeFiles/rmctrl_msgs__rosidl_typesupport_introspection_c.dir/rosidl_typesupport_introspection_c/rmctrl_msgs/msg/detail/chassis__type_support.c.o[0m
[4.612s] [ 49%] [32mBuilding C object CMakeFiles/rmctrl_msgs__rosidl_typesupport_introspection_c.dir/rosidl_typesupport_introspection_c/rmctrl_msgs/msg/detail/gimbal__type_support.c.o[0m
[4.633s] [ 50%] [32mBuilding C object CMakeFiles/rmctrl_msgs__rosidl_typesupport_introspection_c.dir/rosidl_typesupport_introspection_c/rmctrl_msgs/msg/detail/odom__type_support.c.o[0m
[4.635s] [ 52%] [32mBuilding C object CMakeFiles/rmctrl_msgs__rosidl_typesupport_introspection_c.dir/rosidl_typesupport_introspection_c/rmctrl_msgs/msg/detail/shooter__type_support.c.o[0m
[4.803s] [ 54%] [32m[1mLinking C shared library librmctrl_msgs__rosidl_typesupport_introspection_c.so[0m
[4.923s] [35m[1mScanning dependencies of target rmctrl_msgs__rosidl_typesupport_c[0m
[5.007s] [ 54%] Built target rmctrl_msgs__rosidl_typesupport_introspection_c
[5.014s] [ 56%] [32mBuilding CXX object CMakeFiles/rmctrl_msgs__rosidl_typesupport_c.dir/rosidl_typesupport_c/rmctrl_msgs/msg/chassis__type_support.cpp.o[0m
[5.036s] [ 58%] [32mBuilding CXX object CMakeFiles/rmctrl_msgs__rosidl_typesupport_c.dir/rosidl_typesupport_c/rmctrl_msgs/msg/odom__type_support.cpp.o[0m
[5.039s] [ 60%] [32mBuilding CXX object CMakeFiles/rmctrl_msgs__rosidl_typesupport_c.dir/rosidl_typesupport_c/rmctrl_msgs/msg/gimbal__type_support.cpp.o[0m
[5.086s] [ 61%] [32mBuilding CXX object CMakeFiles/rmctrl_msgs__rosidl_typesupport_c.dir/rosidl_typesupport_c/rmctrl_msgs/msg/shooter__type_support.cpp.o[0m
[5.232s] [ 63%] [32m[1mLinking CXX shared library librmctrl_msgs__rosidl_typesupport_c.so[0m
[5.406s] [ 63%] Built target rmctrl_msgs__rosidl_typesupport_c
[5.615s] [ 65%] [32m[1mLinking CXX shared library librmctrl_msgs__rosidl_typesupport_introspection_cpp.so[0m
[5.899s] [ 65%] Built target rmctrl_msgs__rosidl_typesupport_introspection_cpp
[5.960s] [ 67%] [32m[1mLinking CXX shared library librmctrl_msgs__rosidl_typesupport_fastrtps_cpp.so[0m
[6.229s] [ 67%] Built target rmctrl_msgs__rosidl_typesupport_fastrtps_cpp
[6.261s] [ 69%] [34m[1mGenerating C type support for eProsima Fast-RTPS[0m
[6.926s] [35m[1mScanning dependencies of target rmctrl_msgs__rosidl_typesupport_fastrtps_c[0m
[6.956s] [ 70%] [32mBuilding CXX object CMakeFiles/rmctrl_msgs__rosidl_typesupport_fastrtps_c.dir/rosidl_typesupport_fastrtps_c/rmctrl_msgs/msg/detail/chassis__type_support_c.cpp.o[0m
[6.959s] [ 72%] [32mBuilding CXX object CMakeFiles/rmctrl_msgs__rosidl_typesupport_fastrtps_c.dir/rosidl_typesupport_fastrtps_c/rmctrl_msgs/msg/detail/gimbal__type_support_c.cpp.o[0m
[6.966s] [ 74%] [32mBuilding CXX object CMakeFiles/rmctrl_msgs__rosidl_typesupport_fastrtps_c.dir/rosidl_typesupport_fastrtps_c/rmctrl_msgs/msg/detail/odom__type_support_c.cpp.o[0m
[6.980s] [ 76%] [32mBuilding CXX object CMakeFiles/rmctrl_msgs__rosidl_typesupport_fastrtps_c.dir/rosidl_typesupport_fastrtps_c/rmctrl_msgs/msg/detail/shooter__type_support_c.cpp.o[0m
[7.727s] [ 78%] [32m[1mLinking CXX shared library librmctrl_msgs__rosidl_typesupport_fastrtps_c.so[0m
[7.970s] [ 78%] Built target rmctrl_msgs__rosidl_typesupport_fastrtps_c
[8.007s] [35m[1mScanning dependencies of target rmctrl_msgs[0m
[8.088s] [ 78%] Built target rmctrl_msgs
[8.166s] [35m[1mScanning dependencies of target rmctrl_msgs__py[0m
[8.243s] [ 80%] [34m[1mGenerating Python code for ROS interfaces[0m
[9.905s] [ 80%] Built target rmctrl_msgs__py
[9.966s] [35m[1mScanning dependencies of target rmctrl_msgs__python[0m
[10.022s] [ 81%] [32mBuilding C object CMakeFiles/rmctrl_msgs__python.dir/rosidl_generator_py/rmctrl_msgs/msg/_chassis_s.c.o[0m
[10.037s] [ 83%] [32mBuilding C object CMakeFiles/rmctrl_msgs__python.dir/rosidl_generator_py/rmctrl_msgs/msg/_gimbal_s.c.o[0m
[10.061s] [ 85%] [32mBuilding C object CMakeFiles/rmctrl_msgs__python.dir/rosidl_generator_py/rmctrl_msgs/msg/_shooter_s.c.o[0m
[10.086s] [ 87%] [32mBuilding C object CMakeFiles/rmctrl_msgs__python.dir/rosidl_generator_py/rmctrl_msgs/msg/_odom_s.c.o[0m
[10.470s] [ 89%] [32m[1mLinking C shared library rosidl_generator_py/rmctrl_msgs/librmctrl_msgs__python.so[0m
[10.584s] [ 89%] Built target rmctrl_msgs__python
[10.617s] [35m[1mScanning dependencies of target rmctrl_msgs__rosidl_typesupport_c__pyext[0m
[10.641s] [35m[1mScanning dependencies of target rmctrl_msgs__rosidl_typesupport_introspection_c__pyext[0m
[10.654s] [35m[1mScanning dependencies of target rmctrl_msgs__rosidl_typesupport_fastrtps_c__pyext[0m
[10.671s] [ 90%] [32mBuilding C object CMakeFiles/rmctrl_msgs__rosidl_typesupport_c__pyext.dir/rosidl_generator_py/rmctrl_msgs/_rmctrl_msgs_s.ep.rosidl_typesupport_c.c.o[0m
[10.706s] [ 92%] [32mBuilding C object CMakeFiles/rmctrl_msgs__rosidl_typesupport_fastrtps_c__pyext.dir/rosidl_generator_py/rmctrl_msgs/_rmctrl_msgs_s.ep.rosidl_typesupport_fastrtps_c.c.o[0m
[10.720s] [ 94%] [32mBuilding C object CMakeFiles/rmctrl_msgs__rosidl_typesupport_introspection_c__pyext.dir/rosidl_generator_py/rmctrl_msgs/_rmctrl_msgs_s.ep.rosidl_typesupport_introspection_c.c.o[0m
[10.875s] [ 96%] [32m[1mLinking C shared library rosidl_generator_py/rmctrl_msgs/rmctrl_msgs_s__rosidl_typesupport_introspection_c.cpython-38-x86_64-linux-gnu.so[0m
[10.877s] [ 98%] [32m[1mLinking C shared library rosidl_generator_py/rmctrl_msgs/rmctrl_msgs_s__rosidl_typesupport_c.cpython-38-x86_64-linux-gnu.so[0m
[10.881s] [100%] [32m[1mLinking CXX shared library rosidl_generator_py/rmctrl_msgs/rmctrl_msgs_s__rosidl_typesupport_fastrtps_c.cpython-38-x86_64-linux-gnu.so[0m
[10.950s] [100%] Built target rmctrl_msgs__rosidl_typesupport_introspection_c__pyext
[10.969s] [100%] Built target rmctrl_msgs__rosidl_typesupport_c__pyext
[10.998s] [100%] Built target rmctrl_msgs__rosidl_typesupport_fastrtps_c__pyext
[11.038s] Invoked command in '/home/robomaster/zxzzb/src/build/rmctrl_msgs' returned '0': CMAKE_PREFIX_PATH=/opt/ros/galactic /usr/bin/cmake --build /home/robomaster/zxzzb/src/build/rmctrl_msgs -- -j16 -l16
[11.044s] Invoking command in '/home/robomaster/zxzzb/src/build/rmctrl_msgs': CMAKE_PREFIX_PATH=/opt/ros/galactic /usr/bin/cmake --install /home/robomaster/zxzzb/src/build/rmctrl_msgs
[11.063s] -- Install configuration: ""
[11.063s] -- Installing: /home/robomaster/zxzzb/src/install/rmctrl_msgs/share/ament_index/resource_index/rosidl_interfaces/rmctrl_msgs
[11.064s] -- Installing: /home/robomaster/zxzzb/src/install/rmctrl_msgs/include/rmctrl_msgs
[11.064s] -- Installing: /home/robomaster/zxzzb/src/install/rmctrl_msgs/include/rmctrl_msgs/msg
[11.064s] -- Installing: /home/robomaster/zxzzb/src/install/rmctrl_msgs/include/rmctrl_msgs/msg/odom.h
[11.064s] -- Installing: /home/robomaster/zxzzb/src/install/rmctrl_msgs/include/rmctrl_msgs/msg/chassis.h
[11.065s] -- Installing: /home/robomaster/zxzzb/src/install/rmctrl_msgs/include/rmctrl_msgs/msg/shooter.h
[11.065s] -- Installing: /home/robomaster/zxzzb/src/install/rmctrl_msgs/include/rmctrl_msgs/msg/gimbal.h
[11.065s] -- Installing: /home/robomaster/zxzzb/src/install/rmctrl_msgs/include/rmctrl_msgs/msg/detail
[11.065s] -- Installing: /home/robomaster/zxzzb/src/install/rmctrl_msgs/include/rmctrl_msgs/msg/detail/chassis__struct.h
[11.065s] -- Installing: /home/robomaster/zxzzb/src/install/rmctrl_msgs/include/rmctrl_msgs/msg/detail/shooter__struct.h
[11.065s] -- Installing: /home/robomaster/zxzzb/src/install/rmctrl_msgs/include/rmctrl_msgs/msg/detail/shooter__type_support.h
[11.065s] -- Installing: /home/robomaster/zxzzb/src/install/rmctrl_msgs/include/rmctrl_msgs/msg/detail/shooter__functions.h
[11.066s] -- Installing: /home/robomaster/zxzzb/src/install/rmctrl_msgs/include/rmctrl_msgs/msg/detail/odom__struct.h
[11.066s] -- Installing: /home/robomaster/zxzzb/src/install/rmctrl_msgs/include/rmctrl_msgs/msg/detail/gimbal__functions.h
[11.066s] -- Installing: /home/robomaster/zxzzb/src/install/rmctrl_msgs/include/rmctrl_msgs/msg/detail/chassis__functions.c
[11.066s] -- Installing: /home/robomaster/zxzzb/src/install/rmctrl_msgs/include/rmctrl_msgs/msg/detail/chassis__functions.h
[11.066s] -- Installing: /home/robomaster/zxzzb/src/install/rmctrl_msgs/include/rmctrl_msgs/msg/detail/odom__functions.c
[11.066s] -- Installing: /home/robomaster/zxzzb/src/install/rmctrl_msgs/include/rmctrl_msgs/msg/detail/odom__functions.h
[11.066s] -- Installing: /home/robomaster/zxzzb/src/install/rmctrl_msgs/include/rmctrl_msgs/msg/detail/gimbal__type_support.h
[11.066s] -- Installing: /home/robomaster/zxzzb/src/install/rmctrl_msgs/include/rmctrl_msgs/msg/detail/chassis__type_support.h
[11.066s] -- Installing: /home/robomaster/zxzzb/src/install/rmctrl_msgs/include/rmctrl_msgs/msg/detail/odom__type_support.h
[11.066s] -- Installing: /home/robomaster/zxzzb/src/install/rmctrl_msgs/include/rmctrl_msgs/msg/detail/gimbal__functions.c
[11.067s] -- Installing: /home/robomaster/zxzzb/src/install/rmctrl_msgs/include/rmctrl_msgs/msg/detail/shooter__functions.c
[11.067s] -- Installing: /home/robomaster/zxzzb/src/install/rmctrl_msgs/include/rmctrl_msgs/msg/detail/gimbal__struct.h
[11.067s] -- Installing: /home/robomaster/zxzzb/src/install/rmctrl_msgs/include/rmctrl_msgs/msg/rosidl_generator_c__visibility_control.h
[11.067s] -- Installing: /home/robomaster/zxzzb/src/install/rmctrl_msgs/share/rmctrl_msgs/environment/library_path.sh
[11.067s] -- Installing: /home/robomaster/zxzzb/src/install/rmctrl_msgs/share/rmctrl_msgs/environment/library_path.dsv
[11.067s] -- Installing: /home/robomaster/zxzzb/src/install/rmctrl_msgs/lib/librmctrl_msgs__rosidl_generator_c.so
[11.068s] -- Set runtime path of "/home/robomaster/zxzzb/src/install/rmctrl_msgs/lib/librmctrl_msgs__rosidl_generator_c.so" to ""
[11.068s] -- Up-to-date: /home/robomaster/zxzzb/src/install/rmctrl_msgs/include/rmctrl_msgs
[11.068s] -- Up-to-date: /home/robomaster/zxzzb/src/install/rmctrl_msgs/include/rmctrl_msgs/msg
[11.069s] -- Installing: /home/robomaster/zxzzb/src/install/rmctrl_msgs/include/rmctrl_msgs/msg/rosidl_typesupport_fastrtps_c__visibility_control.h
[11.069s] -- Up-to-date: /home/robomaster/zxzzb/src/install/rmctrl_msgs/include/rmctrl_msgs/msg/detail
[11.069s] -- Installing: /home/robomaster/zxzzb/src/install/rmctrl_msgs/include/rmctrl_msgs/msg/detail/shooter__rosidl_typesupport_fastrtps_c.h
[11.069s] -- Installing: /home/robomaster/zxzzb/src/install/rmctrl_msgs/include/rmctrl_msgs/msg/detail/odom__rosidl_typesupport_fastrtps_c.h
[11.069s] -- Installing: /home/robomaster/zxzzb/src/install/rmctrl_msgs/include/rmctrl_msgs/msg/detail/chassis__rosidl_typesupport_fastrtps_c.h
[11.069s] -- Installing: /home/robomaster/zxzzb/src/install/rmctrl_msgs/include/rmctrl_msgs/msg/detail/gimbal__rosidl_typesupport_fastrtps_c.h
[11.069s] -- Installing: /home/robomaster/zxzzb/src/install/rmctrl_msgs/lib/librmctrl_msgs__rosidl_typesupport_fastrtps_c.so
[11.070s] -- Set runtime path of "/home/robomaster/zxzzb/src/install/rmctrl_msgs/lib/librmctrl_msgs__rosidl_typesupport_fastrtps_c.so" to ""
[11.070s] -- Up-to-date: /home/robomaster/zxzzb/src/install/rmctrl_msgs/include/rmctrl_msgs
[11.070s] -- Up-to-date: /home/robomaster/zxzzb/src/install/rmctrl_msgs/include/rmctrl_msgs/msg
[11.070s] -- Installing: /home/robomaster/zxzzb/src/install/rmctrl_msgs/include/rmctrl_msgs/msg/rosidl_typesupport_fastrtps_cpp__visibility_control.h
[11.070s] -- Up-to-date: /home/robomaster/zxzzb/src/install/rmctrl_msgs/include/rmctrl_msgs/msg/detail
[11.070s] -- Installing: /home/robomaster/zxzzb/src/install/rmctrl_msgs/include/rmctrl_msgs/msg/detail/odom__rosidl_typesupport_fastrtps_cpp.hpp
[11.070s] -- Installing: /home/robomaster/zxzzb/src/install/rmctrl_msgs/include/rmctrl_msgs/msg/detail/chassis__rosidl_typesupport_fastrtps_cpp.hpp
[11.070s] -- Installing: /home/robomaster/zxzzb/src/install/rmctrl_msgs/include/rmctrl_msgs/msg/detail/dds_fastrtps
[11.071s] -- Installing: /home/robomaster/zxzzb/src/install/rmctrl_msgs/include/rmctrl_msgs/msg/detail/gimbal__rosidl_typesupport_fastrtps_cpp.hpp
[11.071s] -- Installing: /home/robomaster/zxzzb/src/install/rmctrl_msgs/include/rmctrl_msgs/msg/detail/shooter__rosidl_typesupport_fastrtps_cpp.hpp
[11.071s] -- Installing: /home/robomaster/zxzzb/src/install/rmctrl_msgs/lib/librmctrl_msgs__rosidl_typesupport_fastrtps_cpp.so
[11.071s] -- Set runtime path of "/home/robomaster/zxzzb/src/install/rmctrl_msgs/lib/librmctrl_msgs__rosidl_typesupport_fastrtps_cpp.so" to ""
[11.071s] -- Up-to-date: /home/robomaster/zxzzb/src/install/rmctrl_msgs/include/rmctrl_msgs
[11.071s] -- Up-to-date: /home/robomaster/zxzzb/src/install/rmctrl_msgs/include/rmctrl_msgs/msg
[11.072s] -- Up-to-date: /home/robomaster/zxzzb/src/install/rmctrl_msgs/include/rmctrl_msgs/msg/detail
[11.072s] -- Installing: /home/robomaster/zxzzb/src/install/rmctrl_msgs/include/rmctrl_msgs/msg/detail/gimbal__type_support.c
[11.072s] -- Installing: /home/robomaster/zxzzb/src/install/rmctrl_msgs/include/rmctrl_msgs/msg/detail/odom__type_support.c
[11.072s] -- Installing: /home/robomaster/zxzzb/src/install/rmctrl_msgs/include/rmctrl_msgs/msg/detail/shooter__type_support.c
[11.072s] -- Installing: /home/robomaster/zxzzb/src/install/rmctrl_msgs/include/rmctrl_msgs/msg/detail/chassis__rosidl_typesupport_introspection_c.h
[11.072s] -- Installing: /home/robomaster/zxzzb/src/install/rmctrl_msgs/include/rmctrl_msgs/msg/detail/odom__rosidl_typesupport_introspection_c.h
[11.072s] -- Installing: /home/robomaster/zxzzb/src/install/rmctrl_msgs/include/rmctrl_msgs/msg/detail/gimbal__rosidl_typesupport_introspection_c.h
[11.072s] -- Installing: /home/robomaster/zxzzb/src/install/rmctrl_msgs/include/rmctrl_msgs/msg/detail/chassis__type_support.c
[11.073s] -- Installing: /home/robomaster/zxzzb/src/install/rmctrl_msgs/include/rmctrl_msgs/msg/detail/shooter__rosidl_typesupport_introspection_c.h
[11.073s] -- Installing: /home/robomaster/zxzzb/src/install/rmctrl_msgs/include/rmctrl_msgs/msg/rosidl_typesupport_introspection_c__visibility_control.h
[11.073s] -- Installing: /home/robomaster/zxzzb/src/install/rmctrl_msgs/lib/librmctrl_msgs__rosidl_typesupport_introspection_c.so
[11.073s] -- Set runtime path of "/home/robomaster/zxzzb/src/install/rmctrl_msgs/lib/librmctrl_msgs__rosidl_typesupport_introspection_c.so" to ""
[11.074s] -- Installing: /home/robomaster/zxzzb/src/install/rmctrl_msgs/lib/librmctrl_msgs__rosidl_typesupport_c.so
[11.074s] -- Set runtime path of "/home/robomaster/zxzzb/src/install/rmctrl_msgs/lib/librmctrl_msgs__rosidl_typesupport_c.so" to ""
[11.074s] -- Up-to-date: /home/robomaster/zxzzb/src/install/rmctrl_msgs/include/rmctrl_msgs
[11.074s] -- Up-to-date: /home/robomaster/zxzzb/src/install/rmctrl_msgs/include/rmctrl_msgs/msg
[11.074s] -- Installing: /home/robomaster/zxzzb/src/install/rmctrl_msgs/include/rmctrl_msgs/msg/shooter.hpp
[11.075s] -- Installing: /home/robomaster/zxzzb/src/install/rmctrl_msgs/include/rmctrl_msgs/msg/chassis.hpp
[11.075s] -- Up-to-date: /home/robomaster/zxzzb/src/install/rmctrl_msgs/include/rmctrl_msgs/msg/detail
[11.075s] -- Installing: /home/robomaster/zxzzb/src/install/rmctrl_msgs/include/rmctrl_msgs/msg/detail/gimbal__struct.hpp
[11.075s] -- Installing: /home/robomaster/zxzzb/src/install/rmctrl_msgs/include/rmctrl_msgs/msg/detail/shooter__traits.hpp
[11.075s] -- Installing: /home/robomaster/zxzzb/src/install/rmctrl_msgs/include/rmctrl_msgs/msg/detail/gimbal__traits.hpp
[11.075s] -- Installing: /home/robomaster/zxzzb/src/install/rmctrl_msgs/include/rmctrl_msgs/msg/detail/odom__builder.hpp
[11.075s] -- Installing: /home/robomaster/zxzzb/src/install/rmctrl_msgs/include/rmctrl_msgs/msg/detail/odom__struct.hpp
[11.075s] -- Installing: /home/robomaster/zxzzb/src/install/rmctrl_msgs/include/rmctrl_msgs/msg/detail/chassis__traits.hpp
[11.076s] -- Installing: /home/robomaster/zxzzb/src/install/rmctrl_msgs/include/rmctrl_msgs/msg/detail/chassis__struct.hpp
[11.076s] -- Installing: /home/robomaster/zxzzb/src/install/rmctrl_msgs/include/rmctrl_msgs/msg/detail/chassis__builder.hpp
[11.076s] -- Installing: /home/robomaster/zxzzb/src/install/rmctrl_msgs/include/rmctrl_msgs/msg/detail/gimbal__builder.hpp
[11.076s] -- Installing: /home/robomaster/zxzzb/src/install/rmctrl_msgs/include/rmctrl_msgs/msg/detail/shooter__builder.hpp
[11.076s] -- Installing: /home/robomaster/zxzzb/src/install/rmctrl_msgs/include/rmctrl_msgs/msg/detail/shooter__struct.hpp
[11.076s] -- Installing: /home/robomaster/zxzzb/src/install/rmctrl_msgs/include/rmctrl_msgs/msg/detail/odom__traits.hpp
[11.076s] -- Installing: /home/robomaster/zxzzb/src/install/rmctrl_msgs/include/rmctrl_msgs/msg/odom.hpp
[11.076s] -- Installing: /home/robomaster/zxzzb/src/install/rmctrl_msgs/include/rmctrl_msgs/msg/gimbal.hpp
[11.077s] -- Up-to-date: /home/robomaster/zxzzb/src/install/rmctrl_msgs/include/rmctrl_msgs
[11.077s] -- Up-to-date: /home/robomaster/zxzzb/src/install/rmctrl_msgs/include/rmctrl_msgs/msg
[11.077s] -- Up-to-date: /home/robomaster/zxzzb/src/install/rmctrl_msgs/include/rmctrl_msgs/msg/detail
[11.077s] -- Installing: /home/robomaster/zxzzb/src/install/rmctrl_msgs/include/rmctrl_msgs/msg/detail/chassis__rosidl_typesupport_introspection_cpp.hpp
[11.077s] -- Installing: /home/robomaster/zxzzb/src/install/rmctrl_msgs/include/rmctrl_msgs/msg/detail/odom__type_support.cpp
[11.077s] -- Installing: /home/robomaster/zxzzb/src/install/rmctrl_msgs/include/rmctrl_msgs/msg/detail/odom__rosidl_typesupport_introspection_cpp.hpp
[11.077s] -- Installing: /home/robomaster/zxzzb/src/install/rmctrl_msgs/include/rmctrl_msgs/msg/detail/shooter__type_support.cpp
[11.077s] -- Installing: /home/robomaster/zxzzb/src/install/rmctrl_msgs/include/rmctrl_msgs/msg/detail/gimbal__type_support.cpp
[11.077s] -- Installing: /home/robomaster/zxzzb/src/install/rmctrl_msgs/include/rmctrl_msgs/msg/detail/chassis__type_support.cpp
[11.077s] -- Installing: /home/robomaster/zxzzb/src/install/rmctrl_msgs/include/rmctrl_msgs/msg/detail/gimbal__rosidl_typesupport_introspection_cpp.hpp
[11.078s] -- Installing: /home/robomaster/zxzzb/src/install/rmctrl_msgs/include/rmctrl_msgs/msg/detail/shooter__rosidl_typesupport_introspection_cpp.hpp
[11.078s] -- Installing: /home/robomaster/zxzzb/src/install/rmctrl_msgs/lib/librmctrl_msgs__rosidl_typesupport_introspection_cpp.so
[11.078s] -- Set runtime path of "/home/robomaster/zxzzb/src/install/rmctrl_msgs/lib/librmctrl_msgs__rosidl_typesupport_introspection_cpp.so" to ""
[11.078s] -- Installing: /home/robomaster/zxzzb/src/install/rmctrl_msgs/lib/librmctrl_msgs__rosidl_typesupport_cpp.so
[11.080s] -- Set runtime path of "/home/robomaster/zxzzb/src/install/rmctrl_msgs/lib/librmctrl_msgs__rosidl_typesupport_cpp.so" to ""
[11.080s] -- Installing: /home/robomaster/zxzzb/src/install/rmctrl_msgs/share/rmctrl_msgs/environment/pythonpath.sh
[11.080s] -- Installing: /home/robomaster/zxzzb/src/install/rmctrl_msgs/share/rmctrl_msgs/environment/pythonpath.dsv
[11.081s] -- Installing: /home/robomaster/zxzzb/src/install/rmctrl_msgs/lib/python3.8/site-packages/rmctrl_msgs/__init__.py
[11.115s] Compiling '/home/robomaster/zxzzb/src/install/rmctrl_msgs/lib/python3.8/site-packages/rmctrl_msgs/__init__.py'...
[11.122s] -- Installing: /home/robomaster/zxzzb/src/install/rmctrl_msgs/lib/python3.8/site-packages/rmctrl_msgs/msg
[11.122s] -- Installing: /home/robomaster/zxzzb/src/install/rmctrl_msgs/lib/python3.8/site-packages/rmctrl_msgs/msg/_shooter.py
[11.122s] -- Installing: /home/robomaster/zxzzb/src/install/rmctrl_msgs/lib/python3.8/site-packages/rmctrl_msgs/msg/_odom_s.c
[11.122s] -- Installing: /home/robomaster/zxzzb/src/install/rmctrl_msgs/lib/python3.8/site-packages/rmctrl_msgs/msg/_chassis.py
[11.122s] -- Installing: /home/robomaster/zxzzb/src/install/rmctrl_msgs/lib/python3.8/site-packages/rmctrl_msgs/msg/__init__.py
[11.122s] -- Installing: /home/robomaster/zxzzb/src/install/rmctrl_msgs/lib/python3.8/site-packages/rmctrl_msgs/msg/_gimbal_s.c
[11.123s] -- Installing: /home/robomaster/zxzzb/src/install/rmctrl_msgs/lib/python3.8/site-packages/rmctrl_msgs/msg/_odom.py
[11.123s] -- Installing: /home/robomaster/zxzzb/src/install/rmctrl_msgs/lib/python3.8/site-packages/rmctrl_msgs/msg/_chassis_s.c
[11.123s] -- Installing: /home/robomaster/zxzzb/src/install/rmctrl_msgs/lib/python3.8/site-packages/rmctrl_msgs/msg/_shooter_s.c
[11.123s] -- Installing: /home/robomaster/zxzzb/src/install/rmctrl_msgs/lib/python3.8/site-packages/rmctrl_msgs/msg/_gimbal.py
[11.124s] -- Installing: /home/robomaster/zxzzb/src/install/rmctrl_msgs/lib/python3.8/site-packages/rmctrl_msgs/rmctrl_msgs_s__rosidl_typesupport_fastrtps_c.cpython-38-x86_64-linux-gnu.so
[11.124s] -- Set runtime path of "/home/robomaster/zxzzb/src/install/rmctrl_msgs/lib/python3.8/site-packages/rmctrl_msgs/rmctrl_msgs_s__rosidl_typesupport_fastrtps_c.cpython-38-x86_64-linux-gnu.so" to ""
[11.124s] -- Installing: /home/robomaster/zxzzb/src/install/rmctrl_msgs/lib/python3.8/site-packages/rmctrl_msgs/rmctrl_msgs_s__rosidl_typesupport_introspection_c.cpython-38-x86_64-linux-gnu.so
[11.125s] -- Set runtime path of "/home/robomaster/zxzzb/src/install/rmctrl_msgs/lib/python3.8/site-packages/rmctrl_msgs/rmctrl_msgs_s__rosidl_typesupport_introspection_c.cpython-38-x86_64-linux-gnu.so" to ""
[11.125s] -- Installing: /home/robomaster/zxzzb/src/install/rmctrl_msgs/lib/python3.8/site-packages/rmctrl_msgs/rmctrl_msgs_s__rosidl_typesupport_c.cpython-38-x86_64-linux-gnu.so
[11.125s] -- Set runtime path of "/home/robomaster/zxzzb/src/install/rmctrl_msgs/lib/python3.8/site-packages/rmctrl_msgs/rmctrl_msgs_s__rosidl_typesupport_c.cpython-38-x86_64-linux-gnu.so" to ""
[11.125s] -- Installing: /home/robomaster/zxzzb/src/install/rmctrl_msgs/lib/librmctrl_msgs__python.so
[11.125s] -- Set runtime path of "/home/robomaster/zxzzb/src/install/rmctrl_msgs/lib/librmctrl_msgs__python.so" to ""
[11.125s] -- Installing: /home/robomaster/zxzzb/src/install/rmctrl_msgs/share/rmctrl_msgs/msg/Chassis.idl
[11.125s] -- Installing: /home/robomaster/zxzzb/src/install/rmctrl_msgs/share/rmctrl_msgs/msg/Gimbal.idl
[11.126s] -- Installing: /home/robomaster/zxzzb/src/install/rmctrl_msgs/share/rmctrl_msgs/msg/Odom.idl
[11.126s] -- Installing: /home/robomaster/zxzzb/src/install/rmctrl_msgs/share/rmctrl_msgs/msg/Shooter.idl
[11.126s] -- Installing: /home/robomaster/zxzzb/src/install/rmctrl_msgs/share/rmctrl_msgs/msg/Chassis.msg
[11.126s] -- Installing: /home/robomaster/zxzzb/src/install/rmctrl_msgs/share/rmctrl_msgs/msg/Gimbal.msg
[11.126s] -- Installing: /home/robomaster/zxzzb/src/install/rmctrl_msgs/share/rmctrl_msgs/msg/Odom.msg
[11.126s] -- Installing: /home/robomaster/zxzzb/src/install/rmctrl_msgs/share/rmctrl_msgs/msg/Shooter.msg
[11.126s] -- Installing: /home/robomaster/zxzzb/src/install/rmctrl_msgs/share/ament_index/resource_index/package_run_dependencies/rmctrl_msgs
[11.126s] -- Installing: /home/robomaster/zxzzb/src/install/rmctrl_msgs/share/ament_index/resource_index/parent_prefix_path/rmctrl_msgs
[11.126s] -- Installing: /home/robomaster/zxzzb/src/install/rmctrl_msgs/share/rmctrl_msgs/environment/ament_prefix_path.sh
[11.127s] -- Installing: /home/robomaster/zxzzb/src/install/rmctrl_msgs/share/rmctrl_msgs/environment/ament_prefix_path.dsv
[11.127s] -- Installing: /home/robomaster/zxzzb/src/install/rmctrl_msgs/share/rmctrl_msgs/environment/path.sh
[11.127s] -- Installing: /home/robomaster/zxzzb/src/install/rmctrl_msgs/share/rmctrl_msgs/environment/path.dsv
[11.127s] -- Installing: /home/robomaster/zxzzb/src/install/rmctrl_msgs/share/rmctrl_msgs/local_setup.bash
[11.127s] -- Installing: /home/robomaster/zxzzb/src/install/rmctrl_msgs/share/rmctrl_msgs/local_setup.sh
[11.127s] -- Installing: /home/robomaster/zxzzb/src/install/rmctrl_msgs/share/rmctrl_msgs/local_setup.zsh
[11.127s] -- Installing: /home/robomaster/zxzzb/src/install/rmctrl_msgs/share/rmctrl_msgs/local_setup.dsv
[11.128s] -- Installing: /home/robomaster/zxzzb/src/install/rmctrl_msgs/share/rmctrl_msgs/package.dsv
[11.128s] -- Installing: /home/robomaster/zxzzb/src/install/rmctrl_msgs/share/ament_index/resource_index/packages/rmctrl_msgs
[11.128s] -- Installing: /home/robomaster/zxzzb/src/install/rmctrl_msgs/share/rmctrl_msgs/cmake/rmctrl_msgs__rosidl_generator_cExport.cmake
[11.128s] -- Installing: /home/robomaster/zxzzb/src/install/rmctrl_msgs/share/rmctrl_msgs/cmake/rmctrl_msgs__rosidl_generator_cExport-noconfig.cmake
[11.128s] -- Installing: /home/robomaster/zxzzb/src/install/rmctrl_msgs/share/rmctrl_msgs/cmake/rmctrl_msgs__rosidl_typesupport_introspection_cExport.cmake
[11.128s] -- Installing: /home/robomaster/zxzzb/src/install/rmctrl_msgs/share/rmctrl_msgs/cmake/rmctrl_msgs__rosidl_typesupport_introspection_cExport-noconfig.cmake
[11.128s] -- Installing: /home/robomaster/zxzzb/src/install/rmctrl_msgs/share/rmctrl_msgs/cmake/rmctrl_msgs__rosidl_typesupport_cExport.cmake
[11.128s] -- Installing: /home/robomaster/zxzzb/src/install/rmctrl_msgs/share/rmctrl_msgs/cmake/rmctrl_msgs__rosidl_typesupport_cExport-noconfig.cmake
[11.129s] -- Installing: /home/robomaster/zxzzb/src/install/rmctrl_msgs/share/rmctrl_msgs/cmake/rmctrl_msgs__rosidl_generator_cppExport.cmake
[11.129s] -- Installing: /home/robomaster/zxzzb/src/install/rmctrl_msgs/share/rmctrl_msgs/cmake/rmctrl_msgs__rosidl_typesupport_introspection_cppExport.cmake
[11.129s] -- Installing: /home/robomaster/zxzzb/src/install/rmctrl_msgs/share/rmctrl_msgs/cmake/rmctrl_msgs__rosidl_typesupport_introspection_cppExport-noconfig.cmake
[11.129s] -- Installing: /home/robomaster/zxzzb/src/install/rmctrl_msgs/share/rmctrl_msgs/cmake/rmctrl_msgs__rosidl_typesupport_cppExport.cmake
[11.129s] -- Installing: /home/robomaster/zxzzb/src/install/rmctrl_msgs/share/rmctrl_msgs/cmake/rmctrl_msgs__rosidl_typesupport_cppExport-noconfig.cmake
[11.129s] -- Installing: /home/robomaster/zxzzb/src/install/rmctrl_msgs/share/rmctrl_msgs/cmake/rosidl_cmake-extras.cmake
[11.129s] -- Installing: /home/robomaster/zxzzb/src/install/rmctrl_msgs/share/rmctrl_msgs/cmake/ament_cmake_export_dependencies-extras.cmake
[11.129s] -- Installing: /home/robomaster/zxzzb/src/install/rmctrl_msgs/share/rmctrl_msgs/cmake/ament_cmake_export_libraries-extras.cmake
[11.129s] -- Installing: /home/robomaster/zxzzb/src/install/rmctrl_msgs/share/rmctrl_msgs/cmake/ament_cmake_export_targets-extras.cmake
[11.129s] -- Installing: /home/robomaster/zxzzb/src/install/rmctrl_msgs/share/rmctrl_msgs/cmake/ament_cmake_export_include_directories-extras.cmake
[11.130s] -- Installing: /home/robomaster/zxzzb/src/install/rmctrl_msgs/share/rmctrl_msgs/cmake/rosidl_cmake_export_typesupport_libraries-extras.cmake
[11.130s] -- Installing: /home/robomaster/zxzzb/src/install/rmctrl_msgs/share/rmctrl_msgs/cmake/rosidl_cmake_export_typesupport_targets-extras.cmake
[11.130s] -- Installing: /home/robomaster/zxzzb/src/install/rmctrl_msgs/share/rmctrl_msgs/cmake/rmctrl_msgsConfig.cmake
[11.130s] -- Installing: /home/robomaster/zxzzb/src/install/rmctrl_msgs/share/rmctrl_msgs/cmake/rmctrl_msgsConfig-version.cmake
[11.130s] -- Installing: /home/robomaster/zxzzb/src/install/rmctrl_msgs/share/rmctrl_msgs/package.xml
[11.133s] Invoked command in '/home/robomaster/zxzzb/src/build/rmctrl_msgs' returned '0': CMAKE_PREFIX_PATH=/opt/ros/galactic /usr/bin/cmake --install /home/robomaster/zxzzb/src/build/rmctrl_msgs
